[0.012s] Invoking command in '/home/rokey/turtlebot3_ws/build/turtlebot3_node': AMENT_PREFIX_PATH=/home/rokey/turtlebot3_ws/install/turtlebot3_msgs:/home/rokey/turtlebot3_ws/install/dynamixel_sdk:${AMENT_PREFIX_PATH} CMAKE_PREFIX_PATH=/home/rokey/turtlebot3_ws/install/turtlebot3_msgs:/home/rokey/turtlebot3_ws/install/dynamixel_sdk:/opt/ros/humble LD_LIBRARY_PATH=/home/rokey/turtlebot3_ws/install/turtlebot3_msgs/lib:/home/rokey/turtlebot3_ws/install/dynamixel_sdk/lib:${LD_LIBRARY_PATH} PYTHONPATH=/home/rokey/turtlebot3_ws/install/turtlebot3_msgs/local/lib/python3.10/dist-packages:/home/rokey/turtlebot3_ws/install/dynamixel_sdk/local/lib/python3.10/dist-packages:${PYTHONPATH} /usr/bin/cmake /home/rokey/turtlebot3_ws/src/turtlebot3/turtlebot3_node -DAMENT_CMAKE_SYMLINK_INSTALL=1 -DCMAKE_INSTALL_PREFIX=/home/rokey/turtlebot3_ws/install/turtlebot3_node
[0.071s] -- The C compiler identification is GNU 11.4.0
[0.130s] -- The CXX compiler identification is GNU 11.4.0
[0.137s] -- Detecting C compiler ABI info
[0.198s] -- Detecting C compiler ABI info - done
[0.206s] -- Check for working C compiler: /usr/bin/cc - skipped
[0.206s] -- Detecting C compile features
[0.206s] -- Detecting C compile features - done
[0.209s] -- Detecting CXX compiler ABI info
[0.285s] -- Detecting CXX compiler ABI info - done
[0.295s] -- Check for working CXX compiler: /usr/bin/c++ - skipped
[0.295s] -- Detecting CXX compile features
[0.296s] -- Detecting CXX compile features - done
[0.298s] -- Found ament_cmake: 1.3.11 (/opt/ros/humble/share/ament_cmake/cmake)
[0.476s] -- Found Python3: /usr/bin/python3 (found version "3.10.12") found components: Interpreter 
[0.551s] -- Override CMake install command with custom implementation using symlinks instead of copying resources
[0.591s] -- Found dynamixel_sdk: 3.8.3 (/home/rokey/turtlebot3_ws/install/dynamixel_sdk/share/dynamixel_sdk/cmake)
[0.594s] -- Found geometry_msgs: 4.8.0 (/opt/ros/humble/share/geometry_msgs/cmake)
[0.639s] -- Found rosidl_generator_c: 3.1.6 (/opt/ros/humble/share/rosidl_generator_c/cmake)
[0.646s] -- Found rosidl_adapter: 3.1.6 (/opt/ros/humble/share/rosidl_adapter/cmake)
[0.657s] -- Found rosidl_generator_cpp: 3.1.6 (/opt/ros/humble/share/rosidl_generator_cpp/cmake)
[0.674s] -- Using all available rosidl_typesupport_c: rosidl_typesupport_fastrtps_c;rosidl_typesupport_introspection_c
[0.697s] -- Using all available rosidl_typesupport_cpp: rosidl_typesupport_fastrtps_cpp;rosidl_typesupport_introspection_cpp
[0.754s] -- Found message_filters: 4.3.7 (/opt/ros/humble/share/message_filters/cmake)
[0.810s] -- Found rmw_implementation_cmake: 6.1.2 (/opt/ros/humble/share/rmw_implementation_cmake/cmake)
[0.813s] -- Found rmw_fastrtps_cpp: 6.2.7 (/opt/ros/humble/share/rmw_fastrtps_cpp/cmake)
[0.910s] -- Found OpenSSL: /usr/lib/x86_64-linux-gnu/libcrypto.so (found version "3.0.2")  
[0.940s] -- Found FastRTPS: /opt/ros/humble/include  
[0.978s] -- Using RMW implementation 'rmw_fastrtps_cpp' as default
[0.986s] -- Looking for pthread.h
[1.051s] -- Looking for pthread.h - found
[1.051s] -- Performing Test CMAKE_HAVE_LIBC_PTHREAD
[1.125s] -- Performing Test CMAKE_HAVE_LIBC_PTHREAD - Success
[1.126s] -- Found Threads: TRUE  
[1.174s] -- Found nav_msgs: 4.8.0 (/opt/ros/humble/share/nav_msgs/cmake)
[1.198s] -- Found sensor_msgs: 4.8.0 (/opt/ros/humble/share/sensor_msgs/cmake)
[1.221s] -- Found std_srvs: 4.8.0 (/opt/ros/humble/share/std_srvs/cmake)
[1.236s] -- Found tf2: 0.25.12 (/opt/ros/humble/share/tf2/cmake)
[1.247s] -- Found tf2_ros: 0.25.12 (/opt/ros/humble/share/tf2_ros/cmake)
[1.353s] -- Found turtlebot3_msgs: 2.4.0 (/home/rokey/turtlebot3_ws/install/turtlebot3_msgs/share/turtlebot3_msgs/cmake)
[1.453s] -- Configuring done
[1.473s] -- Generating done
[1.479s] -- Build files have been written to: /home/rokey/turtlebot3_ws/build/turtlebot3_node
[1.490s] Invoked command in '/home/rokey/turtlebot3_ws/build/turtlebot3_node' returned '0': AMENT_PREFIX_PATH=/home/rokey/turtlebot3_ws/install/turtlebot3_msgs:/home/rokey/turtlebot3_ws/install/dynamixel_sdk:${AMENT_PREFIX_PATH} CMAKE_PREFIX_PATH=/home/rokey/turtlebot3_ws/install/turtlebot3_msgs:/home/rokey/turtlebot3_ws/install/dynamixel_sdk:/opt/ros/humble LD_LIBRARY_PATH=/home/rokey/turtlebot3_ws/install/turtlebot3_msgs/lib:/home/rokey/turtlebot3_ws/install/dynamixel_sdk/lib:${LD_LIBRARY_PATH} PYTHONPATH=/home/rokey/turtlebot3_ws/install/turtlebot3_msgs/local/lib/python3.10/dist-packages:/home/rokey/turtlebot3_ws/install/dynamixel_sdk/local/lib/python3.10/dist-packages:${PYTHONPATH} /usr/bin/cmake /home/rokey/turtlebot3_ws/src/turtlebot3/turtlebot3_node -DAMENT_CMAKE_SYMLINK_INSTALL=1 -DCMAKE_INSTALL_PREFIX=/home/rokey/turtlebot3_ws/install/turtlebot3_node
[1.492s] Invoking command in '/home/rokey/turtlebot3_ws/build/turtlebot3_node': AMENT_PREFIX_PATH=/home/rokey/turtlebot3_ws/install/turtlebot3_msgs:/home/rokey/turtlebot3_ws/install/dynamixel_sdk:${AMENT_PREFIX_PATH} CMAKE_PREFIX_PATH=/home/rokey/turtlebot3_ws/install/turtlebot3_msgs:/home/rokey/turtlebot3_ws/install/dynamixel_sdk:/opt/ros/humble LD_LIBRARY_PATH=/home/rokey/turtlebot3_ws/install/turtlebot3_msgs/lib:/home/rokey/turtlebot3_ws/install/dynamixel_sdk/lib:${LD_LIBRARY_PATH} PYTHONPATH=/home/rokey/turtlebot3_ws/install/turtlebot3_msgs/local/lib/python3.10/dist-packages:/home/rokey/turtlebot3_ws/install/dynamixel_sdk/local/lib/python3.10/dist-packages:${PYTHONPATH} /usr/bin/cmake --build /home/rokey/turtlebot3_ws/build/turtlebot3_node -- -j8 -l8
[1.544s] [ 21%] [32mBuilding CXX object CMakeFiles/turtlebot3_node_lib.dir/src/dynamixel_sdk_wrapper.cpp.o[0m
[1.544s] [ 28%] [32mBuilding CXX object CMakeFiles/turtlebot3_node_lib.dir/src/devices/sound.cpp.o[0m
[1.545s] [ 21%] [32mBuilding CXX object CMakeFiles/turtlebot3_node_lib.dir/src/diff_drive_controller.cpp.o[0m
[1.545s] [ 42%] [32mBuilding CXX object CMakeFiles/turtlebot3_node_lib.dir/src/turtlebot3.cpp.o[0m
[1.545s] [ 42%] [32mBuilding CXX object CMakeFiles/turtlebot3_node_lib.dir/src/devices/reset.cpp.o[0m
[1.546s] [ 28%] [32mBuilding CXX object CMakeFiles/turtlebot3_node_lib.dir/src/odometry.cpp.o[0m
[1.548s] [ 50%] [32mBuilding CXX object CMakeFiles/turtlebot3_node_lib.dir/src/devices/motor_power.cpp.o[0m
[1.553s] [ 57%] [32mBuilding CXX object CMakeFiles/turtlebot3_node_lib.dir/src/sensors/battery_state.cpp.o[0m
[2.878s] [ 64%] [32mBuilding CXX object CMakeFiles/turtlebot3_node_lib.dir/src/sensors/imu.cpp.o[0m
[10.734s] [ 71%] [32mBuilding CXX object CMakeFiles/turtlebot3_node_lib.dir/src/sensors/joint_state.cpp.o[0m
[11.832s] [ 78%] [32mBuilding CXX object CMakeFiles/turtlebot3_node_lib.dir/src/sensors/sensor_state.cpp.o[0m
[26.803s] [ 85%] [32m[1mLinking CXX static library libturtlebot3_node_lib.a[0m
[27.372s] [ 85%] Built target turtlebot3_node_lib
[27.394s] [ 92%] [32mBuilding CXX object CMakeFiles/turtlebot3_ros.dir/src/node_main.cpp.o[0m
[31.057s] [100%] [32m[1mLinking CXX executable turtlebot3_ros[0m
[33.732s] [100%] Built target turtlebot3_ros
[33.743s] Invoked command in '/home/rokey/turtlebot3_ws/build/turtlebot3_node' returned '0': AMENT_PREFIX_PATH=/home/rokey/turtlebot3_ws/install/turtlebot3_msgs:/home/rokey/turtlebot3_ws/install/dynamixel_sdk:${AMENT_PREFIX_PATH} CMAKE_PREFIX_PATH=/home/rokey/turtlebot3_ws/install/turtlebot3_msgs:/home/rokey/turtlebot3_ws/install/dynamixel_sdk:/opt/ros/humble LD_LIBRARY_PATH=/home/rokey/turtlebot3_ws/install/turtlebot3_msgs/lib:/home/rokey/turtlebot3_ws/install/dynamixel_sdk/lib:${LD_LIBRARY_PATH} PYTHONPATH=/home/rokey/turtlebot3_ws/install/turtlebot3_msgs/local/lib/python3.10/dist-packages:/home/rokey/turtlebot3_ws/install/dynamixel_sdk/local/lib/python3.10/dist-packages:${PYTHONPATH} /usr/bin/cmake --build /home/rokey/turtlebot3_ws/build/turtlebot3_node -- -j8 -l8
[33.745s] Invoking command in '/home/rokey/turtlebot3_ws/build/turtlebot3_node': AMENT_PREFIX_PATH=/home/rokey/turtlebot3_ws/install/turtlebot3_msgs:/home/rokey/turtlebot3_ws/install/dynamixel_sdk:${AMENT_PREFIX_PATH} CMAKE_PREFIX_PATH=/home/rokey/turtlebot3_ws/install/turtlebot3_msgs:/home/rokey/turtlebot3_ws/install/dynamixel_sdk:/opt/ros/humble LD_LIBRARY_PATH=/home/rokey/turtlebot3_ws/install/turtlebot3_msgs/lib:/home/rokey/turtlebot3_ws/install/dynamixel_sdk/lib:${LD_LIBRARY_PATH} PYTHONPATH=/home/rokey/turtlebot3_ws/install/turtlebot3_msgs/local/lib/python3.10/dist-packages:/home/rokey/turtlebot3_ws/install/dynamixel_sdk/local/lib/python3.10/dist-packages:${PYTHONPATH} /usr/bin/cmake --install /home/rokey/turtlebot3_ws/build/turtlebot3_node
[33.752s] -- Install configuration: ""
[33.752s] -- Execute custom install script
[33.753s] -- Symlinking: /home/rokey/turtlebot3_ws/install/turtlebot3_node/share/turtlebot3_node/param/burger.yaml
[33.761s] -- Symlinking: /home/rokey/turtlebot3_ws/install/turtlebot3_node/share/turtlebot3_node/param/waffle.yaml
[33.769s] -- Symlinking: /home/rokey/turtlebot3_ws/install/turtlebot3_node/share/turtlebot3_node/param/waffle_pi.yaml
[33.777s] -- Symlinking: /home/rokey/turtlebot3_ws/install/turtlebot3_node/lib/turtlebot3_node/turtlebot3_ros
[33.785s] -- Symlinking: /home/rokey/turtlebot3_ws/install/turtlebot3_node/share/ament_index/resource_index/package_run_dependencies/turtlebot3_node
[33.793s] -- Symlinking: /home/rokey/turtlebot3_ws/install/turtlebot3_node/share/ament_index/resource_index/parent_prefix_path/turtlebot3_node
[33.801s] -- Symlinking: /home/rokey/turtlebot3_ws/install/turtlebot3_node/share/turtlebot3_node/environment/ament_prefix_path.sh
[33.808s] -- Symlinking: /home/rokey/turtlebot3_ws/install/turtlebot3_node/share/turtlebot3_node/environment/ament_prefix_path.dsv
[33.816s] -- Symlinking: /home/rokey/turtlebot3_ws/install/turtlebot3_node/share/turtlebot3_node/environment/path.sh
[33.824s] -- Symlinking: /home/rokey/turtlebot3_ws/install/turtlebot3_node/share/turtlebot3_node/environment/path.dsv
[33.831s] -- Symlinking: /home/rokey/turtlebot3_ws/install/turtlebot3_node/share/turtlebot3_node/local_setup.bash
[33.840s] -- Symlinking: /home/rokey/turtlebot3_ws/install/turtlebot3_node/share/turtlebot3_node/local_setup.sh
[33.847s] -- Symlinking: /home/rokey/turtlebot3_ws/install/turtlebot3_node/share/turtlebot3_node/local_setup.zsh
[33.856s] -- Symlinking: /home/rokey/turtlebot3_ws/install/turtlebot3_node/share/turtlebot3_node/local_setup.dsv
[33.864s] -- Symlinking: /home/rokey/turtlebot3_ws/install/turtlebot3_node/share/turtlebot3_node/package.dsv
[33.872s] -- Symlinking: /home/rokey/turtlebot3_ws/install/turtlebot3_node/share/ament_index/resource_index/packages/turtlebot3_node
[33.880s] -- Symlinking: /home/rokey/turtlebot3_ws/install/turtlebot3_node/share/turtlebot3_node/cmake/ament_cmake_export_include_directories-extras.cmake
[33.888s] -- Symlinking: /home/rokey/turtlebot3_ws/install/turtlebot3_node/share/turtlebot3_node/cmake/turtlebot3_nodeConfig.cmake
[33.896s] -- Symlinking: /home/rokey/turtlebot3_ws/install/turtlebot3_node/share/turtlebot3_node/cmake/turtlebot3_nodeConfig-version.cmake
[33.903s] -- Symlinking: /home/rokey/turtlebot3_ws/install/turtlebot3_node/share/turtlebot3_node/package.xml
[33.913s] Invoked command in '/home/rokey/turtlebot3_ws/build/turtlebot3_node' returned '0': AMENT_PREFIX_PATH=/home/rokey/turtlebot3_ws/install/turtlebot3_msgs:/home/rokey/turtlebot3_ws/install/dynamixel_sdk:${AMENT_PREFIX_PATH} CMAKE_PREFIX_PATH=/home/rokey/turtlebot3_ws/install/turtlebot3_msgs:/home/rokey/turtlebot3_ws/install/dynamixel_sdk:/opt/ros/humble LD_LIBRARY_PATH=/home/rokey/turtlebot3_ws/install/turtlebot3_msgs/lib:/home/rokey/turtlebot3_ws/install/dynamixel_sdk/lib:${LD_LIBRARY_PATH} PYTHONPATH=/home/rokey/turtlebot3_ws/install/turtlebot3_msgs/local/lib/python3.10/dist-packages:/home/rokey/turtlebot3_ws/install/dynamixel_sdk/local/lib/python3.10/dist-packages:${PYTHONPATH} /usr/bin/cmake --install /home/rokey/turtlebot3_ws/build/turtlebot3_node
