[0.010s] Invoking command in '/home/rokey/turtlebot3_ws/build/turtlebot3_autorace': AMENT_PREFIX_PATH=/home/rokey/turtlebot3_ws/install/turtlebot3_autorace_mission:/home/rokey/turtlebot3_ws/install/turtlebot3_autorace_detect:/home/rokey/turtlebot3_ws/install/turtlebot3_autorace_camera:${AMENT_PREFIX_PATH} CMAKE_PREFIX_PATH=/opt/ros/humble PYTHONPATH=/home/rokey/turtlebot3_ws/build/turtlebot3_autorace_mission:/home/rokey/turtlebot3_ws/install/turtlebot3_autorace_mission/lib/python3.10/site-packages:/home/rokey/turtlebot3_ws/build/turtlebot3_autorace_detect:/home/rokey/turtlebot3_ws/install/turtlebot3_autorace_detect/lib/python3.10/site-packages:/home/rokey/turtlebot3_ws/build/turtlebot3_autorace_camera:/home/rokey/turtlebot3_ws/install/turtlebot3_autorace_camera/lib/python3.10/site-packages:${PYTHONPATH} /usr/bin/cmake /home/rokey/turtlebot3_ws/src/turtlebot3_autorace/turtlebot3_autorace -DAMENT_CMAKE_SYMLINK_INSTALL=1 -DCMAKE_INSTALL_PREFIX=/home/rokey/turtlebot3_ws/install/turtlebot3_autorace
[0.149s] -- The C compiler identification is GNU 11.4.0
[0.214s] -- The CXX compiler identification is GNU 11.4.0
[0.222s] -- Detecting C compiler ABI info
[0.284s] -- Detecting C compiler ABI info - done
[0.291s] -- Check for working C compiler: /usr/bin/cc - skipped
[0.291s] -- Detecting C compile features
[0.292s] -- Detecting C compile features - done
[0.295s] -- Detecting CXX compiler ABI info
[0.361s] -- Detecting CXX compiler ABI info - done
[0.369s] -- Check for working CXX compiler: /usr/bin/c++ - skipped
[0.369s] -- Detecting CXX compile features
[0.370s] -- Detecting CXX compile features - done
[0.376s] -- Found ament_cmake: 1.3.11 (/opt/ros/humble/share/ament_cmake/cmake)
[0.528s] -- Found Python3: /usr/bin/python3 (found version "3.10.12") found components: Interpreter 
[0.605s] -- Override CMake install command with custom implementation using symlinks instead of copying resources
[0.704s] -- Configuring done
[0.706s] -- Generating done
[0.708s] -- Build files have been written to: /home/rokey/turtlebot3_ws/build/turtlebot3_autorace
[0.711s] Invoked command in '/home/rokey/turtlebot3_ws/build/turtlebot3_autorace' returned '0': AMENT_PREFIX_PATH=/home/rokey/turtlebot3_ws/install/turtlebot3_autorace_mission:/home/rokey/turtlebot3_ws/install/turtlebot3_autorace_detect:/home/rokey/turtlebot3_ws/install/turtlebot3_autorace_camera:${AMENT_PREFIX_PATH} CMAKE_PREFIX_PATH=/opt/ros/humble PYTHONPATH=/home/rokey/turtlebot3_ws/build/turtlebot3_autorace_mission:/home/rokey/turtlebot3_ws/install/turtlebot3_autorace_mission/lib/python3.10/site-packages:/home/rokey/turtlebot3_ws/build/turtlebot3_autorace_detect:/home/rokey/turtlebot3_ws/install/turtlebot3_autorace_detect/lib/python3.10/site-packages:/home/rokey/turtlebot3_ws/build/turtlebot3_autorace_camera:/home/rokey/turtlebot3_ws/install/turtlebot3_autorace_camera/lib/python3.10/site-packages:${PYTHONPATH} /usr/bin/cmake /home/rokey/turtlebot3_ws/src/turtlebot3_autorace/turtlebot3_autorace -DAMENT_CMAKE_SYMLINK_INSTALL=1 -DCMAKE_INSTALL_PREFIX=/home/rokey/turtlebot3_ws/install/turtlebot3_autorace
[0.713s] Invoking command in '/home/rokey/turtlebot3_ws/build/turtlebot3_autorace': AMENT_PREFIX_PATH=/home/rokey/turtlebot3_ws/install/turtlebot3_autorace_mission:/home/rokey/turtlebot3_ws/install/turtlebot3_autorace_detect:/home/rokey/turtlebot3_ws/install/turtlebot3_autorace_camera:${AMENT_PREFIX_PATH} CMAKE_PREFIX_PATH=/opt/ros/humble PYTHONPATH=/home/rokey/turtlebot3_ws/build/turtlebot3_autorace_mission:/home/rokey/turtlebot3_ws/install/turtlebot3_autorace_mission/lib/python3.10/site-packages:/home/rokey/turtlebot3_ws/build/turtlebot3_autorace_detect:/home/rokey/turtlebot3_ws/install/turtlebot3_autorace_detect/lib/python3.10/site-packages:/home/rokey/turtlebot3_ws/build/turtlebot3_autorace_camera:/home/rokey/turtlebot3_ws/install/turtlebot3_autorace_camera/lib/python3.10/site-packages:${PYTHONPATH} /usr/bin/cmake --build /home/rokey/turtlebot3_ws/build/turtlebot3_autorace -- -j8 -l8
[0.745s] Invoked command in '/home/rokey/turtlebot3_ws/build/turtlebot3_autorace' returned '0': AMENT_PREFIX_PATH=/home/rokey/turtlebot3_ws/install/turtlebot3_autorace_mission:/home/rokey/turtlebot3_ws/install/turtlebot3_autorace_detect:/home/rokey/turtlebot3_ws/install/turtlebot3_autorace_camera:${AMENT_PREFIX_PATH} CMAKE_PREFIX_PATH=/opt/ros/humble PYTHONPATH=/home/rokey/turtlebot3_ws/build/turtlebot3_autorace_mission:/home/rokey/turtlebot3_ws/install/turtlebot3_autorace_mission/lib/python3.10/site-packages:/home/rokey/turtlebot3_ws/build/turtlebot3_autorace_detect:/home/rokey/turtlebot3_ws/install/turtlebot3_autorace_detect/lib/python3.10/site-packages:/home/rokey/turtlebot3_ws/build/turtlebot3_autorace_camera:/home/rokey/turtlebot3_ws/install/turtlebot3_autorace_camera/lib/python3.10/site-packages:${PYTHONPATH} /usr/bin/cmake --build /home/rokey/turtlebot3_ws/build/turtlebot3_autorace -- -j8 -l8
[0.753s] Invoking command in '/home/rokey/turtlebot3_ws/build/turtlebot3_autorace': AMENT_PREFIX_PATH=/home/rokey/turtlebot3_ws/install/turtlebot3_autorace_mission:/home/rokey/turtlebot3_ws/install/turtlebot3_autorace_detect:/home/rokey/turtlebot3_ws/install/turtlebot3_autorace_camera:${AMENT_PREFIX_PATH} CMAKE_PREFIX_PATH=/opt/ros/humble PYTHONPATH=/home/rokey/turtlebot3_ws/build/turtlebot3_autorace_mission:/home/rokey/turtlebot3_ws/install/turtlebot3_autorace_mission/lib/python3.10/site-packages:/home/rokey/turtlebot3_ws/build/turtlebot3_autorace_detect:/home/rokey/turtlebot3_ws/install/turtlebot3_autorace_detect/lib/python3.10/site-packages:/home/rokey/turtlebot3_ws/build/turtlebot3_autorace_camera:/home/rokey/turtlebot3_ws/install/turtlebot3_autorace_camera/lib/python3.10/site-packages:${PYTHONPATH} /usr/bin/cmake --install /home/rokey/turtlebot3_ws/build/turtlebot3_autorace
[0.760s] -- Install configuration: ""
[0.760s] -- Execute custom install script
[0.760s] -- Symlinking: /home/rokey/turtlebot3_ws/install/turtlebot3_autorace/share/ament_index/resource_index/package_run_dependencies/turtlebot3_autorace
[0.768s] -- Symlinking: /home/rokey/turtlebot3_ws/install/turtlebot3_autorace/share/ament_index/resource_index/parent_prefix_path/turtlebot3_autorace
[0.776s] -- Symlinking: /home/rokey/turtlebot3_ws/install/turtlebot3_autorace/share/turtlebot3_autorace/environment/ament_prefix_path.sh
[0.783s] -- Symlinking: /home/rokey/turtlebot3_ws/install/turtlebot3_autorace/share/turtlebot3_autorace/environment/ament_prefix_path.dsv
[0.791s] -- Symlinking: /home/rokey/turtlebot3_ws/install/turtlebot3_autorace/share/turtlebot3_autorace/environment/path.sh
[0.799s] -- Symlinking: /home/rokey/turtlebot3_ws/install/turtlebot3_autorace/share/turtlebot3_autorace/environment/path.dsv
[0.807s] -- Symlinking: /home/rokey/turtlebot3_ws/install/turtlebot3_autorace/share/turtlebot3_autorace/local_setup.bash
[0.815s] -- Symlinking: /home/rokey/turtlebot3_ws/install/turtlebot3_autorace/share/turtlebot3_autorace/local_setup.sh
[0.823s] -- Symlinking: /home/rokey/turtlebot3_ws/install/turtlebot3_autorace/share/turtlebot3_autorace/local_setup.zsh
[0.831s] -- Symlinking: /home/rokey/turtlebot3_ws/install/turtlebot3_autorace/share/turtlebot3_autorace/local_setup.dsv
[0.839s] -- Symlinking: /home/rokey/turtlebot3_ws/install/turtlebot3_autorace/share/turtlebot3_autorace/package.dsv
[0.846s] -- Symlinking: /home/rokey/turtlebot3_ws/install/turtlebot3_autorace/share/ament_index/resource_index/packages/turtlebot3_autorace
[0.854s] -- Symlinking: /home/rokey/turtlebot3_ws/install/turtlebot3_autorace/share/turtlebot3_autorace/cmake/turtlebot3_autoraceConfig.cmake
[0.861s] -- Symlinking: /home/rokey/turtlebot3_ws/install/turtlebot3_autorace/share/turtlebot3_autorace/cmake/turtlebot3_autoraceConfig-version.cmake
[0.869s] -- Symlinking: /home/rokey/turtlebot3_ws/install/turtlebot3_autorace/share/turtlebot3_autorace/package.xml
[0.878s] Invoked command in '/home/rokey/turtlebot3_ws/build/turtlebot3_autorace' returned '0': AMENT_PREFIX_PATH=/home/rokey/turtlebot3_ws/install/turtlebot3_autorace_mission:/home/rokey/turtlebot3_ws/install/turtlebot3_autorace_detect:/home/rokey/turtlebot3_ws/install/turtlebot3_autorace_camera:${AMENT_PREFIX_PATH} CMAKE_PREFIX_PATH=/opt/ros/humble PYTHONPATH=/home/rokey/turtlebot3_ws/build/turtlebot3_autorace_mission:/home/rokey/turtlebot3_ws/install/turtlebot3_autorace_mission/lib/python3.10/site-packages:/home/rokey/turtlebot3_ws/build/turtlebot3_autorace_detect:/home/rokey/turtlebot3_ws/install/turtlebot3_autorace_detect/lib/python3.10/site-packages:/home/rokey/turtlebot3_ws/build/turtlebot3_autorace_camera:/home/rokey/turtlebot3_ws/install/turtlebot3_autorace_camera/lib/python3.10/site-packages:${PYTHONPATH} /usr/bin/cmake --install /home/rokey/turtlebot3_ws/build/turtlebot3_autorace
