[1.584s] Invoking command in '/home/rokey-jw/rokeypj_ws/build/aruco_yolo': PYTHONPATH=/home/rokey-jw/rokeypj_ws/build/aruco_yolo/prefix_override:/usr/lib/python3/dist-packages/colcon_core/task/python/colcon_distutils_commands:/home/rokey-jw/rokeypj_ws/install/aruco_yolo/lib/python3.10/site-packages:${PYTHONPATH} /usr/bin/python3 -W ignore:setup.py install is deprecated -W ignore:easy_install command is deprecated setup.py develop --editable --build-directory /home/rokey-jw/rokeypj_ws/build/aruco_yolo/build --no-deps symlink_data
[2.205s] running develop
[2.664s] running egg_info
[2.665s] writing aruco_yolo.egg-info/PKG-INFO
[2.665s] writing dependency_links to aruco_yolo.egg-info/dependency_links.txt
[2.666s] writing entry points to aruco_yolo.egg-info/entry_points.txt
[2.667s] writing requirements to aruco_yolo.egg-info/requires.txt
[2.668s] writing top-level names to aruco_yolo.egg-info/top_level.txt
[2.671s] reading manifest file 'aruco_yolo.egg-info/SOURCES.txt'
[2.672s] writing manifest file 'aruco_yolo.egg-info/SOURCES.txt'
[2.675s] running build_ext
[2.676s] Creating /home/rokey-jw/rokeypj_ws/install/aruco_yolo/lib/python3.10/site-packages/aruco-yolo.egg-link (link to .)
[2.678s] Installing aruco_detector script to /home/rokey-jw/rokeypj_ws/install/aruco_yolo/lib/aruco_yolo
[2.678s] Installing aruco_move script to /home/rokey-jw/rokeypj_ws/install/aruco_yolo/lib/aruco_yolo
[2.679s] Installing compressed_image_pub script to /home/rokey-jw/rokeypj_ws/install/aruco_yolo/lib/aruco_yolo
[2.679s] Installing yolo_detector script to /home/rokey-jw/rokeypj_ws/install/aruco_yolo/lib/aruco_yolo
[2.679s] 
[2.680s] Installed /home/rokey-jw/rokeypj_ws/build/aruco_yolo
[2.680s] running symlink_data
[2.772s] Invoked command in '/home/rokey-jw/rokeypj_ws/build/aruco_yolo' returned '0': PYTHONPATH=/home/rokey-jw/rokeypj_ws/build/aruco_yolo/prefix_override:/usr/lib/python3/dist-packages/colcon_core/task/python/colcon_distutils_commands:/home/rokey-jw/rokeypj_ws/install/aruco_yolo/lib/python3.10/site-packages:${PYTHONPATH} /usr/bin/python3 -W ignore:setup.py install is deprecated -W ignore:easy_install command is deprecated setup.py develop --editable --build-directory /home/rokey-jw/rokeypj_ws/build/aruco_yolo/build --no-deps symlink_data
