[1.104s] Invoking command in '/home/rokey/turtlebot3_ws/build/turtlebot3_example': CMAKE_PREFIX_PATH=/home/rokey/turtlebot3_ws/install/turtlebot3_msgs:/home/rokey/turtlebot3_ws/install/turtlebot3_gazebo:/home/rokey/turtlebot3_ws/install/turtlebot3:/home/rokey/turtlebot3_ws/install/turtlebot3_bringup:/home/rokey/turtlebot3_ws/install/turtlebot3_node:/home/rokey/turtlebot3_ws/install/turtlebot3_navigation2:/home/rokey/turtlebot3_ws/install/turtlebot3_description:/home/rokey/turtlebot3_ws/install/turtlebot3_cartographer:/home/rokey/turtlebot3_ws/install/turtlebot3_autorace:/home/rokey/turtlebot3_ws/install/dynamixel_sdk_examples:/home/rokey/turtlebot3_ws/install/dynamixel_sdk_custom_interfaces:/home/rokey/turtlebot3_ws/install/dynamixel_sdk LD_LIBRARY_PATH=/home/rokey/turtlebot3_ws/install/turtlebot3_msgs/lib:/home/rokey/turtlebot3_ws/install/dynamixel_sdk_custom_interfaces/lib:/home/rokey/turtlebot3_ws/install/dynamixel_sdk/lib:/usr/lib/x86_64-linux-gnu/gazebo-11/plugins:/opt/ros/humble/opt/rviz_ogre_vendor/lib:/opt/ros/humble/lib/x86_64-linux-gnu:/opt/ros/humble/lib:/usr/lib/x86_64-linux-gnu/gazebo-11/plugins PYTHONPATH=/home/rokey/turtlebot3_ws/build/turtlebot3_example/prefix_override:/usr/lib/python3/dist-packages/colcon_core/task/python/colcon_distutils_commands:/home/rokey/turtlebot3_ws/install/turtlebot3_example/lib/python3.10/site-packages:${PYTHONPATH} /usr/bin/python3 -W ignore:setup.py install is deprecated -W ignore:easy_install command is deprecated setup.py develop --editable --build-directory /home/rokey/turtlebot3_ws/build/turtlebot3_example/build --no-deps symlink_data
[1.437s] running develop
[1.640s] running egg_info
[1.640s] writing turtlebot3_example.egg-info/PKG-INFO
[1.641s] writing dependency_links to turtlebot3_example.egg-info/dependency_links.txt
[1.641s] writing entry points to turtlebot3_example.egg-info/entry_points.txt
[1.641s] writing requirements to turtlebot3_example.egg-info/requires.txt
[1.641s] writing top-level names to turtlebot3_example.egg-info/top_level.txt
[1.644s] reading manifest file 'turtlebot3_example.egg-info/SOURCES.txt'
[1.645s] writing manifest file 'turtlebot3_example.egg-info/SOURCES.txt'
[1.646s] running build_ext
[1.646s] Creating /home/rokey/turtlebot3_ws/install/turtlebot3_example/lib/python3.10/site-packages/turtlebot3-example.egg-link (link to .)
[1.647s] Installing turtlebot3_absolute_move script to /home/rokey/turtlebot3_ws/install/turtlebot3_example/lib/turtlebot3_example
[1.647s] Installing turtlebot3_interactive_marker script to /home/rokey/turtlebot3_ws/install/turtlebot3_example/lib/turtlebot3_example
[1.648s] Installing turtlebot3_obstacle_detection script to /home/rokey/turtlebot3_ws/install/turtlebot3_example/lib/turtlebot3_example
[1.648s] Installing turtlebot3_patrol_client script to /home/rokey/turtlebot3_ws/install/turtlebot3_example/lib/turtlebot3_example
[1.648s] Installing turtlebot3_patrol_server script to /home/rokey/turtlebot3_ws/install/turtlebot3_example/lib/turtlebot3_example
[1.648s] Installing turtlebot3_relative_move script to /home/rokey/turtlebot3_ws/install/turtlebot3_example/lib/turtlebot3_example
[1.648s] 
[1.648s] Installed /home/rokey/turtlebot3_ws/build/turtlebot3_example
[1.648s] running symlink_data
[1.680s] Invoked command in '/home/rokey/turtlebot3_ws/build/turtlebot3_example' returned '0': CMAKE_PREFIX_PATH=/home/rokey/turtlebot3_ws/install/turtlebot3_msgs:/home/rokey/turtlebot3_ws/install/turtlebot3_gazebo:/home/rokey/turtlebot3_ws/install/turtlebot3:/home/rokey/turtlebot3_ws/install/turtlebot3_bringup:/home/rokey/turtlebot3_ws/install/turtlebot3_node:/home/rokey/turtlebot3_ws/install/turtlebot3_navigation2:/home/rokey/turtlebot3_ws/install/turtlebot3_description:/home/rokey/turtlebot3_ws/install/turtlebot3_cartographer:/home/rokey/turtlebot3_ws/install/turtlebot3_autorace:/home/rokey/turtlebot3_ws/install/dynamixel_sdk_examples:/home/rokey/turtlebot3_ws/install/dynamixel_sdk_custom_interfaces:/home/rokey/turtlebot3_ws/install/dynamixel_sdk LD_LIBRARY_PATH=/home/rokey/turtlebot3_ws/install/turtlebot3_msgs/lib:/home/rokey/turtlebot3_ws/install/dynamixel_sdk_custom_interfaces/lib:/home/rokey/turtlebot3_ws/install/dynamixel_sdk/lib:/usr/lib/x86_64-linux-gnu/gazebo-11/plugins:/opt/ros/humble/opt/rviz_ogre_vendor/lib:/opt/ros/humble/lib/x86_64-linux-gnu:/opt/ros/humble/lib:/usr/lib/x86_64-linux-gnu/gazebo-11/plugins PYTHONPATH=/home/rokey/turtlebot3_ws/build/turtlebot3_example/prefix_override:/usr/lib/python3/dist-packages/colcon_core/task/python/colcon_distutils_commands:/home/rokey/turtlebot3_ws/install/turtlebot3_example/lib/python3.10/site-packages:${PYTHONPATH} /usr/bin/python3 -W ignore:setup.py install is deprecated -W ignore:easy_install command is deprecated setup.py develop --editable --build-directory /home/rokey/turtlebot3_ws/build/turtlebot3_example/build --no-deps symlink_data
