running egg_info
creating ../../build/turtlebot3_autorace_detect/turtlebot3_autorace_detect.egg-info
writing ../../build/turtlebot3_autorace_detect/turtlebot3_autorace_detect.egg-info/PKG-INFO
writing dependency_links to ../../build/turtlebot3_autorace_detect/turtlebot3_autorace_detect.egg-info/dependency_links.txt
writing entry points to ../../build/turtlebot3_autorace_detect/turtlebot3_autorace_detect.egg-info/entry_points.txt
writing requirements to ../../build/turtlebot3_autorace_detect/turtlebot3_autorace_detect.egg-info/requires.txt
writing top-level names to ../../build/turtlebot3_autorace_detect/turtlebot3_autorace_detect.egg-info/top_level.txt
writing manifest file '../../build/turtlebot3_autorace_detect/turtlebot3_autorace_detect.egg-info/SOURCES.txt'
reading manifest file '../../build/turtlebot3_autorace_detect/turtlebot3_autorace_detect.egg-info/SOURCES.txt'
writing manifest file '../../build/turtlebot3_autorace_detect/turtlebot3_autorace_detect.egg-info/SOURCES.txt'
running build
running build_py
creating /home/rokey-jw/rokeyracing_ws/build/turtlebot3_autorace_detect/build
creating /home/rokey-jw/rokeyracing_ws/build/turtlebot3_autorace_detect/build/lib
creating /home/rokey-jw/rokeyracing_ws/build/turtlebot3_autorace_detect/build/lib/turtlebot3_autorace_detect
copying turtlebot3_autorace_detect/detect_intersection_sign.py -> /home/rokey-jw/rokeyracing_ws/build/turtlebot3_autorace_detect/build/lib/turtlebot3_autorace_detect
copying turtlebot3_autorace_detect/detect_construction_sign.py -> /home/rokey-jw/rokeyracing_ws/build/turtlebot3_autorace_detect/build/lib/turtlebot3_autorace_detect
copying turtlebot3_autorace_detect/my_detect_lane.py -> /home/rokey-jw/rokeyracing_ws/build/turtlebot3_autorace_detect/build/lib/turtlebot3_autorace_detect
copying turtlebot3_autorace_detect/detect_parking_sign.py -> /home/rokey-jw/rokeyracing_ws/build/turtlebot3_autorace_detect/build/lib/turtlebot3_autorace_detect
copying turtlebot3_autorace_detect/detect_traffic_light.py -> /home/rokey-jw/rokeyracing_ws/build/turtlebot3_autorace_detect/build/lib/turtlebot3_autorace_detect
copying turtlebot3_autorace_detect/detect_level_crossing.py -> /home/rokey-jw/rokeyracing_ws/build/turtlebot3_autorace_detect/build/lib/turtlebot3_autorace_detect
copying turtlebot3_autorace_detect/detect_traffic_light_org.py -> /home/rokey-jw/rokeyracing_ws/build/turtlebot3_autorace_detect/build/lib/turtlebot3_autorace_detect
copying turtlebot3_autorace_detect/detect_lane_org.py -> /home/rokey-jw/rokeyracing_ws/build/turtlebot3_autorace_detect/build/lib/turtlebot3_autorace_detect
copying turtlebot3_autorace_detect/detect_lane.py -> /home/rokey-jw/rokeyracing_ws/build/turtlebot3_autorace_detect/build/lib/turtlebot3_autorace_detect
copying turtlebot3_autorace_detect/simple_detect_lane.py -> /home/rokey-jw/rokeyracing_ws/build/turtlebot3_autorace_detect/build/lib/turtlebot3_autorace_detect
copying turtlebot3_autorace_detect/detect_level_crossing_sign.py -> /home/rokey-jw/rokeyracing_ws/build/turtlebot3_autorace_detect/build/lib/turtlebot3_autorace_detect
copying turtlebot3_autorace_detect/__init__.py -> /home/rokey-jw/rokeyracing_ws/build/turtlebot3_autorace_detect/build/lib/turtlebot3_autorace_detect
copying turtlebot3_autorace_detect/detect_tunnel_sign.py -> /home/rokey-jw/rokeyracing_ws/build/turtlebot3_autorace_detect/build/lib/turtlebot3_autorace_detect
running install
running install_lib
creating /home/rokey-jw/rokeyracing_ws/install/turtlebot3_autorace_detect/lib/python3.10/site-packages/turtlebot3_autorace_detect
copying /home/rokey-jw/rokeyracing_ws/build/turtlebot3_autorace_detect/build/lib/turtlebot3_autorace_detect/detect_intersection_sign.py -> /home/rokey-jw/rokeyracing_ws/install/turtlebot3_autorace_detect/lib/python3.10/site-packages/turtlebot3_autorace_detect
copying /home/rokey-jw/rokeyracing_ws/build/turtlebot3_autorace_detect/build/lib/turtlebot3_autorace_detect/detect_construction_sign.py -> /home/rokey-jw/rokeyracing_ws/install/turtlebot3_autorace_detect/lib/python3.10/site-packages/turtlebot3_autorace_detect
copying /home/rokey-jw/rokeyracing_ws/build/turtlebot3_autorace_detect/build/lib/turtlebot3_autorace_detect/my_detect_lane.py -> /home/rokey-jw/rokeyracing_ws/install/turtlebot3_autorace_detect/lib/python3.10/site-packages/turtlebot3_autorace_detect
copying /home/rokey-jw/rokeyracing_ws/build/turtlebot3_autorace_detect/build/lib/turtlebot3_autorace_detect/detect_parking_sign.py -> /home/rokey-jw/rokeyracing_ws/install/turtlebot3_autorace_detect/lib/python3.10/site-packages/turtlebot3_autorace_detect
copying /home/rokey-jw/rokeyracing_ws/build/turtlebot3_autorace_detect/build/lib/turtlebot3_autorace_detect/detect_traffic_light.py -> /home/rokey-jw/rokeyracing_ws/install/turtlebot3_autorace_detect/lib/python3.10/site-packages/turtlebot3_autorace_detect
copying /home/rokey-jw/rokeyracing_ws/build/turtlebot3_autorace_detect/build/lib/turtlebot3_autorace_detect/detect_level_crossing.py -> /home/rokey-jw/rokeyracing_ws/install/turtlebot3_autorace_detect/lib/python3.10/site-packages/turtlebot3_autorace_detect
copying /home/rokey-jw/rokeyracing_ws/build/turtlebot3_autorace_detect/build/lib/turtlebot3_autorace_detect/detect_traffic_light_org.py -> /home/rokey-jw/rokeyracing_ws/install/turtlebot3_autorace_detect/lib/python3.10/site-packages/turtlebot3_autorace_detect
copying /home/rokey-jw/rokeyracing_ws/build/turtlebot3_autorace_detect/build/lib/turtlebot3_autorace_detect/detect_lane_org.py -> /home/rokey-jw/rokeyracing_ws/install/turtlebot3_autorace_detect/lib/python3.10/site-packages/turtlebot3_autorace_detect
copying /home/rokey-jw/rokeyracing_ws/build/turtlebot3_autorace_detect/build/lib/turtlebot3_autorace_detect/detect_lane.py -> /home/rokey-jw/rokeyracing_ws/install/turtlebot3_autorace_detect/lib/python3.10/site-packages/turtlebot3_autorace_detect
copying /home/rokey-jw/rokeyracing_ws/build/turtlebot3_autorace_detect/build/lib/turtlebot3_autorace_detect/simple_detect_lane.py -> /home/rokey-jw/rokeyracing_ws/install/turtlebot3_autorace_detect/lib/python3.10/site-packages/turtlebot3_autorace_detect
copying /home/rokey-jw/rokeyracing_ws/build/turtlebot3_autorace_detect/build/lib/turtlebot3_autorace_detect/detect_level_crossing_sign.py -> /home/rokey-jw/rokeyracing_ws/install/turtlebot3_autorace_detect/lib/python3.10/site-packages/turtlebot3_autorace_detect
copying /home/rokey-jw/rokeyracing_ws/build/turtlebot3_autorace_detect/build/lib/turtlebot3_autorace_detect/__init__.py -> /home/rokey-jw/rokeyracing_ws/install/turtlebot3_autorace_detect/lib/python3.10/site-packages/turtlebot3_autorace_detect
copying /home/rokey-jw/rokeyracing_ws/build/turtlebot3_autorace_detect/build/lib/turtlebot3_autorace_detect/detect_tunnel_sign.py -> /home/rokey-jw/rokeyracing_ws/install/turtlebot3_autorace_detect/lib/python3.10/site-packages/turtlebot3_autorace_detect
byte-compiling /home/rokey-jw/rokeyracing_ws/install/turtlebot3_autorace_detect/lib/python3.10/site-packages/turtlebot3_autorace_detect/detect_intersection_sign.py to detect_intersection_sign.cpython-310.pyc
byte-compiling /home/rokey-jw/rokeyracing_ws/install/turtlebot3_autorace_detect/lib/python3.10/site-packages/turtlebot3_autorace_detect/detect_construction_sign.py to detect_construction_sign.cpython-310.pyc
byte-compiling /home/rokey-jw/rokeyracing_ws/install/turtlebot3_autorace_detect/lib/python3.10/site-packages/turtlebot3_autorace_detect/my_detect_lane.py to my_detect_lane.cpython-310.pyc
byte-compiling /home/rokey-jw/rokeyracing_ws/install/turtlebot3_autorace_detect/lib/python3.10/site-packages/turtlebot3_autorace_detect/detect_parking_sign.py to detect_parking_sign.cpython-310.pyc
byte-compiling /home/rokey-jw/rokeyracing_ws/install/turtlebot3_autorace_detect/lib/python3.10/site-packages/turtlebot3_autorace_detect/detect_traffic_light.py to detect_traffic_light.cpython-310.pyc
byte-compiling /home/rokey-jw/rokeyracing_ws/install/turtlebot3_autorace_detect/lib/python3.10/site-packages/turtlebot3_autorace_detect/detect_level_crossing.py to detect_level_crossing.cpython-310.pyc
byte-compiling /home/rokey-jw/rokeyracing_ws/install/turtlebot3_autorace_detect/lib/python3.10/site-packages/turtlebot3_autorace_detect/detect_traffic_light_org.py to detect_traffic_light_org.cpython-310.pyc
byte-compiling /home/rokey-jw/rokeyracing_ws/install/turtlebot3_autorace_detect/lib/python3.10/site-packages/turtlebot3_autorace_detect/detect_lane_org.py to detect_lane_org.cpython-310.pyc
byte-compiling /home/rokey-jw/rokeyracing_ws/install/turtlebot3_autorace_detect/lib/python3.10/site-packages/turtlebot3_autorace_detect/detect_lane.py to detect_lane.cpython-310.pyc
byte-compiling /home/rokey-jw/rokeyracing_ws/install/turtlebot3_autorace_detect/lib/python3.10/site-packages/turtlebot3_autorace_detect/simple_detect_lane.py to simple_detect_lane.cpython-310.pyc
byte-compiling /home/rokey-jw/rokeyracing_ws/install/turtlebot3_autorace_detect/lib/python3.10/site-packages/turtlebot3_autorace_detect/detect_level_crossing_sign.py to detect_level_crossing_sign.cpython-310.pyc
byte-compiling /home/rokey-jw/rokeyracing_ws/install/turtlebot3_autorace_detect/lib/python3.10/site-packages/turtlebot3_autorace_detect/__init__.py to __init__.cpython-310.pyc
byte-compiling /home/rokey-jw/rokeyracing_ws/install/turtlebot3_autorace_detect/lib/python3.10/site-packages/turtlebot3_autorace_detect/detect_tunnel_sign.py to detect_tunnel_sign.cpython-310.pyc
running install_data
creating /home/rokey-jw/rokeyracing_ws/install/turtlebot3_autorace_detect/share/ament_index
creating /home/rokey-jw/rokeyracing_ws/install/turtlebot3_autorace_detect/share/ament_index/resource_index
creating /home/rokey-jw/rokeyracing_ws/install/turtlebot3_autorace_detect/share/ament_index/resource_index/packages
copying resource/turtlebot3_autorace_detect -> /home/rokey-jw/rokeyracing_ws/install/turtlebot3_autorace_detect/share/ament_index/resource_index/packages
copying package.xml -> /home/rokey-jw/rokeyracing_ws/install/turtlebot3_autorace_detect/share/turtlebot3_autorace_detect
creating /home/rokey-jw/rokeyracing_ws/install/turtlebot3_autorace_detect/share/turtlebot3_autorace_detect/launch
copying launch/simple_detect_lane.launch.py -> /home/rokey-jw/rokeyracing_ws/install/turtlebot3_autorace_detect/share/turtlebot3_autorace_detect/launch
copying launch/my_detect_lane.launch.py -> /home/rokey-jw/rokeyracing_ws/install/turtlebot3_autorace_detect/share/turtlebot3_autorace_detect/launch
copying launch/detect_level_crossing.launch.py -> /home/rokey-jw/rokeyracing_ws/install/turtlebot3_autorace_detect/share/turtlebot3_autorace_detect/launch
copying launch/detect_traffic_light.launch.py -> /home/rokey-jw/rokeyracing_ws/install/turtlebot3_autorace_detect/share/turtlebot3_autorace_detect/launch
copying launch/detect_lane.launch.py -> /home/rokey-jw/rokeyracing_ws/install/turtlebot3_autorace_detect/share/turtlebot3_autorace_detect/launch
copying launch/detect_sign.launch.py -> /home/rokey-jw/rokeyracing_ws/install/turtlebot3_autorace_detect/share/turtlebot3_autorace_detect/launch
creating /home/rokey-jw/rokeyracing_ws/install/turtlebot3_autorace_detect/share/turtlebot3_autorace_detect/param
creating /home/rokey-jw/rokeyracing_ws/install/turtlebot3_autorace_detect/share/turtlebot3_autorace_detect/param/lane
copying param/lane/lane.yaml -> /home/rokey-jw/rokeyracing_ws/install/turtlebot3_autorace_detect/share/turtlebot3_autorace_detect/param/lane
creating /home/rokey-jw/rokeyracing_ws/install/turtlebot3_autorace_detect/share/turtlebot3_autorace_detect/param/level
copying param/level/level.yaml -> /home/rokey-jw/rokeyracing_ws/install/turtlebot3_autorace_detect/share/turtlebot3_autorace_detect/param/level
creating /home/rokey-jw/rokeyracing_ws/install/turtlebot3_autorace_detect/share/turtlebot3_autorace_detect/param/traffic_light
copying param/traffic_light/traffic_light.yaml -> /home/rokey-jw/rokeyracing_ws/install/turtlebot3_autorace_detect/share/turtlebot3_autorace_detect/param/traffic_light
creating /home/rokey-jw/rokeyracing_ws/install/turtlebot3_autorace_detect/share/turtlebot3_autorace_detect/image
copying image/intersection.png -> /home/rokey-jw/rokeyracing_ws/install/turtlebot3_autorace_detect/share/turtlebot3_autorace_detect/image
copying image/parking.png -> /home/rokey-jw/rokeyracing_ws/install/turtlebot3_autorace_detect/share/turtlebot3_autorace_detect/image
copying image/right.png -> /home/rokey-jw/rokeyracing_ws/install/turtlebot3_autorace_detect/share/turtlebot3_autorace_detect/image
copying image/tunnel.png -> /home/rokey-jw/rokeyracing_ws/install/turtlebot3_autorace_detect/share/turtlebot3_autorace_detect/image
copying image/stop.png -> /home/rokey-jw/rokeyracing_ws/install/turtlebot3_autorace_detect/share/turtlebot3_autorace_detect/image
copying image/construction.png -> /home/rokey-jw/rokeyracing_ws/install/turtlebot3_autorace_detect/share/turtlebot3_autorace_detect/image
copying image/left.png -> /home/rokey-jw/rokeyracing_ws/install/turtlebot3_autorace_detect/share/turtlebot3_autorace_detect/image
running install_egg_info
Copying ../../build/turtlebot3_autorace_detect/turtlebot3_autorace_detect.egg-info to /home/rokey-jw/rokeyracing_ws/install/turtlebot3_autorace_detect/lib/python3.10/site-packages/turtlebot3_autorace_detect-1.2.1-py3.10.egg-info
running install_scripts
Installing detect_construction_sign script to /home/rokey-jw/rokeyracing_ws/install/turtlebot3_autorace_detect/lib/turtlebot3_autorace_detect
Installing detect_intersection_sign script to /home/rokey-jw/rokeyracing_ws/install/turtlebot3_autorace_detect/lib/turtlebot3_autorace_detect
Installing detect_lane script to /home/rokey-jw/rokeyracing_ws/install/turtlebot3_autorace_detect/lib/turtlebot3_autorace_detect
Installing detect_level_crossing script to /home/rokey-jw/rokeyracing_ws/install/turtlebot3_autorace_detect/lib/turtlebot3_autorace_detect
Installing detect_level_crossing_sign script to /home/rokey-jw/rokeyracing_ws/install/turtlebot3_autorace_detect/lib/turtlebot3_autorace_detect
Installing detect_parking_sign script to /home/rokey-jw/rokeyracing_ws/install/turtlebot3_autorace_detect/lib/turtlebot3_autorace_detect
Installing detect_traffic_light script to /home/rokey-jw/rokeyracing_ws/install/turtlebot3_autorace_detect/lib/turtlebot3_autorace_detect
Installing detect_tunnel_sign script to /home/rokey-jw/rokeyracing_ws/install/turtlebot3_autorace_detect/lib/turtlebot3_autorace_detect
Installing my_detect_lane script to /home/rokey-jw/rokeyracing_ws/install/turtlebot3_autorace_detect/lib/turtlebot3_autorace_detect
Installing simple_detect_lane script to /home/rokey-jw/rokeyracing_ws/install/turtlebot3_autorace_detect/lib/turtlebot3_autorace_detect
writing list of installed files to '/home/rokey-jw/rokeyracing_ws/build/turtlebot3_autorace_detect/install.log'
