[0.708s] Invoking command in '/home/rokey-jw/rokeypj_ws/build/ld08_driver': CMAKE_PREFIX_PATH=${CMAKE_PREFIX_PATH}:/home/rokey-jw/turtlebot3_ws/install/turtlebot3_teleop:/home/rokey-jw/turtlebot3_ws/install/turtlebot3_example:/opt/ros/humble /usr/bin/cmake /home/rokey-jw/rokeypj_ws/src/ld08_driver -DAMENT_CMAKE_SYMLINK_INSTALL=1 -DCMAKE_INSTALL_PREFIX=/home/rokey-jw/rokeypj_ws/install/ld08_driver
[0.817s] -- The C compiler identification is GNU 11.4.0
[0.926s] -- The CXX compiler identification is GNU 11.4.0
[0.941s] -- Detecting C compiler ABI info
[1.085s] -- Detecting C compiler ABI info - done
[1.101s] -- Check for working C compiler: /usr/bin/cc - skipped
[1.101s] -- Detecting C compile features
[1.101s] -- Detecting C compile features - done
[1.108s] -- Detecting CXX compiler ABI info
[1.264s] -- Detecting CXX compiler ABI info - done
[1.285s] -- Check for working CXX compiler: /usr/bin/c++ - skipped
[1.285s] -- Detecting CXX compile features
[1.288s] -- Detecting CXX compile features - done
[1.295s] -- Found ament_cmake: 1.3.11 (/opt/ros/humble/share/ament_cmake/cmake)
[1.674s] -- Found Python3: /usr/bin/python3 (found version "3.10.12") found components: Interpreter 
[1.821s] -- Override CMake install command with custom implementation using symlinks instead of copying resources
[1.878s] -- Found rclcpp: 16.0.11 (/opt/ros/humble/share/rclcpp/cmake)
[1.973s] -- Found rosidl_generator_c: 3.1.6 (/opt/ros/humble/share/rosidl_generator_c/cmake)
[1.983s] -- Found rosidl_adapter: 3.1.6 (/opt/ros/humble/share/rosidl_adapter/cmake)
[2.004s] -- Found rosidl_generator_cpp: 3.1.6 (/opt/ros/humble/share/rosidl_generator_cpp/cmake)
[2.028s] -- Using all available rosidl_typesupport_c: rosidl_typesupport_fastrtps_c;rosidl_typesupport_introspection_c
[2.062s] -- Using all available rosidl_typesupport_cpp: rosidl_typesupport_fastrtps_cpp;rosidl_typesupport_introspection_cpp
[2.176s] -- Found rmw_implementation_cmake: 6.1.2 (/opt/ros/humble/share/rmw_implementation_cmake/cmake)
[2.185s] -- Found rmw_fastrtps_cpp: 6.2.7 (/opt/ros/humble/share/rmw_fastrtps_cpp/cmake)
[2.365s] -- Found OpenSSL: /usr/lib/aarch64-linux-gnu/libcrypto.so (found version "3.0.2")  
[2.423s] -- Found FastRTPS: /opt/ros/humble/include  
[2.502s] -- Using RMW implementation 'rmw_fastrtps_cpp' as default
[2.522s] -- Looking for pthread.h
[2.676s] -- Looking for pthread.h - found
[2.676s] -- Performing Test CMAKE_HAVE_LIBC_PTHREAD
[2.821s] -- Performing Test CMAKE_HAVE_LIBC_PTHREAD - Success
[2.825s] -- Found Threads: TRUE  
[2.957s] -- Found sensor_msgs: 4.2.4 (/opt/ros/humble/share/sensor_msgs/cmake)
[3.041s] -- Found Boost: /usr/lib/aarch64-linux-gnu/cmake/Boost-1.74.0/BoostConfig.cmake (found version "1.74.0") found components: system 
[3.046s] -- Found ament_lint_auto: 0.12.11 (/opt/ros/humble/share/ament_lint_auto/cmake)
[3.200s] -- Configuring done
[3.224s] -- Generating done
[3.234s] -- Build files have been written to: /home/rokey-jw/rokeypj_ws/build/ld08_driver
