[0.024s] Invoking command in '/home/rokey-jw/rokeypj_ws/build/turtlebot3_msgs': CMAKE_PREFIX_PATH=${CMAKE_PREFIX_PATH}:/home/rokey-jw/turtlebot3_ws/install/turtlebot3_teleop:/home/rokey-jw/turtlebot3_ws/install/turtlebot3_example:/opt/ros/humble /usr/bin/cmake /home/rokey-jw/rokeypj_ws/src/turtlebot3_msgs -DAMENT_CMAKE_SYMLINK_INSTALL=1 -DCMAKE_INSTALL_PREFIX=/home/rokey-jw/rokeypj_ws/install/turtlebot3_msgs
[0.135s] -- The C compiler identification is GNU 11.4.0
[0.249s] -- The CXX compiler identification is GNU 11.4.0
[0.265s] -- Detecting C compiler ABI info
[0.397s] -- Detecting C compiler ABI info - done
[0.411s] -- Check for working C compiler: /usr/bin/cc - skipped
[0.412s] -- Detecting C compile features
[0.412s] -- Detecting C compile features - done
[0.418s] -- Detecting CXX compiler ABI info
[0.579s] -- Detecting CXX compiler ABI info - done
[0.595s] -- Check for working CXX compiler: /usr/bin/c++ - skipped
[0.596s] -- Detecting CXX compile features
[0.597s] -- Detecting CXX compile features - done
[0.603s] -- Found action_msgs: 1.2.1 (/opt/ros/humble/share/action_msgs/cmake)
[0.969s] -- Found Python3: /usr/bin/python3 (found version "3.10.12") found components: Interpreter 
[1.119s] -- Override CMake install command with custom implementation using symlinks instead of copying resources
[1.296s] -- Found rosidl_generator_c: 3.1.6 (/opt/ros/humble/share/rosidl_generator_c/cmake)
[1.309s] -- Found rosidl_adapter: 3.1.6 (/opt/ros/humble/share/rosidl_adapter/cmake)
[1.328s] -- Found rosidl_generator_cpp: 3.1.6 (/opt/ros/humble/share/rosidl_generator_cpp/cmake)
[1.355s] -- Using all available rosidl_typesupport_c: rosidl_typesupport_fastrtps_c;rosidl_typesupport_introspection_c
[1.391s] -- Using all available rosidl_typesupport_cpp: rosidl_typesupport_fastrtps_cpp;rosidl_typesupport_introspection_cpp
[1.468s] -- Found rosidl_default_generators: 1.2.0 (/opt/ros/humble/share/rosidl_default_generators/cmake)
[1.491s] -- Found std_msgs: 4.2.4 (/opt/ros/humble/share/std_msgs/cmake)
[1.517s] -- Found geometry_msgs: 4.2.4 (/opt/ros/humble/share/geometry_msgs/cmake)
[2.320s] -- Found ament_cmake_cppcheck: 0.12.11 (/opt/ros/humble/share/ament_cmake_cppcheck/cmake)
[2.327s] -- Found ament_cmake_cpplint: 0.12.11 (/opt/ros/humble/share/ament_cmake_cpplint/cmake)
[2.333s] -- Found ament_cmake_uncrustify: 0.12.11 (/opt/ros/humble/share/ament_cmake_uncrustify/cmake)
[2.340s] -- Found ament_cmake_ros: 0.10.0 (/opt/ros/humble/share/ament_cmake_ros/cmake)
[3.391s] -- Using all available rosidl_typesupport_c: rosidl_typesupport_fastrtps_c;rosidl_typesupport_introspection_c
[3.841s] -- Using all available rosidl_typesupport_cpp: rosidl_typesupport_fastrtps_cpp;rosidl_typesupport_introspection_cpp
[3.908s] -- Found PythonInterp: /usr/bin/python3 (found suitable version "3.10.12", minimum required is "3.6") 
[3.916s] -- Found python_cmake_module: 0.10.0 (/opt/ros/humble/share/python_cmake_module/cmake)
[3.993s] -- Found PythonLibs: /usr/lib/aarch64-linux-gnu/libpython3.10.so (found suitable version "3.10.12", minimum required is "3.5") 
[3.994s] -- Using PYTHON_EXECUTABLE: /usr/bin/python3
[3.995s] -- Using PYTHON_INCLUDE_DIRS: /usr/include/python3.10
[3.995s] -- Using PYTHON_LIBRARIES: /usr/lib/aarch64-linux-gnu/libpython3.10.so
[4.048s] -- Found PythonExtra: .so  
[4.233s] -- Found ament_cmake_flake8: 0.12.11 (/opt/ros/humble/share/ament_cmake_flake8/cmake)
[4.239s] -- Found ament_cmake_pep257: 0.12.11 (/opt/ros/humble/share/ament_cmake_pep257/cmake)
[4.263s] -- Configuring done
[4.356s] -- Generating done
[4.382s] -- Build files have been written to: /home/rokey-jw/rokeypj_ws/build/turtlebot3_msgs
[4.409s] Invoked command in '/home/rokey-jw/rokeypj_ws/build/turtlebot3_msgs' returned '0': CMAKE_PREFIX_PATH=${CMAKE_PREFIX_PATH}:/home/rokey-jw/turtlebot3_ws/install/turtlebot3_teleop:/home/rokey-jw/turtlebot3_ws/install/turtlebot3_example:/opt/ros/humble /usr/bin/cmake /home/rokey-jw/rokeypj_ws/src/turtlebot3_msgs -DAMENT_CMAKE_SYMLINK_INSTALL=1 -DCMAKE_INSTALL_PREFIX=/home/rokey-jw/rokeypj_ws/install/turtlebot3_msgs
[4.412s] Invoking command in '/home/rokey-jw/rokeypj_ws/build/turtlebot3_msgs': CMAKE_PREFIX_PATH=${CMAKE_PREFIX_PATH}:/home/rokey-jw/turtlebot3_ws/install/turtlebot3_teleop:/home/rokey-jw/turtlebot3_ws/install/turtlebot3_example:/opt/ros/humble /usr/bin/cmake --build /home/rokey-jw/rokeypj_ws/build/turtlebot3_msgs -- -j6 -l6
[4.502s] [  1%] [34m[1mGenerating C code for ROS interfaces[0m
[4.530s] [  2%] [34m[1mGenerating C++ code for ROS interfaces[0m
[4.542s] [  2%] Built target ament_cmake_python_symlink_turtlebot3_msgs
[5.136s] running egg_info
[5.137s] creating turtlebot3_msgs.egg-info
[5.138s] writing turtlebot3_msgs.egg-info/PKG-INFO
[5.138s] writing dependency_links to turtlebot3_msgs.egg-info/dependency_links.txt
[5.139s] writing top-level names to turtlebot3_msgs.egg-info/top_level.txt
[5.139s] writing manifest file 'turtlebot3_msgs.egg-info/SOURCES.txt'
[5.144s] reading manifest file 'turtlebot3_msgs.egg-info/SOURCES.txt'
[5.145s] writing manifest file 'turtlebot3_msgs.egg-info/SOURCES.txt'
[5.224s] [  2%] Built target ament_cmake_python_build_turtlebot3_msgs_egg
[6.652s] [  2%] Built target turtlebot3_msgs__cpp
[6.672s] [  5%] [34m[1mGenerating C++ type support for eProsima Fast-RTPS[0m
[6.672s] [  5%] [34m[1mGenerating C++ type support dispatch for ROS interfaces[0m
[6.677s] [  7%] [34m[1mGenerating C++ introspection for ROS interfaces[0m
[6.694s] [  8%] [32mBuilding C object CMakeFiles/turtlebot3_msgs__rosidl_generator_c.dir/rosidl_generator_c/turtlebot3_msgs/msg/detail/sensor_state__functions.c.o[0m
[6.694s] [  9%] [32mBuilding C object CMakeFiles/turtlebot3_msgs__rosidl_generator_c.dir/rosidl_generator_c/turtlebot3_msgs/msg/detail/version_info__functions.c.o[0m
[6.724s] [ 11%] [32mBuilding C object CMakeFiles/turtlebot3_msgs__rosidl_generator_c.dir/rosidl_generator_c/turtlebot3_msgs/msg/detail/sound__functions.c.o[0m
[6.825s] [ 12%] [32mBuilding C object CMakeFiles/turtlebot3_msgs__rosidl_generator_c.dir/rosidl_generator_c/turtlebot3_msgs/srv/detail/dqn__functions.c.o[0m
[6.827s] [ 14%] [32mBuilding C object CMakeFiles/turtlebot3_msgs__rosidl_generator_c.dir/rosidl_generator_c/turtlebot3_msgs/srv/detail/sound__functions.c.o[0m
[6.927s] [ 15%] [32mBuilding C object CMakeFiles/turtlebot3_msgs__rosidl_generator_c.dir/rosidl_generator_c/turtlebot3_msgs/action/detail/patrol__functions.c.o[0m
[7.264s] [ 16%] [32m[1mLinking C shared library libturtlebot3_msgs__rosidl_generator_c.so[0m
[7.354s] [ 16%] Built target turtlebot3_msgs__rosidl_generator_c
[7.375s] [ 18%] [34m[1mGenerating C type support for eProsima Fast-RTPS[0m
[7.377s] [ 19%] [34m[1mGenerating C introspection for ROS interfaces[0m
[7.390s] [ 21%] [34m[1mGenerating C type support dispatch for ROS interfaces[0m
[8.349s] [ 22%] [32mBuilding CXX object CMakeFiles/turtlebot3_msgs__rosidl_typesupport_cpp.dir/rosidl_typesupport_cpp/turtlebot3_msgs/msg/sensor_state__type_support.cpp.o[0m
[8.573s] [ 23%] [32mBuilding CXX object CMakeFiles/turtlebot3_msgs__rosidl_typesupport_introspection_cpp.dir/rosidl_typesupport_introspection_cpp/turtlebot3_msgs/msg/detail/sensor_state__type_support.cpp.o[0m
[8.710s] [ 25%] [32mBuilding CXX object CMakeFiles/turtlebot3_msgs__rosidl_typesupport_fastrtps_cpp.dir/rosidl_typesupport_fastrtps_cpp/turtlebot3_msgs/msg/detail/dds_fastrtps/sensor_state__type_support.cpp.o[0m
[8.972s] [ 26%] [32mBuilding CXX object CMakeFiles/turtlebot3_msgs__rosidl_typesupport_c.dir/rosidl_typesupport_c/turtlebot3_msgs/msg/sensor_state__type_support.cpp.o[0m
[9.059s] [ 28%] [32mBuilding CXX object CMakeFiles/turtlebot3_msgs__rosidl_typesupport_c.dir/rosidl_typesupport_c/turtlebot3_msgs/msg/sound__type_support.cpp.o[0m
[9.076s] [ 29%] [32mBuilding CXX object CMakeFiles/turtlebot3_msgs__rosidl_typesupport_cpp.dir/rosidl_typesupport_cpp/turtlebot3_msgs/msg/sound__type_support.cpp.o[0m
[9.161s] [ 30%] [32mBuilding CXX object CMakeFiles/turtlebot3_msgs__rosidl_typesupport_c.dir/rosidl_typesupport_c/turtlebot3_msgs/msg/version_info__type_support.cpp.o[0m
[9.232s] [ 32%] [32mBuilding CXX object CMakeFiles/turtlebot3_msgs__rosidl_typesupport_c.dir/rosidl_typesupport_c/turtlebot3_msgs/srv/sound__type_support.cpp.o[0m
[9.303s] [ 33%] [32mBuilding CXX object CMakeFiles/turtlebot3_msgs__rosidl_typesupport_c.dir/rosidl_typesupport_c/turtlebot3_msgs/srv/dqn__type_support.cpp.o[0m
[9.411s] [ 35%] [32mBuilding CXX object CMakeFiles/turtlebot3_msgs__rosidl_typesupport_c.dir/rosidl_typesupport_c/turtlebot3_msgs/action/patrol__type_support.cpp.o[0m
[9.513s] [ 36%] [32mBuilding CXX object CMakeFiles/turtlebot3_msgs__rosidl_typesupport_introspection_cpp.dir/rosidl_typesupport_introspection_cpp/turtlebot3_msgs/msg/detail/sound__type_support.cpp.o[0m
[9.519s] [ 39%] [32mBuilding C object CMakeFiles/turtlebot3_msgs__rosidl_typesupport_introspection_c.dir/rosidl_typesupport_introspection_c/turtlebot3_msgs/msg/detail/sensor_state__type_support.c.o[0m
[9.519s] [ 39%] [32m[1mLinking CXX shared library libturtlebot3_msgs__rosidl_typesupport_c.so[0m
[9.603s] [ 39%] Built target turtlebot3_msgs__rosidl_typesupport_c
[9.621s] [ 40%] [32mBuilding C object CMakeFiles/turtlebot3_msgs__rosidl_typesupport_introspection_c.dir/rosidl_typesupport_introspection_c/turtlebot3_msgs/msg/detail/sound__type_support.c.o[0m
[9.626s] [ 42%] [32mBuilding CXX object CMakeFiles/turtlebot3_msgs__rosidl_typesupport_fastrtps_c.dir/rosidl_typesupport_fastrtps_c/turtlebot3_msgs/msg/detail/sensor_state__type_support_c.cpp.o[0m
[9.636s] [ 43%] [32mBuilding C object CMakeFiles/turtlebot3_msgs__rosidl_typesupport_introspection_c.dir/rosidl_typesupport_introspection_c/turtlebot3_msgs/msg/detail/version_info__type_support.c.o[0m
[9.697s] [ 45%] [32mBuilding C object CMakeFiles/turtlebot3_msgs__rosidl_typesupport_introspection_c.dir/rosidl_typesupport_introspection_c/turtlebot3_msgs/srv/detail/sound__type_support.c.o[0m
[9.731s] [ 46%] [32mBuilding CXX object CMakeFiles/turtlebot3_msgs__rosidl_typesupport_cpp.dir/rosidl_typesupport_cpp/turtlebot3_msgs/msg/version_info__type_support.cpp.o[0m
[9.740s] [ 47%] [32mBuilding C object CMakeFiles/turtlebot3_msgs__rosidl_typesupport_introspection_c.dir/rosidl_typesupport_introspection_c/turtlebot3_msgs/srv/detail/dqn__type_support.c.o[0m
[9.761s] [ 49%] [32mBuilding CXX object CMakeFiles/turtlebot3_msgs__rosidl_typesupport_fastrtps_cpp.dir/rosidl_typesupport_fastrtps_cpp/turtlebot3_msgs/msg/detail/dds_fastrtps/sound__type_support.cpp.o[0m
[9.839s] [ 50%] [32mBuilding C object CMakeFiles/turtlebot3_msgs__rosidl_typesupport_introspection_c.dir/rosidl_typesupport_introspection_c/turtlebot3_msgs/action/detail/patrol__type_support.c.o[0m
[9.841s] [ 52%] [32mBuilding CXX object CMakeFiles/turtlebot3_msgs__rosidl_typesupport_fastrtps_c.dir/rosidl_typesupport_fastrtps_c/turtlebot3_msgs/msg/detail/sound__type_support_c.cpp.o[0m
[10.075s] [ 53%] [32m[1mLinking C shared library libturtlebot3_msgs__rosidl_typesupport_introspection_c.so[0m
[10.240s] [ 53%] Built target turtlebot3_msgs__rosidl_typesupport_introspection_c
[10.289s] [ 54%] [32mBuilding CXX object CMakeFiles/turtlebot3_msgs__rosidl_typesupport_fastrtps_c.dir/rosidl_typesupport_fastrtps_c/turtlebot3_msgs/msg/detail/version_info__type_support_c.cpp.o[0m
[10.452s] [ 56%] [32mBuilding CXX object CMakeFiles/turtlebot3_msgs__rosidl_typesupport_cpp.dir/rosidl_typesupport_cpp/turtlebot3_msgs/srv/sound__type_support.cpp.o[0m
[10.554s] [ 57%] [32mBuilding CXX object CMakeFiles/turtlebot3_msgs__rosidl_typesupport_introspection_cpp.dir/rosidl_typesupport_introspection_cpp/turtlebot3_msgs/msg/detail/version_info__type_support.cpp.o[0m
[10.574s] [ 59%] [32mBuilding CXX object CMakeFiles/turtlebot3_msgs__rosidl_typesupport_fastrtps_c.dir/rosidl_typesupport_fastrtps_c/turtlebot3_msgs/srv/detail/sound__type_support_c.cpp.o[0m
[10.765s] [ 60%] [32mBuilding CXX object CMakeFiles/turtlebot3_msgs__rosidl_typesupport_fastrtps_cpp.dir/rosidl_typesupport_fastrtps_cpp/turtlebot3_msgs/msg/detail/dds_fastrtps/version_info__type_support.cpp.o[0m
[10.808s] [ 61%] [32mBuilding CXX object CMakeFiles/turtlebot3_msgs__rosidl_typesupport_fastrtps_c.dir/rosidl_typesupport_fastrtps_c/turtlebot3_msgs/srv/detail/dqn__type_support_c.cpp.o[0m
[11.152s] [ 63%] [32mBuilding CXX object CMakeFiles/turtlebot3_msgs__rosidl_typesupport_cpp.dir/rosidl_typesupport_cpp/turtlebot3_msgs/srv/dqn__type_support.cpp.o[0m
[11.276s] [ 64%] [32mBuilding CXX object CMakeFiles/turtlebot3_msgs__rosidl_typesupport_fastrtps_c.dir/rosidl_typesupport_fastrtps_c/turtlebot3_msgs/action/detail/patrol__type_support_c.cpp.o[0m
[11.485s] [ 66%] [32mBuilding CXX object CMakeFiles/turtlebot3_msgs__rosidl_typesupport_introspection_cpp.dir/rosidl_typesupport_introspection_cpp/turtlebot3_msgs/srv/detail/sound__type_support.cpp.o[0m
[11.556s] [ 67%] [32mBuilding CXX object CMakeFiles/turtlebot3_msgs__rosidl_typesupport_cpp.dir/rosidl_typesupport_cpp/turtlebot3_msgs/action/patrol__type_support.cpp.o[0m
[11.649s] [ 69%] [32mBuilding CXX object CMakeFiles/turtlebot3_msgs__rosidl_typesupport_fastrtps_cpp.dir/rosidl_typesupport_fastrtps_cpp/turtlebot3_msgs/srv/detail/dds_fastrtps/sound__type_support.cpp.o[0m
[11.732s] [ 70%] [32mBuilding CXX object CMakeFiles/turtlebot3_msgs__rosidl_typesupport_fastrtps_cpp.dir/rosidl_typesupport_fastrtps_cpp/turtlebot3_msgs/srv/detail/dds_fastrtps/dqn__type_support.cpp.o[0m
[11.930s] [ 71%] [32mBuilding CXX object CMakeFiles/turtlebot3_msgs__rosidl_typesupport_fastrtps_cpp.dir/rosidl_typesupport_fastrtps_cpp/turtlebot3_msgs/action/detail/dds_fastrtps/patrol__type_support.cpp.o[0m
[12.444s] [ 73%] [32m[1mLinking CXX shared library libturtlebot3_msgs__rosidl_typesupport_fastrtps_c.so[0m
[12.464s] [ 74%] [32mBuilding CXX object CMakeFiles/turtlebot3_msgs__rosidl_typesupport_introspection_cpp.dir/rosidl_typesupport_introspection_cpp/turtlebot3_msgs/srv/detail/dqn__type_support.cpp.o[0m
[12.696s] [ 76%] [32mBuilding CXX object CMakeFiles/turtlebot3_msgs__rosidl_typesupport_introspection_cpp.dir/rosidl_typesupport_introspection_cpp/turtlebot3_msgs/action/detail/patrol__type_support.cpp.o[0m
[12.742s] [ 76%] Built target turtlebot3_msgs__rosidl_typesupport_fastrtps_c
[12.863s] [ 77%] [32m[1mLinking CXX shared library libturtlebot3_msgs__rosidl_typesupport_cpp.so[0m
[12.962s] [ 77%] Built target turtlebot3_msgs__rosidl_typesupport_cpp
[13.320s] [ 78%] [32m[1mLinking CXX shared library libturtlebot3_msgs__rosidl_typesupport_fastrtps_cpp.so[0m
[13.493s] [ 78%] Built target turtlebot3_msgs__rosidl_typesupport_fastrtps_cpp
[14.064s] [ 80%] [32m[1mLinking CXX shared library libturtlebot3_msgs__rosidl_typesupport_introspection_cpp.so[0m
[14.226s] [ 80%] Built target turtlebot3_msgs__rosidl_typesupport_introspection_cpp
[14.268s] [ 80%] Built target turtlebot3_msgs
[14.313s] [ 81%] [34m[1mGenerating Python code for ROS interfaces[0m
[17.795s] [ 81%] Built target turtlebot3_msgs__py
[17.842s] [ 83%] [32mBuilding C object CMakeFiles/turtlebot3_msgs__rosidl_generator_py.dir/rosidl_generator_py/turtlebot3_msgs/srv/_sound_s.c.o[0m
[17.843s] [ 84%] [32mBuilding C object CMakeFiles/turtlebot3_msgs__rosidl_generator_py.dir/rosidl_generator_py/turtlebot3_msgs/srv/_dqn_s.c.o[0m
[17.844s] [ 85%] [32mBuilding C object CMakeFiles/turtlebot3_msgs__rosidl_generator_py.dir/rosidl_generator_py/turtlebot3_msgs/action/_patrol_s.c.o[0m
[17.844s] [ 87%] [32mBuilding C object CMakeFiles/turtlebot3_msgs__rosidl_generator_py.dir/rosidl_generator_py/turtlebot3_msgs/msg/_sensor_state_s.c.o[0m
[17.847s] [ 88%] [32mBuilding C object CMakeFiles/turtlebot3_msgs__rosidl_generator_py.dir/rosidl_generator_py/turtlebot3_msgs/msg/_version_info_s.c.o[0m
[17.851s] [ 90%] [32mBuilding C object CMakeFiles/turtlebot3_msgs__rosidl_generator_py.dir/rosidl_generator_py/turtlebot3_msgs/msg/_sound_s.c.o[0m
[18.260s] [ 91%] [32m[1mLinking C shared library rosidl_generator_py/turtlebot3_msgs/libturtlebot3_msgs__rosidl_generator_py.so[0m
[18.354s] [ 91%] Built target turtlebot3_msgs__rosidl_generator_py
[18.394s] [ 94%] [32mBuilding C object CMakeFiles/turtlebot3_msgs__rosidl_typesupport_introspection_c__pyext.dir/rosidl_generator_py/turtlebot3_msgs/_turtlebot3_msgs_s.ep.rosidl_typesupport_introspection_c.c.o[0m
[18.395s] [ 94%] [32mBuilding C object CMakeFiles/turtlebot3_msgs__rosidl_typesupport_fastrtps_c__pyext.dir/rosidl_generator_py/turtlebot3_msgs/_turtlebot3_msgs_s.ep.rosidl_typesupport_fastrtps_c.c.o[0m
[18.395s] [ 95%] [32mBuilding C object CMakeFiles/turtlebot3_msgs__rosidl_typesupport_c__pyext.dir/rosidl_generator_py/turtlebot3_msgs/_turtlebot3_msgs_s.ep.rosidl_typesupport_c.c.o[0m
[18.708s] [100%] [32m[1mLinking C shared library rosidl_generator_py/turtlebot3_msgs/turtlebot3_msgs_s__rosidl_typesupport_fastrtps_c.cpython-310-aarch64-linux-gnu.so[0m
[18.708s] [100%] [32m[1mLinking C shared library rosidl_generator_py/turtlebot3_msgs/turtlebot3_msgs_s__rosidl_typesupport_introspection_c.cpython-310-aarch64-linux-gnu.so[0m
[18.708s] [100%] [32m[1mLinking C shared library rosidl_generator_py/turtlebot3_msgs/turtlebot3_msgs_s__rosidl_typesupport_c.cpython-310-aarch64-linux-gnu.so[0m
[18.801s] [100%] Built target turtlebot3_msgs__rosidl_typesupport_fastrtps_c__pyext
[18.802s] [100%] Built target turtlebot3_msgs__rosidl_typesupport_c__pyext
[18.814s] [100%] Built target turtlebot3_msgs__rosidl_typesupport_introspection_c__pyext
[18.844s] Invoked command in '/home/rokey-jw/rokeypj_ws/build/turtlebot3_msgs' returned '0': CMAKE_PREFIX_PATH=${CMAKE_PREFIX_PATH}:/home/rokey-jw/turtlebot3_ws/install/turtlebot3_teleop:/home/rokey-jw/turtlebot3_ws/install/turtlebot3_example:/opt/ros/humble /usr/bin/cmake --build /home/rokey-jw/rokeypj_ws/build/turtlebot3_msgs -- -j6 -l6
[18.848s] Invoking command in '/home/rokey-jw/rokeypj_ws/build/turtlebot3_msgs': CMAKE_PREFIX_PATH=${CMAKE_PREFIX_PATH}:/home/rokey-jw/turtlebot3_ws/install/turtlebot3_teleop:/home/rokey-jw/turtlebot3_ws/install/turtlebot3_example:/opt/ros/humble /usr/bin/cmake --install /home/rokey-jw/rokeypj_ws/build/turtlebot3_msgs
[18.866s] -- Install configuration: ""
[18.867s] -- Execute custom install script
[18.868s] -- Symlinking: /home/rokey-jw/rokeypj_ws/install/turtlebot3_msgs/share/ament_index/resource_index/rosidl_interfaces/turtlebot3_msgs
[18.887s] -- Symlinking: /home/rokey-jw/rokeypj_ws/install/turtlebot3_msgs/include/turtlebot3_msgs/turtlebot3_msgs/action/detail/patrol__functions.h
[18.908s] -- Symlinking: /home/rokey-jw/rokeypj_ws/install/turtlebot3_msgs/include/turtlebot3_msgs/turtlebot3_msgs/action/detail/patrol__struct.h
[18.930s] -- Symlinking: /home/rokey-jw/rokeypj_ws/install/turtlebot3_msgs/include/turtlebot3_msgs/turtlebot3_msgs/action/detail/patrol__type_support.h
[18.950s] -- Symlinking: /home/rokey-jw/rokeypj_ws/install/turtlebot3_msgs/include/turtlebot3_msgs/turtlebot3_msgs/action/patrol.h
[18.969s] -- Symlinking: /home/rokey-jw/rokeypj_ws/install/turtlebot3_msgs/include/turtlebot3_msgs/turtlebot3_msgs/msg/detail/sensor_state__functions.h
[18.987s] -- Symlinking: /home/rokey-jw/rokeypj_ws/install/turtlebot3_msgs/include/turtlebot3_msgs/turtlebot3_msgs/msg/detail/sensor_state__struct.h
[19.007s] -- Symlinking: /home/rokey-jw/rokeypj_ws/install/turtlebot3_msgs/include/turtlebot3_msgs/turtlebot3_msgs/msg/detail/sensor_state__type_support.h
[19.024s] -- Symlinking: /home/rokey-jw/rokeypj_ws/install/turtlebot3_msgs/include/turtlebot3_msgs/turtlebot3_msgs/msg/detail/sound__functions.h
[19.042s] -- Symlinking: /home/rokey-jw/rokeypj_ws/install/turtlebot3_msgs/include/turtlebot3_msgs/turtlebot3_msgs/msg/detail/sound__struct.h
[19.063s] -- Symlinking: /home/rokey-jw/rokeypj_ws/install/turtlebot3_msgs/include/turtlebot3_msgs/turtlebot3_msgs/msg/detail/sound__type_support.h
[19.085s] -- Symlinking: /home/rokey-jw/rokeypj_ws/install/turtlebot3_msgs/include/turtlebot3_msgs/turtlebot3_msgs/msg/detail/version_info__functions.h
[19.109s] -- Symlinking: /home/rokey-jw/rokeypj_ws/install/turtlebot3_msgs/include/turtlebot3_msgs/turtlebot3_msgs/msg/detail/version_info__struct.h
[19.128s] -- Symlinking: /home/rokey-jw/rokeypj_ws/install/turtlebot3_msgs/include/turtlebot3_msgs/turtlebot3_msgs/msg/detail/version_info__type_support.h
[19.148s] -- Symlinking: /home/rokey-jw/rokeypj_ws/install/turtlebot3_msgs/include/turtlebot3_msgs/turtlebot3_msgs/msg/rosidl_generator_c__visibility_control.h
[19.167s] -- Symlinking: /home/rokey-jw/rokeypj_ws/install/turtlebot3_msgs/include/turtlebot3_msgs/turtlebot3_msgs/msg/sensor_state.h
[19.188s] -- Symlinking: /home/rokey-jw/rokeypj_ws/install/turtlebot3_msgs/include/turtlebot3_msgs/turtlebot3_msgs/msg/sound.h
[19.209s] -- Symlinking: /home/rokey-jw/rokeypj_ws/install/turtlebot3_msgs/include/turtlebot3_msgs/turtlebot3_msgs/msg/version_info.h
[19.229s] -- Symlinking: /home/rokey-jw/rokeypj_ws/install/turtlebot3_msgs/include/turtlebot3_msgs/turtlebot3_msgs/srv/detail/dqn__functions.h
[19.250s] -- Symlinking: /home/rokey-jw/rokeypj_ws/install/turtlebot3_msgs/include/turtlebot3_msgs/turtlebot3_msgs/srv/detail/dqn__struct.h
[19.270s] -- Symlinking: /home/rokey-jw/rokeypj_ws/install/turtlebot3_msgs/include/turtlebot3_msgs/turtlebot3_msgs/srv/detail/dqn__type_support.h
[19.291s] -- Symlinking: /home/rokey-jw/rokeypj_ws/install/turtlebot3_msgs/include/turtlebot3_msgs/turtlebot3_msgs/srv/detail/sound__functions.h
[19.310s] -- Symlinking: /home/rokey-jw/rokeypj_ws/install/turtlebot3_msgs/include/turtlebot3_msgs/turtlebot3_msgs/srv/detail/sound__struct.h
[19.329s] -- Symlinking: /home/rokey-jw/rokeypj_ws/install/turtlebot3_msgs/include/turtlebot3_msgs/turtlebot3_msgs/srv/detail/sound__type_support.h
[19.350s] -- Symlinking: /home/rokey-jw/rokeypj_ws/install/turtlebot3_msgs/include/turtlebot3_msgs/turtlebot3_msgs/srv/dqn.h
[19.371s] -- Symlinking: /home/rokey-jw/rokeypj_ws/install/turtlebot3_msgs/include/turtlebot3_msgs/turtlebot3_msgs/srv/sound.h
[19.393s] -- Symlinking: /home/rokey-jw/rokeypj_ws/install/turtlebot3_msgs/share/turtlebot3_msgs/environment/library_path.sh
[19.412s] -- Symlinking: /home/rokey-jw/rokeypj_ws/install/turtlebot3_msgs/share/turtlebot3_msgs/environment/library_path.dsv
[19.434s] -- Symlinking: /home/rokey-jw/rokeypj_ws/install/turtlebot3_msgs/include/turtlebot3_msgs/turtlebot3_msgs/action/detail/patrol__rosidl_typesupport_fastrtps_c.h
[19.455s] -- Symlinking: /home/rokey-jw/rokeypj_ws/install/turtlebot3_msgs/include/turtlebot3_msgs/turtlebot3_msgs/msg/detail/sensor_state__rosidl_typesupport_fastrtps_c.h
[19.475s] -- Symlinking: /home/rokey-jw/rokeypj_ws/install/turtlebot3_msgs/include/turtlebot3_msgs/turtlebot3_msgs/msg/detail/sound__rosidl_typesupport_fastrtps_c.h
[19.495s] -- Symlinking: /home/rokey-jw/rokeypj_ws/install/turtlebot3_msgs/include/turtlebot3_msgs/turtlebot3_msgs/msg/detail/version_info__rosidl_typesupport_fastrtps_c.h
[19.515s] -- Symlinking: /home/rokey-jw/rokeypj_ws/install/turtlebot3_msgs/include/turtlebot3_msgs/turtlebot3_msgs/msg/rosidl_typesupport_fastrtps_c__visibility_control.h
[19.537s] -- Symlinking: /home/rokey-jw/rokeypj_ws/install/turtlebot3_msgs/include/turtlebot3_msgs/turtlebot3_msgs/srv/detail/dqn__rosidl_typesupport_fastrtps_c.h
[19.555s] -- Symlinking: /home/rokey-jw/rokeypj_ws/install/turtlebot3_msgs/include/turtlebot3_msgs/turtlebot3_msgs/srv/detail/sound__rosidl_typesupport_fastrtps_c.h
[19.574s] -- Symlinking: /home/rokey-jw/rokeypj_ws/install/turtlebot3_msgs/include/turtlebot3_msgs/turtlebot3_msgs/action/detail/patrol__builder.hpp
[19.595s] -- Symlinking: /home/rokey-jw/rokeypj_ws/install/turtlebot3_msgs/include/turtlebot3_msgs/turtlebot3_msgs/action/detail/patrol__struct.hpp
[19.617s] -- Symlinking: /home/rokey-jw/rokeypj_ws/install/turtlebot3_msgs/include/turtlebot3_msgs/turtlebot3_msgs/action/detail/patrol__traits.hpp
[19.638s] -- Symlinking: /home/rokey-jw/rokeypj_ws/install/turtlebot3_msgs/include/turtlebot3_msgs/turtlebot3_msgs/action/detail/patrol__type_support.hpp
[19.656s] -- Symlinking: /home/rokey-jw/rokeypj_ws/install/turtlebot3_msgs/include/turtlebot3_msgs/turtlebot3_msgs/action/patrol.hpp
[19.675s] -- Symlinking: /home/rokey-jw/rokeypj_ws/install/turtlebot3_msgs/include/turtlebot3_msgs/turtlebot3_msgs/msg/detail/sensor_state__builder.hpp
[19.697s] -- Symlinking: /home/rokey-jw/rokeypj_ws/install/turtlebot3_msgs/include/turtlebot3_msgs/turtlebot3_msgs/msg/detail/sensor_state__struct.hpp
[19.717s] -- Symlinking: /home/rokey-jw/rokeypj_ws/install/turtlebot3_msgs/include/turtlebot3_msgs/turtlebot3_msgs/msg/detail/sensor_state__traits.hpp
[19.738s] -- Symlinking: /home/rokey-jw/rokeypj_ws/install/turtlebot3_msgs/include/turtlebot3_msgs/turtlebot3_msgs/msg/detail/sensor_state__type_support.hpp
[19.760s] -- Symlinking: /home/rokey-jw/rokeypj_ws/install/turtlebot3_msgs/include/turtlebot3_msgs/turtlebot3_msgs/msg/detail/sound__builder.hpp
[19.780s] -- Symlinking: /home/rokey-jw/rokeypj_ws/install/turtlebot3_msgs/include/turtlebot3_msgs/turtlebot3_msgs/msg/detail/sound__struct.hpp
[19.798s] -- Symlinking: /home/rokey-jw/rokeypj_ws/install/turtlebot3_msgs/include/turtlebot3_msgs/turtlebot3_msgs/msg/detail/sound__traits.hpp
[19.819s] -- Symlinking: /home/rokey-jw/rokeypj_ws/install/turtlebot3_msgs/include/turtlebot3_msgs/turtlebot3_msgs/msg/detail/sound__type_support.hpp
[19.840s] -- Symlinking: /home/rokey-jw/rokeypj_ws/install/turtlebot3_msgs/include/turtlebot3_msgs/turtlebot3_msgs/msg/detail/version_info__builder.hpp
[19.860s] -- Symlinking: /home/rokey-jw/rokeypj_ws/install/turtlebot3_msgs/include/turtlebot3_msgs/turtlebot3_msgs/msg/detail/version_info__struct.hpp
[19.879s] -- Symlinking: /home/rokey-jw/rokeypj_ws/install/turtlebot3_msgs/include/turtlebot3_msgs/turtlebot3_msgs/msg/detail/version_info__traits.hpp
[19.902s] -- Symlinking: /home/rokey-jw/rokeypj_ws/install/turtlebot3_msgs/include/turtlebot3_msgs/turtlebot3_msgs/msg/detail/version_info__type_support.hpp
[19.921s] -- Symlinking: /home/rokey-jw/rokeypj_ws/install/turtlebot3_msgs/include/turtlebot3_msgs/turtlebot3_msgs/msg/rosidl_generator_cpp__visibility_control.hpp
[19.940s] -- Symlinking: /home/rokey-jw/rokeypj_ws/install/turtlebot3_msgs/include/turtlebot3_msgs/turtlebot3_msgs/msg/sensor_state.hpp
[19.960s] -- Symlinking: /home/rokey-jw/rokeypj_ws/install/turtlebot3_msgs/include/turtlebot3_msgs/turtlebot3_msgs/msg/sound.hpp
[19.981s] -- Symlinking: /home/rokey-jw/rokeypj_ws/install/turtlebot3_msgs/include/turtlebot3_msgs/turtlebot3_msgs/msg/version_info.hpp
[20.000s] -- Symlinking: /home/rokey-jw/rokeypj_ws/install/turtlebot3_msgs/include/turtlebot3_msgs/turtlebot3_msgs/srv/detail/dqn__builder.hpp
[20.018s] -- Symlinking: /home/rokey-jw/rokeypj_ws/install/turtlebot3_msgs/include/turtlebot3_msgs/turtlebot3_msgs/srv/detail/dqn__struct.hpp
[20.039s] -- Symlinking: /home/rokey-jw/rokeypj_ws/install/turtlebot3_msgs/include/turtlebot3_msgs/turtlebot3_msgs/srv/detail/dqn__traits.hpp
[20.059s] -- Symlinking: /home/rokey-jw/rokeypj_ws/install/turtlebot3_msgs/include/turtlebot3_msgs/turtlebot3_msgs/srv/detail/dqn__type_support.hpp
[20.078s] -- Symlinking: /home/rokey-jw/rokeypj_ws/install/turtlebot3_msgs/include/turtlebot3_msgs/turtlebot3_msgs/srv/detail/sound__builder.hpp
[20.096s] -- Symlinking: /home/rokey-jw/rokeypj_ws/install/turtlebot3_msgs/include/turtlebot3_msgs/turtlebot3_msgs/srv/detail/sound__struct.hpp
[20.114s] -- Symlinking: /home/rokey-jw/rokeypj_ws/install/turtlebot3_msgs/include/turtlebot3_msgs/turtlebot3_msgs/srv/detail/sound__traits.hpp
[20.134s] -- Symlinking: /home/rokey-jw/rokeypj_ws/install/turtlebot3_msgs/include/turtlebot3_msgs/turtlebot3_msgs/srv/detail/sound__type_support.hpp
[20.152s] -- Symlinking: /home/rokey-jw/rokeypj_ws/install/turtlebot3_msgs/include/turtlebot3_msgs/turtlebot3_msgs/srv/dqn.hpp
[20.170s] -- Symlinking: /home/rokey-jw/rokeypj_ws/install/turtlebot3_msgs/include/turtlebot3_msgs/turtlebot3_msgs/srv/sound.hpp
[20.190s] -- Symlinking: /home/rokey-jw/rokeypj_ws/install/turtlebot3_msgs/include/turtlebot3_msgs/turtlebot3_msgs/action/detail/patrol__rosidl_typesupport_fastrtps_cpp.hpp
[20.209s] -- Symlinking: /home/rokey-jw/rokeypj_ws/install/turtlebot3_msgs/include/turtlebot3_msgs/turtlebot3_msgs/msg/detail/sensor_state__rosidl_typesupport_fastrtps_cpp.hpp
[20.228s] -- Symlinking: /home/rokey-jw/rokeypj_ws/install/turtlebot3_msgs/include/turtlebot3_msgs/turtlebot3_msgs/msg/detail/sound__rosidl_typesupport_fastrtps_cpp.hpp
[20.246s] -- Symlinking: /home/rokey-jw/rokeypj_ws/install/turtlebot3_msgs/include/turtlebot3_msgs/turtlebot3_msgs/msg/detail/version_info__rosidl_typesupport_fastrtps_cpp.hpp
[20.267s] -- Symlinking: /home/rokey-jw/rokeypj_ws/install/turtlebot3_msgs/include/turtlebot3_msgs/turtlebot3_msgs/msg/rosidl_typesupport_fastrtps_cpp__visibility_control.h
[20.286s] -- Symlinking: /home/rokey-jw/rokeypj_ws/install/turtlebot3_msgs/include/turtlebot3_msgs/turtlebot3_msgs/srv/detail/dqn__rosidl_typesupport_fastrtps_cpp.hpp
[20.307s] -- Symlinking: /home/rokey-jw/rokeypj_ws/install/turtlebot3_msgs/include/turtlebot3_msgs/turtlebot3_msgs/srv/detail/sound__rosidl_typesupport_fastrtps_cpp.hpp
[20.327s] -- Symlinking: /home/rokey-jw/rokeypj_ws/install/turtlebot3_msgs/include/turtlebot3_msgs/turtlebot3_msgs/action/detail/patrol__rosidl_typesupport_introspection_c.h
[20.349s] -- Symlinking: /home/rokey-jw/rokeypj_ws/install/turtlebot3_msgs/include/turtlebot3_msgs/turtlebot3_msgs/msg/detail/sensor_state__rosidl_typesupport_introspection_c.h
[20.368s] -- Symlinking: /home/rokey-jw/rokeypj_ws/install/turtlebot3_msgs/include/turtlebot3_msgs/turtlebot3_msgs/msg/detail/sound__rosidl_typesupport_introspection_c.h
[20.385s] -- Symlinking: /home/rokey-jw/rokeypj_ws/install/turtlebot3_msgs/include/turtlebot3_msgs/turtlebot3_msgs/msg/detail/version_info__rosidl_typesupport_introspection_c.h
[20.404s] -- Symlinking: /home/rokey-jw/rokeypj_ws/install/turtlebot3_msgs/include/turtlebot3_msgs/turtlebot3_msgs/msg/rosidl_typesupport_introspection_c__visibility_control.h
[20.424s] -- Symlinking: /home/rokey-jw/rokeypj_ws/install/turtlebot3_msgs/include/turtlebot3_msgs/turtlebot3_msgs/srv/detail/dqn__rosidl_typesupport_introspection_c.h
[20.443s] -- Symlinking: /home/rokey-jw/rokeypj_ws/install/turtlebot3_msgs/include/turtlebot3_msgs/turtlebot3_msgs/srv/detail/sound__rosidl_typesupport_introspection_c.h
[20.461s] -- Symlinking: /home/rokey-jw/rokeypj_ws/install/turtlebot3_msgs/include/turtlebot3_msgs/turtlebot3_msgs/action/detail/patrol__rosidl_typesupport_introspection_cpp.hpp
[20.482s] -- Symlinking: /home/rokey-jw/rokeypj_ws/install/turtlebot3_msgs/include/turtlebot3_msgs/turtlebot3_msgs/msg/detail/sensor_state__rosidl_typesupport_introspection_cpp.hpp
[20.507s] -- Symlinking: /home/rokey-jw/rokeypj_ws/install/turtlebot3_msgs/include/turtlebot3_msgs/turtlebot3_msgs/msg/detail/sound__rosidl_typesupport_introspection_cpp.hpp
[20.527s] -- Symlinking: /home/rokey-jw/rokeypj_ws/install/turtlebot3_msgs/include/turtlebot3_msgs/turtlebot3_msgs/msg/detail/version_info__rosidl_typesupport_introspection_cpp.hpp
[20.548s] -- Symlinking: /home/rokey-jw/rokeypj_ws/install/turtlebot3_msgs/include/turtlebot3_msgs/turtlebot3_msgs/srv/detail/dqn__rosidl_typesupport_introspection_cpp.hpp
[20.568s] -- Symlinking: /home/rokey-jw/rokeypj_ws/install/turtlebot3_msgs/include/turtlebot3_msgs/turtlebot3_msgs/srv/detail/sound__rosidl_typesupport_introspection_cpp.hpp
[20.588s] -- Symlinking: /home/rokey-jw/rokeypj_ws/install/turtlebot3_msgs/share/turtlebot3_msgs/environment/pythonpath.sh
[20.613s] -- Symlinking: /home/rokey-jw/rokeypj_ws/install/turtlebot3_msgs/share/turtlebot3_msgs/environment/pythonpath.dsv
[20.636s] -- Symlinking: /home/rokey-jw/rokeypj_ws/install/turtlebot3_msgs/local/lib/python3.10/dist-packages/turtlebot3_msgs-2.3.0-py3.10.egg-info/PKG-INFO
[20.655s] -- Symlinking: /home/rokey-jw/rokeypj_ws/install/turtlebot3_msgs/local/lib/python3.10/dist-packages/turtlebot3_msgs-2.3.0-py3.10.egg-info/SOURCES.txt
[20.673s] -- Symlinking: /home/rokey-jw/rokeypj_ws/install/turtlebot3_msgs/local/lib/python3.10/dist-packages/turtlebot3_msgs-2.3.0-py3.10.egg-info/dependency_links.txt
[20.691s] -- Symlinking: /home/rokey-jw/rokeypj_ws/install/turtlebot3_msgs/local/lib/python3.10/dist-packages/turtlebot3_msgs-2.3.0-py3.10.egg-info/top_level.txt
[20.718s] -- Symlinking: /home/rokey-jw/rokeypj_ws/install/turtlebot3_msgs/local/lib/python3.10/dist-packages/turtlebot3_msgs/__init__.py
[20.736s] -- Symlinking: /home/rokey-jw/rokeypj_ws/install/turtlebot3_msgs/local/lib/python3.10/dist-packages/turtlebot3_msgs/_turtlebot3_msgs_s.ep.rosidl_typesupport_c.c
[20.753s] -- Symlinking: /home/rokey-jw/rokeypj_ws/install/turtlebot3_msgs/local/lib/python3.10/dist-packages/turtlebot3_msgs/_turtlebot3_msgs_s.ep.rosidl_typesupport_fastrtps_c.c
[20.771s] -- Symlinking: /home/rokey-jw/rokeypj_ws/install/turtlebot3_msgs/local/lib/python3.10/dist-packages/turtlebot3_msgs/_turtlebot3_msgs_s.ep.rosidl_typesupport_introspection_c.c
[20.792s] -- Symlinking: /home/rokey-jw/rokeypj_ws/install/turtlebot3_msgs/local/lib/python3.10/dist-packages/turtlebot3_msgs/action/__init__.py
[20.811s] -- Symlinking: /home/rokey-jw/rokeypj_ws/install/turtlebot3_msgs/local/lib/python3.10/dist-packages/turtlebot3_msgs/action/_patrol.py
[20.830s] -- Symlinking: /home/rokey-jw/rokeypj_ws/install/turtlebot3_msgs/local/lib/python3.10/dist-packages/turtlebot3_msgs/action/_patrol_s.c
[20.849s] -- Symlinking: /home/rokey-jw/rokeypj_ws/install/turtlebot3_msgs/local/lib/python3.10/dist-packages/turtlebot3_msgs/libturtlebot3_msgs__rosidl_generator_py.so
[20.870s] -- Symlinking: /home/rokey-jw/rokeypj_ws/install/turtlebot3_msgs/local/lib/python3.10/dist-packages/turtlebot3_msgs/msg/__init__.py
[20.889s] -- Symlinking: /home/rokey-jw/rokeypj_ws/install/turtlebot3_msgs/local/lib/python3.10/dist-packages/turtlebot3_msgs/msg/_sensor_state.py
[20.909s] -- Symlinking: /home/rokey-jw/rokeypj_ws/install/turtlebot3_msgs/local/lib/python3.10/dist-packages/turtlebot3_msgs/msg/_sensor_state_s.c
[20.930s] -- Symlinking: /home/rokey-jw/rokeypj_ws/install/turtlebot3_msgs/local/lib/python3.10/dist-packages/turtlebot3_msgs/msg/_sound.py
[20.950s] -- Symlinking: /home/rokey-jw/rokeypj_ws/install/turtlebot3_msgs/local/lib/python3.10/dist-packages/turtlebot3_msgs/msg/_sound_s.c
[20.969s] -- Symlinking: /home/rokey-jw/rokeypj_ws/install/turtlebot3_msgs/local/lib/python3.10/dist-packages/turtlebot3_msgs/msg/_version_info.py
[20.988s] -- Symlinking: /home/rokey-jw/rokeypj_ws/install/turtlebot3_msgs/local/lib/python3.10/dist-packages/turtlebot3_msgs/msg/_version_info_s.c
[21.008s] -- Symlinking: /home/rokey-jw/rokeypj_ws/install/turtlebot3_msgs/local/lib/python3.10/dist-packages/turtlebot3_msgs/srv/__init__.py
[21.028s] -- Symlinking: /home/rokey-jw/rokeypj_ws/install/turtlebot3_msgs/local/lib/python3.10/dist-packages/turtlebot3_msgs/srv/_dqn.py
[21.050s] -- Symlinking: /home/rokey-jw/rokeypj_ws/install/turtlebot3_msgs/local/lib/python3.10/dist-packages/turtlebot3_msgs/srv/_dqn_s.c
[21.070s] -- Symlinking: /home/rokey-jw/rokeypj_ws/install/turtlebot3_msgs/local/lib/python3.10/dist-packages/turtlebot3_msgs/srv/_sound.py
[21.090s] -- Symlinking: /home/rokey-jw/rokeypj_ws/install/turtlebot3_msgs/local/lib/python3.10/dist-packages/turtlebot3_msgs/srv/_sound_s.c
[21.108s] -- Symlinking: /home/rokey-jw/rokeypj_ws/install/turtlebot3_msgs/local/lib/python3.10/dist-packages/turtlebot3_msgs/turtlebot3_msgs_s__rosidl_typesupport_c.cpython-310-aarch64-linux-gnu.so
[21.126s] -- Symlinking: /home/rokey-jw/rokeypj_ws/install/turtlebot3_msgs/local/lib/python3.10/dist-packages/turtlebot3_msgs/turtlebot3_msgs_s__rosidl_typesupport_fastrtps_c.cpython-310-aarch64-linux-gnu.so
[21.145s] -- Symlinking: /home/rokey-jw/rokeypj_ws/install/turtlebot3_msgs/local/lib/python3.10/dist-packages/turtlebot3_msgs/turtlebot3_msgs_s__rosidl_typesupport_introspection_c.cpython-310-aarch64-linux-gnu.so
[21.166s] -- Up-to-date symlink: /home/rokey-jw/rokeypj_ws/install/turtlebot3_msgs/local/lib/python3.10/dist-packages/turtlebot3_msgs/turtlebot3_msgs_s__rosidl_typesupport_fastrtps_c.cpython-310-aarch64-linux-gnu.so
[21.166s] -- Up-to-date symlink: /home/rokey-jw/rokeypj_ws/install/turtlebot3_msgs/local/lib/python3.10/dist-packages/turtlebot3_msgs/turtlebot3_msgs_s__rosidl_typesupport_introspection_c.cpython-310-aarch64-linux-gnu.so
[21.167s] -- Up-to-date symlink: /home/rokey-jw/rokeypj_ws/install/turtlebot3_msgs/local/lib/python3.10/dist-packages/turtlebot3_msgs/turtlebot3_msgs_s__rosidl_typesupport_c.cpython-310-aarch64-linux-gnu.so
[21.168s] -- Symlinking: /home/rokey-jw/rokeypj_ws/install/turtlebot3_msgs/share/turtlebot3_msgs/msg/SensorState.idl
[21.191s] -- Symlinking: /home/rokey-jw/rokeypj_ws/install/turtlebot3_msgs/share/turtlebot3_msgs/msg/Sound.idl
[21.209s] -- Symlinking: /home/rokey-jw/rokeypj_ws/install/turtlebot3_msgs/share/turtlebot3_msgs/msg/VersionInfo.idl
[21.230s] -- Symlinking: /home/rokey-jw/rokeypj_ws/install/turtlebot3_msgs/share/turtlebot3_msgs/srv/Sound.idl
[21.249s] -- Symlinking: /home/rokey-jw/rokeypj_ws/install/turtlebot3_msgs/share/turtlebot3_msgs/srv/Dqn.idl
[21.267s] -- Symlinking: /home/rokey-jw/rokeypj_ws/install/turtlebot3_msgs/share/turtlebot3_msgs/action/Patrol.idl
[21.286s] -- Symlinking: /home/rokey-jw/rokeypj_ws/install/turtlebot3_msgs/share/turtlebot3_msgs/msg/SensorState.msg
[21.307s] -- Symlinking: /home/rokey-jw/rokeypj_ws/install/turtlebot3_msgs/share/turtlebot3_msgs/msg/Sound.msg
[21.326s] -- Symlinking: /home/rokey-jw/rokeypj_ws/install/turtlebot3_msgs/share/turtlebot3_msgs/msg/VersionInfo.msg
[21.343s] -- Symlinking: /home/rokey-jw/rokeypj_ws/install/turtlebot3_msgs/share/turtlebot3_msgs/srv/Sound.srv
[21.362s] -- Symlinking: /home/rokey-jw/rokeypj_ws/install/turtlebot3_msgs/share/turtlebot3_msgs/srv/Sound_Request.msg
[21.383s] -- Symlinking: /home/rokey-jw/rokeypj_ws/install/turtlebot3_msgs/share/turtlebot3_msgs/srv/Sound_Response.msg
[21.402s] -- Symlinking: /home/rokey-jw/rokeypj_ws/install/turtlebot3_msgs/share/turtlebot3_msgs/srv/Dqn.srv
[21.422s] -- Symlinking: /home/rokey-jw/rokeypj_ws/install/turtlebot3_msgs/share/turtlebot3_msgs/srv/Dqn_Request.msg
[21.441s] -- Symlinking: /home/rokey-jw/rokeypj_ws/install/turtlebot3_msgs/share/turtlebot3_msgs/srv/Dqn_Response.msg
[21.462s] -- Symlinking: /home/rokey-jw/rokeypj_ws/install/turtlebot3_msgs/share/turtlebot3_msgs/action/Patrol.action
[21.482s] -- Symlinking: /home/rokey-jw/rokeypj_ws/install/turtlebot3_msgs/share/ament_index/resource_index/package_run_dependencies/turtlebot3_msgs
[21.504s] -- Symlinking: /home/rokey-jw/rokeypj_ws/install/turtlebot3_msgs/share/ament_index/resource_index/parent_prefix_path/turtlebot3_msgs
[21.524s] -- Symlinking: /home/rokey-jw/rokeypj_ws/install/turtlebot3_msgs/share/turtlebot3_msgs/environment/ament_prefix_path.sh
[21.544s] -- Symlinking: /home/rokey-jw/rokeypj_ws/install/turtlebot3_msgs/share/turtlebot3_msgs/environment/ament_prefix_path.dsv
[21.565s] -- Symlinking: /home/rokey-jw/rokeypj_ws/install/turtlebot3_msgs/share/turtlebot3_msgs/environment/path.sh
[21.585s] -- Symlinking: /home/rokey-jw/rokeypj_ws/install/turtlebot3_msgs/share/turtlebot3_msgs/environment/path.dsv
[21.610s] -- Symlinking: /home/rokey-jw/rokeypj_ws/install/turtlebot3_msgs/share/turtlebot3_msgs/local_setup.bash
[21.630s] -- Symlinking: /home/rokey-jw/rokeypj_ws/install/turtlebot3_msgs/share/turtlebot3_msgs/local_setup.sh
[21.648s] -- Symlinking: /home/rokey-jw/rokeypj_ws/install/turtlebot3_msgs/share/turtlebot3_msgs/local_setup.zsh
[21.668s] -- Symlinking: /home/rokey-jw/rokeypj_ws/install/turtlebot3_msgs/share/turtlebot3_msgs/local_setup.dsv
[21.689s] -- Symlinking: /home/rokey-jw/rokeypj_ws/install/turtlebot3_msgs/share/turtlebot3_msgs/package.dsv
[21.708s] -- Symlinking: /home/rokey-jw/rokeypj_ws/install/turtlebot3_msgs/share/ament_index/resource_index/packages/turtlebot3_msgs
[21.728s] -- Symlinking: /home/rokey-jw/rokeypj_ws/install/turtlebot3_msgs/share/turtlebot3_msgs/cmake/rosidl_cmake-extras.cmake
[21.748s] -- Symlinking: /home/rokey-jw/rokeypj_ws/install/turtlebot3_msgs/share/turtlebot3_msgs/cmake/ament_cmake_export_dependencies-extras.cmake
[21.769s] -- Symlinking: /home/rokey-jw/rokeypj_ws/install/turtlebot3_msgs/share/turtlebot3_msgs/cmake/ament_cmake_export_include_directories-extras.cmake
[21.788s] -- Symlinking: /home/rokey-jw/rokeypj_ws/install/turtlebot3_msgs/share/turtlebot3_msgs/cmake/ament_cmake_export_libraries-extras.cmake
[21.812s] -- Symlinking: /home/rokey-jw/rokeypj_ws/install/turtlebot3_msgs/share/turtlebot3_msgs/cmake/ament_cmake_export_targets-extras.cmake
[21.833s] -- Symlinking: /home/rokey-jw/rokeypj_ws/install/turtlebot3_msgs/share/turtlebot3_msgs/cmake/rosidl_cmake_export_typesupport_targets-extras.cmake
[21.852s] -- Symlinking: /home/rokey-jw/rokeypj_ws/install/turtlebot3_msgs/share/turtlebot3_msgs/cmake/rosidl_cmake_export_typesupport_libraries-extras.cmake
[21.871s] -- Symlinking: /home/rokey-jw/rokeypj_ws/install/turtlebot3_msgs/share/turtlebot3_msgs/cmake/turtlebot3_msgsConfig.cmake
[21.890s] -- Symlinking: /home/rokey-jw/rokeypj_ws/install/turtlebot3_msgs/share/turtlebot3_msgs/cmake/turtlebot3_msgsConfig-version.cmake
[21.909s] -- Symlinking: /home/rokey-jw/rokeypj_ws/install/turtlebot3_msgs/share/turtlebot3_msgs/package.xml
[21.929s] -- Installing: /home/rokey-jw/rokeypj_ws/install/turtlebot3_msgs/lib/libturtlebot3_msgs__rosidl_generator_c.so
[21.930s] -- Set runtime path of "/home/rokey-jw/rokeypj_ws/install/turtlebot3_msgs/lib/libturtlebot3_msgs__rosidl_generator_c.so" to ""
[21.931s] -- Installing: /home/rokey-jw/rokeypj_ws/install/turtlebot3_msgs/lib/libturtlebot3_msgs__rosidl_typesupport_fastrtps_c.so
[21.932s] -- Set runtime path of "/home/rokey-jw/rokeypj_ws/install/turtlebot3_msgs/lib/libturtlebot3_msgs__rosidl_typesupport_fastrtps_c.so" to ""
[21.932s] -- Installing: /home/rokey-jw/rokeypj_ws/install/turtlebot3_msgs/lib/libturtlebot3_msgs__rosidl_typesupport_fastrtps_cpp.so
[21.934s] -- Set runtime path of "/home/rokey-jw/rokeypj_ws/install/turtlebot3_msgs/lib/libturtlebot3_msgs__rosidl_typesupport_fastrtps_cpp.so" to ""
[21.934s] -- Installing: /home/rokey-jw/rokeypj_ws/install/turtlebot3_msgs/lib/libturtlebot3_msgs__rosidl_typesupport_introspection_c.so
[21.935s] -- Set runtime path of "/home/rokey-jw/rokeypj_ws/install/turtlebot3_msgs/lib/libturtlebot3_msgs__rosidl_typesupport_introspection_c.so" to ""
[21.935s] -- Installing: /home/rokey-jw/rokeypj_ws/install/turtlebot3_msgs/lib/libturtlebot3_msgs__rosidl_typesupport_c.so
[21.936s] -- Set runtime path of "/home/rokey-jw/rokeypj_ws/install/turtlebot3_msgs/lib/libturtlebot3_msgs__rosidl_typesupport_c.so" to ""
[21.937s] -- Installing: /home/rokey-jw/rokeypj_ws/install/turtlebot3_msgs/lib/libturtlebot3_msgs__rosidl_typesupport_introspection_cpp.so
[21.938s] -- Set runtime path of "/home/rokey-jw/rokeypj_ws/install/turtlebot3_msgs/lib/libturtlebot3_msgs__rosidl_typesupport_introspection_cpp.so" to ""
[21.938s] -- Installing: /home/rokey-jw/rokeypj_ws/install/turtlebot3_msgs/lib/libturtlebot3_msgs__rosidl_typesupport_cpp.so
[21.939s] -- Set runtime path of "/home/rokey-jw/rokeypj_ws/install/turtlebot3_msgs/lib/libturtlebot3_msgs__rosidl_typesupport_cpp.so" to ""
[22.045s] Listing '/home/rokey-jw/rokeypj_ws/install/turtlebot3_msgs/local/lib/python3.10/dist-packages/turtlebot3_msgs'...
[22.045s] Compiling '/home/rokey-jw/rokeypj_ws/install/turtlebot3_msgs/local/lib/python3.10/dist-packages/turtlebot3_msgs/__init__.py'...
[22.045s] Listing '/home/rokey-jw/rokeypj_ws/install/turtlebot3_msgs/local/lib/python3.10/dist-packages/turtlebot3_msgs/action'...
[22.046s] Compiling '/home/rokey-jw/rokeypj_ws/install/turtlebot3_msgs/local/lib/python3.10/dist-packages/turtlebot3_msgs/action/__init__.py'...
[22.046s] Compiling '/home/rokey-jw/rokeypj_ws/install/turtlebot3_msgs/local/lib/python3.10/dist-packages/turtlebot3_msgs/action/_patrol.py'...
[22.046s] Listing '/home/rokey-jw/rokeypj_ws/install/turtlebot3_msgs/local/lib/python3.10/dist-packages/turtlebot3_msgs/msg'...
[22.046s] Compiling '/home/rokey-jw/rokeypj_ws/install/turtlebot3_msgs/local/lib/python3.10/dist-packages/turtlebot3_msgs/msg/__init__.py'...
[22.046s] Compiling '/home/rokey-jw/rokeypj_ws/install/turtlebot3_msgs/local/lib/python3.10/dist-packages/turtlebot3_msgs/msg/_sensor_state.py'...
[22.046s] Compiling '/home/rokey-jw/rokeypj_ws/install/turtlebot3_msgs/local/lib/python3.10/dist-packages/turtlebot3_msgs/msg/_sound.py'...
[22.046s] Compiling '/home/rokey-jw/rokeypj_ws/install/turtlebot3_msgs/local/lib/python3.10/dist-packages/turtlebot3_msgs/msg/_version_info.py'...
[22.046s] Listing '/home/rokey-jw/rokeypj_ws/install/turtlebot3_msgs/local/lib/python3.10/dist-packages/turtlebot3_msgs/srv'...
[22.046s] Compiling '/home/rokey-jw/rokeypj_ws/install/turtlebot3_msgs/local/lib/python3.10/dist-packages/turtlebot3_msgs/srv/__init__.py'...
[22.046s] Compiling '/home/rokey-jw/rokeypj_ws/install/turtlebot3_msgs/local/lib/python3.10/dist-packages/turtlebot3_msgs/srv/_dqn.py'...
[22.047s] Compiling '/home/rokey-jw/rokeypj_ws/install/turtlebot3_msgs/local/lib/python3.10/dist-packages/turtlebot3_msgs/srv/_sound.py'...
[22.060s] -- Installing: /home/rokey-jw/rokeypj_ws/install/turtlebot3_msgs/lib/libturtlebot3_msgs__rosidl_generator_py.so
[22.060s] -- Set runtime path of "/home/rokey-jw/rokeypj_ws/install/turtlebot3_msgs/lib/libturtlebot3_msgs__rosidl_generator_py.so" to ""
[22.061s] -- Installing: /home/rokey-jw/rokeypj_ws/install/turtlebot3_msgs/share/turtlebot3_msgs/cmake/export_turtlebot3_msgs__rosidl_generator_cExport.cmake
[22.061s] -- Installing: /home/rokey-jw/rokeypj_ws/install/turtlebot3_msgs/share/turtlebot3_msgs/cmake/export_turtlebot3_msgs__rosidl_generator_cExport-noconfig.cmake
[22.061s] -- Installing: /home/rokey-jw/rokeypj_ws/install/turtlebot3_msgs/share/turtlebot3_msgs/cmake/export_turtlebot3_msgs__rosidl_typesupport_fastrtps_cExport.cmake
[22.062s] -- Installing: /home/rokey-jw/rokeypj_ws/install/turtlebot3_msgs/share/turtlebot3_msgs/cmake/export_turtlebot3_msgs__rosidl_typesupport_fastrtps_cExport-noconfig.cmake
[22.062s] -- Installing: /home/rokey-jw/rokeypj_ws/install/turtlebot3_msgs/share/turtlebot3_msgs/cmake/export_turtlebot3_msgs__rosidl_generator_cppExport.cmake
[22.062s] -- Installing: /home/rokey-jw/rokeypj_ws/install/turtlebot3_msgs/share/turtlebot3_msgs/cmake/export_turtlebot3_msgs__rosidl_typesupport_fastrtps_cppExport.cmake
[22.063s] -- Installing: /home/rokey-jw/rokeypj_ws/install/turtlebot3_msgs/share/turtlebot3_msgs/cmake/export_turtlebot3_msgs__rosidl_typesupport_fastrtps_cppExport-noconfig.cmake
[22.063s] -- Installing: /home/rokey-jw/rokeypj_ws/install/turtlebot3_msgs/share/turtlebot3_msgs/cmake/turtlebot3_msgs__rosidl_typesupport_introspection_cExport.cmake
[22.063s] -- Installing: /home/rokey-jw/rokeypj_ws/install/turtlebot3_msgs/share/turtlebot3_msgs/cmake/turtlebot3_msgs__rosidl_typesupport_introspection_cExport-noconfig.cmake
[22.064s] -- Installing: /home/rokey-jw/rokeypj_ws/install/turtlebot3_msgs/share/turtlebot3_msgs/cmake/turtlebot3_msgs__rosidl_typesupport_cExport.cmake
[22.064s] -- Installing: /home/rokey-jw/rokeypj_ws/install/turtlebot3_msgs/share/turtlebot3_msgs/cmake/turtlebot3_msgs__rosidl_typesupport_cExport-noconfig.cmake
[22.064s] -- Installing: /home/rokey-jw/rokeypj_ws/install/turtlebot3_msgs/share/turtlebot3_msgs/cmake/turtlebot3_msgs__rosidl_typesupport_introspection_cppExport.cmake
[22.065s] -- Installing: /home/rokey-jw/rokeypj_ws/install/turtlebot3_msgs/share/turtlebot3_msgs/cmake/turtlebot3_msgs__rosidl_typesupport_introspection_cppExport-noconfig.cmake
[22.065s] -- Installing: /home/rokey-jw/rokeypj_ws/install/turtlebot3_msgs/share/turtlebot3_msgs/cmake/turtlebot3_msgs__rosidl_typesupport_cppExport.cmake
[22.066s] -- Installing: /home/rokey-jw/rokeypj_ws/install/turtlebot3_msgs/share/turtlebot3_msgs/cmake/turtlebot3_msgs__rosidl_typesupport_cppExport-noconfig.cmake
[22.067s] -- Installing: /home/rokey-jw/rokeypj_ws/install/turtlebot3_msgs/share/turtlebot3_msgs/cmake/export_turtlebot3_msgs__rosidl_generator_pyExport.cmake
[22.068s] -- Installing: /home/rokey-jw/rokeypj_ws/install/turtlebot3_msgs/share/turtlebot3_msgs/cmake/export_turtlebot3_msgs__rosidl_generator_pyExport-noconfig.cmake
[22.076s] Invoked command in '/home/rokey-jw/rokeypj_ws/build/turtlebot3_msgs' returned '0': CMAKE_PREFIX_PATH=${CMAKE_PREFIX_PATH}:/home/rokey-jw/turtlebot3_ws/install/turtlebot3_teleop:/home/rokey-jw/turtlebot3_ws/install/turtlebot3_example:/opt/ros/humble /usr/bin/cmake --install /home/rokey-jw/rokeypj_ws/build/turtlebot3_msgs
