[0.037s] Invoking command in '/home/rokey/turtlebot3_ws/build/turtlebot3_description': CMAKE_PREFIX_PATH=/opt/ros/humble /usr/bin/cmake /home/rokey/turtlebot3_ws/src/turtlebot3/turtlebot3_description -DAMENT_CMAKE_SYMLINK_INSTALL=1 -DCMAKE_INSTALL_PREFIX=/home/rokey/turtlebot3_ws/install/turtlebot3_description
[1.383s] -- The C compiler identification is GNU 11.4.0
[1.383s] -- The CXX compiler identification is GNU 11.4.0
[1.383s] -- Detecting C compiler ABI info
[1.384s] -- Detecting C compiler ABI info - done
[1.384s] -- Check for working C compiler: /usr/bin/cc - skipped
[1.384s] -- Detecting C compile features
[1.384s] -- Detecting C compile features - done
[1.384s] -- Detecting CXX compiler ABI info
[1.384s] -- Detecting CXX compiler ABI info - done
[1.384s] -- Check for working CXX compiler: /usr/bin/c++ - skipped
[1.384s] -- Detecting CXX compile features
[1.384s] -- Detecting CXX compile features - done
[1.384s] -- Found ament_cmake: 1.3.11 (/opt/ros/humble/share/ament_cmake/cmake)
[1.384s] -- Found Python3: /usr/bin/python3 (found version "3.10.12") found components: Interpreter 
[1.384s] -- Override CMake install command with custom implementation using symlinks instead of copying resources
[1.384s] -- Found urdf: 2.6.1 (/opt/ros/humble/share/urdf/cmake)
[1.385s] -- Configuring done
[1.385s] -- Generating done
[1.385s] -- Build files have been written to: /home/rokey/turtlebot3_ws/build/turtlebot3_description
[1.388s] Invoked command in '/home/rokey/turtlebot3_ws/build/turtlebot3_description' returned '0': CMAKE_PREFIX_PATH=/opt/ros/humble /usr/bin/cmake /home/rokey/turtlebot3_ws/src/turtlebot3/turtlebot3_description -DAMENT_CMAKE_SYMLINK_INSTALL=1 -DCMAKE_INSTALL_PREFIX=/home/rokey/turtlebot3_ws/install/turtlebot3_description
[1.391s] Invoking command in '/home/rokey/turtlebot3_ws/build/turtlebot3_description': CMAKE_PREFIX_PATH=/opt/ros/humble /usr/bin/cmake --build /home/rokey/turtlebot3_ws/build/turtlebot3_description -- -j8 -l8
[1.468s] Invoked command in '/home/rokey/turtlebot3_ws/build/turtlebot3_description' returned '0': CMAKE_PREFIX_PATH=/opt/ros/humble /usr/bin/cmake --build /home/rokey/turtlebot3_ws/build/turtlebot3_description -- -j8 -l8
[1.508s] Invoking command in '/home/rokey/turtlebot3_ws/build/turtlebot3_description': CMAKE_PREFIX_PATH=/opt/ros/humble /usr/bin/cmake --install /home/rokey/turtlebot3_ws/build/turtlebot3_description
[1.528s] -- Install configuration: ""
[1.528s] -- Execute custom install script
[1.529s] -- Symlinking: /home/rokey/turtlebot3_ws/install/turtlebot3_description/share/turtlebot3_description/meshes/bases/burger_base.stl
[1.565s] -- Symlinking: /home/rokey/turtlebot3_ws/install/turtlebot3_description/share/turtlebot3_description/meshes/bases/waffle_base.stl
[1.585s] -- Symlinking: /home/rokey/turtlebot3_ws/install/turtlebot3_description/share/turtlebot3_description/meshes/bases/waffle_pi_base.stl
[1.619s] -- Symlinking: /home/rokey/turtlebot3_ws/install/turtlebot3_description/share/turtlebot3_description/meshes/sensors/astra.dae
[1.644s] -- Symlinking: /home/rokey/turtlebot3_ws/install/turtlebot3_description/share/turtlebot3_description/meshes/sensors/astra.jpg
[1.689s] -- Symlinking: /home/rokey/turtlebot3_ws/install/turtlebot3_description/share/turtlebot3_description/meshes/sensors/lds.stl
[1.721s] -- Symlinking: /home/rokey/turtlebot3_ws/install/turtlebot3_description/share/turtlebot3_description/meshes/sensors/r200.dae
[1.758s] -- Symlinking: /home/rokey/turtlebot3_ws/install/turtlebot3_description/share/turtlebot3_description/meshes/sensors/r200.jpg
[1.782s] -- Symlinking: /home/rokey/turtlebot3_ws/install/turtlebot3_description/share/turtlebot3_description/meshes/wheels/left_tire.stl
[1.809s] -- Symlinking: /home/rokey/turtlebot3_ws/install/turtlebot3_description/share/turtlebot3_description/meshes/wheels/right_tire.stl
[1.841s] -- Symlinking: /home/rokey/turtlebot3_ws/install/turtlebot3_description/share/turtlebot3_description/rviz/model.rviz
[1.868s] -- Symlinking: /home/rokey/turtlebot3_ws/install/turtlebot3_description/share/turtlebot3_description/urdf/common_properties.urdf
[1.894s] -- Symlinking: /home/rokey/turtlebot3_ws/install/turtlebot3_description/share/turtlebot3_description/urdf/turtlebot3_burger.urdf
[1.929s] -- Symlinking: /home/rokey/turtlebot3_ws/install/turtlebot3_description/share/turtlebot3_description/urdf/turtlebot3_waffle.urdf
[1.962s] -- Symlinking: /home/rokey/turtlebot3_ws/install/turtlebot3_description/share/turtlebot3_description/urdf/turtlebot3_waffle_pi.urdf
[2.006s] -- Symlinking: /home/rokey/turtlebot3_ws/install/turtlebot3_description/share/ament_index/resource_index/package_run_dependencies/turtlebot3_description
[2.034s] -- Symlinking: /home/rokey/turtlebot3_ws/install/turtlebot3_description/share/ament_index/resource_index/parent_prefix_path/turtlebot3_description
[2.076s] -- Symlinking: /home/rokey/turtlebot3_ws/install/turtlebot3_description/share/turtlebot3_description/environment/ament_prefix_path.sh
[2.107s] -- Symlinking: /home/rokey/turtlebot3_ws/install/turtlebot3_description/share/turtlebot3_description/environment/ament_prefix_path.dsv
[2.134s] -- Symlinking: /home/rokey/turtlebot3_ws/install/turtlebot3_description/share/turtlebot3_description/environment/path.sh
[2.168s] -- Symlinking: /home/rokey/turtlebot3_ws/install/turtlebot3_description/share/turtlebot3_description/environment/path.dsv
[2.199s] -- Symlinking: /home/rokey/turtlebot3_ws/install/turtlebot3_description/share/turtlebot3_description/local_setup.bash
[2.239s] -- Symlinking: /home/rokey/turtlebot3_ws/install/turtlebot3_description/share/turtlebot3_description/local_setup.sh
[2.271s] -- Symlinking: /home/rokey/turtlebot3_ws/install/turtlebot3_description/share/turtlebot3_description/local_setup.zsh
[2.286s] -- Symlinking: /home/rokey/turtlebot3_ws/install/turtlebot3_description/share/turtlebot3_description/local_setup.dsv
[2.304s] -- Symlinking: /home/rokey/turtlebot3_ws/install/turtlebot3_description/share/turtlebot3_description/package.dsv
[2.322s] -- Symlinking: /home/rokey/turtlebot3_ws/install/turtlebot3_description/share/ament_index/resource_index/packages/turtlebot3_description
[2.339s] -- Symlinking: /home/rokey/turtlebot3_ws/install/turtlebot3_description/share/turtlebot3_description/cmake/turtlebot3_descriptionConfig.cmake
[2.364s] -- Symlinking: /home/rokey/turtlebot3_ws/install/turtlebot3_description/share/turtlebot3_description/cmake/turtlebot3_descriptionConfig-version.cmake
[2.395s] -- Symlinking: /home/rokey/turtlebot3_ws/install/turtlebot3_description/share/turtlebot3_description/package.xml
[2.442s] Invoked command in '/home/rokey/turtlebot3_ws/build/turtlebot3_description' returned '0': CMAKE_PREFIX_PATH=/opt/ros/humble /usr/bin/cmake --install /home/rokey/turtlebot3_ws/build/turtlebot3_description
