[0.025s] Invoking command in '/home/rokey-jw/rokeypj_ws/build/turtlebot3_msgs': CMAKE_PREFIX_PATH=${CMAKE_PREFIX_PATH}:/home/rokey-jw/rokeypj_ws/install/sample_pkg:/home/rokey-jw/rokeypj_ws/install/aruco_yolo:/home/rokey-jw/turtlebot3_ws/install/turtlebot3_teleop:/home/rokey-jw/turtlebot3_ws/install/turtlebot3_example:/opt/ros/humble /usr/bin/cmake --build /home/rokey-jw/rokeypj_ws/build/turtlebot3_msgs -- -j6 -l6
[0.119s] [35m[1mConsolidate compiler generated dependencies of target turtlebot3_msgs__rosidl_generator_c[0m
[0.140s] [  1%] Built target turtlebot3_msgs__cpp
[0.151s] [ 12%] Built target turtlebot3_msgs__rosidl_generator_c
[0.153s] [ 12%] Built target ament_cmake_python_symlink_turtlebot3_msgs
[0.168s] [35m[1mConsolidate compiler generated dependencies of target turtlebot3_msgs__rosidl_typesupport_cpp[0m
[0.169s] [35m[1mConsolidate compiler generated dependencies of target turtlebot3_msgs__rosidl_typesupport_introspection_cpp[0m
[0.170s] [35m[1mConsolidate compiler generated dependencies of target turtlebot3_msgs__rosidl_typesupport_fastrtps_cpp[0m
[0.174s] [35m[1mConsolidate compiler generated dependencies of target turtlebot3_msgs__rosidl_typesupport_introspection_c[0m
[0.183s] [35m[1mConsolidate compiler generated dependencies of target turtlebot3_msgs__rosidl_typesupport_c[0m
[0.184s] [35m[1mConsolidate compiler generated dependencies of target turtlebot3_msgs__rosidl_typesupport_fastrtps_c[0m
[0.205s] [ 23%] Built target turtlebot3_msgs__rosidl_typesupport_introspection_c
[0.207s] [ 35%] Built target turtlebot3_msgs__rosidl_typesupport_introspection_cpp
[0.214s] [ 57%] Built target turtlebot3_msgs__rosidl_typesupport_c
[0.214s] [ 57%] Built target turtlebot3_msgs__rosidl_typesupport_fastrtps_cpp
[0.221s] [ 69%] Built target turtlebot3_msgs__rosidl_typesupport_cpp
[0.225s] [ 80%] Built target turtlebot3_msgs__rosidl_typesupport_fastrtps_c
[0.270s] [ 80%] Built target turtlebot3_msgs
[0.323s] [ 81%] Built target turtlebot3_msgs__py
[0.349s] [35m[1mConsolidate compiler generated dependencies of target turtlebot3_msgs__rosidl_generator_py[0m
[0.383s] [ 91%] Built target turtlebot3_msgs__rosidl_generator_py
[0.406s] [35m[1mConsolidate compiler generated dependencies of target turtlebot3_msgs__rosidl_typesupport_introspection_c__pyext[0m
[0.406s] [35m[1mConsolidate compiler generated dependencies of target turtlebot3_msgs__rosidl_typesupport_fastrtps_c__pyext[0m
[0.406s] [35m[1mConsolidate compiler generated dependencies of target turtlebot3_msgs__rosidl_typesupport_c__pyext[0m
[0.434s] [ 94%] Built target turtlebot3_msgs__rosidl_typesupport_fastrtps_c__pyext
[0.437s] [100%] Built target turtlebot3_msgs__rosidl_typesupport_introspection_c__pyext
[0.438s] [100%] Built target turtlebot3_msgs__rosidl_typesupport_c__pyext
[0.815s] running egg_info
[0.816s] writing turtlebot3_msgs.egg-info/PKG-INFO
[0.817s] writing dependency_links to turtlebot3_msgs.egg-info/dependency_links.txt
[0.817s] writing top-level names to turtlebot3_msgs.egg-info/top_level.txt
[0.823s] reading manifest file 'turtlebot3_msgs.egg-info/SOURCES.txt'
[0.824s] writing manifest file 'turtlebot3_msgs.egg-info/SOURCES.txt'
[0.898s] [100%] Built target ament_cmake_python_build_turtlebot3_msgs_egg
[0.927s] Invoked command in '/home/rokey-jw/rokeypj_ws/build/turtlebot3_msgs' returned '0': CMAKE_PREFIX_PATH=${CMAKE_PREFIX_PATH}:/home/rokey-jw/rokeypj_ws/install/sample_pkg:/home/rokey-jw/rokeypj_ws/install/aruco_yolo:/home/rokey-jw/turtlebot3_ws/install/turtlebot3_teleop:/home/rokey-jw/turtlebot3_ws/install/turtlebot3_example:/opt/ros/humble /usr/bin/cmake --build /home/rokey-jw/rokeypj_ws/build/turtlebot3_msgs -- -j6 -l6
[0.934s] Invoking command in '/home/rokey-jw/rokeypj_ws/build/turtlebot3_msgs': CMAKE_PREFIX_PATH=${CMAKE_PREFIX_PATH}:/home/rokey-jw/rokeypj_ws/install/sample_pkg:/home/rokey-jw/rokeypj_ws/install/aruco_yolo:/home/rokey-jw/turtlebot3_ws/install/turtlebot3_teleop:/home/rokey-jw/turtlebot3_ws/install/turtlebot3_example:/opt/ros/humble /usr/bin/cmake --install /home/rokey-jw/rokeypj_ws/build/turtlebot3_msgs
[0.952s] -- Install configuration: ""
[0.953s] -- Execute custom install script
[0.954s] -- Up-to-date symlink: /home/rokey-jw/rokeypj_ws/install/turtlebot3_msgs/share/ament_index/resource_index/rosidl_interfaces/turtlebot3_msgs
[0.956s] -- Up-to-date symlink: /home/rokey-jw/rokeypj_ws/install/turtlebot3_msgs/include/turtlebot3_msgs/turtlebot3_msgs/action/detail/patrol__functions.h
[0.956s] -- Up-to-date symlink: /home/rokey-jw/rokeypj_ws/install/turtlebot3_msgs/include/turtlebot3_msgs/turtlebot3_msgs/action/detail/patrol__struct.h
[0.956s] -- Up-to-date symlink: /home/rokey-jw/rokeypj_ws/install/turtlebot3_msgs/include/turtlebot3_msgs/turtlebot3_msgs/action/detail/patrol__type_support.h
[0.957s] -- Up-to-date symlink: /home/rokey-jw/rokeypj_ws/install/turtlebot3_msgs/include/turtlebot3_msgs/turtlebot3_msgs/action/patrol.h
[0.957s] -- Up-to-date symlink: /home/rokey-jw/rokeypj_ws/install/turtlebot3_msgs/include/turtlebot3_msgs/turtlebot3_msgs/msg/detail/sensor_state__functions.h
[0.957s] -- Up-to-date symlink: /home/rokey-jw/rokeypj_ws/install/turtlebot3_msgs/include/turtlebot3_msgs/turtlebot3_msgs/msg/detail/sensor_state__struct.h
[0.958s] -- Up-to-date symlink: /home/rokey-jw/rokeypj_ws/install/turtlebot3_msgs/include/turtlebot3_msgs/turtlebot3_msgs/msg/detail/sensor_state__type_support.h
[0.958s] -- Up-to-date symlink: /home/rokey-jw/rokeypj_ws/install/turtlebot3_msgs/include/turtlebot3_msgs/turtlebot3_msgs/msg/detail/sound__functions.h
[0.958s] -- Up-to-date symlink: /home/rokey-jw/rokeypj_ws/install/turtlebot3_msgs/include/turtlebot3_msgs/turtlebot3_msgs/msg/detail/sound__struct.h
[0.959s] -- Up-to-date symlink: /home/rokey-jw/rokeypj_ws/install/turtlebot3_msgs/include/turtlebot3_msgs/turtlebot3_msgs/msg/detail/sound__type_support.h
[0.959s] -- Up-to-date symlink: /home/rokey-jw/rokeypj_ws/install/turtlebot3_msgs/include/turtlebot3_msgs/turtlebot3_msgs/msg/detail/version_info__functions.h
[0.959s] -- Up-to-date symlink: /home/rokey-jw/rokeypj_ws/install/turtlebot3_msgs/include/turtlebot3_msgs/turtlebot3_msgs/msg/detail/version_info__struct.h
[0.960s] -- Up-to-date symlink: /home/rokey-jw/rokeypj_ws/install/turtlebot3_msgs/include/turtlebot3_msgs/turtlebot3_msgs/msg/detail/version_info__type_support.h
[0.960s] -- Up-to-date symlink: /home/rokey-jw/rokeypj_ws/install/turtlebot3_msgs/include/turtlebot3_msgs/turtlebot3_msgs/msg/rosidl_generator_c__visibility_control.h
[0.960s] -- Up-to-date symlink: /home/rokey-jw/rokeypj_ws/install/turtlebot3_msgs/include/turtlebot3_msgs/turtlebot3_msgs/msg/sensor_state.h
[0.960s] -- Up-to-date symlink: /home/rokey-jw/rokeypj_ws/install/turtlebot3_msgs/include/turtlebot3_msgs/turtlebot3_msgs/msg/sound.h
[0.961s] -- Up-to-date symlink: /home/rokey-jw/rokeypj_ws/install/turtlebot3_msgs/include/turtlebot3_msgs/turtlebot3_msgs/msg/version_info.h
[0.961s] -- Up-to-date symlink: /home/rokey-jw/rokeypj_ws/install/turtlebot3_msgs/include/turtlebot3_msgs/turtlebot3_msgs/srv/detail/dqn__functions.h
[0.962s] -- Up-to-date symlink: /home/rokey-jw/rokeypj_ws/install/turtlebot3_msgs/include/turtlebot3_msgs/turtlebot3_msgs/srv/detail/dqn__struct.h
[0.962s] -- Up-to-date symlink: /home/rokey-jw/rokeypj_ws/install/turtlebot3_msgs/include/turtlebot3_msgs/turtlebot3_msgs/srv/detail/dqn__type_support.h
[0.962s] -- Up-to-date symlink: /home/rokey-jw/rokeypj_ws/install/turtlebot3_msgs/include/turtlebot3_msgs/turtlebot3_msgs/srv/detail/sound__functions.h
[0.962s] -- Up-to-date symlink: /home/rokey-jw/rokeypj_ws/install/turtlebot3_msgs/include/turtlebot3_msgs/turtlebot3_msgs/srv/detail/sound__struct.h
[0.963s] -- Up-to-date symlink: /home/rokey-jw/rokeypj_ws/install/turtlebot3_msgs/include/turtlebot3_msgs/turtlebot3_msgs/srv/detail/sound__type_support.h
[0.963s] -- Up-to-date symlink: /home/rokey-jw/rokeypj_ws/install/turtlebot3_msgs/include/turtlebot3_msgs/turtlebot3_msgs/srv/dqn.h
[0.963s] -- Up-to-date symlink: /home/rokey-jw/rokeypj_ws/install/turtlebot3_msgs/include/turtlebot3_msgs/turtlebot3_msgs/srv/sound.h
[0.964s] -- Up-to-date symlink: /home/rokey-jw/rokeypj_ws/install/turtlebot3_msgs/share/turtlebot3_msgs/environment/library_path.sh
[0.964s] -- Up-to-date symlink: /home/rokey-jw/rokeypj_ws/install/turtlebot3_msgs/share/turtlebot3_msgs/environment/library_path.dsv
[0.966s] -- Up-to-date symlink: /home/rokey-jw/rokeypj_ws/install/turtlebot3_msgs/include/turtlebot3_msgs/turtlebot3_msgs/action/detail/patrol__rosidl_typesupport_fastrtps_c.h
[0.966s] -- Up-to-date symlink: /home/rokey-jw/rokeypj_ws/install/turtlebot3_msgs/include/turtlebot3_msgs/turtlebot3_msgs/msg/detail/sensor_state__rosidl_typesupport_fastrtps_c.h
[0.966s] -- Up-to-date symlink: /home/rokey-jw/rokeypj_ws/install/turtlebot3_msgs/include/turtlebot3_msgs/turtlebot3_msgs/msg/detail/sound__rosidl_typesupport_fastrtps_c.h
[0.966s] -- Up-to-date symlink: /home/rokey-jw/rokeypj_ws/install/turtlebot3_msgs/include/turtlebot3_msgs/turtlebot3_msgs/msg/detail/version_info__rosidl_typesupport_fastrtps_c.h
[0.967s] -- Up-to-date symlink: /home/rokey-jw/rokeypj_ws/install/turtlebot3_msgs/include/turtlebot3_msgs/turtlebot3_msgs/msg/rosidl_typesupport_fastrtps_c__visibility_control.h
[0.967s] -- Up-to-date symlink: /home/rokey-jw/rokeypj_ws/install/turtlebot3_msgs/include/turtlebot3_msgs/turtlebot3_msgs/srv/detail/dqn__rosidl_typesupport_fastrtps_c.h
[0.967s] -- Up-to-date symlink: /home/rokey-jw/rokeypj_ws/install/turtlebot3_msgs/include/turtlebot3_msgs/turtlebot3_msgs/srv/detail/sound__rosidl_typesupport_fastrtps_c.h
[0.968s] -- Up-to-date symlink: /home/rokey-jw/rokeypj_ws/install/turtlebot3_msgs/include/turtlebot3_msgs/turtlebot3_msgs/action/detail/patrol__builder.hpp
[0.968s] -- Up-to-date symlink: /home/rokey-jw/rokeypj_ws/install/turtlebot3_msgs/include/turtlebot3_msgs/turtlebot3_msgs/action/detail/patrol__struct.hpp
[0.969s] -- Up-to-date symlink: /home/rokey-jw/rokeypj_ws/install/turtlebot3_msgs/include/turtlebot3_msgs/turtlebot3_msgs/action/detail/patrol__traits.hpp
[0.969s] -- Up-to-date symlink: /home/rokey-jw/rokeypj_ws/install/turtlebot3_msgs/include/turtlebot3_msgs/turtlebot3_msgs/action/detail/patrol__type_support.hpp
[0.969s] -- Up-to-date symlink: /home/rokey-jw/rokeypj_ws/install/turtlebot3_msgs/include/turtlebot3_msgs/turtlebot3_msgs/action/patrol.hpp
[0.970s] -- Up-to-date symlink: /home/rokey-jw/rokeypj_ws/install/turtlebot3_msgs/include/turtlebot3_msgs/turtlebot3_msgs/msg/detail/sensor_state__builder.hpp
[0.970s] -- Up-to-date symlink: /home/rokey-jw/rokeypj_ws/install/turtlebot3_msgs/include/turtlebot3_msgs/turtlebot3_msgs/msg/detail/sensor_state__struct.hpp
[0.970s] -- Up-to-date symlink: /home/rokey-jw/rokeypj_ws/install/turtlebot3_msgs/include/turtlebot3_msgs/turtlebot3_msgs/msg/detail/sensor_state__traits.hpp
[0.970s] -- Up-to-date symlink: /home/rokey-jw/rokeypj_ws/install/turtlebot3_msgs/include/turtlebot3_msgs/turtlebot3_msgs/msg/detail/sensor_state__type_support.hpp
[0.971s] -- Up-to-date symlink: /home/rokey-jw/rokeypj_ws/install/turtlebot3_msgs/include/turtlebot3_msgs/turtlebot3_msgs/msg/detail/sound__builder.hpp
[0.971s] -- Up-to-date symlink: /home/rokey-jw/rokeypj_ws/install/turtlebot3_msgs/include/turtlebot3_msgs/turtlebot3_msgs/msg/detail/sound__struct.hpp
[0.971s] -- Up-to-date symlink: /home/rokey-jw/rokeypj_ws/install/turtlebot3_msgs/include/turtlebot3_msgs/turtlebot3_msgs/msg/detail/sound__traits.hpp
[0.971s] -- Up-to-date symlink: /home/rokey-jw/rokeypj_ws/install/turtlebot3_msgs/include/turtlebot3_msgs/turtlebot3_msgs/msg/detail/sound__type_support.hpp
[0.972s] -- Up-to-date symlink: /home/rokey-jw/rokeypj_ws/install/turtlebot3_msgs/include/turtlebot3_msgs/turtlebot3_msgs/msg/detail/version_info__builder.hpp
[0.972s] -- Up-to-date symlink: /home/rokey-jw/rokeypj_ws/install/turtlebot3_msgs/include/turtlebot3_msgs/turtlebot3_msgs/msg/detail/version_info__struct.hpp
[0.972s] -- Up-to-date symlink: /home/rokey-jw/rokeypj_ws/install/turtlebot3_msgs/include/turtlebot3_msgs/turtlebot3_msgs/msg/detail/version_info__traits.hpp
[0.973s] -- Up-to-date symlink: /home/rokey-jw/rokeypj_ws/install/turtlebot3_msgs/include/turtlebot3_msgs/turtlebot3_msgs/msg/detail/version_info__type_support.hpp
[0.973s] -- Up-to-date symlink: /home/rokey-jw/rokeypj_ws/install/turtlebot3_msgs/include/turtlebot3_msgs/turtlebot3_msgs/msg/rosidl_generator_cpp__visibility_control.hpp
[0.973s] -- Up-to-date symlink: /home/rokey-jw/rokeypj_ws/install/turtlebot3_msgs/include/turtlebot3_msgs/turtlebot3_msgs/msg/sensor_state.hpp
[0.973s] -- Up-to-date symlink: /home/rokey-jw/rokeypj_ws/install/turtlebot3_msgs/include/turtlebot3_msgs/turtlebot3_msgs/msg/sound.hpp
[0.974s] -- Up-to-date symlink: /home/rokey-jw/rokeypj_ws/install/turtlebot3_msgs/include/turtlebot3_msgs/turtlebot3_msgs/msg/version_info.hpp
[0.974s] -- Up-to-date symlink: /home/rokey-jw/rokeypj_ws/install/turtlebot3_msgs/include/turtlebot3_msgs/turtlebot3_msgs/srv/detail/dqn__builder.hpp
[0.974s] -- Up-to-date symlink: /home/rokey-jw/rokeypj_ws/install/turtlebot3_msgs/include/turtlebot3_msgs/turtlebot3_msgs/srv/detail/dqn__struct.hpp
[0.974s] -- Up-to-date symlink: /home/rokey-jw/rokeypj_ws/install/turtlebot3_msgs/include/turtlebot3_msgs/turtlebot3_msgs/srv/detail/dqn__traits.hpp
[0.975s] -- Up-to-date symlink: /home/rokey-jw/rokeypj_ws/install/turtlebot3_msgs/include/turtlebot3_msgs/turtlebot3_msgs/srv/detail/dqn__type_support.hpp
[0.975s] -- Up-to-date symlink: /home/rokey-jw/rokeypj_ws/install/turtlebot3_msgs/include/turtlebot3_msgs/turtlebot3_msgs/srv/detail/sound__builder.hpp
[0.975s] -- Up-to-date symlink: /home/rokey-jw/rokeypj_ws/install/turtlebot3_msgs/include/turtlebot3_msgs/turtlebot3_msgs/srv/detail/sound__struct.hpp
[0.976s] -- Up-to-date symlink: /home/rokey-jw/rokeypj_ws/install/turtlebot3_msgs/include/turtlebot3_msgs/turtlebot3_msgs/srv/detail/sound__traits.hpp
[0.976s] -- Up-to-date symlink: /home/rokey-jw/rokeypj_ws/install/turtlebot3_msgs/include/turtlebot3_msgs/turtlebot3_msgs/srv/detail/sound__type_support.hpp
[0.976s] -- Up-to-date symlink: /home/rokey-jw/rokeypj_ws/install/turtlebot3_msgs/include/turtlebot3_msgs/turtlebot3_msgs/srv/dqn.hpp
[0.976s] -- Up-to-date symlink: /home/rokey-jw/rokeypj_ws/install/turtlebot3_msgs/include/turtlebot3_msgs/turtlebot3_msgs/srv/sound.hpp
[0.978s] -- Up-to-date symlink: /home/rokey-jw/rokeypj_ws/install/turtlebot3_msgs/include/turtlebot3_msgs/turtlebot3_msgs/action/detail/patrol__rosidl_typesupport_fastrtps_cpp.hpp
[0.978s] -- Up-to-date symlink: /home/rokey-jw/rokeypj_ws/install/turtlebot3_msgs/include/turtlebot3_msgs/turtlebot3_msgs/msg/detail/sensor_state__rosidl_typesupport_fastrtps_cpp.hpp
[0.979s] -- Up-to-date symlink: /home/rokey-jw/rokeypj_ws/install/turtlebot3_msgs/include/turtlebot3_msgs/turtlebot3_msgs/msg/detail/sound__rosidl_typesupport_fastrtps_cpp.hpp
[0.979s] -- Up-to-date symlink: /home/rokey-jw/rokeypj_ws/install/turtlebot3_msgs/include/turtlebot3_msgs/turtlebot3_msgs/msg/detail/version_info__rosidl_typesupport_fastrtps_cpp.hpp
[0.979s] -- Up-to-date symlink: /home/rokey-jw/rokeypj_ws/install/turtlebot3_msgs/include/turtlebot3_msgs/turtlebot3_msgs/msg/rosidl_typesupport_fastrtps_cpp__visibility_control.h
[0.980s] -- Up-to-date symlink: /home/rokey-jw/rokeypj_ws/install/turtlebot3_msgs/include/turtlebot3_msgs/turtlebot3_msgs/srv/detail/dqn__rosidl_typesupport_fastrtps_cpp.hpp
[0.980s] -- Up-to-date symlink: /home/rokey-jw/rokeypj_ws/install/turtlebot3_msgs/include/turtlebot3_msgs/turtlebot3_msgs/srv/detail/sound__rosidl_typesupport_fastrtps_cpp.hpp
[0.981s] -- Up-to-date symlink: /home/rokey-jw/rokeypj_ws/install/turtlebot3_msgs/include/turtlebot3_msgs/turtlebot3_msgs/action/detail/patrol__rosidl_typesupport_introspection_c.h
[0.982s] -- Up-to-date symlink: /home/rokey-jw/rokeypj_ws/install/turtlebot3_msgs/include/turtlebot3_msgs/turtlebot3_msgs/msg/detail/sensor_state__rosidl_typesupport_introspection_c.h
[0.982s] -- Up-to-date symlink: /home/rokey-jw/rokeypj_ws/install/turtlebot3_msgs/include/turtlebot3_msgs/turtlebot3_msgs/msg/detail/sound__rosidl_typesupport_introspection_c.h
[0.982s] -- Up-to-date symlink: /home/rokey-jw/rokeypj_ws/install/turtlebot3_msgs/include/turtlebot3_msgs/turtlebot3_msgs/msg/detail/version_info__rosidl_typesupport_introspection_c.h
[0.983s] -- Up-to-date symlink: /home/rokey-jw/rokeypj_ws/install/turtlebot3_msgs/include/turtlebot3_msgs/turtlebot3_msgs/msg/rosidl_typesupport_introspection_c__visibility_control.h
[0.983s] -- Up-to-date symlink: /home/rokey-jw/rokeypj_ws/install/turtlebot3_msgs/include/turtlebot3_msgs/turtlebot3_msgs/srv/detail/dqn__rosidl_typesupport_introspection_c.h
[0.983s] -- Up-to-date symlink: /home/rokey-jw/rokeypj_ws/install/turtlebot3_msgs/include/turtlebot3_msgs/turtlebot3_msgs/srv/detail/sound__rosidl_typesupport_introspection_c.h
[0.984s] -- Up-to-date symlink: /home/rokey-jw/rokeypj_ws/install/turtlebot3_msgs/include/turtlebot3_msgs/turtlebot3_msgs/action/detail/patrol__rosidl_typesupport_introspection_cpp.hpp
[0.984s] -- Up-to-date symlink: /home/rokey-jw/rokeypj_ws/install/turtlebot3_msgs/include/turtlebot3_msgs/turtlebot3_msgs/msg/detail/sensor_state__rosidl_typesupport_introspection_cpp.hpp
[0.984s] -- Up-to-date symlink: /home/rokey-jw/rokeypj_ws/install/turtlebot3_msgs/include/turtlebot3_msgs/turtlebot3_msgs/msg/detail/sound__rosidl_typesupport_introspection_cpp.hpp
[0.984s] -- Up-to-date symlink: /home/rokey-jw/rokeypj_ws/install/turtlebot3_msgs/include/turtlebot3_msgs/turtlebot3_msgs/msg/detail/version_info__rosidl_typesupport_introspection_cpp.hpp
[0.985s] -- Up-to-date symlink: /home/rokey-jw/rokeypj_ws/install/turtlebot3_msgs/include/turtlebot3_msgs/turtlebot3_msgs/srv/detail/dqn__rosidl_typesupport_introspection_cpp.hpp
[0.985s] -- Up-to-date symlink: /home/rokey-jw/rokeypj_ws/install/turtlebot3_msgs/include/turtlebot3_msgs/turtlebot3_msgs/srv/detail/sound__rosidl_typesupport_introspection_cpp.hpp
[0.985s] -- Up-to-date symlink: /home/rokey-jw/rokeypj_ws/install/turtlebot3_msgs/share/turtlebot3_msgs/environment/pythonpath.sh
[0.985s] -- Up-to-date symlink: /home/rokey-jw/rokeypj_ws/install/turtlebot3_msgs/share/turtlebot3_msgs/environment/pythonpath.dsv
[0.986s] -- Up-to-date symlink: /home/rokey-jw/rokeypj_ws/install/turtlebot3_msgs/local/lib/python3.10/dist-packages/turtlebot3_msgs-2.3.0-py3.10.egg-info/PKG-INFO
[0.986s] -- Up-to-date symlink: /home/rokey-jw/rokeypj_ws/install/turtlebot3_msgs/local/lib/python3.10/dist-packages/turtlebot3_msgs-2.3.0-py3.10.egg-info/SOURCES.txt
[0.986s] -- Up-to-date symlink: /home/rokey-jw/rokeypj_ws/install/turtlebot3_msgs/local/lib/python3.10/dist-packages/turtlebot3_msgs-2.3.0-py3.10.egg-info/dependency_links.txt
[0.986s] -- Up-to-date symlink: /home/rokey-jw/rokeypj_ws/install/turtlebot3_msgs/local/lib/python3.10/dist-packages/turtlebot3_msgs-2.3.0-py3.10.egg-info/top_level.txt
[0.987s] -- Up-to-date symlink: /home/rokey-jw/rokeypj_ws/install/turtlebot3_msgs/local/lib/python3.10/dist-packages/turtlebot3_msgs/__init__.py
[0.988s] -- Up-to-date symlink: /home/rokey-jw/rokeypj_ws/install/turtlebot3_msgs/local/lib/python3.10/dist-packages/turtlebot3_msgs/_turtlebot3_msgs_s.ep.rosidl_typesupport_c.c
[0.988s] -- Up-to-date symlink: /home/rokey-jw/rokeypj_ws/install/turtlebot3_msgs/local/lib/python3.10/dist-packages/turtlebot3_msgs/_turtlebot3_msgs_s.ep.rosidl_typesupport_fastrtps_c.c
[0.988s] -- Up-to-date symlink: /home/rokey-jw/rokeypj_ws/install/turtlebot3_msgs/local/lib/python3.10/dist-packages/turtlebot3_msgs/_turtlebot3_msgs_s.ep.rosidl_typesupport_introspection_c.c
[0.988s] -- Up-to-date symlink: /home/rokey-jw/rokeypj_ws/install/turtlebot3_msgs/local/lib/python3.10/dist-packages/turtlebot3_msgs/action/__init__.py
[0.989s] -- Up-to-date symlink: /home/rokey-jw/rokeypj_ws/install/turtlebot3_msgs/local/lib/python3.10/dist-packages/turtlebot3_msgs/action/_patrol.py
[0.989s] -- Up-to-date symlink: /home/rokey-jw/rokeypj_ws/install/turtlebot3_msgs/local/lib/python3.10/dist-packages/turtlebot3_msgs/action/_patrol_s.c
[0.989s] -- Up-to-date symlink: /home/rokey-jw/rokeypj_ws/install/turtlebot3_msgs/local/lib/python3.10/dist-packages/turtlebot3_msgs/libturtlebot3_msgs__rosidl_generator_py.so
[0.990s] -- Up-to-date symlink: /home/rokey-jw/rokeypj_ws/install/turtlebot3_msgs/local/lib/python3.10/dist-packages/turtlebot3_msgs/msg/__init__.py
[0.990s] -- Up-to-date symlink: /home/rokey-jw/rokeypj_ws/install/turtlebot3_msgs/local/lib/python3.10/dist-packages/turtlebot3_msgs/msg/_sensor_state.py
[0.990s] -- Up-to-date symlink: /home/rokey-jw/rokeypj_ws/install/turtlebot3_msgs/local/lib/python3.10/dist-packages/turtlebot3_msgs/msg/_sensor_state_s.c
[0.990s] -- Up-to-date symlink: /home/rokey-jw/rokeypj_ws/install/turtlebot3_msgs/local/lib/python3.10/dist-packages/turtlebot3_msgs/msg/_sound.py
[0.991s] -- Up-to-date symlink: /home/rokey-jw/rokeypj_ws/install/turtlebot3_msgs/local/lib/python3.10/dist-packages/turtlebot3_msgs/msg/_sound_s.c
[0.991s] -- Up-to-date symlink: /home/rokey-jw/rokeypj_ws/install/turtlebot3_msgs/local/lib/python3.10/dist-packages/turtlebot3_msgs/msg/_version_info.py
[0.991s] -- Up-to-date symlink: /home/rokey-jw/rokeypj_ws/install/turtlebot3_msgs/local/lib/python3.10/dist-packages/turtlebot3_msgs/msg/_version_info_s.c
[0.992s] -- Up-to-date symlink: /home/rokey-jw/rokeypj_ws/install/turtlebot3_msgs/local/lib/python3.10/dist-packages/turtlebot3_msgs/srv/__init__.py
[0.992s] -- Up-to-date symlink: /home/rokey-jw/rokeypj_ws/install/turtlebot3_msgs/local/lib/python3.10/dist-packages/turtlebot3_msgs/srv/_dqn.py
[0.992s] -- Up-to-date symlink: /home/rokey-jw/rokeypj_ws/install/turtlebot3_msgs/local/lib/python3.10/dist-packages/turtlebot3_msgs/srv/_dqn_s.c
[0.992s] -- Up-to-date symlink: /home/rokey-jw/rokeypj_ws/install/turtlebot3_msgs/local/lib/python3.10/dist-packages/turtlebot3_msgs/srv/_sound.py
[0.993s] -- Up-to-date symlink: /home/rokey-jw/rokeypj_ws/install/turtlebot3_msgs/local/lib/python3.10/dist-packages/turtlebot3_msgs/srv/_sound_s.c
[0.994s] -- Up-to-date symlink: /home/rokey-jw/rokeypj_ws/install/turtlebot3_msgs/local/lib/python3.10/dist-packages/turtlebot3_msgs/turtlebot3_msgs_s__rosidl_typesupport_c.cpython-310-aarch64-linux-gnu.so
[0.994s] -- Up-to-date symlink: /home/rokey-jw/rokeypj_ws/install/turtlebot3_msgs/local/lib/python3.10/dist-packages/turtlebot3_msgs/turtlebot3_msgs_s__rosidl_typesupport_fastrtps_c.cpython-310-aarch64-linux-gnu.so
[0.994s] -- Up-to-date symlink: /home/rokey-jw/rokeypj_ws/install/turtlebot3_msgs/local/lib/python3.10/dist-packages/turtlebot3_msgs/turtlebot3_msgs_s__rosidl_typesupport_introspection_c.cpython-310-aarch64-linux-gnu.so
[0.994s] -- Up-to-date symlink: /home/rokey-jw/rokeypj_ws/install/turtlebot3_msgs/local/lib/python3.10/dist-packages/turtlebot3_msgs/turtlebot3_msgs_s__rosidl_typesupport_fastrtps_c.cpython-310-aarch64-linux-gnu.so
[0.995s] -- Up-to-date symlink: /home/rokey-jw/rokeypj_ws/install/turtlebot3_msgs/local/lib/python3.10/dist-packages/turtlebot3_msgs/turtlebot3_msgs_s__rosidl_typesupport_introspection_c.cpython-310-aarch64-linux-gnu.so
[0.995s] -- Up-to-date symlink: /home/rokey-jw/rokeypj_ws/install/turtlebot3_msgs/local/lib/python3.10/dist-packages/turtlebot3_msgs/turtlebot3_msgs_s__rosidl_typesupport_c.cpython-310-aarch64-linux-gnu.so
[0.995s] -- Up-to-date symlink: /home/rokey-jw/rokeypj_ws/install/turtlebot3_msgs/share/turtlebot3_msgs/msg/SensorState.idl
[1.011s] -- Up-to-date symlink: /home/rokey-jw/rokeypj_ws/install/turtlebot3_msgs/share/turtlebot3_msgs/msg/Sound.idl
[1.012s] -- Up-to-date symlink: /home/rokey-jw/rokeypj_ws/install/turtlebot3_msgs/share/turtlebot3_msgs/msg/VersionInfo.idl
[1.012s] -- Up-to-date symlink: /home/rokey-jw/rokeypj_ws/install/turtlebot3_msgs/share/turtlebot3_msgs/srv/Sound.idl
[1.012s] -- Up-to-date symlink: /home/rokey-jw/rokeypj_ws/install/turtlebot3_msgs/share/turtlebot3_msgs/srv/Dqn.idl
[1.013s] -- Up-to-date symlink: /home/rokey-jw/rokeypj_ws/install/turtlebot3_msgs/share/turtlebot3_msgs/action/Patrol.idl
[1.013s] -- Up-to-date symlink: /home/rokey-jw/rokeypj_ws/install/turtlebot3_msgs/share/turtlebot3_msgs/msg/SensorState.msg
[1.013s] -- Up-to-date symlink: /home/rokey-jw/rokeypj_ws/install/turtlebot3_msgs/share/turtlebot3_msgs/msg/Sound.msg
[1.013s] -- Up-to-date symlink: /home/rokey-jw/rokeypj_ws/install/turtlebot3_msgs/share/turtlebot3_msgs/msg/VersionInfo.msg
[1.013s] -- Up-to-date symlink: /home/rokey-jw/rokeypj_ws/install/turtlebot3_msgs/share/turtlebot3_msgs/srv/Sound.srv
[1.014s] -- Up-to-date symlink: /home/rokey-jw/rokeypj_ws/install/turtlebot3_msgs/share/turtlebot3_msgs/srv/Sound_Request.msg
[1.014s] -- Up-to-date symlink: /home/rokey-jw/rokeypj_ws/install/turtlebot3_msgs/share/turtlebot3_msgs/srv/Sound_Response.msg
[1.014s] -- Up-to-date symlink: /home/rokey-jw/rokeypj_ws/install/turtlebot3_msgs/share/turtlebot3_msgs/srv/Dqn.srv
[1.014s] -- Up-to-date symlink: /home/rokey-jw/rokeypj_ws/install/turtlebot3_msgs/share/turtlebot3_msgs/srv/Dqn_Request.msg
[1.015s] -- Up-to-date symlink: /home/rokey-jw/rokeypj_ws/install/turtlebot3_msgs/share/turtlebot3_msgs/srv/Dqn_Response.msg
[1.015s] -- Up-to-date symlink: /home/rokey-jw/rokeypj_ws/install/turtlebot3_msgs/share/turtlebot3_msgs/action/Patrol.action
[1.015s] -- Up-to-date symlink: /home/rokey-jw/rokeypj_ws/install/turtlebot3_msgs/share/ament_index/resource_index/package_run_dependencies/turtlebot3_msgs
[1.015s] -- Up-to-date symlink: /home/rokey-jw/rokeypj_ws/install/turtlebot3_msgs/share/ament_index/resource_index/parent_prefix_path/turtlebot3_msgs
[1.015s] -- Up-to-date symlink: /home/rokey-jw/rokeypj_ws/install/turtlebot3_msgs/share/turtlebot3_msgs/environment/ament_prefix_path.sh
[1.016s] -- Up-to-date symlink: /home/rokey-jw/rokeypj_ws/install/turtlebot3_msgs/share/turtlebot3_msgs/environment/ament_prefix_path.dsv
[1.016s] -- Up-to-date symlink: /home/rokey-jw/rokeypj_ws/install/turtlebot3_msgs/share/turtlebot3_msgs/environment/path.sh
[1.016s] -- Up-to-date symlink: /home/rokey-jw/rokeypj_ws/install/turtlebot3_msgs/share/turtlebot3_msgs/environment/path.dsv
[1.016s] -- Up-to-date symlink: /home/rokey-jw/rokeypj_ws/install/turtlebot3_msgs/share/turtlebot3_msgs/local_setup.bash
[1.017s] -- Up-to-date symlink: /home/rokey-jw/rokeypj_ws/install/turtlebot3_msgs/share/turtlebot3_msgs/local_setup.sh
[1.017s] -- Up-to-date symlink: /home/rokey-jw/rokeypj_ws/install/turtlebot3_msgs/share/turtlebot3_msgs/local_setup.zsh
[1.017s] -- Up-to-date symlink: /home/rokey-jw/rokeypj_ws/install/turtlebot3_msgs/share/turtlebot3_msgs/local_setup.dsv
[1.017s] -- Symlinking: /home/rokey-jw/rokeypj_ws/install/turtlebot3_msgs/share/turtlebot3_msgs/package.dsv
[1.022s] -- Up-to-date symlink: /home/rokey-jw/rokeypj_ws/install/turtlebot3_msgs/share/ament_index/resource_index/packages/turtlebot3_msgs
[1.022s] -- Up-to-date symlink: /home/rokey-jw/rokeypj_ws/install/turtlebot3_msgs/share/turtlebot3_msgs/cmake/rosidl_cmake-extras.cmake
[1.023s] -- Up-to-date symlink: /home/rokey-jw/rokeypj_ws/install/turtlebot3_msgs/share/turtlebot3_msgs/cmake/ament_cmake_export_dependencies-extras.cmake
[1.023s] -- Up-to-date symlink: /home/rokey-jw/rokeypj_ws/install/turtlebot3_msgs/share/turtlebot3_msgs/cmake/ament_cmake_export_include_directories-extras.cmake
[1.024s] -- Up-to-date symlink: /home/rokey-jw/rokeypj_ws/install/turtlebot3_msgs/share/turtlebot3_msgs/cmake/ament_cmake_export_libraries-extras.cmake
[1.024s] -- Up-to-date symlink: /home/rokey-jw/rokeypj_ws/install/turtlebot3_msgs/share/turtlebot3_msgs/cmake/ament_cmake_export_targets-extras.cmake
[1.024s] -- Up-to-date symlink: /home/rokey-jw/rokeypj_ws/install/turtlebot3_msgs/share/turtlebot3_msgs/cmake/rosidl_cmake_export_typesupport_targets-extras.cmake
[1.025s] -- Up-to-date symlink: /home/rokey-jw/rokeypj_ws/install/turtlebot3_msgs/share/turtlebot3_msgs/cmake/rosidl_cmake_export_typesupport_libraries-extras.cmake
[1.025s] -- Up-to-date symlink: /home/rokey-jw/rokeypj_ws/install/turtlebot3_msgs/share/turtlebot3_msgs/cmake/turtlebot3_msgsConfig.cmake
[1.025s] -- Up-to-date symlink: /home/rokey-jw/rokeypj_ws/install/turtlebot3_msgs/share/turtlebot3_msgs/cmake/turtlebot3_msgsConfig-version.cmake
[1.026s] -- Up-to-date symlink: /home/rokey-jw/rokeypj_ws/install/turtlebot3_msgs/share/turtlebot3_msgs/package.xml
[1.026s] -- Up-to-date: /home/rokey-jw/rokeypj_ws/install/turtlebot3_msgs/lib/libturtlebot3_msgs__rosidl_generator_c.so
[1.026s] -- Up-to-date: /home/rokey-jw/rokeypj_ws/install/turtlebot3_msgs/lib/libturtlebot3_msgs__rosidl_typesupport_fastrtps_c.so
[1.027s] -- Up-to-date: /home/rokey-jw/rokeypj_ws/install/turtlebot3_msgs/lib/libturtlebot3_msgs__rosidl_typesupport_fastrtps_cpp.so
[1.027s] -- Up-to-date: /home/rokey-jw/rokeypj_ws/install/turtlebot3_msgs/lib/libturtlebot3_msgs__rosidl_typesupport_introspection_c.so
[1.027s] -- Up-to-date: /home/rokey-jw/rokeypj_ws/install/turtlebot3_msgs/lib/libturtlebot3_msgs__rosidl_typesupport_c.so
[1.027s] -- Up-to-date: /home/rokey-jw/rokeypj_ws/install/turtlebot3_msgs/lib/libturtlebot3_msgs__rosidl_typesupport_introspection_cpp.so
[1.028s] -- Up-to-date: /home/rokey-jw/rokeypj_ws/install/turtlebot3_msgs/lib/libturtlebot3_msgs__rosidl_typesupport_cpp.so
[1.106s] Listing '/home/rokey-jw/rokeypj_ws/install/turtlebot3_msgs/local/lib/python3.10/dist-packages/turtlebot3_msgs'...
[1.107s] Listing '/home/rokey-jw/rokeypj_ws/install/turtlebot3_msgs/local/lib/python3.10/dist-packages/turtlebot3_msgs/action'...
[1.107s] Listing '/home/rokey-jw/rokeypj_ws/install/turtlebot3_msgs/local/lib/python3.10/dist-packages/turtlebot3_msgs/msg'...
[1.107s] Listing '/home/rokey-jw/rokeypj_ws/install/turtlebot3_msgs/local/lib/python3.10/dist-packages/turtlebot3_msgs/srv'...
[1.119s] -- Up-to-date: /home/rokey-jw/rokeypj_ws/install/turtlebot3_msgs/lib/libturtlebot3_msgs__rosidl_generator_py.so
[1.120s] -- Up-to-date: /home/rokey-jw/rokeypj_ws/install/turtlebot3_msgs/share/turtlebot3_msgs/cmake/export_turtlebot3_msgs__rosidl_generator_cExport.cmake
[1.120s] -- Up-to-date: /home/rokey-jw/rokeypj_ws/install/turtlebot3_msgs/share/turtlebot3_msgs/cmake/export_turtlebot3_msgs__rosidl_generator_cExport-noconfig.cmake
[1.121s] -- Up-to-date: /home/rokey-jw/rokeypj_ws/install/turtlebot3_msgs/share/turtlebot3_msgs/cmake/export_turtlebot3_msgs__rosidl_typesupport_fastrtps_cExport.cmake
[1.121s] -- Up-to-date: /home/rokey-jw/rokeypj_ws/install/turtlebot3_msgs/share/turtlebot3_msgs/cmake/export_turtlebot3_msgs__rosidl_typesupport_fastrtps_cExport-noconfig.cmake
[1.122s] -- Up-to-date: /home/rokey-jw/rokeypj_ws/install/turtlebot3_msgs/share/turtlebot3_msgs/cmake/export_turtlebot3_msgs__rosidl_generator_cppExport.cmake
[1.122s] -- Up-to-date: /home/rokey-jw/rokeypj_ws/install/turtlebot3_msgs/share/turtlebot3_msgs/cmake/export_turtlebot3_msgs__rosidl_typesupport_fastrtps_cppExport.cmake
[1.122s] -- Up-to-date: /home/rokey-jw/rokeypj_ws/install/turtlebot3_msgs/share/turtlebot3_msgs/cmake/export_turtlebot3_msgs__rosidl_typesupport_fastrtps_cppExport-noconfig.cmake
[1.123s] -- Up-to-date: /home/rokey-jw/rokeypj_ws/install/turtlebot3_msgs/share/turtlebot3_msgs/cmake/turtlebot3_msgs__rosidl_typesupport_introspection_cExport.cmake
[1.123s] -- Up-to-date: /home/rokey-jw/rokeypj_ws/install/turtlebot3_msgs/share/turtlebot3_msgs/cmake/turtlebot3_msgs__rosidl_typesupport_introspection_cExport-noconfig.cmake
[1.123s] -- Up-to-date: /home/rokey-jw/rokeypj_ws/install/turtlebot3_msgs/share/turtlebot3_msgs/cmake/turtlebot3_msgs__rosidl_typesupport_cExport.cmake
[1.123s] -- Up-to-date: /home/rokey-jw/rokeypj_ws/install/turtlebot3_msgs/share/turtlebot3_msgs/cmake/turtlebot3_msgs__rosidl_typesupport_cExport-noconfig.cmake
[1.123s] -- Up-to-date: /home/rokey-jw/rokeypj_ws/install/turtlebot3_msgs/share/turtlebot3_msgs/cmake/turtlebot3_msgs__rosidl_typesupport_introspection_cppExport.cmake
[1.124s] -- Up-to-date: /home/rokey-jw/rokeypj_ws/install/turtlebot3_msgs/share/turtlebot3_msgs/cmake/turtlebot3_msgs__rosidl_typesupport_introspection_cppExport-noconfig.cmake
[1.124s] -- Up-to-date: /home/rokey-jw/rokeypj_ws/install/turtlebot3_msgs/share/turtlebot3_msgs/cmake/turtlebot3_msgs__rosidl_typesupport_cppExport.cmake
[1.124s] -- Up-to-date: /home/rokey-jw/rokeypj_ws/install/turtlebot3_msgs/share/turtlebot3_msgs/cmake/turtlebot3_msgs__rosidl_typesupport_cppExport-noconfig.cmake
[1.124s] -- Up-to-date: /home/rokey-jw/rokeypj_ws/install/turtlebot3_msgs/share/turtlebot3_msgs/cmake/export_turtlebot3_msgs__rosidl_generator_pyExport.cmake
[1.125s] -- Up-to-date: /home/rokey-jw/rokeypj_ws/install/turtlebot3_msgs/share/turtlebot3_msgs/cmake/export_turtlebot3_msgs__rosidl_generator_pyExport-noconfig.cmake
[1.130s] Invoked command in '/home/rokey-jw/rokeypj_ws/build/turtlebot3_msgs' returned '0': CMAKE_PREFIX_PATH=${CMAKE_PREFIX_PATH}:/home/rokey-jw/rokeypj_ws/install/sample_pkg:/home/rokey-jw/rokeypj_ws/install/aruco_yolo:/home/rokey-jw/turtlebot3_ws/install/turtlebot3_teleop:/home/rokey-jw/turtlebot3_ws/install/turtlebot3_example:/opt/ros/humble /usr/bin/cmake --install /home/rokey-jw/rokeypj_ws/build/turtlebot3_msgs
