[5.325s] Invoking command in '/home/rokey-jw/rokeyracing_ws/src/turtlebot3_autorace_camera': PYTHONPATH=/home/rokey-jw/rokeyracing_ws/build/turtlebot3_autorace_camera/prefix_override:/usr/lib/python3/dist-packages/colcon_core/task/python/colcon_distutils_commands:/home/rokey-jw/rokeyracing_ws/install/turtlebot3_autorace_camera/lib/python3.10/site-packages:${PYTHONPATH} /usr/bin/python3 -W ignore:setup.py install is deprecated -W ignore:easy_install command is deprecated setup.py egg_info --egg-base ../../build/turtlebot3_autorace_camera build --build-base /home/rokey-jw/rokeyracing_ws/build/turtlebot3_autorace_camera/build install --record /home/rokey-jw/rokeyracing_ws/build/turtlebot3_autorace_camera/install.log --single-version-externally-managed install_data
[5.946s] running egg_info
[5.948s] creating ../../build/turtlebot3_autorace_camera/turtlebot3_autorace_camera.egg-info
[5.948s] writing ../../build/turtlebot3_autorace_camera/turtlebot3_autorace_camera.egg-info/PKG-INFO
[5.949s] writing dependency_links to ../../build/turtlebot3_autorace_camera/turtlebot3_autorace_camera.egg-info/dependency_links.txt
[5.949s] writing entry points to ../../build/turtlebot3_autorace_camera/turtlebot3_autorace_camera.egg-info/entry_points.txt
[5.949s] writing requirements to ../../build/turtlebot3_autorace_camera/turtlebot3_autorace_camera.egg-info/requires.txt
[5.950s] writing top-level names to ../../build/turtlebot3_autorace_camera/turtlebot3_autorace_camera.egg-info/top_level.txt
[5.950s] writing manifest file '../../build/turtlebot3_autorace_camera/turtlebot3_autorace_camera.egg-info/SOURCES.txt'
[5.954s] reading manifest file '../../build/turtlebot3_autorace_camera/turtlebot3_autorace_camera.egg-info/SOURCES.txt'
[5.956s] writing manifest file '../../build/turtlebot3_autorace_camera/turtlebot3_autorace_camera.egg-info/SOURCES.txt'
[5.956s] running build
[5.956s] running build_py
[5.956s] creating /home/rokey-jw/rokeyracing_ws/build/turtlebot3_autorace_camera/build
[5.957s] creating /home/rokey-jw/rokeyracing_ws/build/turtlebot3_autorace_camera/build/lib
[5.957s] creating /home/rokey-jw/rokeyracing_ws/build/turtlebot3_autorace_camera/build/lib/turtlebot3_autorace_camera
[5.957s] copying turtlebot3_autorace_camera/image_compensation.py -> /home/rokey-jw/rokeyracing_ws/build/turtlebot3_autorace_camera/build/lib/turtlebot3_autorace_camera
[5.957s] copying turtlebot3_autorace_camera/__init__.py -> /home/rokey-jw/rokeyracing_ws/build/turtlebot3_autorace_camera/build/lib/turtlebot3_autorace_camera
[5.957s] copying turtlebot3_autorace_camera/image_projection.py -> /home/rokey-jw/rokeyracing_ws/build/turtlebot3_autorace_camera/build/lib/turtlebot3_autorace_camera
[5.958s] running install
[5.958s] running install_lib
[5.960s] creating /home/rokey-jw/rokeyracing_ws/install/turtlebot3_autorace_camera/lib/python3.10/site-packages/turtlebot3_autorace_camera
[5.961s] copying /home/rokey-jw/rokeyracing_ws/build/turtlebot3_autorace_camera/build/lib/turtlebot3_autorace_camera/image_compensation.py -> /home/rokey-jw/rokeyracing_ws/install/turtlebot3_autorace_camera/lib/python3.10/site-packages/turtlebot3_autorace_camera
[5.961s] copying /home/rokey-jw/rokeyracing_ws/build/turtlebot3_autorace_camera/build/lib/turtlebot3_autorace_camera/__init__.py -> /home/rokey-jw/rokeyracing_ws/install/turtlebot3_autorace_camera/lib/python3.10/site-packages/turtlebot3_autorace_camera
[5.961s] copying /home/rokey-jw/rokeyracing_ws/build/turtlebot3_autorace_camera/build/lib/turtlebot3_autorace_camera/image_projection.py -> /home/rokey-jw/rokeyracing_ws/install/turtlebot3_autorace_camera/lib/python3.10/site-packages/turtlebot3_autorace_camera
[5.963s] byte-compiling /home/rokey-jw/rokeyracing_ws/install/turtlebot3_autorace_camera/lib/python3.10/site-packages/turtlebot3_autorace_camera/image_compensation.py to image_compensation.cpython-310.pyc
[5.966s] byte-compiling /home/rokey-jw/rokeyracing_ws/install/turtlebot3_autorace_camera/lib/python3.10/site-packages/turtlebot3_autorace_camera/__init__.py to __init__.cpython-310.pyc
[5.966s] byte-compiling /home/rokey-jw/rokeyracing_ws/install/turtlebot3_autorace_camera/lib/python3.10/site-packages/turtlebot3_autorace_camera/image_projection.py to image_projection.cpython-310.pyc
[5.969s] running install_data
[5.969s] creating /home/rokey-jw/rokeyracing_ws/install/turtlebot3_autorace_camera/share/ament_index
[5.969s] creating /home/rokey-jw/rokeyracing_ws/install/turtlebot3_autorace_camera/share/ament_index/resource_index
[5.970s] creating /home/rokey-jw/rokeyracing_ws/install/turtlebot3_autorace_camera/share/ament_index/resource_index/packages
[5.970s] copying resource/turtlebot3_autorace_camera -> /home/rokey-jw/rokeyracing_ws/install/turtlebot3_autorace_camera/share/ament_index/resource_index/packages
[5.970s] copying package.xml -> /home/rokey-jw/rokeyracing_ws/install/turtlebot3_autorace_camera/share/turtlebot3_autorace_camera
[5.971s] creating /home/rokey-jw/rokeyracing_ws/install/turtlebot3_autorace_camera/share/turtlebot3_autorace_camera/launch
[5.971s] copying launch/intrinsic_camera_calibration.launch.py -> /home/rokey-jw/rokeyracing_ws/install/turtlebot3_autorace_camera/share/turtlebot3_autorace_camera/launch
[5.971s] copying launch/extrinsic_camera_calibration.launch.py -> /home/rokey-jw/rokeyracing_ws/install/turtlebot3_autorace_camera/share/turtlebot3_autorace_camera/launch
[5.971s] creating /home/rokey-jw/rokeyracing_ws/install/turtlebot3_autorace_camera/share/turtlebot3_autorace_camera/calibration
[5.972s] creating /home/rokey-jw/rokeyracing_ws/install/turtlebot3_autorace_camera/share/turtlebot3_autorace_camera/calibration/extrinsic_calibration
[5.972s] copying calibration/extrinsic_calibration/compensation.yaml -> /home/rokey-jw/rokeyracing_ws/install/turtlebot3_autorace_camera/share/turtlebot3_autorace_camera/calibration/extrinsic_calibration
[5.972s] copying calibration/extrinsic_calibration/projection.yaml -> /home/rokey-jw/rokeyracing_ws/install/turtlebot3_autorace_camera/share/turtlebot3_autorace_camera/calibration/extrinsic_calibration
[5.972s] running install_egg_info
[5.978s] Copying ../../build/turtlebot3_autorace_camera/turtlebot3_autorace_camera.egg-info to /home/rokey-jw/rokeyracing_ws/install/turtlebot3_autorace_camera/lib/python3.10/site-packages/turtlebot3_autorace_camera-1.2.1-py3.10.egg-info
[5.980s] running install_scripts
[6.034s] Installing image_compensation script to /home/rokey-jw/rokeyracing_ws/install/turtlebot3_autorace_camera/lib/turtlebot3_autorace_camera
[6.034s] Installing image_projection script to /home/rokey-jw/rokeyracing_ws/install/turtlebot3_autorace_camera/lib/turtlebot3_autorace_camera
[6.035s] writing list of installed files to '/home/rokey-jw/rokeyracing_ws/build/turtlebot3_autorace_camera/install.log'
[6.140s] Invoked command in '/home/rokey-jw/rokeyracing_ws/src/turtlebot3_autorace_camera' returned '0': PYTHONPATH=/home/rokey-jw/rokeyracing_ws/build/turtlebot3_autorace_camera/prefix_override:/usr/lib/python3/dist-packages/colcon_core/task/python/colcon_distutils_commands:/home/rokey-jw/rokeyracing_ws/install/turtlebot3_autorace_camera/lib/python3.10/site-packages:${PYTHONPATH} /usr/bin/python3 -W ignore:setup.py install is deprecated -W ignore:easy_install command is deprecated setup.py egg_info --egg-base ../../build/turtlebot3_autorace_camera build --build-base /home/rokey-jw/rokeyracing_ws/build/turtlebot3_autorace_camera/build install --record /home/rokey-jw/rokeyracing_ws/build/turtlebot3_autorace_camera/install.log --single-version-externally-managed install_data
