[1.585s] Invoking command in '/home/rokey-jw/rokeypj_ws/build/aruco_yolo': PYTHONPATH=/home/rokey-jw/rokeypj_ws/build/aruco_yolo/prefix_override:/usr/lib/python3/dist-packages/colcon_core/task/python/colcon_distutils_commands:/home/rokey-jw/rokeypj_ws/install/aruco_yolo/lib/python3.10/site-packages:${PYTHONPATH} /usr/bin/python3 -W ignore:setup.py install is deprecated -W ignore:easy_install command is deprecated setup.py develop --editable --build-directory /home/rokey-jw/rokeypj_ws/build/aruco_yolo/build --no-deps symlink_data
[2.191s] running develop
[2.635s] running egg_info
[2.635s] creating aruco_yolo.egg-info
[2.636s] writing aruco_yolo.egg-info/PKG-INFO
[2.636s] writing dependency_links to aruco_yolo.egg-info/dependency_links.txt
[2.636s] writing entry points to aruco_yolo.egg-info/entry_points.txt
[2.637s] writing requirements to aruco_yolo.egg-info/requires.txt
[2.637s] writing top-level names to aruco_yolo.egg-info/top_level.txt
[2.637s] writing manifest file 'aruco_yolo.egg-info/SOURCES.txt'
[2.642s] reading manifest file 'aruco_yolo.egg-info/SOURCES.txt'
[2.643s] writing manifest file 'aruco_yolo.egg-info/SOURCES.txt'
[2.646s] running build_ext
[2.647s] Creating /home/rokey-jw/rokeypj_ws/install/aruco_yolo/lib/python3.10/site-packages/aruco-yolo.egg-link (link to .)
[2.649s] Installing aruco_detector script to /home/rokey-jw/rokeypj_ws/install/aruco_yolo/lib/aruco_yolo
[2.649s] Installing aruco_move script to /home/rokey-jw/rokeypj_ws/install/aruco_yolo/lib/aruco_yolo
[2.649s] Installing compressed_image_pub script to /home/rokey-jw/rokeypj_ws/install/aruco_yolo/lib/aruco_yolo
[2.650s] Installing yolo_detector script to /home/rokey-jw/rokeypj_ws/install/aruco_yolo/lib/aruco_yolo
[2.650s] 
[2.650s] Installed /home/rokey-jw/rokeypj_ws/build/aruco_yolo
[2.651s] running symlink_data
[2.651s] creating /home/rokey-jw/rokeypj_ws/install/aruco_yolo/share/ament_index
[2.651s] creating /home/rokey-jw/rokeypj_ws/install/aruco_yolo/share/ament_index/resource_index
[2.651s] creating /home/rokey-jw/rokeypj_ws/install/aruco_yolo/share/ament_index/resource_index/packages
[2.651s] symbolically linking /home/rokey-jw/rokeypj_ws/build/aruco_yolo/resource/aruco_yolo -> /home/rokey-jw/rokeypj_ws/install/aruco_yolo/share/ament_index/resource_index/packages
[2.651s] symbolically linking /home/rokey-jw/rokeypj_ws/build/aruco_yolo/package.xml -> /home/rokey-jw/rokeypj_ws/install/aruco_yolo/share/aruco_yolo
[2.652s] creating /home/rokey-jw/rokeypj_ws/install/aruco_yolo/share/aruco_yolo/config
[2.652s] symbolically linking /home/rokey-jw/rokeypj_ws/build/aruco_yolo/config/calibration_params.yaml -> /home/rokey-jw/rokeypj_ws/install/aruco_yolo/share/aruco_yolo/config
[2.652s] creating /home/rokey-jw/rokeypj_ws/install/aruco_yolo/share/aruco_yolo/models
[2.652s] symbolically linking /home/rokey-jw/rokeypj_ws/build/aruco_yolo/models/yolov8s_trained.pt -> /home/rokey-jw/rokeypj_ws/install/aruco_yolo/share/aruco_yolo/models
[2.652s] creating /home/rokey-jw/rokeypj_ws/install/aruco_yolo/share/aruco_yolo/launch
[2.652s] symbolically linking /home/rokey-jw/rokeypj_ws/build/aruco_yolo/launch/aruco_move.launch.py -> /home/rokey-jw/rokeypj_ws/install/aruco_yolo/share/aruco_yolo/launch
[2.653s] symbolically linking /home/rokey-jw/rokeypj_ws/build/aruco_yolo/launch/aruco_yolo.launch.py -> /home/rokey-jw/rokeypj_ws/install/aruco_yolo/share/aruco_yolo/launch
[2.653s] symbolically linking /home/rokey-jw/rokeypj_ws/build/aruco_yolo/launch/aruco_last.launch.py -> /home/rokey-jw/rokeypj_ws/install/aruco_yolo/share/aruco_yolo/launch
[2.740s] Invoked command in '/home/rokey-jw/rokeypj_ws/build/aruco_yolo' returned '0': PYTHONPATH=/home/rokey-jw/rokeypj_ws/build/aruco_yolo/prefix_override:/usr/lib/python3/dist-packages/colcon_core/task/python/colcon_distutils_commands:/home/rokey-jw/rokeypj_ws/install/aruco_yolo/lib/python3.10/site-packages:${PYTHONPATH} /usr/bin/python3 -W ignore:setup.py install is deprecated -W ignore:easy_install command is deprecated setup.py develop --editable --build-directory /home/rokey-jw/rokeypj_ws/build/aruco_yolo/build --no-deps symlink_data
