[0.025s] Invoking command in '/home/rokey-jw/rokeypj_ws/build/turtlebot3_manipulation_moveit_config': AMENT_PREFIX_PATH=/home/rokey-jw/rokeypj_ws/install/turtlebot3_manipulation_description:${AMENT_PREFIX_PATH} CMAKE_PREFIX_PATH=/home/rokey-jw/rokeypj_ws/install/turtlebot3_manipulation_description:/home/rokey-jw/turtlebot3_ws/install/turtlebot3:/home/rokey-jw/turtlebot3_ws/install/turtlebot3_bringup:/home/rokey-jw/turtlebot3_ws/install/turtlebot3_node:/home/rokey-jw/turtlebot3_ws/install/turtlebot3_description:/home/rokey-jw/turtlebot3_ws/install/ld08_driver:/home/rokey-jw/turtlebot3_ws/install/turtlebot3_teleop:/home/rokey-jw/turtlebot3_ws/install/turtlebot3_example:/opt/ros/humble /usr/bin/cmake /home/rokey-jw/rokeypj_ws/src/turtlebot3_manipulation/turtlebot3_manipulation_moveit_config -DAMENT_CMAKE_SYMLINK_INSTALL=1 -DCMAKE_INSTALL_PREFIX=/home/rokey-jw/rokeypj_ws/install/turtlebot3_manipulation_moveit_config
[0.133s] -- The C compiler identification is GNU 11.4.0
[0.251s] -- The CXX compiler identification is GNU 11.4.0
[0.270s] -- Detecting C compiler ABI info
[0.413s] -- Detecting C compiler ABI info - done
[0.438s] -- Check for working C compiler: /usr/bin/cc - skipped
[0.439s] -- Detecting C compile features
[0.440s] -- Detecting C compile features - done
[0.451s] -- Detecting CXX compiler ABI info
[0.611s] -- Detecting CXX compiler ABI info - done
[0.636s] -- Check for working CXX compiler: /usr/bin/c++ - skipped
[0.637s] -- Detecting CXX compile features
[0.639s] -- Detecting CXX compile features - done
[0.650s] -- Found ament_cmake: 1.3.11 (/opt/ros/humble/share/ament_cmake/cmake)
[0.997s] -- Found Python3: /usr/bin/python3 (found version "3.10.12") found components: Interpreter 
[1.141s] -- Override CMake install command with custom implementation using symlinks instead of copying resources
[1.386s] -- Configuring done
[1.395s] -- Generating done
[1.400s] -- Build files have been written to: /home/rokey-jw/rokeypj_ws/build/turtlebot3_manipulation_moveit_config
[1.414s] Invoked command in '/home/rokey-jw/rokeypj_ws/build/turtlebot3_manipulation_moveit_config' returned '0': AMENT_PREFIX_PATH=/home/rokey-jw/rokeypj_ws/install/turtlebot3_manipulation_description:${AMENT_PREFIX_PATH} CMAKE_PREFIX_PATH=/home/rokey-jw/rokeypj_ws/install/turtlebot3_manipulation_description:/home/rokey-jw/turtlebot3_ws/install/turtlebot3:/home/rokey-jw/turtlebot3_ws/install/turtlebot3_bringup:/home/rokey-jw/turtlebot3_ws/install/turtlebot3_node:/home/rokey-jw/turtlebot3_ws/install/turtlebot3_description:/home/rokey-jw/turtlebot3_ws/install/ld08_driver:/home/rokey-jw/turtlebot3_ws/install/turtlebot3_teleop:/home/rokey-jw/turtlebot3_ws/install/turtlebot3_example:/opt/ros/humble /usr/bin/cmake /home/rokey-jw/rokeypj_ws/src/turtlebot3_manipulation/turtlebot3_manipulation_moveit_config -DAMENT_CMAKE_SYMLINK_INSTALL=1 -DCMAKE_INSTALL_PREFIX=/home/rokey-jw/rokeypj_ws/install/turtlebot3_manipulation_moveit_config
[1.419s] Invoking command in '/home/rokey-jw/rokeypj_ws/build/turtlebot3_manipulation_moveit_config': AMENT_PREFIX_PATH=/home/rokey-jw/rokeypj_ws/install/turtlebot3_manipulation_description:${AMENT_PREFIX_PATH} CMAKE_PREFIX_PATH=/home/rokey-jw/rokeypj_ws/install/turtlebot3_manipulation_description:/home/rokey-jw/turtlebot3_ws/install/turtlebot3:/home/rokey-jw/turtlebot3_ws/install/turtlebot3_bringup:/home/rokey-jw/turtlebot3_ws/install/turtlebot3_node:/home/rokey-jw/turtlebot3_ws/install/turtlebot3_description:/home/rokey-jw/turtlebot3_ws/install/ld08_driver:/home/rokey-jw/turtlebot3_ws/install/turtlebot3_teleop:/home/rokey-jw/turtlebot3_ws/install/turtlebot3_example:/opt/ros/humble /usr/bin/cmake --build /home/rokey-jw/rokeypj_ws/build/turtlebot3_manipulation_moveit_config -- -j6 -l6
[1.497s] Invoked command in '/home/rokey-jw/rokeypj_ws/build/turtlebot3_manipulation_moveit_config' returned '0': AMENT_PREFIX_PATH=/home/rokey-jw/rokeypj_ws/install/turtlebot3_manipulation_description:${AMENT_PREFIX_PATH} CMAKE_PREFIX_PATH=/home/rokey-jw/rokeypj_ws/install/turtlebot3_manipulation_description:/home/rokey-jw/turtlebot3_ws/install/turtlebot3:/home/rokey-jw/turtlebot3_ws/install/turtlebot3_bringup:/home/rokey-jw/turtlebot3_ws/install/turtlebot3_node:/home/rokey-jw/turtlebot3_ws/install/turtlebot3_description:/home/rokey-jw/turtlebot3_ws/install/ld08_driver:/home/rokey-jw/turtlebot3_ws/install/turtlebot3_teleop:/home/rokey-jw/turtlebot3_ws/install/turtlebot3_example:/opt/ros/humble /usr/bin/cmake --build /home/rokey-jw/rokeypj_ws/build/turtlebot3_manipulation_moveit_config -- -j6 -l6
[1.502s] Invoking command in '/home/rokey-jw/rokeypj_ws/build/turtlebot3_manipulation_moveit_config': AMENT_PREFIX_PATH=/home/rokey-jw/rokeypj_ws/install/turtlebot3_manipulation_description:${AMENT_PREFIX_PATH} CMAKE_PREFIX_PATH=/home/rokey-jw/rokeypj_ws/install/turtlebot3_manipulation_description:/home/rokey-jw/turtlebot3_ws/install/turtlebot3:/home/rokey-jw/turtlebot3_ws/install/turtlebot3_bringup:/home/rokey-jw/turtlebot3_ws/install/turtlebot3_node:/home/rokey-jw/turtlebot3_ws/install/turtlebot3_description:/home/rokey-jw/turtlebot3_ws/install/ld08_driver:/home/rokey-jw/turtlebot3_ws/install/turtlebot3_teleop:/home/rokey-jw/turtlebot3_ws/install/turtlebot3_example:/opt/ros/humble /usr/bin/cmake --install /home/rokey-jw/rokeypj_ws/build/turtlebot3_manipulation_moveit_config
[1.518s] -- Install configuration: ""
[1.519s] -- Execute custom install script
[1.519s] -- Symlinking: /home/rokey-jw/rokeypj_ws/install/turtlebot3_manipulation_moveit_config/share/ament_index/resource_index/package_run_dependencies/turtlebot3_manipulation_moveit_config
[1.537s] -- Symlinking: /home/rokey-jw/rokeypj_ws/install/turtlebot3_manipulation_moveit_config/share/ament_index/resource_index/parent_prefix_path/turtlebot3_manipulation_moveit_config
[1.556s] -- Symlinking: /home/rokey-jw/rokeypj_ws/install/turtlebot3_manipulation_moveit_config/share/turtlebot3_manipulation_moveit_config/environment/ament_prefix_path.sh
[1.573s] -- Symlinking: /home/rokey-jw/rokeypj_ws/install/turtlebot3_manipulation_moveit_config/share/turtlebot3_manipulation_moveit_config/environment/ament_prefix_path.dsv
[1.591s] -- Symlinking: /home/rokey-jw/rokeypj_ws/install/turtlebot3_manipulation_moveit_config/share/turtlebot3_manipulation_moveit_config/environment/path.sh
[1.610s] -- Symlinking: /home/rokey-jw/rokeypj_ws/install/turtlebot3_manipulation_moveit_config/share/turtlebot3_manipulation_moveit_config/environment/path.dsv
[1.628s] -- Symlinking: /home/rokey-jw/rokeypj_ws/install/turtlebot3_manipulation_moveit_config/share/turtlebot3_manipulation_moveit_config/local_setup.bash
[1.647s] -- Symlinking: /home/rokey-jw/rokeypj_ws/install/turtlebot3_manipulation_moveit_config/share/turtlebot3_manipulation_moveit_config/local_setup.sh
[1.665s] -- Symlinking: /home/rokey-jw/rokeypj_ws/install/turtlebot3_manipulation_moveit_config/share/turtlebot3_manipulation_moveit_config/local_setup.zsh
[1.683s] -- Symlinking: /home/rokey-jw/rokeypj_ws/install/turtlebot3_manipulation_moveit_config/share/turtlebot3_manipulation_moveit_config/local_setup.dsv
[1.702s] -- Symlinking: /home/rokey-jw/rokeypj_ws/install/turtlebot3_manipulation_moveit_config/share/turtlebot3_manipulation_moveit_config/package.dsv
[1.720s] -- Symlinking: /home/rokey-jw/rokeypj_ws/install/turtlebot3_manipulation_moveit_config/share/ament_index/resource_index/packages/turtlebot3_manipulation_moveit_config
[1.739s] -- Symlinking: /home/rokey-jw/rokeypj_ws/install/turtlebot3_manipulation_moveit_config/share/turtlebot3_manipulation_moveit_config/cmake/turtlebot3_manipulation_moveit_configConfig.cmake
[1.759s] -- Symlinking: /home/rokey-jw/rokeypj_ws/install/turtlebot3_manipulation_moveit_config/share/turtlebot3_manipulation_moveit_config/cmake/turtlebot3_manipulation_moveit_configConfig-version.cmake
[1.775s] -- Symlinking: /home/rokey-jw/rokeypj_ws/install/turtlebot3_manipulation_moveit_config/share/turtlebot3_manipulation_moveit_config/package.xml
[1.795s] -- Symlinking: /home/rokey-jw/rokeypj_ws/install/turtlebot3_manipulation_moveit_config/share/turtlebot3_manipulation_moveit_config/launch/move_group.launch.py
[1.813s] -- Symlinking: /home/rokey-jw/rokeypj_ws/install/turtlebot3_manipulation_moveit_config/share/turtlebot3_manipulation_moveit_config/launch/moveit_core.launch.py
[1.831s] -- Symlinking: /home/rokey-jw/rokeypj_ws/install/turtlebot3_manipulation_moveit_config/share/turtlebot3_manipulation_moveit_config/launch/moveit_fake.launch.py
[1.851s] -- Symlinking: /home/rokey-jw/rokeypj_ws/install/turtlebot3_manipulation_moveit_config/share/turtlebot3_manipulation_moveit_config/launch/moveit_gazebo.launch.py
[1.868s] -- Symlinking: /home/rokey-jw/rokeypj_ws/install/turtlebot3_manipulation_moveit_config/share/turtlebot3_manipulation_moveit_config/launch/moveit_rviz.launch.py
[1.886s] -- Symlinking: /home/rokey-jw/rokeypj_ws/install/turtlebot3_manipulation_moveit_config/share/turtlebot3_manipulation_moveit_config/launch/rsp.launch.py
[1.904s] -- Symlinking: /home/rokey-jw/rokeypj_ws/install/turtlebot3_manipulation_moveit_config/share/turtlebot3_manipulation_moveit_config/launch/servo.launch.py
[1.922s] -- Symlinking: /home/rokey-jw/rokeypj_ws/install/turtlebot3_manipulation_moveit_config/share/turtlebot3_manipulation_moveit_config/launch/setup_assistant.launch.py
[1.940s] -- Symlinking: /home/rokey-jw/rokeypj_ws/install/turtlebot3_manipulation_moveit_config/share/turtlebot3_manipulation_moveit_config/launch/spawn_controllers.launch.py
[1.959s] -- Symlinking: /home/rokey-jw/rokeypj_ws/install/turtlebot3_manipulation_moveit_config/share/turtlebot3_manipulation_moveit_config/launch/static_virtual_joint_tfs.launch.py
[1.977s] -- Symlinking: /home/rokey-jw/rokeypj_ws/install/turtlebot3_manipulation_moveit_config/share/turtlebot3_manipulation_moveit_config/launch/warehouse_db.launch.py
[1.996s] -- Symlinking: /home/rokey-jw/rokeypj_ws/install/turtlebot3_manipulation_moveit_config/share/turtlebot3_manipulation_moveit_config/config/initial_positions.yaml
[2.015s] -- Symlinking: /home/rokey-jw/rokeypj_ws/install/turtlebot3_manipulation_moveit_config/share/turtlebot3_manipulation_moveit_config/config/joint_limits.yaml
[2.034s] -- Symlinking: /home/rokey-jw/rokeypj_ws/install/turtlebot3_manipulation_moveit_config/share/turtlebot3_manipulation_moveit_config/config/kinematics.yaml
[2.051s] -- Symlinking: /home/rokey-jw/rokeypj_ws/install/turtlebot3_manipulation_moveit_config/share/turtlebot3_manipulation_moveit_config/config/moveit.rviz
[2.069s] -- Symlinking: /home/rokey-jw/rokeypj_ws/install/turtlebot3_manipulation_moveit_config/share/turtlebot3_manipulation_moveit_config/config/moveit_controllers.yaml
[2.088s] -- Symlinking: /home/rokey-jw/rokeypj_ws/install/turtlebot3_manipulation_moveit_config/share/turtlebot3_manipulation_moveit_config/config/moveit_servo.yaml
[2.107s] -- Symlinking: /home/rokey-jw/rokeypj_ws/install/turtlebot3_manipulation_moveit_config/share/turtlebot3_manipulation_moveit_config/config/moveit_teleop.rviz
[2.125s] -- Symlinking: /home/rokey-jw/rokeypj_ws/install/turtlebot3_manipulation_moveit_config/share/turtlebot3_manipulation_moveit_config/config/ompl_planning.yaml
[2.143s] -- Symlinking: /home/rokey-jw/rokeypj_ws/install/turtlebot3_manipulation_moveit_config/share/turtlebot3_manipulation_moveit_config/config/turtlebot3_manipulation.srdf
[2.161s] -- Symlinking: /home/rokey-jw/rokeypj_ws/install/turtlebot3_manipulation_moveit_config/share/turtlebot3_manipulation_moveit_config/config/turtlebot3_manipulation.srdf.org
[2.180s] -- Symlinking: /home/rokey-jw/rokeypj_ws/install/turtlebot3_manipulation_moveit_config/share/turtlebot3_manipulation_moveit_config/.setup_assistant
[2.205s] Invoked command in '/home/rokey-jw/rokeypj_ws/build/turtlebot3_manipulation_moveit_config' returned '0': AMENT_PREFIX_PATH=/home/rokey-jw/rokeypj_ws/install/turtlebot3_manipulation_description:${AMENT_PREFIX_PATH} CMAKE_PREFIX_PATH=/home/rokey-jw/rokeypj_ws/install/turtlebot3_manipulation_description:/home/rokey-jw/turtlebot3_ws/install/turtlebot3:/home/rokey-jw/turtlebot3_ws/install/turtlebot3_bringup:/home/rokey-jw/turtlebot3_ws/install/turtlebot3_node:/home/rokey-jw/turtlebot3_ws/install/turtlebot3_description:/home/rokey-jw/turtlebot3_ws/install/ld08_driver:/home/rokey-jw/turtlebot3_ws/install/turtlebot3_teleop:/home/rokey-jw/turtlebot3_ws/install/turtlebot3_example:/opt/ros/humble /usr/bin/cmake --install /home/rokey-jw/rokeypj_ws/build/turtlebot3_manipulation_moveit_config
