[1.272s] Invoking command in '/home/rokey/turtlebot3_ws/build/turtlebot3_cartographer': CMAKE_PREFIX_PATH=${CMAKE_PREFIX_PATH}:/home/rokey/turtlebot3_ws/install/turtlebot3_teleop:/home/rokey/turtlebot3_ws/install/turtlebot3_example:/home/rokey/turtlebot3_ws/install/turtlebot3_autorace_mission:/home/rokey/turtlebot3_ws/install/turtlebot3_autorace_detect:/home/rokey/turtlebot3_ws/install/turtlebot3_autorace_camera:/opt/ros/humble /usr/bin/cmake --build /home/rokey/turtlebot3_ws/build/turtlebot3_cartographer -- -j8 -l8
[1.411s] Invoked command in '/home/rokey/turtlebot3_ws/build/turtlebot3_cartographer' returned '0': CMAKE_PREFIX_PATH=${CMAKE_PREFIX_PATH}:/home/rokey/turtlebot3_ws/install/turtlebot3_teleop:/home/rokey/turtlebot3_ws/install/turtlebot3_example:/home/rokey/turtlebot3_ws/install/turtlebot3_autorace_mission:/home/rokey/turtlebot3_ws/install/turtlebot3_autorace_detect:/home/rokey/turtlebot3_ws/install/turtlebot3_autorace_camera:/opt/ros/humble /usr/bin/cmake --build /home/rokey/turtlebot3_ws/build/turtlebot3_cartographer -- -j8 -l8
[1.416s] Invoking command in '/home/rokey/turtlebot3_ws/build/turtlebot3_cartographer': CMAKE_PREFIX_PATH=${CMAKE_PREFIX_PATH}:/home/rokey/turtlebot3_ws/install/turtlebot3_teleop:/home/rokey/turtlebot3_ws/install/turtlebot3_example:/home/rokey/turtlebot3_ws/install/turtlebot3_autorace_mission:/home/rokey/turtlebot3_ws/install/turtlebot3_autorace_detect:/home/rokey/turtlebot3_ws/install/turtlebot3_autorace_camera:/opt/ros/humble /usr/bin/cmake --install /home/rokey/turtlebot3_ws/build/turtlebot3_cartographer
[1.430s] -- Install configuration: ""
[1.430s] -- Execute custom install script
[1.431s] -- Up-to-date symlink: /home/rokey/turtlebot3_ws/install/turtlebot3_cartographer/share/turtlebot3_cartographer/config/turtlebot3_lds_2d.lua
[1.432s] -- Up-to-date symlink: /home/rokey/turtlebot3_ws/install/turtlebot3_cartographer/share/turtlebot3_cartographer/launch/cartographer.launch.py
[1.432s] -- Up-to-date symlink: /home/rokey/turtlebot3_ws/install/turtlebot3_cartographer/share/turtlebot3_cartographer/launch/occupancy_grid.launch.py
[1.432s] -- Up-to-date symlink: /home/rokey/turtlebot3_ws/install/turtlebot3_cartographer/share/turtlebot3_cartographer/rviz/tb3_cartographer.rviz
[1.432s] -- Up-to-date symlink: /home/rokey/turtlebot3_ws/install/turtlebot3_cartographer/share/ament_index/resource_index/package_run_dependencies/turtlebot3_cartographer
[1.433s] -- Up-to-date symlink: /home/rokey/turtlebot3_ws/install/turtlebot3_cartographer/share/ament_index/resource_index/parent_prefix_path/turtlebot3_cartographer
[1.433s] -- Up-to-date symlink: /home/rokey/turtlebot3_ws/install/turtlebot3_cartographer/share/turtlebot3_cartographer/environment/ament_prefix_path.sh
[1.433s] -- Up-to-date symlink: /home/rokey/turtlebot3_ws/install/turtlebot3_cartographer/share/turtlebot3_cartographer/environment/ament_prefix_path.dsv
[1.433s] -- Up-to-date symlink: /home/rokey/turtlebot3_ws/install/turtlebot3_cartographer/share/turtlebot3_cartographer/environment/path.sh
[1.433s] -- Up-to-date symlink: /home/rokey/turtlebot3_ws/install/turtlebot3_cartographer/share/turtlebot3_cartographer/environment/path.dsv
[1.434s] -- Up-to-date symlink: /home/rokey/turtlebot3_ws/install/turtlebot3_cartographer/share/turtlebot3_cartographer/local_setup.bash
[1.434s] -- Up-to-date symlink: /home/rokey/turtlebot3_ws/install/turtlebot3_cartographer/share/turtlebot3_cartographer/local_setup.sh
[1.434s] -- Up-to-date symlink: /home/rokey/turtlebot3_ws/install/turtlebot3_cartographer/share/turtlebot3_cartographer/local_setup.zsh
[1.434s] -- Up-to-date symlink: /home/rokey/turtlebot3_ws/install/turtlebot3_cartographer/share/turtlebot3_cartographer/local_setup.dsv
[1.436s] -- Symlinking: /home/rokey/turtlebot3_ws/install/turtlebot3_cartographer/share/turtlebot3_cartographer/package.dsv
[1.452s] -- Up-to-date symlink: /home/rokey/turtlebot3_ws/install/turtlebot3_cartographer/share/ament_index/resource_index/packages/turtlebot3_cartographer
[1.452s] -- Up-to-date symlink: /home/rokey/turtlebot3_ws/install/turtlebot3_cartographer/share/turtlebot3_cartographer/cmake/turtlebot3_cartographerConfig.cmake
[1.452s] -- Up-to-date symlink: /home/rokey/turtlebot3_ws/install/turtlebot3_cartographer/share/turtlebot3_cartographer/cmake/turtlebot3_cartographerConfig-version.cmake
[1.452s] -- Up-to-date symlink: /home/rokey/turtlebot3_ws/install/turtlebot3_cartographer/share/turtlebot3_cartographer/package.xml
[1.536s] Invoked command in '/home/rokey/turtlebot3_ws/build/turtlebot3_cartographer' returned '0': CMAKE_PREFIX_PATH=${CMAKE_PREFIX_PATH}:/home/rokey/turtlebot3_ws/install/turtlebot3_teleop:/home/rokey/turtlebot3_ws/install/turtlebot3_example:/home/rokey/turtlebot3_ws/install/turtlebot3_autorace_mission:/home/rokey/turtlebot3_ws/install/turtlebot3_autorace_detect:/home/rokey/turtlebot3_ws/install/turtlebot3_autorace_camera:/opt/ros/humble /usr/bin/cmake --install /home/rokey/turtlebot3_ws/build/turtlebot3_cartographer
