[1.611s] Invoking command in '/home/rokey-jw/rokeypj_ws/build/sample_pkg': PYTHONPATH=/home/rokey-jw/rokeypj_ws/build/sample_pkg/prefix_override:/usr/lib/python3/dist-packages/colcon_core/task/python/colcon_distutils_commands:/home/rokey-jw/rokeypj_ws/install/sample_pkg/lib/python3.10/site-packages:${PYTHONPATH} /usr/bin/python3 -W ignore:setup.py install is deprecated -W ignore:easy_install command is deprecated setup.py develop --editable --build-directory /home/rokey-jw/rokeypj_ws/build/sample_pkg/build --no-deps symlink_data
[2.220s] running develop
[2.652s] running egg_info
[2.653s] creating sample_pkg.egg-info
[2.653s] writing sample_pkg.egg-info/PKG-INFO
[2.654s] writing dependency_links to sample_pkg.egg-info/dependency_links.txt
[2.654s] writing entry points to sample_pkg.egg-info/entry_points.txt
[2.654s] writing requirements to sample_pkg.egg-info/requires.txt
[2.654s] writing top-level names to sample_pkg.egg-info/top_level.txt
[2.655s] writing manifest file 'sample_pkg.egg-info/SOURCES.txt'
[2.659s] reading manifest file 'sample_pkg.egg-info/SOURCES.txt'
[2.660s] writing manifest file 'sample_pkg.egg-info/SOURCES.txt'
[2.664s] running build_ext
[2.664s] Creating /home/rokey-jw/rokeypj_ws/install/sample_pkg/lib/python3.10/site-packages/sample-pkg.egg-link (link to .)
[2.666s] 
[2.666s] Installed /home/rokey-jw/rokeypj_ws/build/sample_pkg
[2.666s] running symlink_data
[2.666s] creating /home/rokey-jw/rokeypj_ws/install/sample_pkg/share/ament_index
[2.666s] creating /home/rokey-jw/rokeypj_ws/install/sample_pkg/share/ament_index/resource_index
[2.667s] creating /home/rokey-jw/rokeypj_ws/install/sample_pkg/share/ament_index/resource_index/packages
[2.667s] symbolically linking /home/rokey-jw/rokeypj_ws/build/sample_pkg/resource/sample_pkg -> /home/rokey-jw/rokeypj_ws/install/sample_pkg/share/ament_index/resource_index/packages
[2.667s] symbolically linking /home/rokey-jw/rokeypj_ws/build/sample_pkg/package.xml -> /home/rokey-jw/rokeypj_ws/install/sample_pkg/share/sample_pkg
[2.754s] Invoked command in '/home/rokey-jw/rokeypj_ws/build/sample_pkg' returned '0': PYTHONPATH=/home/rokey-jw/rokeypj_ws/build/sample_pkg/prefix_override:/usr/lib/python3/dist-packages/colcon_core/task/python/colcon_distutils_commands:/home/rokey-jw/rokeypj_ws/install/sample_pkg/lib/python3.10/site-packages:${PYTHONPATH} /usr/bin/python3 -W ignore:setup.py install is deprecated -W ignore:easy_install command is deprecated setup.py develop --editable --build-directory /home/rokey-jw/rokeypj_ws/build/sample_pkg/build --no-deps symlink_data
