[5.324s] Invoking command in '/home/rokey-jw/rokeyracing_ws/src/turtlebot3_teleop': PYTHONPATH=/home/rokey-jw/rokeyracing_ws/build/turtlebot3_teleop/prefix_override:/usr/lib/python3/dist-packages/colcon_core/task/python/colcon_distutils_commands:/home/rokey-jw/rokeyracing_ws/install/turtlebot3_teleop/lib/python3.10/site-packages:${PYTHONPATH} /usr/bin/python3 -W ignore:setup.py install is deprecated -W ignore:easy_install command is deprecated setup.py egg_info --egg-base ../../build/turtlebot3_teleop build --build-base /home/rokey-jw/rokeyracing_ws/build/turtlebot3_teleop/build install --record /home/rokey-jw/rokeyracing_ws/build/turtlebot3_teleop/install.log --single-version-externally-managed install_data
[6.061s] running egg_info
[6.061s] creating ../../build/turtlebot3_teleop/turtlebot3_teleop.egg-info
[6.061s] writing ../../build/turtlebot3_teleop/turtlebot3_teleop.egg-info/PKG-INFO
[6.061s] writing dependency_links to ../../build/turtlebot3_teleop/turtlebot3_teleop.egg-info/dependency_links.txt
[6.064s] writing entry points to ../../build/turtlebot3_teleop/turtlebot3_teleop.egg-info/entry_points.txt
[6.064s] writing requirements to ../../build/turtlebot3_teleop/turtlebot3_teleop.egg-info/requires.txt
[6.064s] writing top-level names to ../../build/turtlebot3_teleop/turtlebot3_teleop.egg-info/top_level.txt
[6.064s] writing manifest file '../../build/turtlebot3_teleop/turtlebot3_teleop.egg-info/SOURCES.txt'
[6.066s] reading manifest file '../../build/turtlebot3_teleop/turtlebot3_teleop.egg-info/SOURCES.txt'
[6.068s] writing manifest file '../../build/turtlebot3_teleop/turtlebot3_teleop.egg-info/SOURCES.txt'
[6.068s] running build
[6.068s] running build_py
[6.070s] creating /home/rokey-jw/rokeyracing_ws/build/turtlebot3_teleop/build
[6.070s] creating /home/rokey-jw/rokeyracing_ws/build/turtlebot3_teleop/build/lib
[6.070s] creating /home/rokey-jw/rokeyracing_ws/build/turtlebot3_teleop/build/lib/turtlebot3_teleop
[6.071s] copying turtlebot3_teleop/__init__.py -> /home/rokey-jw/rokeyracing_ws/build/turtlebot3_teleop/build/lib/turtlebot3_teleop
[6.071s] creating /home/rokey-jw/rokeyracing_ws/build/turtlebot3_teleop/build/lib/turtlebot3_teleop/script
[6.071s] copying turtlebot3_teleop/script/__init__.py -> /home/rokey-jw/rokeyracing_ws/build/turtlebot3_teleop/build/lib/turtlebot3_teleop/script
[6.071s] copying turtlebot3_teleop/script/teleop_keyboard.py -> /home/rokey-jw/rokeyracing_ws/build/turtlebot3_teleop/build/lib/turtlebot3_teleop/script
[6.072s] running install
[6.073s] running install_lib
[6.075s] creating /home/rokey-jw/rokeyracing_ws/install/turtlebot3_teleop/lib/python3.10/site-packages/turtlebot3_teleop
[6.075s] creating /home/rokey-jw/rokeyracing_ws/install/turtlebot3_teleop/lib/python3.10/site-packages/turtlebot3_teleop/script
[6.075s] copying /home/rokey-jw/rokeyracing_ws/build/turtlebot3_teleop/build/lib/turtlebot3_teleop/script/__init__.py -> /home/rokey-jw/rokeyracing_ws/install/turtlebot3_teleop/lib/python3.10/site-packages/turtlebot3_teleop/script
[6.076s] copying /home/rokey-jw/rokeyracing_ws/build/turtlebot3_teleop/build/lib/turtlebot3_teleop/script/teleop_keyboard.py -> /home/rokey-jw/rokeyracing_ws/install/turtlebot3_teleop/lib/python3.10/site-packages/turtlebot3_teleop/script
[6.076s] copying /home/rokey-jw/rokeyracing_ws/build/turtlebot3_teleop/build/lib/turtlebot3_teleop/__init__.py -> /home/rokey-jw/rokeyracing_ws/install/turtlebot3_teleop/lib/python3.10/site-packages/turtlebot3_teleop
[6.078s] byte-compiling /home/rokey-jw/rokeyracing_ws/install/turtlebot3_teleop/lib/python3.10/site-packages/turtlebot3_teleop/script/__init__.py to __init__.cpython-310.pyc
[6.080s] byte-compiling /home/rokey-jw/rokeyracing_ws/install/turtlebot3_teleop/lib/python3.10/site-packages/turtlebot3_teleop/script/teleop_keyboard.py to teleop_keyboard.cpython-310.pyc
[6.082s] byte-compiling /home/rokey-jw/rokeyracing_ws/install/turtlebot3_teleop/lib/python3.10/site-packages/turtlebot3_teleop/__init__.py to __init__.cpython-310.pyc
[6.083s] running install_data
[6.083s] creating /home/rokey-jw/rokeyracing_ws/install/turtlebot3_teleop/share/ament_index
[6.084s] creating /home/rokey-jw/rokeyracing_ws/install/turtlebot3_teleop/share/ament_index/resource_index
[6.084s] creating /home/rokey-jw/rokeyracing_ws/install/turtlebot3_teleop/share/ament_index/resource_index/packages
[6.085s] copying resource/turtlebot3_teleop -> /home/rokey-jw/rokeyracing_ws/install/turtlebot3_teleop/share/ament_index/resource_index/packages
[6.085s] copying package.xml -> /home/rokey-jw/rokeyracing_ws/install/turtlebot3_teleop/share/turtlebot3_teleop
[6.085s] running install_egg_info
[6.092s] Copying ../../build/turtlebot3_teleop/turtlebot3_teleop.egg-info to /home/rokey-jw/rokeyracing_ws/install/turtlebot3_teleop/lib/python3.10/site-packages/turtlebot3_teleop-2.1.5-py3.10.egg-info
[6.095s] running install_scripts
[6.163s] Installing teleop_keyboard script to /home/rokey-jw/rokeyracing_ws/install/turtlebot3_teleop/lib/turtlebot3_teleop
[6.163s] writing list of installed files to '/home/rokey-jw/rokeyracing_ws/build/turtlebot3_teleop/install.log'
[6.245s] Invoked command in '/home/rokey-jw/rokeyracing_ws/src/turtlebot3_teleop' returned '0': PYTHONPATH=/home/rokey-jw/rokeyracing_ws/build/turtlebot3_teleop/prefix_override:/usr/lib/python3/dist-packages/colcon_core/task/python/colcon_distutils_commands:/home/rokey-jw/rokeyracing_ws/install/turtlebot3_teleop/lib/python3.10/site-packages:${PYTHONPATH} /usr/bin/python3 -W ignore:setup.py install is deprecated -W ignore:easy_install command is deprecated setup.py egg_info --egg-base ../../build/turtlebot3_teleop build --build-base /home/rokey-jw/rokeyracing_ws/build/turtlebot3_teleop/build install --record /home/rokey-jw/rokeyracing_ws/build/turtlebot3_teleop/install.log --single-version-externally-managed install_data
