[1.352s] Invoking command in '/home/rokey/turtlebot3_ws/build/turtlebot3_cartographer': CMAKE_PREFIX_PATH=/opt/ros/humble /usr/bin/cmake /home/rokey/turtlebot3_ws/src/turtlebot3/turtlebot3_cartographer -DAMENT_CMAKE_SYMLINK_INSTALL=1 -DCMAKE_INSTALL_PREFIX=/home/rokey/turtlebot3_ws/install/turtlebot3_cartographer
[1.460s] -- The C compiler identification is GNU 11.4.0
[1.675s] -- The CXX compiler identification is GNU 11.4.0
[1.699s] -- Detecting C compiler ABI info
[1.952s] -- Detecting C compiler ABI info - done
[1.996s] -- Check for working C compiler: /usr/bin/cc - skipped
[1.996s] -- Detecting C compile features
[1.997s] -- Detecting C compile features - done
[2.016s] -- Detecting CXX compiler ABI info
[2.404s] -- Detecting CXX compiler ABI info - done
[2.442s] -- Check for working CXX compiler: /usr/bin/c++ - skipped
[2.442s] -- Detecting CXX compile features
[2.448s] -- Detecting CXX compile features - done
[2.456s] -- Found ament_cmake: 1.3.11 (/opt/ros/humble/share/ament_cmake/cmake)
[3.111s] -- Found Python3: /usr/bin/python3 (found version "3.10.12") found components: Interpreter 
[3.310s] -- Override CMake install command with custom implementation using symlinks instead of copying resources
[3.552s] -- Configuring done
[3.558s] -- Generating done
[3.561s] -- Build files have been written to: /home/rokey/turtlebot3_ws/build/turtlebot3_cartographer
[3.572s] Invoked command in '/home/rokey/turtlebot3_ws/build/turtlebot3_cartographer' returned '0': CMAKE_PREFIX_PATH=/opt/ros/humble /usr/bin/cmake /home/rokey/turtlebot3_ws/src/turtlebot3/turtlebot3_cartographer -DAMENT_CMAKE_SYMLINK_INSTALL=1 -DCMAKE_INSTALL_PREFIX=/home/rokey/turtlebot3_ws/install/turtlebot3_cartographer
[3.577s] Invoking command in '/home/rokey/turtlebot3_ws/build/turtlebot3_cartographer': CMAKE_PREFIX_PATH=/opt/ros/humble /usr/bin/cmake --build /home/rokey/turtlebot3_ws/build/turtlebot3_cartographer -- -j8 -l8
[3.843s] Invoked command in '/home/rokey/turtlebot3_ws/build/turtlebot3_cartographer' returned '0': CMAKE_PREFIX_PATH=/opt/ros/humble /usr/bin/cmake --build /home/rokey/turtlebot3_ws/build/turtlebot3_cartographer -- -j8 -l8
[3.852s] Invoking command in '/home/rokey/turtlebot3_ws/build/turtlebot3_cartographer': CMAKE_PREFIX_PATH=/opt/ros/humble /usr/bin/cmake --install /home/rokey/turtlebot3_ws/build/turtlebot3_cartographer
[4.014s] -- Install configuration: ""
[4.014s] -- Execute custom install script
[4.014s] -- Symlinking: /home/rokey/turtlebot3_ws/install/turtlebot3_cartographer/share/turtlebot3_cartographer/config/turtlebot3_lds_2d.lua
[4.014s] -- Symlinking: /home/rokey/turtlebot3_ws/install/turtlebot3_cartographer/share/turtlebot3_cartographer/launch/cartographer.launch.py
[4.014s] -- Symlinking: /home/rokey/turtlebot3_ws/install/turtlebot3_cartographer/share/turtlebot3_cartographer/launch/occupancy_grid.launch.py
[4.014s] -- Symlinking: /home/rokey/turtlebot3_ws/install/turtlebot3_cartographer/share/turtlebot3_cartographer/rviz/tb3_cartographer.rviz
[4.014s] -- Symlinking: /home/rokey/turtlebot3_ws/install/turtlebot3_cartographer/share/ament_index/resource_index/package_run_dependencies/turtlebot3_cartographer
[4.038s] -- Symlinking: /home/rokey/turtlebot3_ws/install/turtlebot3_cartographer/share/ament_index/resource_index/parent_prefix_path/turtlebot3_cartographer
[4.054s] -- Symlinking: /home/rokey/turtlebot3_ws/install/turtlebot3_cartographer/share/turtlebot3_cartographer/environment/ament_prefix_path.sh
[4.077s] -- Symlinking: /home/rokey/turtlebot3_ws/install/turtlebot3_cartographer/share/turtlebot3_cartographer/environment/ament_prefix_path.dsv
[4.114s] -- Symlinking: /home/rokey/turtlebot3_ws/install/turtlebot3_cartographer/share/turtlebot3_cartographer/environment/path.sh
[4.140s] -- Symlinking: /home/rokey/turtlebot3_ws/install/turtlebot3_cartographer/share/turtlebot3_cartographer/environment/path.dsv
[4.170s] -- Symlinking: /home/rokey/turtlebot3_ws/install/turtlebot3_cartographer/share/turtlebot3_cartographer/local_setup.bash
[4.199s] -- Symlinking: /home/rokey/turtlebot3_ws/install/turtlebot3_cartographer/share/turtlebot3_cartographer/local_setup.sh
[4.225s] -- Symlinking: /home/rokey/turtlebot3_ws/install/turtlebot3_cartographer/share/turtlebot3_cartographer/local_setup.zsh
[4.256s] -- Symlinking: /home/rokey/turtlebot3_ws/install/turtlebot3_cartographer/share/turtlebot3_cartographer/local_setup.dsv
[4.284s] -- Symlinking: /home/rokey/turtlebot3_ws/install/turtlebot3_cartographer/share/turtlebot3_cartographer/package.dsv
[4.312s] -- Symlinking: /home/rokey/turtlebot3_ws/install/turtlebot3_cartographer/share/ament_index/resource_index/packages/turtlebot3_cartographer
[4.329s] -- Symlinking: /home/rokey/turtlebot3_ws/install/turtlebot3_cartographer/share/turtlebot3_cartographer/cmake/turtlebot3_cartographerConfig.cmake
[4.347s] -- Symlinking: /home/rokey/turtlebot3_ws/install/turtlebot3_cartographer/share/turtlebot3_cartographer/cmake/turtlebot3_cartographerConfig-version.cmake
[4.368s] -- Symlinking: /home/rokey/turtlebot3_ws/install/turtlebot3_cartographer/share/turtlebot3_cartographer/package.xml
[4.748s] Invoked command in '/home/rokey/turtlebot3_ws/build/turtlebot3_cartographer' returned '0': CMAKE_PREFIX_PATH=/opt/ros/humble /usr/bin/cmake --install /home/rokey/turtlebot3_ws/build/turtlebot3_cartographer
