[0.028s] Invoking command in '/home/rokey-jw/rokeypj_ws/build/turtlebot_moveit': CMAKE_PREFIX_PATH=/home/rokey-jw/rokeypj_ws/install/turtlebot_cosmo_interface:/home/rokey-jw/rokeypj_ws/install/turtlebot3_msgs:/home/rokey-jw/rokeypj_ws/install/turtlebot3_manipulation_teleop:/home/rokey-jw/rokeypj_ws/install/turtlebot3_manipulation_hardware:/home/rokey-jw/rokeypj_ws/install/ld08_driver:/home/rokey-jw/rokeypj_ws/install/turtlebot3_manipulation_moveit_config:/home/rokey-jw/rokeypj_ws/install/turtlebot3_manipulation_bringup:/home/rokey-jw/rokeypj_ws/install/turtlebot3_manipulation_description:/home/rokey-jw/turtlebot3_ws/install/turtlebot3:/home/rokey-jw/turtlebot3_ws/install/turtlebot3_bringup:/home/rokey-jw/turtlebot3_ws/install/turtlebot3_node:/home/rokey-jw/turtlebot3_ws/install/turtlebot3_description:/home/rokey-jw/turtlebot3_ws/install/ld08_driver:/home/rokey-jw/rokeypj_ws/install/sample_pkg:/home/rokey-jw/rokeypj_ws/install/aruco_yolo:/home/rokey-jw/turtlebot3_ws/install/turtlebot3_teleop:/home/rokey-jw/turtlebot3_ws/install/turtlebot3_example:/opt/ros/humble LD_LIBRARY_PATH=/home/rokey-jw/rokeypj_ws/install/turtlebot_cosmo_interface/lib:/home/rokey-jw/rokeypj_ws/install/turtlebot3_msgs/lib:/home/rokey-jw/rokeypj_ws/install/turtlebot3_manipulation_hardware/lib:/opt/ros/humble/opt/rviz_ogre_vendor/lib:/opt/ros/humble/lib/aarch64-linux-gnu:/opt/ros/humble/lib /usr/bin/cmake /home/rokey-jw/rokeypj_ws/src/turtlebot_moveit/turtlebot_moveit -DAMENT_CMAKE_SYMLINK_INSTALL=1 -DCMAKE_INSTALL_PREFIX=/home/rokey-jw/rokeypj_ws/install/turtlebot_moveit
[0.055s] -- Found ament_cmake: 1.3.11 (/opt/ros/humble/share/ament_cmake/cmake)
[0.355s] -- Override CMake install command with custom implementation using symlinks instead of copying resources
[0.384s] -- Found moveit_ros_planning_interface: 2.5.9 (/opt/ros/humble/share/moveit_ros_planning_interface/cmake)
[0.782s] -- Found Boost: /usr/lib/aarch64-linux-gnu/cmake/Boost-1.74.0/BoostConfig.cmake (found version "1.74.0") found components: date_time filesystem program_options system thread 
[0.906s] -- Found rosidl_generator_c: 3.1.6 (/opt/ros/humble/share/rosidl_generator_c/cmake)
[0.920s] -- Found rosidl_adapter: 3.1.6 (/opt/ros/humble/share/rosidl_adapter/cmake)
[0.943s] -- Found rosidl_generator_cpp: 3.1.6 (/opt/ros/humble/share/rosidl_generator_cpp/cmake)
[0.973s] -- Using all available rosidl_typesupport_c: rosidl_typesupport_fastrtps_c;rosidl_typesupport_introspection_c
[1.014s] -- Using all available rosidl_typesupport_cpp: rosidl_typesupport_fastrtps_cpp;rosidl_typesupport_introspection_cpp
[1.469s] -- Found Boost: /usr/lib/aarch64-linux-gnu/cmake/Boost-1.74.0/BoostConfig.cmake (found version "1.74.0") found components: chrono date_time filesystem iostreams program_options regex serialization system thread 
[1.601s] -- Found parameter_traits: 0.4.0 (/opt/ros/humble/share/parameter_traits/cmake)
[1.712s] -- Found rmw_implementation_cmake: 6.1.2 (/opt/ros/humble/share/rmw_implementation_cmake/cmake)
[1.721s] -- Found rmw_fastrtps_cpp: 6.2.7 (/opt/ros/humble/share/rmw_fastrtps_cpp/cmake)
[1.906s] -- Found OpenSSL: /usr/lib/aarch64-linux-gnu/libcrypto.so (found version "3.0.2")  
[1.970s] -- Found FastRTPS: /opt/ros/humble/include  
[2.058s] -- Using RMW implementation 'rmw_fastrtps_cpp' as default
[2.084s] -- Found Threads: TRUE  
[2.189s] -- Found Eigen3: TRUE (found version "3.4.0") 
[2.197s] -- Found rclcpp_lifecycle: 16.0.11 (/opt/ros/humble/share/rclcpp_lifecycle/cmake)
[2.255s] -- Found Boost: /usr/lib/aarch64-linux-gnu/cmake/Boost-1.74.0/BoostConfig.cmake (found version "1.74.0") found components: filesystem 
[2.457s] -- library: /usr/lib/aarch64-linux-gnu/libcurl.so
[2.545s] -- Ensuring Eigen3 include directory is part of orocos-kdl CMake target
[2.908s] -- Found Boost: /usr/lib/aarch64-linux-gnu/cmake/Boost-1.74.0/BoostConfig.cmake (found version "1.74.0") found components: system filesystem date_time program_options thread chrono 
[2.975s] -- Found Boost: /usr/lib/aarch64-linux-gnu/cmake/Boost-1.74.0/BoostConfig.cmake (found version "1.74.0") found components: thread system filesystem regex date_time program_options 
[3.025s] -- Found Boost: /usr/lib/aarch64-linux-gnu/cmake/Boost-1.74.0/BoostConfig.cmake (found version "1.74.0") found components: system filesystem date_time program_options thread 
[3.084s] -- Found turtlebot_cosmo_interface: 0.0.0 (/home/rokey-jw/rokeypj_ws/install/turtlebot_cosmo_interface/share/turtlebot_cosmo_interface/cmake)
[3.517s] -- Configuring done
[3.670s] -- Generating done
[3.704s] -- Build files have been written to: /home/rokey-jw/rokeypj_ws/build/turtlebot_moveit
[3.741s] Invoked command in '/home/rokey-jw/rokeypj_ws/build/turtlebot_moveit' returned '0': CMAKE_PREFIX_PATH=/home/rokey-jw/rokeypj_ws/install/turtlebot_cosmo_interface:/home/rokey-jw/rokeypj_ws/install/turtlebot3_msgs:/home/rokey-jw/rokeypj_ws/install/turtlebot3_manipulation_teleop:/home/rokey-jw/rokeypj_ws/install/turtlebot3_manipulation_hardware:/home/rokey-jw/rokeypj_ws/install/ld08_driver:/home/rokey-jw/rokeypj_ws/install/turtlebot3_manipulation_moveit_config:/home/rokey-jw/rokeypj_ws/install/turtlebot3_manipulation_bringup:/home/rokey-jw/rokeypj_ws/install/turtlebot3_manipulation_description:/home/rokey-jw/turtlebot3_ws/install/turtlebot3:/home/rokey-jw/turtlebot3_ws/install/turtlebot3_bringup:/home/rokey-jw/turtlebot3_ws/install/turtlebot3_node:/home/rokey-jw/turtlebot3_ws/install/turtlebot3_description:/home/rokey-jw/turtlebot3_ws/install/ld08_driver:/home/rokey-jw/rokeypj_ws/install/sample_pkg:/home/rokey-jw/rokeypj_ws/install/aruco_yolo:/home/rokey-jw/turtlebot3_ws/install/turtlebot3_teleop:/home/rokey-jw/turtlebot3_ws/install/turtlebot3_example:/opt/ros/humble LD_LIBRARY_PATH=/home/rokey-jw/rokeypj_ws/install/turtlebot_cosmo_interface/lib:/home/rokey-jw/rokeypj_ws/install/turtlebot3_msgs/lib:/home/rokey-jw/rokeypj_ws/install/turtlebot3_manipulation_hardware/lib:/opt/ros/humble/opt/rviz_ogre_vendor/lib:/opt/ros/humble/lib/aarch64-linux-gnu:/opt/ros/humble/lib /usr/bin/cmake /home/rokey-jw/rokeypj_ws/src/turtlebot_moveit/turtlebot_moveit -DAMENT_CMAKE_SYMLINK_INSTALL=1 -DCMAKE_INSTALL_PREFIX=/home/rokey-jw/rokeypj_ws/install/turtlebot_moveit
[3.748s] Invoking command in '/home/rokey-jw/rokeypj_ws/build/turtlebot_moveit': CMAKE_PREFIX_PATH=/home/rokey-jw/rokeypj_ws/install/turtlebot_cosmo_interface:/home/rokey-jw/rokeypj_ws/install/turtlebot3_msgs:/home/rokey-jw/rokeypj_ws/install/turtlebot3_manipulation_teleop:/home/rokey-jw/rokeypj_ws/install/turtlebot3_manipulation_hardware:/home/rokey-jw/rokeypj_ws/install/ld08_driver:/home/rokey-jw/rokeypj_ws/install/turtlebot3_manipulation_moveit_config:/home/rokey-jw/rokeypj_ws/install/turtlebot3_manipulation_bringup:/home/rokey-jw/rokeypj_ws/install/turtlebot3_manipulation_description:/home/rokey-jw/turtlebot3_ws/install/turtlebot3:/home/rokey-jw/turtlebot3_ws/install/turtlebot3_bringup:/home/rokey-jw/turtlebot3_ws/install/turtlebot3_node:/home/rokey-jw/turtlebot3_ws/install/turtlebot3_description:/home/rokey-jw/turtlebot3_ws/install/ld08_driver:/home/rokey-jw/rokeypj_ws/install/sample_pkg:/home/rokey-jw/rokeypj_ws/install/aruco_yolo:/home/rokey-jw/turtlebot3_ws/install/turtlebot3_teleop:/home/rokey-jw/turtlebot3_ws/install/turtlebot3_example:/opt/ros/humble LD_LIBRARY_PATH=/home/rokey-jw/rokeypj_ws/install/turtlebot_cosmo_interface/lib:/home/rokey-jw/rokeypj_ws/install/turtlebot3_msgs/lib:/home/rokey-jw/rokeypj_ws/install/turtlebot3_manipulation_hardware/lib:/opt/ros/humble/opt/rviz_ogre_vendor/lib:/opt/ros/humble/lib/aarch64-linux-gnu:/opt/ros/humble/lib /usr/bin/cmake --build /home/rokey-jw/rokeypj_ws/build/turtlebot_moveit -- -j6 -l6
[3.866s] [ 16%] [32mBuilding CXX object CMakeFiles/turtlebot_moveit.dir/src/turtlebot_moveit.cpp.o[0m
[3.870s] [ 33%] [32mBuilding CXX object CMakeFiles/get_eef_pose.dir/src/get_eef_pose.cpp.o[0m
[3.874s] [ 50%] [32mBuilding CXX object CMakeFiles/turtlebot_arm_controller.dir/src/turtlebot_arm_controller.cpp.o[0m
[3.888s] [ 50%] Built target ament_cmake_python_symlink_scripts
[4.488s] running egg_info
[4.489s] creating scripts.egg-info
[4.490s] writing scripts.egg-info/PKG-INFO
[4.490s] writing dependency_links to scripts.egg-info/dependency_links.txt
[4.491s] writing top-level names to scripts.egg-info/top_level.txt
[4.491s] writing manifest file 'scripts.egg-info/SOURCES.txt'
[4.496s] reading manifest file 'scripts.egg-info/SOURCES.txt'
[4.497s] writing manifest file 'scripts.egg-info/SOURCES.txt'
[4.578s] [ 50%] Built target ament_cmake_python_build_scripts_egg
[24.045s] [ 66%] [32m[1mLinking CXX executable get_eef_pose[0m
[24.076s] [ 83%] [32m[1mLinking CXX executable turtlebot_moveit[0m
[24.901s] [ 83%] Built target get_eef_pose
[24.983s] [ 83%] Built target turtlebot_moveit
[25.083s] [100%] [32m[1mLinking CXX executable turtlebot_arm_controller[0m
[26.010s] [100%] Built target turtlebot_arm_controller
[26.039s] Invoked command in '/home/rokey-jw/rokeypj_ws/build/turtlebot_moveit' returned '0': CMAKE_PREFIX_PATH=/home/rokey-jw/rokeypj_ws/install/turtlebot_cosmo_interface:/home/rokey-jw/rokeypj_ws/install/turtlebot3_msgs:/home/rokey-jw/rokeypj_ws/install/turtlebot3_manipulation_teleop:/home/rokey-jw/rokeypj_ws/install/turtlebot3_manipulation_hardware:/home/rokey-jw/rokeypj_ws/install/ld08_driver:/home/rokey-jw/rokeypj_ws/install/turtlebot3_manipulation_moveit_config:/home/rokey-jw/rokeypj_ws/install/turtlebot3_manipulation_bringup:/home/rokey-jw/rokeypj_ws/install/turtlebot3_manipulation_description:/home/rokey-jw/turtlebot3_ws/install/turtlebot3:/home/rokey-jw/turtlebot3_ws/install/turtlebot3_bringup:/home/rokey-jw/turtlebot3_ws/install/turtlebot3_node:/home/rokey-jw/turtlebot3_ws/install/turtlebot3_description:/home/rokey-jw/turtlebot3_ws/install/ld08_driver:/home/rokey-jw/rokeypj_ws/install/sample_pkg:/home/rokey-jw/rokeypj_ws/install/aruco_yolo:/home/rokey-jw/turtlebot3_ws/install/turtlebot3_teleop:/home/rokey-jw/turtlebot3_ws/install/turtlebot3_example:/opt/ros/humble LD_LIBRARY_PATH=/home/rokey-jw/rokeypj_ws/install/turtlebot_cosmo_interface/lib:/home/rokey-jw/rokeypj_ws/install/turtlebot3_msgs/lib:/home/rokey-jw/rokeypj_ws/install/turtlebot3_manipulation_hardware/lib:/opt/ros/humble/opt/rviz_ogre_vendor/lib:/opt/ros/humble/lib/aarch64-linux-gnu:/opt/ros/humble/lib /usr/bin/cmake --build /home/rokey-jw/rokeypj_ws/build/turtlebot_moveit -- -j6 -l6
[26.068s] Invoking command in '/home/rokey-jw/rokeypj_ws/build/turtlebot_moveit': CMAKE_PREFIX_PATH=/home/rokey-jw/rokeypj_ws/install/turtlebot_cosmo_interface:/home/rokey-jw/rokeypj_ws/install/turtlebot3_msgs:/home/rokey-jw/rokeypj_ws/install/turtlebot3_manipulation_teleop:/home/rokey-jw/rokeypj_ws/install/turtlebot3_manipulation_hardware:/home/rokey-jw/rokeypj_ws/install/ld08_driver:/home/rokey-jw/rokeypj_ws/install/turtlebot3_manipulation_moveit_config:/home/rokey-jw/rokeypj_ws/install/turtlebot3_manipulation_bringup:/home/rokey-jw/rokeypj_ws/install/turtlebot3_manipulation_description:/home/rokey-jw/turtlebot3_ws/install/turtlebot3:/home/rokey-jw/turtlebot3_ws/install/turtlebot3_bringup:/home/rokey-jw/turtlebot3_ws/install/turtlebot3_node:/home/rokey-jw/turtlebot3_ws/install/turtlebot3_description:/home/rokey-jw/turtlebot3_ws/install/ld08_driver:/home/rokey-jw/rokeypj_ws/install/sample_pkg:/home/rokey-jw/rokeypj_ws/install/aruco_yolo:/home/rokey-jw/turtlebot3_ws/install/turtlebot3_teleop:/home/rokey-jw/turtlebot3_ws/install/turtlebot3_example:/opt/ros/humble LD_LIBRARY_PATH=/home/rokey-jw/rokeypj_ws/install/turtlebot_cosmo_interface/lib:/home/rokey-jw/rokeypj_ws/install/turtlebot3_msgs/lib:/home/rokey-jw/rokeypj_ws/install/turtlebot3_manipulation_hardware/lib:/opt/ros/humble/opt/rviz_ogre_vendor/lib:/opt/ros/humble/lib/aarch64-linux-gnu:/opt/ros/humble/lib /usr/bin/cmake --install /home/rokey-jw/rokeypj_ws/build/turtlebot_moveit
[26.084s] -- Install configuration: ""
[26.085s] -- Execute custom install script
[26.086s] -- Symlinking: /home/rokey-jw/rokeypj_ws/install/turtlebot_moveit/lib/turtlebot_moveit/turtlebot_moveit
[26.109s] -- Symlinking: /home/rokey-jw/rokeypj_ws/install/turtlebot_moveit/lib/turtlebot_moveit/get_eef_pose
[26.132s] -- Symlinking: /home/rokey-jw/rokeypj_ws/install/turtlebot_moveit/lib/turtlebot_moveit/turtlebot_arm_controller
[26.150s] -- Symlinking: /home/rokey-jw/rokeypj_ws/install/turtlebot_moveit/share/turtlebot_moveit/environment/pythonpath.sh
[26.170s] -- Symlinking: /home/rokey-jw/rokeypj_ws/install/turtlebot_moveit/share/turtlebot_moveit/environment/pythonpath.dsv
[26.192s] -- Symlinking: /home/rokey-jw/rokeypj_ws/install/turtlebot_moveit/local/lib/python3.10/dist-packages/scripts-0.0.0-py3.10.egg-info/PKG-INFO
[26.215s] -- Symlinking: /home/rokey-jw/rokeypj_ws/install/turtlebot_moveit/local/lib/python3.10/dist-packages/scripts-0.0.0-py3.10.egg-info/SOURCES.txt
[26.235s] -- Symlinking: /home/rokey-jw/rokeypj_ws/install/turtlebot_moveit/local/lib/python3.10/dist-packages/scripts-0.0.0-py3.10.egg-info/dependency_links.txt
[26.256s] -- Symlinking: /home/rokey-jw/rokeypj_ws/install/turtlebot_moveit/local/lib/python3.10/dist-packages/scripts-0.0.0-py3.10.egg-info/top_level.txt
[26.276s] -- Symlinking: /home/rokey-jw/rokeypj_ws/install/turtlebot_moveit/local/lib/python3.10/dist-packages/scripts/__init__.py
[26.296s] -- Symlinking: /home/rokey-jw/rokeypj_ws/install/turtlebot_moveit/local/lib/python3.10/dist-packages/scripts/simple_manager_node.py
[26.316s] -- Symlinking: /home/rokey-jw/rokeypj_ws/install/turtlebot_moveit/local/lib/python3.10/dist-packages/scripts/srv_call_test.py
[26.336s] -- Symlinking: /home/rokey-jw/rokeypj_ws/install/turtlebot_moveit/local/lib/python3.10/dist-packages/scripts/task.py
[26.356s] -- Symlinking: /home/rokey-jw/rokeypj_ws/install/turtlebot_moveit/lib/turtlebot_moveit/srv_call_test.py
[26.376s] -- Symlinking: /home/rokey-jw/rokeypj_ws/install/turtlebot_moveit/lib/turtlebot_moveit/task.py
[26.396s] -- Symlinking: /home/rokey-jw/rokeypj_ws/install/turtlebot_moveit/share/ament_index/resource_index/package_run_dependencies/turtlebot_moveit
[26.417s] -- Symlinking: /home/rokey-jw/rokeypj_ws/install/turtlebot_moveit/share/ament_index/resource_index/parent_prefix_path/turtlebot_moveit
[26.436s] -- Symlinking: /home/rokey-jw/rokeypj_ws/install/turtlebot_moveit/share/turtlebot_moveit/environment/ament_prefix_path.sh
[26.459s] -- Symlinking: /home/rokey-jw/rokeypj_ws/install/turtlebot_moveit/share/turtlebot_moveit/environment/ament_prefix_path.dsv
[26.478s] -- Symlinking: /home/rokey-jw/rokeypj_ws/install/turtlebot_moveit/share/turtlebot_moveit/environment/path.sh
[26.499s] -- Symlinking: /home/rokey-jw/rokeypj_ws/install/turtlebot_moveit/share/turtlebot_moveit/environment/path.dsv
[26.522s] -- Symlinking: /home/rokey-jw/rokeypj_ws/install/turtlebot_moveit/share/turtlebot_moveit/local_setup.bash
[26.543s] -- Symlinking: /home/rokey-jw/rokeypj_ws/install/turtlebot_moveit/share/turtlebot_moveit/local_setup.sh
[26.562s] -- Symlinking: /home/rokey-jw/rokeypj_ws/install/turtlebot_moveit/share/turtlebot_moveit/local_setup.zsh
[26.585s] -- Symlinking: /home/rokey-jw/rokeypj_ws/install/turtlebot_moveit/share/turtlebot_moveit/local_setup.dsv
[26.605s] -- Symlinking: /home/rokey-jw/rokeypj_ws/install/turtlebot_moveit/share/turtlebot_moveit/package.dsv
[26.627s] -- Symlinking: /home/rokey-jw/rokeypj_ws/install/turtlebot_moveit/share/ament_index/resource_index/packages/turtlebot_moveit
[26.649s] -- Symlinking: /home/rokey-jw/rokeypj_ws/install/turtlebot_moveit/share/turtlebot_moveit/cmake/turtlebot_moveitConfig.cmake
[26.666s] -- Symlinking: /home/rokey-jw/rokeypj_ws/install/turtlebot_moveit/share/turtlebot_moveit/cmake/turtlebot_moveitConfig-version.cmake
[26.686s] -- Symlinking: /home/rokey-jw/rokeypj_ws/install/turtlebot_moveit/share/turtlebot_moveit/package.xml
[26.806s] Listing '/home/rokey-jw/rokeypj_ws/install/turtlebot_moveit/local/lib/python3.10/dist-packages/scripts'...
[26.807s] Compiling '/home/rokey-jw/rokeypj_ws/install/turtlebot_moveit/local/lib/python3.10/dist-packages/scripts/__init__.py'...
[26.808s] Compiling '/home/rokey-jw/rokeypj_ws/install/turtlebot_moveit/local/lib/python3.10/dist-packages/scripts/simple_manager_node.py'...
[26.808s] Compiling '/home/rokey-jw/rokeypj_ws/install/turtlebot_moveit/local/lib/python3.10/dist-packages/scripts/srv_call_test.py'...
[26.808s] Compiling '/home/rokey-jw/rokeypj_ws/install/turtlebot_moveit/local/lib/python3.10/dist-packages/scripts/task.py'...
[26.826s] Invoked command in '/home/rokey-jw/rokeypj_ws/build/turtlebot_moveit' returned '0': CMAKE_PREFIX_PATH=/home/rokey-jw/rokeypj_ws/install/turtlebot_cosmo_interface:/home/rokey-jw/rokeypj_ws/install/turtlebot3_msgs:/home/rokey-jw/rokeypj_ws/install/turtlebot3_manipulation_teleop:/home/rokey-jw/rokeypj_ws/install/turtlebot3_manipulation_hardware:/home/rokey-jw/rokeypj_ws/install/ld08_driver:/home/rokey-jw/rokeypj_ws/install/turtlebot3_manipulation_moveit_config:/home/rokey-jw/rokeypj_ws/install/turtlebot3_manipulation_bringup:/home/rokey-jw/rokeypj_ws/install/turtlebot3_manipulation_description:/home/rokey-jw/turtlebot3_ws/install/turtlebot3:/home/rokey-jw/turtlebot3_ws/install/turtlebot3_bringup:/home/rokey-jw/turtlebot3_ws/install/turtlebot3_node:/home/rokey-jw/turtlebot3_ws/install/turtlebot3_description:/home/rokey-jw/turtlebot3_ws/install/ld08_driver:/home/rokey-jw/rokeypj_ws/install/sample_pkg:/home/rokey-jw/rokeypj_ws/install/aruco_yolo:/home/rokey-jw/turtlebot3_ws/install/turtlebot3_teleop:/home/rokey-jw/turtlebot3_ws/install/turtlebot3_example:/opt/ros/humble LD_LIBRARY_PATH=/home/rokey-jw/rokeypj_ws/install/turtlebot_cosmo_interface/lib:/home/rokey-jw/rokeypj_ws/install/turtlebot3_msgs/lib:/home/rokey-jw/rokeypj_ws/install/turtlebot3_manipulation_hardware/lib:/opt/ros/humble/opt/rviz_ogre_vendor/lib:/opt/ros/humble/lib/aarch64-linux-gnu:/opt/ros/humble/lib /usr/bin/cmake --install /home/rokey-jw/rokeypj_ws/build/turtlebot_moveit
