[5.291s] Invoking command in '/home/rokey-jw/rokeyracing_ws/src/turtlebot3_autorace_mission': PYTHONPATH=/home/rokey-jw/rokeyracing_ws/build/turtlebot3_autorace_mission/prefix_override:/usr/lib/python3/dist-packages/colcon_core/task/python/colcon_distutils_commands:/home/rokey-jw/rokeyracing_ws/install/turtlebot3_autorace_mission/lib/python3.10/site-packages:${PYTHONPATH} /usr/bin/python3 -W ignore:setup.py install is deprecated -W ignore:easy_install command is deprecated setup.py egg_info --egg-base ../../build/turtlebot3_autorace_mission build --build-base /home/rokey-jw/rokeyracing_ws/build/turtlebot3_autorace_mission/build install --record /home/rokey-jw/rokeyracing_ws/build/turtlebot3_autorace_mission/install.log --single-version-externally-managed install_data
[6.008s] running egg_info
[6.009s] creating ../../build/turtlebot3_autorace_mission/turtlebot3_autorace_mission.egg-info
[6.010s] writing ../../build/turtlebot3_autorace_mission/turtlebot3_autorace_mission.egg-info/PKG-INFO
[6.011s] writing dependency_links to ../../build/turtlebot3_autorace_mission/turtlebot3_autorace_mission.egg-info/dependency_links.txt
[6.011s] writing entry points to ../../build/turtlebot3_autorace_mission/turtlebot3_autorace_mission.egg-info/entry_points.txt
[6.012s] writing requirements to ../../build/turtlebot3_autorace_mission/turtlebot3_autorace_mission.egg-info/requires.txt
[6.012s] writing top-level names to ../../build/turtlebot3_autorace_mission/turtlebot3_autorace_mission.egg-info/top_level.txt
[6.012s] writing manifest file '../../build/turtlebot3_autorace_mission/turtlebot3_autorace_mission.egg-info/SOURCES.txt'
[6.021s] reading manifest file '../../build/turtlebot3_autorace_mission/turtlebot3_autorace_mission.egg-info/SOURCES.txt'
[6.022s] writing manifest file '../../build/turtlebot3_autorace_mission/turtlebot3_autorace_mission.egg-info/SOURCES.txt'
[6.023s] running build
[6.023s] running build_py
[6.024s] creating /home/rokey-jw/rokeyracing_ws/build/turtlebot3_autorace_mission/build
[6.024s] creating /home/rokey-jw/rokeyracing_ws/build/turtlebot3_autorace_mission/build/lib
[6.024s] creating /home/rokey-jw/rokeyracing_ws/build/turtlebot3_autorace_mission/build/lib/turtlebot3_autorace_mission
[6.024s] copying turtlebot3_autorace_mission/mission_tunnel.py -> /home/rokey-jw/rokeyracing_ws/build/turtlebot3_autorace_mission/build/lib/turtlebot3_autorace_mission
[6.025s] copying turtlebot3_autorace_mission/control_lane.py -> /home/rokey-jw/rokeyracing_ws/build/turtlebot3_autorace_mission/build/lib/turtlebot3_autorace_mission
[6.025s] copying turtlebot3_autorace_mission/__init__.py -> /home/rokey-jw/rokeyracing_ws/build/turtlebot3_autorace_mission/build/lib/turtlebot3_autorace_mission
[6.026s] copying turtlebot3_autorace_mission/avoid_construction.py -> /home/rokey-jw/rokeyracing_ws/build/turtlebot3_autorace_mission/build/lib/turtlebot3_autorace_mission
[6.027s] running install
[6.028s] running install_lib
[6.030s] creating /home/rokey-jw/rokeyracing_ws/install/turtlebot3_autorace_mission/lib/python3.10/site-packages/turtlebot3_autorace_mission
[6.030s] copying /home/rokey-jw/rokeyracing_ws/build/turtlebot3_autorace_mission/build/lib/turtlebot3_autorace_mission/mission_tunnel.py -> /home/rokey-jw/rokeyracing_ws/install/turtlebot3_autorace_mission/lib/python3.10/site-packages/turtlebot3_autorace_mission
[6.031s] copying /home/rokey-jw/rokeyracing_ws/build/turtlebot3_autorace_mission/build/lib/turtlebot3_autorace_mission/control_lane.py -> /home/rokey-jw/rokeyracing_ws/install/turtlebot3_autorace_mission/lib/python3.10/site-packages/turtlebot3_autorace_mission
[6.031s] copying /home/rokey-jw/rokeyracing_ws/build/turtlebot3_autorace_mission/build/lib/turtlebot3_autorace_mission/__init__.py -> /home/rokey-jw/rokeyracing_ws/install/turtlebot3_autorace_mission/lib/python3.10/site-packages/turtlebot3_autorace_mission
[6.032s] copying /home/rokey-jw/rokeyracing_ws/build/turtlebot3_autorace_mission/build/lib/turtlebot3_autorace_mission/avoid_construction.py -> /home/rokey-jw/rokeyracing_ws/install/turtlebot3_autorace_mission/lib/python3.10/site-packages/turtlebot3_autorace_mission
[6.034s] byte-compiling /home/rokey-jw/rokeyracing_ws/install/turtlebot3_autorace_mission/lib/python3.10/site-packages/turtlebot3_autorace_mission/mission_tunnel.py to mission_tunnel.cpython-310.pyc
[6.036s] byte-compiling /home/rokey-jw/rokeyracing_ws/install/turtlebot3_autorace_mission/lib/python3.10/site-packages/turtlebot3_autorace_mission/control_lane.py to control_lane.cpython-310.pyc
[6.038s] byte-compiling /home/rokey-jw/rokeyracing_ws/install/turtlebot3_autorace_mission/lib/python3.10/site-packages/turtlebot3_autorace_mission/__init__.py to __init__.cpython-310.pyc
[6.038s] byte-compiling /home/rokey-jw/rokeyracing_ws/install/turtlebot3_autorace_mission/lib/python3.10/site-packages/turtlebot3_autorace_mission/avoid_construction.py to avoid_construction.cpython-310.pyc
[6.043s] running install_data
[6.043s] creating /home/rokey-jw/rokeyracing_ws/install/turtlebot3_autorace_mission/share/ament_index
[6.044s] creating /home/rokey-jw/rokeyracing_ws/install/turtlebot3_autorace_mission/share/ament_index/resource_index
[6.044s] creating /home/rokey-jw/rokeyracing_ws/install/turtlebot3_autorace_mission/share/ament_index/resource_index/packages
[6.044s] copying resource/turtlebot3_autorace_mission -> /home/rokey-jw/rokeyracing_ws/install/turtlebot3_autorace_mission/share/ament_index/resource_index/packages
[6.045s] copying package.xml -> /home/rokey-jw/rokeyracing_ws/install/turtlebot3_autorace_mission/share/turtlebot3_autorace_mission
[6.045s] creating /home/rokey-jw/rokeyracing_ws/install/turtlebot3_autorace_mission/share/turtlebot3_autorace_mission/launch
[6.045s] copying launch/mission_construction.launch.py -> /home/rokey-jw/rokeyracing_ws/install/turtlebot3_autorace_mission/share/turtlebot3_autorace_mission/launch
[6.046s] copying launch/mission_tunnel.launch.py -> /home/rokey-jw/rokeyracing_ws/install/turtlebot3_autorace_mission/share/turtlebot3_autorace_mission/launch
[6.046s] copying launch/control_lane.launch.py -> /home/rokey-jw/rokeyracing_ws/install/turtlebot3_autorace_mission/share/turtlebot3_autorace_mission/launch
[6.047s] creating /home/rokey-jw/rokeyracing_ws/install/turtlebot3_autorace_mission/share/turtlebot3_autorace_mission/param
[6.047s] copying param/navigation.yaml -> /home/rokey-jw/rokeyracing_ws/install/turtlebot3_autorace_mission/share/turtlebot3_autorace_mission/param
[6.048s] creating /home/rokey-jw/rokeyracing_ws/install/turtlebot3_autorace_mission/share/turtlebot3_autorace_mission/map
[6.048s] copying map/map.pgm -> /home/rokey-jw/rokeyracing_ws/install/turtlebot3_autorace_mission/share/turtlebot3_autorace_mission/map
[6.049s] copying map/map.yaml -> /home/rokey-jw/rokeyracing_ws/install/turtlebot3_autorace_mission/share/turtlebot3_autorace_mission/map
[6.049s] running install_egg_info
[6.055s] Copying ../../build/turtlebot3_autorace_mission/turtlebot3_autorace_mission.egg-info to /home/rokey-jw/rokeyracing_ws/install/turtlebot3_autorace_mission/lib/python3.10/site-packages/turtlebot3_autorace_mission-1.2.1-py3.10.egg-info
[6.057s] running install_scripts
[6.117s] Installing avoid_construction script to /home/rokey-jw/rokeyracing_ws/install/turtlebot3_autorace_mission/lib/turtlebot3_autorace_mission
[6.118s] Installing control_lane script to /home/rokey-jw/rokeyracing_ws/install/turtlebot3_autorace_mission/lib/turtlebot3_autorace_mission
[6.124s] Installing mission_tunnel script to /home/rokey-jw/rokeyracing_ws/install/turtlebot3_autorace_mission/lib/turtlebot3_autorace_mission
[6.124s] writing list of installed files to '/home/rokey-jw/rokeyracing_ws/build/turtlebot3_autorace_mission/install.log'
[6.243s] Invoked command in '/home/rokey-jw/rokeyracing_ws/src/turtlebot3_autorace_mission' returned '0': PYTHONPATH=/home/rokey-jw/rokeyracing_ws/build/turtlebot3_autorace_mission/prefix_override:/usr/lib/python3/dist-packages/colcon_core/task/python/colcon_distutils_commands:/home/rokey-jw/rokeyracing_ws/install/turtlebot3_autorace_mission/lib/python3.10/site-packages:${PYTHONPATH} /usr/bin/python3 -W ignore:setup.py install is deprecated -W ignore:easy_install command is deprecated setup.py egg_info --egg-base ../../build/turtlebot3_autorace_mission build --build-base /home/rokey-jw/rokeyracing_ws/build/turtlebot3_autorace_mission/build install --record /home/rokey-jw/rokeyracing_ws/build/turtlebot3_autorace_mission/install.log --single-version-externally-managed install_data
