[0.035s] Invoking command in '/home/rokey-jw/rokeypj_ws/build/turtlebot_moveit': CMAKE_PREFIX_PATH=/home/rokey-jw/rokeypj_ws/install/turtlebot_cosmo_interface:/home/rokey-jw/rokeypj_ws/install/turtlebot3_msgs:/home/rokey-jw/rokeypj_ws/install/turtlebot3_manipulation_teleop:/home/rokey-jw/rokeypj_ws/install/turtlebot3_manipulation_hardware:/home/rokey-jw/rokeypj_ws/install/ld08_driver:/home/rokey-jw/rokeypj_ws/install/turtlebot3_manipulation_moveit_config:/home/rokey-jw/rokeypj_ws/install/turtlebot3_manipulation_bringup:/home/rokey-jw/rokeypj_ws/install/turtlebot3_manipulation_description:/home/rokey-jw/turtlebot3_ws/install/turtlebot3:/home/rokey-jw/turtlebot3_ws/install/turtlebot3_bringup:/home/rokey-jw/turtlebot3_ws/install/turtlebot3_node:/home/rokey-jw/turtlebot3_ws/install/turtlebot3_description:/home/rokey-jw/turtlebot3_ws/install/ld08_driver:/home/rokey-jw/rokeypj_ws/install/sample_pkg:/home/rokey-jw/rokeypj_ws/install/aruco_yolo:/home/rokey-jw/turtlebot3_ws/install/turtlebot3_teleop:/home/rokey-jw/turtlebot3_ws/install/turtlebot3_example:/opt/ros/humble LD_LIBRARY_PATH=/home/rokey-jw/rokeypj_ws/install/turtlebot_cosmo_interface/lib:/home/rokey-jw/rokeypj_ws/install/turtlebot3_msgs/lib:/home/rokey-jw/rokeypj_ws/install/turtlebot3_manipulation_hardware/lib:/opt/ros/humble/opt/rviz_ogre_vendor/lib:/opt/ros/humble/lib/aarch64-linux-gnu:/opt/ros/humble/lib /usr/bin/cmake --build /home/rokey-jw/rokeypj_ws/build/turtlebot_moveit -- -j6 -l6
[0.130s] [35m[1mConsolidate compiler generated dependencies of target turtlebot_moveit[0m
[0.130s] [35m[1mConsolidate compiler generated dependencies of target get_eef_pose[0m
[0.138s] [35m[1mConsolidate compiler generated dependencies of target turtlebot_arm_controller[0m
[0.168s] [  0%] Built target ament_cmake_python_symlink_scripts
[0.185s] [ 50%] Built target get_eef_pose
[0.185s] [ 66%] Built target turtlebot_moveit
[0.191s] [100%] Built target turtlebot_arm_controller
[0.765s] running egg_info
[0.767s] writing scripts.egg-info/PKG-INFO
[0.767s] writing dependency_links to scripts.egg-info/dependency_links.txt
[0.768s] writing top-level names to scripts.egg-info/top_level.txt
[0.773s] reading manifest file 'scripts.egg-info/SOURCES.txt'
[0.774s] writing manifest file 'scripts.egg-info/SOURCES.txt'
[0.851s] [100%] Built target ament_cmake_python_build_scripts_egg
[0.878s] Invoked command in '/home/rokey-jw/rokeypj_ws/build/turtlebot_moveit' returned '0': CMAKE_PREFIX_PATH=/home/rokey-jw/rokeypj_ws/install/turtlebot_cosmo_interface:/home/rokey-jw/rokeypj_ws/install/turtlebot3_msgs:/home/rokey-jw/rokeypj_ws/install/turtlebot3_manipulation_teleop:/home/rokey-jw/rokeypj_ws/install/turtlebot3_manipulation_hardware:/home/rokey-jw/rokeypj_ws/install/ld08_driver:/home/rokey-jw/rokeypj_ws/install/turtlebot3_manipulation_moveit_config:/home/rokey-jw/rokeypj_ws/install/turtlebot3_manipulation_bringup:/home/rokey-jw/rokeypj_ws/install/turtlebot3_manipulation_description:/home/rokey-jw/turtlebot3_ws/install/turtlebot3:/home/rokey-jw/turtlebot3_ws/install/turtlebot3_bringup:/home/rokey-jw/turtlebot3_ws/install/turtlebot3_node:/home/rokey-jw/turtlebot3_ws/install/turtlebot3_description:/home/rokey-jw/turtlebot3_ws/install/ld08_driver:/home/rokey-jw/rokeypj_ws/install/sample_pkg:/home/rokey-jw/rokeypj_ws/install/aruco_yolo:/home/rokey-jw/turtlebot3_ws/install/turtlebot3_teleop:/home/rokey-jw/turtlebot3_ws/install/turtlebot3_example:/opt/ros/humble LD_LIBRARY_PATH=/home/rokey-jw/rokeypj_ws/install/turtlebot_cosmo_interface/lib:/home/rokey-jw/rokeypj_ws/install/turtlebot3_msgs/lib:/home/rokey-jw/rokeypj_ws/install/turtlebot3_manipulation_hardware/lib:/opt/ros/humble/opt/rviz_ogre_vendor/lib:/opt/ros/humble/lib/aarch64-linux-gnu:/opt/ros/humble/lib /usr/bin/cmake --build /home/rokey-jw/rokeypj_ws/build/turtlebot_moveit -- -j6 -l6
[0.882s] Invoking command in '/home/rokey-jw/rokeypj_ws/build/turtlebot_moveit': CMAKE_PREFIX_PATH=/home/rokey-jw/rokeypj_ws/install/turtlebot_cosmo_interface:/home/rokey-jw/rokeypj_ws/install/turtlebot3_msgs:/home/rokey-jw/rokeypj_ws/install/turtlebot3_manipulation_teleop:/home/rokey-jw/rokeypj_ws/install/turtlebot3_manipulation_hardware:/home/rokey-jw/rokeypj_ws/install/ld08_driver:/home/rokey-jw/rokeypj_ws/install/turtlebot3_manipulation_moveit_config:/home/rokey-jw/rokeypj_ws/install/turtlebot3_manipulation_bringup:/home/rokey-jw/rokeypj_ws/install/turtlebot3_manipulation_description:/home/rokey-jw/turtlebot3_ws/install/turtlebot3:/home/rokey-jw/turtlebot3_ws/install/turtlebot3_bringup:/home/rokey-jw/turtlebot3_ws/install/turtlebot3_node:/home/rokey-jw/turtlebot3_ws/install/turtlebot3_description:/home/rokey-jw/turtlebot3_ws/install/ld08_driver:/home/rokey-jw/rokeypj_ws/install/sample_pkg:/home/rokey-jw/rokeypj_ws/install/aruco_yolo:/home/rokey-jw/turtlebot3_ws/install/turtlebot3_teleop:/home/rokey-jw/turtlebot3_ws/install/turtlebot3_example:/opt/ros/humble LD_LIBRARY_PATH=/home/rokey-jw/rokeypj_ws/install/turtlebot_cosmo_interface/lib:/home/rokey-jw/rokeypj_ws/install/turtlebot3_msgs/lib:/home/rokey-jw/rokeypj_ws/install/turtlebot3_manipulation_hardware/lib:/opt/ros/humble/opt/rviz_ogre_vendor/lib:/opt/ros/humble/lib/aarch64-linux-gnu:/opt/ros/humble/lib /usr/bin/cmake --install /home/rokey-jw/rokeypj_ws/build/turtlebot_moveit
[0.900s] -- Install configuration: ""
[0.901s] -- Execute custom install script
[0.901s] -- Up-to-date symlink: /home/rokey-jw/rokeypj_ws/install/turtlebot_moveit/lib/turtlebot_moveit/turtlebot_moveit
[0.902s] -- Up-to-date symlink: /home/rokey-jw/rokeypj_ws/install/turtlebot_moveit/lib/turtlebot_moveit/get_eef_pose
[0.902s] -- Up-to-date symlink: /home/rokey-jw/rokeypj_ws/install/turtlebot_moveit/lib/turtlebot_moveit/turtlebot_arm_controller
[0.902s] -- Up-to-date symlink: /home/rokey-jw/rokeypj_ws/install/turtlebot_moveit/share/turtlebot_moveit/environment/pythonpath.sh
[0.903s] -- Up-to-date symlink: /home/rokey-jw/rokeypj_ws/install/turtlebot_moveit/share/turtlebot_moveit/environment/pythonpath.dsv
[0.903s] -- Up-to-date symlink: /home/rokey-jw/rokeypj_ws/install/turtlebot_moveit/local/lib/python3.10/dist-packages/scripts-0.0.0-py3.10.egg-info/PKG-INFO
[0.904s] -- Up-to-date symlink: /home/rokey-jw/rokeypj_ws/install/turtlebot_moveit/local/lib/python3.10/dist-packages/scripts-0.0.0-py3.10.egg-info/SOURCES.txt
[0.904s] -- Up-to-date symlink: /home/rokey-jw/rokeypj_ws/install/turtlebot_moveit/local/lib/python3.10/dist-packages/scripts-0.0.0-py3.10.egg-info/dependency_links.txt
[0.904s] -- Up-to-date symlink: /home/rokey-jw/rokeypj_ws/install/turtlebot_moveit/local/lib/python3.10/dist-packages/scripts-0.0.0-py3.10.egg-info/top_level.txt
[0.905s] -- Up-to-date symlink: /home/rokey-jw/rokeypj_ws/install/turtlebot_moveit/local/lib/python3.10/dist-packages/scripts/__init__.py
[0.905s] -- Up-to-date symlink: /home/rokey-jw/rokeypj_ws/install/turtlebot_moveit/local/lib/python3.10/dist-packages/scripts/simple_manager_node.py
[0.905s] -- Up-to-date symlink: /home/rokey-jw/rokeypj_ws/install/turtlebot_moveit/local/lib/python3.10/dist-packages/scripts/srv_call_test.py
[0.906s] -- Up-to-date symlink: /home/rokey-jw/rokeypj_ws/install/turtlebot_moveit/local/lib/python3.10/dist-packages/scripts/task.py
[0.906s] -- Up-to-date symlink: /home/rokey-jw/rokeypj_ws/install/turtlebot_moveit/lib/turtlebot_moveit/srv_call_test.py
[0.906s] -- Up-to-date symlink: /home/rokey-jw/rokeypj_ws/install/turtlebot_moveit/lib/turtlebot_moveit/task.py
[0.907s] -- Up-to-date symlink: /home/rokey-jw/rokeypj_ws/install/turtlebot_moveit/share/ament_index/resource_index/package_run_dependencies/turtlebot_moveit
[0.907s] -- Up-to-date symlink: /home/rokey-jw/rokeypj_ws/install/turtlebot_moveit/share/ament_index/resource_index/parent_prefix_path/turtlebot_moveit
[0.908s] -- Up-to-date symlink: /home/rokey-jw/rokeypj_ws/install/turtlebot_moveit/share/turtlebot_moveit/environment/ament_prefix_path.sh
[0.908s] -- Up-to-date symlink: /home/rokey-jw/rokeypj_ws/install/turtlebot_moveit/share/turtlebot_moveit/environment/ament_prefix_path.dsv
[0.908s] -- Up-to-date symlink: /home/rokey-jw/rokeypj_ws/install/turtlebot_moveit/share/turtlebot_moveit/environment/path.sh
[0.909s] -- Up-to-date symlink: /home/rokey-jw/rokeypj_ws/install/turtlebot_moveit/share/turtlebot_moveit/environment/path.dsv
[0.909s] -- Up-to-date symlink: /home/rokey-jw/rokeypj_ws/install/turtlebot_moveit/share/turtlebot_moveit/local_setup.bash
[0.909s] -- Up-to-date symlink: /home/rokey-jw/rokeypj_ws/install/turtlebot_moveit/share/turtlebot_moveit/local_setup.sh
[0.910s] -- Up-to-date symlink: /home/rokey-jw/rokeypj_ws/install/turtlebot_moveit/share/turtlebot_moveit/local_setup.zsh
[0.910s] -- Up-to-date symlink: /home/rokey-jw/rokeypj_ws/install/turtlebot_moveit/share/turtlebot_moveit/local_setup.dsv
[0.910s] -- Symlinking: /home/rokey-jw/rokeypj_ws/install/turtlebot_moveit/share/turtlebot_moveit/package.dsv
[0.929s] -- Up-to-date symlink: /home/rokey-jw/rokeypj_ws/install/turtlebot_moveit/share/ament_index/resource_index/packages/turtlebot_moveit
[0.930s] -- Up-to-date symlink: /home/rokey-jw/rokeypj_ws/install/turtlebot_moveit/share/turtlebot_moveit/cmake/turtlebot_moveitConfig.cmake
[0.930s] -- Up-to-date symlink: /home/rokey-jw/rokeypj_ws/install/turtlebot_moveit/share/turtlebot_moveit/cmake/turtlebot_moveitConfig-version.cmake
[0.930s] -- Up-to-date symlink: /home/rokey-jw/rokeypj_ws/install/turtlebot_moveit/share/turtlebot_moveit/package.xml
[1.011s] Listing '/home/rokey-jw/rokeypj_ws/install/turtlebot_moveit/local/lib/python3.10/dist-packages/scripts'...
[1.029s] Invoked command in '/home/rokey-jw/rokeypj_ws/build/turtlebot_moveit' returned '0': CMAKE_PREFIX_PATH=/home/rokey-jw/rokeypj_ws/install/turtlebot_cosmo_interface:/home/rokey-jw/rokeypj_ws/install/turtlebot3_msgs:/home/rokey-jw/rokeypj_ws/install/turtlebot3_manipulation_teleop:/home/rokey-jw/rokeypj_ws/install/turtlebot3_manipulation_hardware:/home/rokey-jw/rokeypj_ws/install/ld08_driver:/home/rokey-jw/rokeypj_ws/install/turtlebot3_manipulation_moveit_config:/home/rokey-jw/rokeypj_ws/install/turtlebot3_manipulation_bringup:/home/rokey-jw/rokeypj_ws/install/turtlebot3_manipulation_description:/home/rokey-jw/turtlebot3_ws/install/turtlebot3:/home/rokey-jw/turtlebot3_ws/install/turtlebot3_bringup:/home/rokey-jw/turtlebot3_ws/install/turtlebot3_node:/home/rokey-jw/turtlebot3_ws/install/turtlebot3_description:/home/rokey-jw/turtlebot3_ws/install/ld08_driver:/home/rokey-jw/rokeypj_ws/install/sample_pkg:/home/rokey-jw/rokeypj_ws/install/aruco_yolo:/home/rokey-jw/turtlebot3_ws/install/turtlebot3_teleop:/home/rokey-jw/turtlebot3_ws/install/turtlebot3_example:/opt/ros/humble LD_LIBRARY_PATH=/home/rokey-jw/rokeypj_ws/install/turtlebot_cosmo_interface/lib:/home/rokey-jw/rokeypj_ws/install/turtlebot3_msgs/lib:/home/rokey-jw/rokeypj_ws/install/turtlebot3_manipulation_hardware/lib:/opt/ros/humble/opt/rviz_ogre_vendor/lib:/opt/ros/humble/lib/aarch64-linux-gnu:/opt/ros/humble/lib /usr/bin/cmake --install /home/rokey-jw/rokeypj_ws/build/turtlebot_moveit
