[0.062s] Invoking command in '/home/rokey-jw/rokeypj_ws/build/turtlebot3_manipulation_hardware': CMAKE_PREFIX_PATH=${CMAKE_PREFIX_PATH}:/home/rokey-jw/turtlebot3_ws/install/turtlebot3_teleop:/home/rokey-jw/turtlebot3_ws/install/turtlebot3_example:/opt/ros/humble /usr/bin/cmake /home/rokey-jw/rokeypj_ws/src/turtlebot3_manipulation/turtlebot3_manipulation_hardware -DAMENT_CMAKE_SYMLINK_INSTALL=1 -DCMAKE_INSTALL_PREFIX=/home/rokey-jw/rokeypj_ws/install/turtlebot3_manipulation_hardware
[0.745s] -- The C compiler identification is GNU 11.4.0
[0.745s] -- The CXX compiler identification is GNU 11.4.0
[0.745s] -- Detecting C compiler ABI info
[0.745s] -- Detecting C compiler ABI info - done
[0.745s] -- Check for working C compiler: /usr/bin/cc - skipped
[0.745s] -- Detecting C compile features
[0.745s] -- Detecting C compile features - done
[0.746s] -- Detecting CXX compiler ABI info
[0.746s] -- Detecting CXX compiler ABI info - done
[0.746s] -- Check for working CXX compiler: /usr/bin/c++ - skipped
[0.746s] -- Detecting CXX compile features
[0.746s] -- Detecting CXX compile features - done
[0.746s] -- Found ament_cmake: 1.3.11 (/opt/ros/humble/share/ament_cmake/cmake)
[1.091s] -- Found Python3: /usr/bin/python3 (found version "3.10.12") found components: Interpreter 
[1.261s] -- Override CMake install command with custom implementation using symlinks instead of copying resources
[1.336s] -- Found dynamixel_sdk: 3.8.2 (/opt/ros/humble/share/dynamixel_sdk/cmake)
[1.364s] [31mCMake Error at CMakeLists.txt:21 (find_package):
[1.365s]   By not providing "Findhardware_interface.cmake" in CMAKE_MODULE_PATH this
[1.365s]   project has asked CMake to find a package configuration file provided by
[1.365s]   "hardware_interface", but CMake did not find one.
[1.365s] 
[1.365s]   Could not find a package configuration file provided by
[1.365s]   "hardware_interface" with any of the following names:
[1.365s] 
[1.366s]     hardware_interfaceConfig.cmake
[1.366s]     hardware_interface-config.cmake
[1.366s] 
[1.366s]   Add the installation prefix of "hardware_interface" to CMAKE_PREFIX_PATH or
[1.366s]   set "hardware_interface_DIR" to a directory containing one of the above
[1.366s]   files.  If "hardware_interface" provides a separate development package or
[1.366s]   SDK, be sure it has been installed.
[1.366s] 
[1.366s] [0m
[1.367s] -- Configuring incomplete, errors occurred!
[1.367s] See also "/home/rokey-jw/rokeypj_ws/build/turtlebot3_manipulation_hardware/CMakeFiles/CMakeOutput.log".
[1.400s] Invoked command in '/home/rokey-jw/rokeypj_ws/build/turtlebot3_manipulation_hardware' returned '1': CMAKE_PREFIX_PATH=${CMAKE_PREFIX_PATH}:/home/rokey-jw/turtlebot3_ws/install/turtlebot3_teleop:/home/rokey-jw/turtlebot3_ws/install/turtlebot3_example:/opt/ros/humble /usr/bin/cmake /home/rokey-jw/rokeypj_ws/src/turtlebot3_manipulation/turtlebot3_manipulation_hardware -DAMENT_CMAKE_SYMLINK_INSTALL=1 -DCMAKE_INSTALL_PREFIX=/home/rokey-jw/rokeypj_ws/install/turtlebot3_manipulation_hardware
