[5.280s] Invoking command in '/home/rokey-jw/rokeyracing_ws/src/turtlebot3_autorace_driving': PYTHONPATH=/home/rokey-jw/rokeyracing_ws/build/turtlebot3_autorace_driving/prefix_override:/usr/lib/python3/dist-packages/colcon_core/task/python/colcon_distutils_commands:/home/rokey-jw/rokeyracing_ws/install/turtlebot3_autorace_driving/lib/python3.10/site-packages:${PYTHONPATH} /usr/bin/python3 -W ignore:setup.py install is deprecated -W ignore:easy_install command is deprecated setup.py egg_info --egg-base ../../build/turtlebot3_autorace_driving build --build-base /home/rokey-jw/rokeyracing_ws/build/turtlebot3_autorace_driving/build install --record /home/rokey-jw/rokeyracing_ws/build/turtlebot3_autorace_driving/install.log --single-version-externally-managed install_data
[5.958s] running egg_info
[5.963s] creating ../../build/turtlebot3_autorace_driving/turtlebot3_autorace_driving.egg-info
[5.965s] writing ../../build/turtlebot3_autorace_driving/turtlebot3_autorace_driving.egg-info/PKG-INFO
[5.967s] writing dependency_links to ../../build/turtlebot3_autorace_driving/turtlebot3_autorace_driving.egg-info/dependency_links.txt
[5.968s] writing entry points to ../../build/turtlebot3_autorace_driving/turtlebot3_autorace_driving.egg-info/entry_points.txt
[5.969s] writing requirements to ../../build/turtlebot3_autorace_driving/turtlebot3_autorace_driving.egg-info/requires.txt
[5.970s] writing top-level names to ../../build/turtlebot3_autorace_driving/turtlebot3_autorace_driving.egg-info/top_level.txt
[5.971s] writing manifest file '../../build/turtlebot3_autorace_driving/turtlebot3_autorace_driving.egg-info/SOURCES.txt'
[5.976s] reading manifest file '../../build/turtlebot3_autorace_driving/turtlebot3_autorace_driving.egg-info/SOURCES.txt'
[5.979s] writing manifest file '../../build/turtlebot3_autorace_driving/turtlebot3_autorace_driving.egg-info/SOURCES.txt'
[5.980s] running build
[5.980s] running build_py
[5.981s] creating /home/rokey-jw/rokeyracing_ws/build/turtlebot3_autorace_driving/build
[5.981s] creating /home/rokey-jw/rokeyracing_ws/build/turtlebot3_autorace_driving/build/lib
[5.982s] creating /home/rokey-jw/rokeyracing_ws/build/turtlebot3_autorace_driving/build/lib/turtlebot3_autorace_driving
[5.982s] copying turtlebot3_autorace_driving/control_moving.py -> /home/rokey-jw/rokeyracing_ws/build/turtlebot3_autorace_driving/build/lib/turtlebot3_autorace_driving
[5.984s] copying turtlebot3_autorace_driving/control_lane.py -> /home/rokey-jw/rokeyracing_ws/build/turtlebot3_autorace_driving/build/lib/turtlebot3_autorace_driving
[5.984s] copying turtlebot3_autorace_driving/__init__.py -> /home/rokey-jw/rokeyracing_ws/build/turtlebot3_autorace_driving/build/lib/turtlebot3_autorace_driving
[5.985s] running install
[5.987s] running install_lib
[5.989s] creating /home/rokey-jw/rokeyracing_ws/install/turtlebot3_autorace_driving/lib/python3.10/site-packages/turtlebot3_autorace_driving
[5.990s] copying /home/rokey-jw/rokeyracing_ws/build/turtlebot3_autorace_driving/build/lib/turtlebot3_autorace_driving/control_moving.py -> /home/rokey-jw/rokeyracing_ws/install/turtlebot3_autorace_driving/lib/python3.10/site-packages/turtlebot3_autorace_driving
[5.990s] copying /home/rokey-jw/rokeyracing_ws/build/turtlebot3_autorace_driving/build/lib/turtlebot3_autorace_driving/control_lane.py -> /home/rokey-jw/rokeyracing_ws/install/turtlebot3_autorace_driving/lib/python3.10/site-packages/turtlebot3_autorace_driving
[5.991s] copying /home/rokey-jw/rokeyracing_ws/build/turtlebot3_autorace_driving/build/lib/turtlebot3_autorace_driving/__init__.py -> /home/rokey-jw/rokeyracing_ws/install/turtlebot3_autorace_driving/lib/python3.10/site-packages/turtlebot3_autorace_driving
[5.993s] byte-compiling /home/rokey-jw/rokeyracing_ws/install/turtlebot3_autorace_driving/lib/python3.10/site-packages/turtlebot3_autorace_driving/control_moving.py to control_moving.cpython-310.pyc
[5.998s] byte-compiling /home/rokey-jw/rokeyracing_ws/install/turtlebot3_autorace_driving/lib/python3.10/site-packages/turtlebot3_autorace_driving/control_lane.py to control_lane.cpython-310.pyc
[6.001s] byte-compiling /home/rokey-jw/rokeyracing_ws/install/turtlebot3_autorace_driving/lib/python3.10/site-packages/turtlebot3_autorace_driving/__init__.py to __init__.cpython-310.pyc
[6.002s] running install_data
[6.002s] creating /home/rokey-jw/rokeyracing_ws/install/turtlebot3_autorace_driving/share/ament_index
[6.003s] creating /home/rokey-jw/rokeyracing_ws/install/turtlebot3_autorace_driving/share/ament_index/resource_index
[6.003s] creating /home/rokey-jw/rokeyracing_ws/install/turtlebot3_autorace_driving/share/ament_index/resource_index/packages
[6.004s] copying resource/turtlebot3_autorace_driving -> /home/rokey-jw/rokeyracing_ws/install/turtlebot3_autorace_driving/share/ament_index/resource_index/packages
[6.005s] copying package.xml -> /home/rokey-jw/rokeyracing_ws/install/turtlebot3_autorace_driving/share/turtlebot3_autorace_driving
[6.005s] creating /home/rokey-jw/rokeyracing_ws/install/turtlebot3_autorace_driving/share/turtlebot3_autorace_driving/launch
[6.006s] copying launch/control_moving.launch.py -> /home/rokey-jw/rokeyracing_ws/install/turtlebot3_autorace_driving/share/turtlebot3_autorace_driving/launch
[6.007s] copying launch/control_lane.launch.py -> /home/rokey-jw/rokeyracing_ws/install/turtlebot3_autorace_driving/share/turtlebot3_autorace_driving/launch
[6.008s] running install_egg_info
[6.016s] Copying ../../build/turtlebot3_autorace_driving/turtlebot3_autorace_driving.egg-info to /home/rokey-jw/rokeyracing_ws/install/turtlebot3_autorace_driving/lib/python3.10/site-packages/turtlebot3_autorace_driving-0.0.0-py3.10.egg-info
[6.019s] running install_scripts
[6.098s] Installing control_lane script to /home/rokey-jw/rokeyracing_ws/install/turtlebot3_autorace_driving/lib/turtlebot3_autorace_driving
[6.102s] Installing control_moving script to /home/rokey-jw/rokeyracing_ws/install/turtlebot3_autorace_driving/lib/turtlebot3_autorace_driving
[6.103s] writing list of installed files to '/home/rokey-jw/rokeyracing_ws/build/turtlebot3_autorace_driving/install.log'
[6.209s] Invoked command in '/home/rokey-jw/rokeyracing_ws/src/turtlebot3_autorace_driving' returned '0': PYTHONPATH=/home/rokey-jw/rokeyracing_ws/build/turtlebot3_autorace_driving/prefix_override:/usr/lib/python3/dist-packages/colcon_core/task/python/colcon_distutils_commands:/home/rokey-jw/rokeyracing_ws/install/turtlebot3_autorace_driving/lib/python3.10/site-packages:${PYTHONPATH} /usr/bin/python3 -W ignore:setup.py install is deprecated -W ignore:easy_install command is deprecated setup.py egg_info --egg-base ../../build/turtlebot3_autorace_driving build --build-base /home/rokey-jw/rokeyracing_ws/build/turtlebot3_autorace_driving/build install --record /home/rokey-jw/rokeyracing_ws/build/turtlebot3_autorace_driving/install.log --single-version-externally-managed install_data
