[0.023s] Invoking command in '/home/rokey-jw/rokeypj_ws/build/turtlebot3_manipulation_hardware': CMAKE_PREFIX_PATH=${CMAKE_PREFIX_PATH}:/home/rokey-jw/turtlebot3_ws/install/turtlebot3_teleop:/home/rokey-jw/turtlebot3_ws/install/turtlebot3_example:/opt/ros/humble /usr/bin/cmake /home/rokey-jw/rokeypj_ws/src/turtlebot3_manipulation/turtlebot3_manipulation_hardware -DAMENT_CMAKE_SYMLINK_INSTALL=1 -DCMAKE_INSTALL_PREFIX=/home/rokey-jw/rokeypj_ws/install/turtlebot3_manipulation_hardware
[0.046s] -- Found ament_cmake: 1.3.11 (/opt/ros/humble/share/ament_cmake/cmake)
[0.315s] -- Override CMake install command with custom implementation using symlinks instead of copying resources
[0.339s] -- Found dynamixel_sdk: 3.8.2 (/opt/ros/humble/share/dynamixel_sdk/cmake)
[0.375s] [31mCMake Error at CMakeLists.txt:21 (find_package):
[0.375s]   By not providing "Findhardware_interface.cmake" in CMAKE_MODULE_PATH this
[0.376s]   project has asked CMake to find a package configuration file provided by
[0.376s]   "hardware_interface", but CMake did not find one.
[0.376s] 
[0.376s]   Could not find a package configuration file provided by
[0.377s]   "hardware_interface" with any of the following names:
[0.377s] 
[0.377s]     hardware_interfaceConfig.cmake
[0.377s]     hardware_interface-config.cmake
[0.377s] 
[0.378s]   Add the installation prefix of "hardware_interface" to CMAKE_PREFIX_PATH or
[0.378s]   set "hardware_interface_DIR" to a directory containing one of the above
[0.378s]   files.  If "hardware_interface" provides a separate development package or
[0.378s]   SDK, be sure it has been installed.
[0.378s] 
[0.379s] [0m
[0.379s] -- Configuring incomplete, errors occurred!
[0.379s] See also "/home/rokey-jw/rokeypj_ws/build/turtlebot3_manipulation_hardware/CMakeFiles/CMakeOutput.log".
[0.382s] Invoked command in '/home/rokey-jw/rokeypj_ws/build/turtlebot3_manipulation_hardware' returned '1': CMAKE_PREFIX_PATH=${CMAKE_PREFIX_PATH}:/home/rokey-jw/turtlebot3_ws/install/turtlebot3_teleop:/home/rokey-jw/turtlebot3_ws/install/turtlebot3_example:/opt/ros/humble /usr/bin/cmake /home/rokey-jw/rokeypj_ws/src/turtlebot3_manipulation/turtlebot3_manipulation_hardware -DAMENT_CMAKE_SYMLINK_INSTALL=1 -DCMAKE_INSTALL_PREFIX=/home/rokey-jw/rokeypj_ws/install/turtlebot3_manipulation_hardware
