[0.022s] Invoking command in '/home/rokey-jw/rokeypj_ws/build/turtlebot_cosmo_interface': CMAKE_PREFIX_PATH=${CMAKE_PREFIX_PATH}:/home/rokey-jw/turtlebot3_ws/install/turtlebot3_teleop:/home/rokey-jw/turtlebot3_ws/install/turtlebot3_example:/opt/ros/humble /usr/bin/cmake --build /home/rokey-jw/rokeypj_ws/build/turtlebot_cosmo_interface -- -j6 -l6
[0.098s] [  3%] [34m[1mGenerating C code for ROS interfaces[0m
[0.112s] [  6%] [34m[1mGenerating C++ code for ROS interfaces[0m
[0.129s] [  6%] Built target ament_cmake_python_symlink_turtlebot_cosmo_interface
[0.694s] running egg_info
[0.694s] [  6%] Built target turtlebot_cosmo_interface__cpp
[0.695s] creating turtlebot_cosmo_interface.egg-info
[0.696s] writing turtlebot_cosmo_interface.egg-info/PKG-INFO
[0.696s] writing dependency_links to turtlebot_cosmo_interface.egg-info/dependency_links.txt
[0.696s] writing top-level names to turtlebot_cosmo_interface.egg-info/top_level.txt
[0.697s] writing manifest file 'turtlebot_cosmo_interface.egg-info/SOURCES.txt'
[0.702s] reading manifest file 'turtlebot_cosmo_interface.egg-info/SOURCES.txt'
[0.704s] writing manifest file 'turtlebot_cosmo_interface.egg-info/SOURCES.txt'
[0.715s] [ 16%] [34m[1mGenerating C++ introspection for ROS interfaces[0m
[0.716s] [ 16%] [34m[1mGenerating C++ type support dispatch for ROS interfaces[0m
[0.716s] [ 16%] [34m[1mGenerating C++ type support for eProsima Fast-RTPS[0m
[0.728s] [ 19%] [32mBuilding C object CMakeFiles/turtlebot_cosmo_interface__rosidl_generator_c.dir/rosidl_generator_c/turtlebot_cosmo_interface/srv/detail/moveit_control__functions.c.o[0m
[0.786s] [ 19%] Built target ament_cmake_python_build_turtlebot_cosmo_interface_egg
[0.882s] [ 22%] [32m[1mLinking C shared library libturtlebot_cosmo_interface__rosidl_generator_c.so[0m
[0.948s] [ 22%] Built target turtlebot_cosmo_interface__rosidl_generator_c
[0.966s] [ 29%] [34m[1mGenerating C type support dispatch for ROS interfaces[0m
[0.967s] [ 32%] [34m[1mGenerating C introspection for ROS interfaces[0m
[0.967s] [ 29%] [34m[1mGenerating C type support for eProsima Fast-RTPS[0m
[1.205s] [ 35%] [32mBuilding CXX object CMakeFiles/turtlebot_cosmo_interface__rosidl_typesupport_cpp.dir/rosidl_typesupport_cpp/turtlebot_cosmo_interface/srv/moveit_control__type_support.cpp.o[0m
[1.264s] [ 38%] [32mBuilding CXX object CMakeFiles/turtlebot_cosmo_interface__rosidl_typesupport_introspection_cpp.dir/rosidl_typesupport_introspection_cpp/turtlebot_cosmo_interface/srv/detail/moveit_control__type_support.cpp.o[0m
[1.285s] [ 41%] [32mBuilding CXX object CMakeFiles/turtlebot_cosmo_interface__rosidl_typesupport_fastrtps_cpp.dir/rosidl_typesupport_fastrtps_cpp/turtlebot_cosmo_interface/srv/detail/dds_fastrtps/moveit_control__type_support.cpp.o[0m
[1.466s] [ 45%] [32mBuilding CXX object CMakeFiles/turtlebot_cosmo_interface__rosidl_typesupport_c.dir/rosidl_typesupport_c/turtlebot_cosmo_interface/srv/moveit_control__type_support.cpp.o[0m
[1.540s] [ 48%] [32m[1mLinking CXX shared library libturtlebot_cosmo_interface__rosidl_typesupport_c.so[0m
[1.570s] [ 51%] [32mBuilding CXX object CMakeFiles/turtlebot_cosmo_interface__rosidl_typesupport_fastrtps_c.dir/rosidl_typesupport_fastrtps_c/turtlebot_cosmo_interface/srv/detail/moveit_control__type_support_c.cpp.o[0m
[1.579s] [ 54%] [32mBuilding C object CMakeFiles/turtlebot_cosmo_interface__rosidl_typesupport_introspection_c.dir/rosidl_typesupport_introspection_c/turtlebot_cosmo_interface/srv/detail/moveit_control__type_support.c.o[0m
[1.616s] [ 54%] Built target turtlebot_cosmo_interface__rosidl_typesupport_c
[1.664s] [ 58%] [32m[1mLinking C shared library libturtlebot_cosmo_interface__rosidl_typesupport_introspection_c.so[0m
[1.723s] [ 58%] Built target turtlebot_cosmo_interface__rosidl_typesupport_introspection_c
[1.823s] [ 61%] [32m[1mLinking CXX shared library libturtlebot_cosmo_interface__rosidl_typesupport_cpp.so[0m
[1.905s] [ 61%] Built target turtlebot_cosmo_interface__rosidl_typesupport_cpp
[2.188s] [ 64%] [32m[1mLinking CXX shared library libturtlebot_cosmo_interface__rosidl_typesupport_fastrtps_cpp.so[0m
[2.190s] [ 67%] [32m[1mLinking CXX shared library libturtlebot_cosmo_interface__rosidl_typesupport_introspection_cpp.so[0m
[2.317s] [ 67%] Built target turtlebot_cosmo_interface__rosidl_typesupport_introspection_cpp
[2.334s] [ 67%] Built target turtlebot_cosmo_interface__rosidl_typesupport_fastrtps_cpp
[2.356s] [ 70%] [32m[1mLinking CXX shared library libturtlebot_cosmo_interface__rosidl_typesupport_fastrtps_c.so[0m
[2.498s] [ 70%] Built target turtlebot_cosmo_interface__rosidl_typesupport_fastrtps_c
[2.539s] [ 70%] Built target turtlebot_cosmo_interface
[2.580s] [ 74%] [34m[1mGenerating Python code for ROS interfaces[0m
[3.331s] [ 74%] Built target turtlebot_cosmo_interface__py
[3.372s] [ 77%] [32mBuilding C object CMakeFiles/turtlebot_cosmo_interface__rosidl_generator_py.dir/rosidl_generator_py/turtlebot_cosmo_interface/srv/_moveit_control_s.c.o[0m
[3.628s] [ 80%] [32m[1mLinking C shared library rosidl_generator_py/turtlebot_cosmo_interface/libturtlebot_cosmo_interface__rosidl_generator_py.so[0m
[3.712s] [ 80%] Built target turtlebot_cosmo_interface__rosidl_generator_py
[3.751s] [ 87%] [32mBuilding C object CMakeFiles/turtlebot_cosmo_interface__rosidl_typesupport_c__pyext.dir/rosidl_generator_py/turtlebot_cosmo_interface/_turtlebot_cosmo_interface_s.ep.rosidl_typesupport_c.c.o[0m
[3.751s] [ 87%] [32mBuilding C object CMakeFiles/turtlebot_cosmo_interface__rosidl_typesupport_introspection_c__pyext.dir/rosidl_generator_py/turtlebot_cosmo_interface/_turtlebot_cosmo_interface_s.ep.rosidl_typesupport_introspection_c.c.o[0m
[3.752s] [ 90%] [32mBuilding C object CMakeFiles/turtlebot_cosmo_interface__rosidl_typesupport_fastrtps_c__pyext.dir/rosidl_generator_py/turtlebot_cosmo_interface/_turtlebot_cosmo_interface_s.ep.rosidl_typesupport_fastrtps_c.c.o[0m
[3.965s] [ 93%] [32m[1mLinking C shared library rosidl_generator_py/turtlebot_cosmo_interface/turtlebot_cosmo_interface_s__rosidl_typesupport_introspection_c.cpython-310-aarch64-linux-gnu.so[0m
[3.965s] [ 96%] [32m[1mLinking C shared library rosidl_generator_py/turtlebot_cosmo_interface/turtlebot_cosmo_interface_s__rosidl_typesupport_fastrtps_c.cpython-310-aarch64-linux-gnu.so[0m
[3.965s] [100%] [32m[1mLinking C shared library rosidl_generator_py/turtlebot_cosmo_interface/turtlebot_cosmo_interface_s__rosidl_typesupport_c.cpython-310-aarch64-linux-gnu.so[0m
[4.053s] [100%] Built target turtlebot_cosmo_interface__rosidl_typesupport_introspection_c__pyext
[4.053s] [100%] Built target turtlebot_cosmo_interface__rosidl_typesupport_c__pyext
[4.053s] [100%] Built target turtlebot_cosmo_interface__rosidl_typesupport_fastrtps_c__pyext
[4.078s] Invoked command in '/home/rokey-jw/rokeypj_ws/build/turtlebot_cosmo_interface' returned '0': CMAKE_PREFIX_PATH=${CMAKE_PREFIX_PATH}:/home/rokey-jw/turtlebot3_ws/install/turtlebot3_teleop:/home/rokey-jw/turtlebot3_ws/install/turtlebot3_example:/opt/ros/humble /usr/bin/cmake --build /home/rokey-jw/rokeypj_ws/build/turtlebot_cosmo_interface -- -j6 -l6
[4.103s] Invoking command in '/home/rokey-jw/rokeypj_ws/build/turtlebot_cosmo_interface': CMAKE_PREFIX_PATH=${CMAKE_PREFIX_PATH}:/home/rokey-jw/turtlebot3_ws/install/turtlebot3_teleop:/home/rokey-jw/turtlebot3_ws/install/turtlebot3_example:/opt/ros/humble /usr/bin/cmake --install /home/rokey-jw/rokeypj_ws/build/turtlebot_cosmo_interface
[4.120s] -- Install configuration: ""
[4.121s] -- Execute custom install script
[4.122s] -- Symlinking: /home/rokey-jw/rokeypj_ws/install/turtlebot_cosmo_interface/share/ament_index/resource_index/rosidl_interfaces/turtlebot_cosmo_interface
[4.141s] -- Symlinking: /home/rokey-jw/rokeypj_ws/install/turtlebot_cosmo_interface/include/turtlebot_cosmo_interface/turtlebot_cosmo_interface/msg/rosidl_generator_c__visibility_control.h
[4.159s] -- Symlinking: /home/rokey-jw/rokeypj_ws/install/turtlebot_cosmo_interface/include/turtlebot_cosmo_interface/turtlebot_cosmo_interface/srv/detail/moveit_control__functions.h
[4.177s] -- Symlinking: /home/rokey-jw/rokeypj_ws/install/turtlebot_cosmo_interface/include/turtlebot_cosmo_interface/turtlebot_cosmo_interface/srv/detail/moveit_control__struct.h
[4.195s] -- Symlinking: /home/rokey-jw/rokeypj_ws/install/turtlebot_cosmo_interface/include/turtlebot_cosmo_interface/turtlebot_cosmo_interface/srv/detail/moveit_control__type_support.h
[4.213s] -- Symlinking: /home/rokey-jw/rokeypj_ws/install/turtlebot_cosmo_interface/include/turtlebot_cosmo_interface/turtlebot_cosmo_interface/srv/moveit_control.h
[4.232s] -- Symlinking: /home/rokey-jw/rokeypj_ws/install/turtlebot_cosmo_interface/share/turtlebot_cosmo_interface/environment/library_path.sh
[4.251s] -- Symlinking: /home/rokey-jw/rokeypj_ws/install/turtlebot_cosmo_interface/share/turtlebot_cosmo_interface/environment/library_path.dsv
[4.269s] -- Symlinking: /home/rokey-jw/rokeypj_ws/install/turtlebot_cosmo_interface/include/turtlebot_cosmo_interface/turtlebot_cosmo_interface/msg/rosidl_typesupport_fastrtps_c__visibility_control.h
[4.288s] -- Symlinking: /home/rokey-jw/rokeypj_ws/install/turtlebot_cosmo_interface/include/turtlebot_cosmo_interface/turtlebot_cosmo_interface/srv/detail/moveit_control__rosidl_typesupport_fastrtps_c.h
[4.307s] -- Symlinking: /home/rokey-jw/rokeypj_ws/install/turtlebot_cosmo_interface/include/turtlebot_cosmo_interface/turtlebot_cosmo_interface/msg/rosidl_generator_cpp__visibility_control.hpp
[4.325s] -- Symlinking: /home/rokey-jw/rokeypj_ws/install/turtlebot_cosmo_interface/include/turtlebot_cosmo_interface/turtlebot_cosmo_interface/srv/detail/moveit_control__builder.hpp
[4.343s] -- Symlinking: /home/rokey-jw/rokeypj_ws/install/turtlebot_cosmo_interface/include/turtlebot_cosmo_interface/turtlebot_cosmo_interface/srv/detail/moveit_control__struct.hpp
[4.363s] -- Symlinking: /home/rokey-jw/rokeypj_ws/install/turtlebot_cosmo_interface/include/turtlebot_cosmo_interface/turtlebot_cosmo_interface/srv/detail/moveit_control__traits.hpp
[4.381s] -- Symlinking: /home/rokey-jw/rokeypj_ws/install/turtlebot_cosmo_interface/include/turtlebot_cosmo_interface/turtlebot_cosmo_interface/srv/detail/moveit_control__type_support.hpp
[4.409s] -- Symlinking: /home/rokey-jw/rokeypj_ws/install/turtlebot_cosmo_interface/include/turtlebot_cosmo_interface/turtlebot_cosmo_interface/srv/moveit_control.hpp
[4.428s] -- Symlinking: /home/rokey-jw/rokeypj_ws/install/turtlebot_cosmo_interface/include/turtlebot_cosmo_interface/turtlebot_cosmo_interface/msg/rosidl_typesupport_fastrtps_cpp__visibility_control.h
[4.446s] -- Symlinking: /home/rokey-jw/rokeypj_ws/install/turtlebot_cosmo_interface/include/turtlebot_cosmo_interface/turtlebot_cosmo_interface/srv/detail/moveit_control__rosidl_typesupport_fastrtps_cpp.hpp
[4.464s] -- Symlinking: /home/rokey-jw/rokeypj_ws/install/turtlebot_cosmo_interface/include/turtlebot_cosmo_interface/turtlebot_cosmo_interface/msg/rosidl_typesupport_introspection_c__visibility_control.h
[4.482s] -- Symlinking: /home/rokey-jw/rokeypj_ws/install/turtlebot_cosmo_interface/include/turtlebot_cosmo_interface/turtlebot_cosmo_interface/srv/detail/moveit_control__rosidl_typesupport_introspection_c.h
[4.502s] -- Symlinking: /home/rokey-jw/rokeypj_ws/install/turtlebot_cosmo_interface/include/turtlebot_cosmo_interface/turtlebot_cosmo_interface/srv/detail/moveit_control__rosidl_typesupport_introspection_cpp.hpp
[4.521s] -- Symlinking: /home/rokey-jw/rokeypj_ws/install/turtlebot_cosmo_interface/share/turtlebot_cosmo_interface/environment/pythonpath.sh
[4.540s] -- Symlinking: /home/rokey-jw/rokeypj_ws/install/turtlebot_cosmo_interface/share/turtlebot_cosmo_interface/environment/pythonpath.dsv
[4.562s] -- Symlinking: /home/rokey-jw/rokeypj_ws/install/turtlebot_cosmo_interface/local/lib/python3.10/dist-packages/turtlebot_cosmo_interface-0.0.0-py3.10.egg-info/PKG-INFO
[4.580s] -- Symlinking: /home/rokey-jw/rokeypj_ws/install/turtlebot_cosmo_interface/local/lib/python3.10/dist-packages/turtlebot_cosmo_interface-0.0.0-py3.10.egg-info/SOURCES.txt
[4.599s] -- Symlinking: /home/rokey-jw/rokeypj_ws/install/turtlebot_cosmo_interface/local/lib/python3.10/dist-packages/turtlebot_cosmo_interface-0.0.0-py3.10.egg-info/dependency_links.txt
[4.618s] -- Symlinking: /home/rokey-jw/rokeypj_ws/install/turtlebot_cosmo_interface/local/lib/python3.10/dist-packages/turtlebot_cosmo_interface-0.0.0-py3.10.egg-info/top_level.txt
[4.639s] -- Symlinking: /home/rokey-jw/rokeypj_ws/install/turtlebot_cosmo_interface/local/lib/python3.10/dist-packages/turtlebot_cosmo_interface/__init__.py
[4.661s] -- Symlinking: /home/rokey-jw/rokeypj_ws/install/turtlebot_cosmo_interface/local/lib/python3.10/dist-packages/turtlebot_cosmo_interface/_turtlebot_cosmo_interface_s.ep.rosidl_typesupport_c.c
[4.680s] -- Symlinking: /home/rokey-jw/rokeypj_ws/install/turtlebot_cosmo_interface/local/lib/python3.10/dist-packages/turtlebot_cosmo_interface/_turtlebot_cosmo_interface_s.ep.rosidl_typesupport_fastrtps_c.c
[4.699s] -- Symlinking: /home/rokey-jw/rokeypj_ws/install/turtlebot_cosmo_interface/local/lib/python3.10/dist-packages/turtlebot_cosmo_interface/_turtlebot_cosmo_interface_s.ep.rosidl_typesupport_introspection_c.c
[4.717s] -- Symlinking: /home/rokey-jw/rokeypj_ws/install/turtlebot_cosmo_interface/local/lib/python3.10/dist-packages/turtlebot_cosmo_interface/libturtlebot_cosmo_interface__rosidl_generator_py.so
[4.736s] -- Symlinking: /home/rokey-jw/rokeypj_ws/install/turtlebot_cosmo_interface/local/lib/python3.10/dist-packages/turtlebot_cosmo_interface/srv/__init__.py
[4.757s] -- Symlinking: /home/rokey-jw/rokeypj_ws/install/turtlebot_cosmo_interface/local/lib/python3.10/dist-packages/turtlebot_cosmo_interface/srv/_moveit_control.py
[4.775s] -- Symlinking: /home/rokey-jw/rokeypj_ws/install/turtlebot_cosmo_interface/local/lib/python3.10/dist-packages/turtlebot_cosmo_interface/srv/_moveit_control_s.c
[4.794s] -- Symlinking: /home/rokey-jw/rokeypj_ws/install/turtlebot_cosmo_interface/local/lib/python3.10/dist-packages/turtlebot_cosmo_interface/turtlebot_cosmo_interface_s__rosidl_typesupport_c.cpython-310-aarch64-linux-gnu.so
[4.813s] -- Symlinking: /home/rokey-jw/rokeypj_ws/install/turtlebot_cosmo_interface/local/lib/python3.10/dist-packages/turtlebot_cosmo_interface/turtlebot_cosmo_interface_s__rosidl_typesupport_fastrtps_c.cpython-310-aarch64-linux-gnu.so
[4.832s] -- Symlinking: /home/rokey-jw/rokeypj_ws/install/turtlebot_cosmo_interface/local/lib/python3.10/dist-packages/turtlebot_cosmo_interface/turtlebot_cosmo_interface_s__rosidl_typesupport_introspection_c.cpython-310-aarch64-linux-gnu.so
[4.853s] -- Up-to-date symlink: /home/rokey-jw/rokeypj_ws/install/turtlebot_cosmo_interface/local/lib/python3.10/dist-packages/turtlebot_cosmo_interface/turtlebot_cosmo_interface_s__rosidl_typesupport_fastrtps_c.cpython-310-aarch64-linux-gnu.so
[4.854s] -- Up-to-date symlink: /home/rokey-jw/rokeypj_ws/install/turtlebot_cosmo_interface/local/lib/python3.10/dist-packages/turtlebot_cosmo_interface/turtlebot_cosmo_interface_s__rosidl_typesupport_introspection_c.cpython-310-aarch64-linux-gnu.so
[4.855s] -- Up-to-date symlink: /home/rokey-jw/rokeypj_ws/install/turtlebot_cosmo_interface/local/lib/python3.10/dist-packages/turtlebot_cosmo_interface/turtlebot_cosmo_interface_s__rosidl_typesupport_c.cpython-310-aarch64-linux-gnu.so
[4.855s] -- Symlinking: /home/rokey-jw/rokeypj_ws/install/turtlebot_cosmo_interface/share/turtlebot_cosmo_interface/srv/MoveitControl.idl
[4.875s] -- Symlinking: /home/rokey-jw/rokeypj_ws/install/turtlebot_cosmo_interface/share/turtlebot_cosmo_interface/srv/MoveitControl.srv
[4.894s] -- Symlinking: /home/rokey-jw/rokeypj_ws/install/turtlebot_cosmo_interface/share/turtlebot_cosmo_interface/srv/MoveitControl_Request.msg
[4.913s] -- Symlinking: /home/rokey-jw/rokeypj_ws/install/turtlebot_cosmo_interface/share/turtlebot_cosmo_interface/srv/MoveitControl_Response.msg
[4.932s] -- Symlinking: /home/rokey-jw/rokeypj_ws/install/turtlebot_cosmo_interface/share/ament_index/resource_index/package_run_dependencies/turtlebot_cosmo_interface
[4.950s] -- Symlinking: /home/rokey-jw/rokeypj_ws/install/turtlebot_cosmo_interface/share/ament_index/resource_index/parent_prefix_path/turtlebot_cosmo_interface
[4.967s] -- Symlinking: /home/rokey-jw/rokeypj_ws/install/turtlebot_cosmo_interface/share/turtlebot_cosmo_interface/environment/ament_prefix_path.sh
[4.984s] -- Symlinking: /home/rokey-jw/rokeypj_ws/install/turtlebot_cosmo_interface/share/turtlebot_cosmo_interface/environment/ament_prefix_path.dsv
[5.003s] -- Symlinking: /home/rokey-jw/rokeypj_ws/install/turtlebot_cosmo_interface/share/turtlebot_cosmo_interface/environment/path.sh
[5.021s] -- Symlinking: /home/rokey-jw/rokeypj_ws/install/turtlebot_cosmo_interface/share/turtlebot_cosmo_interface/environment/path.dsv
[5.040s] -- Symlinking: /home/rokey-jw/rokeypj_ws/install/turtlebot_cosmo_interface/share/turtlebot_cosmo_interface/local_setup.bash
[5.056s] -- Symlinking: /home/rokey-jw/rokeypj_ws/install/turtlebot_cosmo_interface/share/turtlebot_cosmo_interface/local_setup.sh
[5.074s] -- Symlinking: /home/rokey-jw/rokeypj_ws/install/turtlebot_cosmo_interface/share/turtlebot_cosmo_interface/local_setup.zsh
[5.093s] -- Symlinking: /home/rokey-jw/rokeypj_ws/install/turtlebot_cosmo_interface/share/turtlebot_cosmo_interface/local_setup.dsv
[5.111s] -- Symlinking: /home/rokey-jw/rokeypj_ws/install/turtlebot_cosmo_interface/share/turtlebot_cosmo_interface/package.dsv
[5.130s] -- Symlinking: /home/rokey-jw/rokeypj_ws/install/turtlebot_cosmo_interface/share/ament_index/resource_index/packages/turtlebot_cosmo_interface
[5.149s] -- Symlinking: /home/rokey-jw/rokeypj_ws/install/turtlebot_cosmo_interface/share/turtlebot_cosmo_interface/cmake/rosidl_cmake-extras.cmake
[5.165s] -- Symlinking: /home/rokey-jw/rokeypj_ws/install/turtlebot_cosmo_interface/share/turtlebot_cosmo_interface/cmake/ament_cmake_export_dependencies-extras.cmake
[5.183s] -- Symlinking: /home/rokey-jw/rokeypj_ws/install/turtlebot_cosmo_interface/share/turtlebot_cosmo_interface/cmake/ament_cmake_export_include_directories-extras.cmake
[5.202s] -- Symlinking: /home/rokey-jw/rokeypj_ws/install/turtlebot_cosmo_interface/share/turtlebot_cosmo_interface/cmake/ament_cmake_export_libraries-extras.cmake
[5.221s] -- Symlinking: /home/rokey-jw/rokeypj_ws/install/turtlebot_cosmo_interface/share/turtlebot_cosmo_interface/cmake/ament_cmake_export_targets-extras.cmake
[5.239s] -- Symlinking: /home/rokey-jw/rokeypj_ws/install/turtlebot_cosmo_interface/share/turtlebot_cosmo_interface/cmake/rosidl_cmake_export_typesupport_targets-extras.cmake
[5.258s] -- Symlinking: /home/rokey-jw/rokeypj_ws/install/turtlebot_cosmo_interface/share/turtlebot_cosmo_interface/cmake/rosidl_cmake_export_typesupport_libraries-extras.cmake
[5.276s] -- Symlinking: /home/rokey-jw/rokeypj_ws/install/turtlebot_cosmo_interface/share/turtlebot_cosmo_interface/cmake/turtlebot_cosmo_interfaceConfig.cmake
[5.294s] -- Symlinking: /home/rokey-jw/rokeypj_ws/install/turtlebot_cosmo_interface/share/turtlebot_cosmo_interface/cmake/turtlebot_cosmo_interfaceConfig-version.cmake
[5.313s] -- Symlinking: /home/rokey-jw/rokeypj_ws/install/turtlebot_cosmo_interface/share/turtlebot_cosmo_interface/package.xml
[5.333s] -- Installing: /home/rokey-jw/rokeypj_ws/install/turtlebot_cosmo_interface/lib/libturtlebot_cosmo_interface__rosidl_generator_c.so
[5.334s] -- Set runtime path of "/home/rokey-jw/rokeypj_ws/install/turtlebot_cosmo_interface/lib/libturtlebot_cosmo_interface__rosidl_generator_c.so" to ""
[5.334s] -- Installing: /home/rokey-jw/rokeypj_ws/install/turtlebot_cosmo_interface/lib/libturtlebot_cosmo_interface__rosidl_typesupport_fastrtps_c.so
[5.335s] -- Set runtime path of "/home/rokey-jw/rokeypj_ws/install/turtlebot_cosmo_interface/lib/libturtlebot_cosmo_interface__rosidl_typesupport_fastrtps_c.so" to ""
[5.335s] -- Installing: /home/rokey-jw/rokeypj_ws/install/turtlebot_cosmo_interface/lib/libturtlebot_cosmo_interface__rosidl_typesupport_fastrtps_cpp.so
[5.336s] -- Set runtime path of "/home/rokey-jw/rokeypj_ws/install/turtlebot_cosmo_interface/lib/libturtlebot_cosmo_interface__rosidl_typesupport_fastrtps_cpp.so" to ""
[5.337s] -- Installing: /home/rokey-jw/rokeypj_ws/install/turtlebot_cosmo_interface/lib/libturtlebot_cosmo_interface__rosidl_typesupport_introspection_c.so
[5.337s] -- Set runtime path of "/home/rokey-jw/rokeypj_ws/install/turtlebot_cosmo_interface/lib/libturtlebot_cosmo_interface__rosidl_typesupport_introspection_c.so" to ""
[5.338s] -- Installing: /home/rokey-jw/rokeypj_ws/install/turtlebot_cosmo_interface/lib/libturtlebot_cosmo_interface__rosidl_typesupport_c.so
[5.339s] -- Set runtime path of "/home/rokey-jw/rokeypj_ws/install/turtlebot_cosmo_interface/lib/libturtlebot_cosmo_interface__rosidl_typesupport_c.so" to ""
[5.339s] -- Installing: /home/rokey-jw/rokeypj_ws/install/turtlebot_cosmo_interface/lib/libturtlebot_cosmo_interface__rosidl_typesupport_introspection_cpp.so
[5.340s] -- Set runtime path of "/home/rokey-jw/rokeypj_ws/install/turtlebot_cosmo_interface/lib/libturtlebot_cosmo_interface__rosidl_typesupport_introspection_cpp.so" to ""
[5.340s] -- Installing: /home/rokey-jw/rokeypj_ws/install/turtlebot_cosmo_interface/lib/libturtlebot_cosmo_interface__rosidl_typesupport_cpp.so
[5.341s] -- Set runtime path of "/home/rokey-jw/rokeypj_ws/install/turtlebot_cosmo_interface/lib/libturtlebot_cosmo_interface__rosidl_typesupport_cpp.so" to ""
[5.428s] Listing '/home/rokey-jw/rokeypj_ws/install/turtlebot_cosmo_interface/local/lib/python3.10/dist-packages/turtlebot_cosmo_interface'...
[5.428s] Compiling '/home/rokey-jw/rokeypj_ws/install/turtlebot_cosmo_interface/local/lib/python3.10/dist-packages/turtlebot_cosmo_interface/__init__.py'...
[5.428s] Listing '/home/rokey-jw/rokeypj_ws/install/turtlebot_cosmo_interface/local/lib/python3.10/dist-packages/turtlebot_cosmo_interface/srv'...
[5.428s] Compiling '/home/rokey-jw/rokeypj_ws/install/turtlebot_cosmo_interface/local/lib/python3.10/dist-packages/turtlebot_cosmo_interface/srv/__init__.py'...
[5.429s] Compiling '/home/rokey-jw/rokeypj_ws/install/turtlebot_cosmo_interface/local/lib/python3.10/dist-packages/turtlebot_cosmo_interface/srv/_moveit_control.py'...
[5.440s] -- Installing: /home/rokey-jw/rokeypj_ws/install/turtlebot_cosmo_interface/lib/libturtlebot_cosmo_interface__rosidl_generator_py.so
[5.441s] -- Set runtime path of "/home/rokey-jw/rokeypj_ws/install/turtlebot_cosmo_interface/lib/libturtlebot_cosmo_interface__rosidl_generator_py.so" to ""
[5.441s] -- Installing: /home/rokey-jw/rokeypj_ws/install/turtlebot_cosmo_interface/share/turtlebot_cosmo_interface/cmake/export_turtlebot_cosmo_interface__rosidl_generator_cExport.cmake
[5.442s] -- Installing: /home/rokey-jw/rokeypj_ws/install/turtlebot_cosmo_interface/share/turtlebot_cosmo_interface/cmake/export_turtlebot_cosmo_interface__rosidl_generator_cExport-noconfig.cmake
[5.443s] -- Installing: /home/rokey-jw/rokeypj_ws/install/turtlebot_cosmo_interface/share/turtlebot_cosmo_interface/cmake/export_turtlebot_cosmo_interface__rosidl_typesupport_fastrtps_cExport.cmake
[5.443s] -- Installing: /home/rokey-jw/rokeypj_ws/install/turtlebot_cosmo_interface/share/turtlebot_cosmo_interface/cmake/export_turtlebot_cosmo_interface__rosidl_typesupport_fastrtps_cExport-noconfig.cmake
[5.444s] -- Installing: /home/rokey-jw/rokeypj_ws/install/turtlebot_cosmo_interface/share/turtlebot_cosmo_interface/cmake/export_turtlebot_cosmo_interface__rosidl_generator_cppExport.cmake
[5.444s] -- Installing: /home/rokey-jw/rokeypj_ws/install/turtlebot_cosmo_interface/share/turtlebot_cosmo_interface/cmake/export_turtlebot_cosmo_interface__rosidl_typesupport_fastrtps_cppExport.cmake
[5.445s] -- Installing: /home/rokey-jw/rokeypj_ws/install/turtlebot_cosmo_interface/share/turtlebot_cosmo_interface/cmake/export_turtlebot_cosmo_interface__rosidl_typesupport_fastrtps_cppExport-noconfig.cmake
[5.446s] -- Installing: /home/rokey-jw/rokeypj_ws/install/turtlebot_cosmo_interface/share/turtlebot_cosmo_interface/cmake/turtlebot_cosmo_interface__rosidl_typesupport_introspection_cExport.cmake
[5.447s] -- Installing: /home/rokey-jw/rokeypj_ws/install/turtlebot_cosmo_interface/share/turtlebot_cosmo_interface/cmake/turtlebot_cosmo_interface__rosidl_typesupport_introspection_cExport-noconfig.cmake
[5.447s] -- Installing: /home/rokey-jw/rokeypj_ws/install/turtlebot_cosmo_interface/share/turtlebot_cosmo_interface/cmake/turtlebot_cosmo_interface__rosidl_typesupport_cExport.cmake
[5.448s] -- Installing: /home/rokey-jw/rokeypj_ws/install/turtlebot_cosmo_interface/share/turtlebot_cosmo_interface/cmake/turtlebot_cosmo_interface__rosidl_typesupport_cExport-noconfig.cmake
[5.448s] -- Installing: /home/rokey-jw/rokeypj_ws/install/turtlebot_cosmo_interface/share/turtlebot_cosmo_interface/cmake/turtlebot_cosmo_interface__rosidl_typesupport_introspection_cppExport.cmake
[5.450s] -- Installing: /home/rokey-jw/rokeypj_ws/install/turtlebot_cosmo_interface/share/turtlebot_cosmo_interface/cmake/turtlebot_cosmo_interface__rosidl_typesupport_introspection_cppExport-noconfig.cmake
[5.450s] -- Installing: /home/rokey-jw/rokeypj_ws/install/turtlebot_cosmo_interface/share/turtlebot_cosmo_interface/cmake/turtlebot_cosmo_interface__rosidl_typesupport_cppExport.cmake
[5.451s] -- Installing: /home/rokey-jw/rokeypj_ws/install/turtlebot_cosmo_interface/share/turtlebot_cosmo_interface/cmake/turtlebot_cosmo_interface__rosidl_typesupport_cppExport-noconfig.cmake
[5.451s] -- Installing: /home/rokey-jw/rokeypj_ws/install/turtlebot_cosmo_interface/share/turtlebot_cosmo_interface/cmake/export_turtlebot_cosmo_interface__rosidl_generator_pyExport.cmake
[5.452s] -- Installing: /home/rokey-jw/rokeypj_ws/install/turtlebot_cosmo_interface/share/turtlebot_cosmo_interface/cmake/export_turtlebot_cosmo_interface__rosidl_generator_pyExport-noconfig.cmake
[5.460s] Invoked command in '/home/rokey-jw/rokeypj_ws/build/turtlebot_cosmo_interface' returned '0': CMAKE_PREFIX_PATH=${CMAKE_PREFIX_PATH}:/home/rokey-jw/turtlebot3_ws/install/turtlebot3_teleop:/home/rokey-jw/turtlebot3_ws/install/turtlebot3_example:/opt/ros/humble /usr/bin/cmake --install /home/rokey-jw/rokeypj_ws/build/turtlebot_cosmo_interface
