[0.051s] Invoking command in '/home/rokey/turtlebot3_ws/build/dynamixel_sdk': CMAKE_PREFIX_PATH=${CMAKE_PREFIX_PATH}:/home/rokey/turtlebot3_ws/install/turtlebot3_teleop:/home/rokey/turtlebot3_ws/install/turtlebot3_example:/home/rokey/turtlebot3_ws/install/turtlebot3_autorace_mission:/home/rokey/turtlebot3_ws/install/turtlebot3_autorace_detect:/home/rokey/turtlebot3_ws/install/turtlebot3_autorace_camera:/opt/ros/humble /usr/bin/cmake --build /home/rokey/turtlebot3_ws/build/dynamixel_sdk -- -j8 -l8
[1.303s] [35m[1mConsolidate compiler generated dependencies of target dynamixel_sdk[0m
[1.303s] [100%] Built target dynamixel_sdk
[1.303s] [100%] Built target ament_cmake_python_symlink_dynamixel_sdk
[1.303s] running egg_info
[1.303s] writing dynamixel_sdk.egg-info/PKG-INFO
[1.303s] writing dependency_links to dynamixel_sdk.egg-info/dependency_links.txt
[1.304s] writing top-level names to dynamixel_sdk.egg-info/top_level.txt
[1.304s] reading manifest file 'dynamixel_sdk.egg-info/SOURCES.txt'
[1.304s] writing manifest file 'dynamixel_sdk.egg-info/SOURCES.txt'
[1.304s] [100%] Built target ament_cmake_python_build_dynamixel_sdk_egg
[1.327s] Invoked command in '/home/rokey/turtlebot3_ws/build/dynamixel_sdk' returned '0': CMAKE_PREFIX_PATH=${CMAKE_PREFIX_PATH}:/home/rokey/turtlebot3_ws/install/turtlebot3_teleop:/home/rokey/turtlebot3_ws/install/turtlebot3_example:/home/rokey/turtlebot3_ws/install/turtlebot3_autorace_mission:/home/rokey/turtlebot3_ws/install/turtlebot3_autorace_detect:/home/rokey/turtlebot3_ws/install/turtlebot3_autorace_camera:/opt/ros/humble /usr/bin/cmake --build /home/rokey/turtlebot3_ws/build/dynamixel_sdk -- -j8 -l8
[1.328s] Invoking command in '/home/rokey/turtlebot3_ws/build/dynamixel_sdk': CMAKE_PREFIX_PATH=${CMAKE_PREFIX_PATH}:/home/rokey/turtlebot3_ws/install/turtlebot3_teleop:/home/rokey/turtlebot3_ws/install/turtlebot3_example:/home/rokey/turtlebot3_ws/install/turtlebot3_autorace_mission:/home/rokey/turtlebot3_ws/install/turtlebot3_autorace_detect:/home/rokey/turtlebot3_ws/install/turtlebot3_autorace_camera:/opt/ros/humble /usr/bin/cmake --install /home/rokey/turtlebot3_ws/build/dynamixel_sdk
[1.352s] -- Install configuration: ""
[1.352s] -- Execute custom install script
[1.352s] -- Up-to-date symlink: /home/rokey/turtlebot3_ws/install/dynamixel_sdk/include//dynamixel_sdk/dynamixel_sdk.h
[1.353s] -- Up-to-date symlink: /home/rokey/turtlebot3_ws/install/dynamixel_sdk/include//dynamixel_sdk/group_bulk_read.h
[1.356s] -- Up-to-date symlink: /home/rokey/turtlebot3_ws/install/dynamixel_sdk/include//dynamixel_sdk/group_bulk_write.h
[1.356s] -- Up-to-date symlink: /home/rokey/turtlebot3_ws/install/dynamixel_sdk/include//dynamixel_sdk/group_fast_bulk_read.h
[1.356s] -- Up-to-date symlink: /home/rokey/turtlebot3_ws/install/dynamixel_sdk/include//dynamixel_sdk/group_fast_sync_read.h
[1.356s] -- Up-to-date symlink: /home/rokey/turtlebot3_ws/install/dynamixel_sdk/include//dynamixel_sdk/group_handler.h
[1.357s] -- Up-to-date symlink: /home/rokey/turtlebot3_ws/install/dynamixel_sdk/include//dynamixel_sdk/group_sync_read.h
[1.357s] -- Up-to-date symlink: /home/rokey/turtlebot3_ws/install/dynamixel_sdk/include//dynamixel_sdk/group_sync_write.h
[1.357s] -- Up-to-date symlink: /home/rokey/turtlebot3_ws/install/dynamixel_sdk/include//dynamixel_sdk/packet_handler.h
[1.357s] -- Up-to-date symlink: /home/rokey/turtlebot3_ws/install/dynamixel_sdk/include//dynamixel_sdk/port_handler.h
[1.357s] -- Up-to-date symlink: /home/rokey/turtlebot3_ws/install/dynamixel_sdk/include//dynamixel_sdk/port_handler_arduino.h
[1.357s] -- Up-to-date symlink: /home/rokey/turtlebot3_ws/install/dynamixel_sdk/include//dynamixel_sdk/port_handler_linux.h
[1.357s] -- Up-to-date symlink: /home/rokey/turtlebot3_ws/install/dynamixel_sdk/include//dynamixel_sdk/port_handler_mac.h
[1.358s] -- Up-to-date symlink: /home/rokey/turtlebot3_ws/install/dynamixel_sdk/include//dynamixel_sdk/port_handler_windows.h
[1.358s] -- Up-to-date symlink: /home/rokey/turtlebot3_ws/install/dynamixel_sdk/include//dynamixel_sdk/protocol1_packet_handler.h
[1.360s] -- Up-to-date symlink: /home/rokey/turtlebot3_ws/install/dynamixel_sdk/include//dynamixel_sdk/protocol2_packet_handler.h
[1.360s] -- Up-to-date symlink: /home/rokey/turtlebot3_ws/install/dynamixel_sdk/lib/libdynamixel_sdk.so
[1.360s] -- Up-to-date symlink: /home/rokey/turtlebot3_ws/install/dynamixel_sdk/share/dynamixel_sdk/environment/pythonpath.sh
[1.360s] -- Up-to-date symlink: /home/rokey/turtlebot3_ws/install/dynamixel_sdk/share/dynamixel_sdk/environment/pythonpath.dsv
[1.360s] -- Up-to-date symlink: /home/rokey/turtlebot3_ws/install/dynamixel_sdk/local/lib/python3.10/dist-packages/dynamixel_sdk-3.8.3-py3.10.egg-info/PKG-INFO
[1.360s] -- Up-to-date symlink: /home/rokey/turtlebot3_ws/install/dynamixel_sdk/local/lib/python3.10/dist-packages/dynamixel_sdk-3.8.3-py3.10.egg-info/SOURCES.txt
[1.360s] -- Up-to-date symlink: /home/rokey/turtlebot3_ws/install/dynamixel_sdk/local/lib/python3.10/dist-packages/dynamixel_sdk-3.8.3-py3.10.egg-info/dependency_links.txt
[1.360s] -- Up-to-date symlink: /home/rokey/turtlebot3_ws/install/dynamixel_sdk/local/lib/python3.10/dist-packages/dynamixel_sdk-3.8.3-py3.10.egg-info/top_level.txt
[1.360s] -- Up-to-date symlink: /home/rokey/turtlebot3_ws/install/dynamixel_sdk/local/lib/python3.10/dist-packages/dynamixel_sdk/__init__.py
[1.360s] -- Up-to-date symlink: /home/rokey/turtlebot3_ws/install/dynamixel_sdk/local/lib/python3.10/dist-packages/dynamixel_sdk/group_bulk_read.cpp
[1.366s] -- Up-to-date symlink: /home/rokey/turtlebot3_ws/install/dynamixel_sdk/local/lib/python3.10/dist-packages/dynamixel_sdk/group_bulk_read.py
[1.366s] -- Up-to-date symlink: /home/rokey/turtlebot3_ws/install/dynamixel_sdk/local/lib/python3.10/dist-packages/dynamixel_sdk/group_bulk_write.cpp
[1.366s] -- Up-to-date symlink: /home/rokey/turtlebot3_ws/install/dynamixel_sdk/local/lib/python3.10/dist-packages/dynamixel_sdk/group_bulk_write.py
[1.366s] -- Up-to-date symlink: /home/rokey/turtlebot3_ws/install/dynamixel_sdk/local/lib/python3.10/dist-packages/dynamixel_sdk/group_fast_bulk_read.cpp
[1.366s] -- Up-to-date symlink: /home/rokey/turtlebot3_ws/install/dynamixel_sdk/local/lib/python3.10/dist-packages/dynamixel_sdk/group_fast_sync_read.cpp
[1.366s] -- Up-to-date symlink: /home/rokey/turtlebot3_ws/install/dynamixel_sdk/local/lib/python3.10/dist-packages/dynamixel_sdk/group_handler.cpp
[1.367s] -- Up-to-date symlink: /home/rokey/turtlebot3_ws/install/dynamixel_sdk/local/lib/python3.10/dist-packages/dynamixel_sdk/group_sync_read.cpp
[1.367s] -- Up-to-date symlink: /home/rokey/turtlebot3_ws/install/dynamixel_sdk/local/lib/python3.10/dist-packages/dynamixel_sdk/group_sync_read.py
[1.367s] -- Up-to-date symlink: /home/rokey/turtlebot3_ws/install/dynamixel_sdk/local/lib/python3.10/dist-packages/dynamixel_sdk/group_sync_write.cpp
[1.367s] -- Up-to-date symlink: /home/rokey/turtlebot3_ws/install/dynamixel_sdk/local/lib/python3.10/dist-packages/dynamixel_sdk/group_sync_write.py
[1.367s] -- Up-to-date symlink: /home/rokey/turtlebot3_ws/install/dynamixel_sdk/local/lib/python3.10/dist-packages/dynamixel_sdk/packet_handler.cpp
[1.369s] -- Up-to-date symlink: /home/rokey/turtlebot3_ws/install/dynamixel_sdk/local/lib/python3.10/dist-packages/dynamixel_sdk/packet_handler.py
[1.370s] -- Up-to-date symlink: /home/rokey/turtlebot3_ws/install/dynamixel_sdk/local/lib/python3.10/dist-packages/dynamixel_sdk/port_handler.cpp
[1.370s] -- Up-to-date symlink: /home/rokey/turtlebot3_ws/install/dynamixel_sdk/local/lib/python3.10/dist-packages/dynamixel_sdk/port_handler.py
[1.371s] -- Up-to-date symlink: /home/rokey/turtlebot3_ws/install/dynamixel_sdk/local/lib/python3.10/dist-packages/dynamixel_sdk/port_handler_arduino.cpp
[1.371s] -- Up-to-date symlink: /home/rokey/turtlebot3_ws/install/dynamixel_sdk/local/lib/python3.10/dist-packages/dynamixel_sdk/port_handler_linux.cpp
[1.371s] -- Up-to-date symlink: /home/rokey/turtlebot3_ws/install/dynamixel_sdk/local/lib/python3.10/dist-packages/dynamixel_sdk/port_handler_mac.cpp
[1.371s] -- Up-to-date symlink: /home/rokey/turtlebot3_ws/install/dynamixel_sdk/local/lib/python3.10/dist-packages/dynamixel_sdk/port_handler_windows.cpp
[1.371s] -- Up-to-date symlink: /home/rokey/turtlebot3_ws/install/dynamixel_sdk/local/lib/python3.10/dist-packages/dynamixel_sdk/protocol1_packet_handler.cpp
[1.371s] -- Up-to-date symlink: /home/rokey/turtlebot3_ws/install/dynamixel_sdk/local/lib/python3.10/dist-packages/dynamixel_sdk/protocol1_packet_handler.py
[1.378s] -- Up-to-date symlink: /home/rokey/turtlebot3_ws/install/dynamixel_sdk/local/lib/python3.10/dist-packages/dynamixel_sdk/protocol2_packet_handler.cpp
[1.378s] -- Up-to-date symlink: /home/rokey/turtlebot3_ws/install/dynamixel_sdk/local/lib/python3.10/dist-packages/dynamixel_sdk/protocol2_packet_handler.py
[1.378s] -- Up-to-date symlink: /home/rokey/turtlebot3_ws/install/dynamixel_sdk/local/lib/python3.10/dist-packages/dynamixel_sdk/robotis_def.py
[1.378s] -- Up-to-date symlink: /home/rokey/turtlebot3_ws/install/dynamixel_sdk/share/dynamixel_sdk/environment/library_path.sh
[1.378s] -- Up-to-date symlink: /home/rokey/turtlebot3_ws/install/dynamixel_sdk/share/dynamixel_sdk/environment/library_path.dsv
[1.378s] -- Up-to-date symlink: /home/rokey/turtlebot3_ws/install/dynamixel_sdk/share/ament_index/resource_index/package_run_dependencies/dynamixel_sdk
[1.378s] -- Up-to-date symlink: /home/rokey/turtlebot3_ws/install/dynamixel_sdk/share/ament_index/resource_index/parent_prefix_path/dynamixel_sdk
[1.378s] -- Up-to-date symlink: /home/rokey/turtlebot3_ws/install/dynamixel_sdk/share/dynamixel_sdk/environment/ament_prefix_path.sh
[1.378s] -- Up-to-date symlink: /home/rokey/turtlebot3_ws/install/dynamixel_sdk/share/dynamixel_sdk/environment/ament_prefix_path.dsv
[1.379s] -- Up-to-date symlink: /home/rokey/turtlebot3_ws/install/dynamixel_sdk/share/dynamixel_sdk/environment/path.sh
[1.379s] -- Up-to-date symlink: /home/rokey/turtlebot3_ws/install/dynamixel_sdk/share/dynamixel_sdk/environment/path.dsv
[1.379s] -- Up-to-date symlink: /home/rokey/turtlebot3_ws/install/dynamixel_sdk/share/dynamixel_sdk/local_setup.bash
[1.379s] -- Up-to-date symlink: /home/rokey/turtlebot3_ws/install/dynamixel_sdk/share/dynamixel_sdk/local_setup.sh
[1.379s] -- Up-to-date symlink: /home/rokey/turtlebot3_ws/install/dynamixel_sdk/share/dynamixel_sdk/local_setup.zsh
[1.379s] -- Up-to-date symlink: /home/rokey/turtlebot3_ws/install/dynamixel_sdk/share/dynamixel_sdk/local_setup.dsv
[1.379s] -- Symlinking: /home/rokey/turtlebot3_ws/install/dynamixel_sdk/share/dynamixel_sdk/package.dsv
[1.402s] -- Up-to-date symlink: /home/rokey/turtlebot3_ws/install/dynamixel_sdk/share/ament_index/resource_index/packages/dynamixel_sdk
[1.402s] -- Up-to-date symlink: /home/rokey/turtlebot3_ws/install/dynamixel_sdk/share/dynamixel_sdk/cmake/ament_cmake_export_include_directories-extras.cmake
[1.402s] -- Up-to-date symlink: /home/rokey/turtlebot3_ws/install/dynamixel_sdk/share/dynamixel_sdk/cmake/ament_cmake_export_libraries-extras.cmake
[1.403s] -- Up-to-date symlink: /home/rokey/turtlebot3_ws/install/dynamixel_sdk/share/dynamixel_sdk/cmake/dynamixel_sdkConfig.cmake
[1.403s] -- Up-to-date symlink: /home/rokey/turtlebot3_ws/install/dynamixel_sdk/share/dynamixel_sdk/cmake/dynamixel_sdkConfig-version.cmake
[1.403s] -- Up-to-date symlink: /home/rokey/turtlebot3_ws/install/dynamixel_sdk/share/dynamixel_sdk/package.xml
[1.428s] Listing '/home/rokey/turtlebot3_ws/install/dynamixel_sdk/local/lib/python3.10/dist-packages/dynamixel_sdk'...
[1.470s] Invoked command in '/home/rokey/turtlebot3_ws/build/dynamixel_sdk' returned '0': CMAKE_PREFIX_PATH=${CMAKE_PREFIX_PATH}:/home/rokey/turtlebot3_ws/install/turtlebot3_teleop:/home/rokey/turtlebot3_ws/install/turtlebot3_example:/home/rokey/turtlebot3_ws/install/turtlebot3_autorace_mission:/home/rokey/turtlebot3_ws/install/turtlebot3_autorace_detect:/home/rokey/turtlebot3_ws/install/turtlebot3_autorace_camera:/opt/ros/humble /usr/bin/cmake --install /home/rokey/turtlebot3_ws/build/dynamixel_sdk
