[1.408s] Invoking command in '/home/rokey/turtlebot3_ws/build/turtlebot3_autorace_detect': PYTHONPATH=/home/rokey/turtlebot3_ws/build/turtlebot3_autorace_detect/prefix_override:/usr/lib/python3/dist-packages/colcon_core/task/python/colcon_distutils_commands:/home/rokey/turtlebot3_ws/install/turtlebot3_autorace_detect/lib/python3.10/site-packages:${PYTHONPATH} /usr/bin/python3 -W ignore:setup.py install is deprecated -W ignore:easy_install command is deprecated setup.py develop --editable --build-directory /home/rokey/turtlebot3_ws/build/turtlebot3_autorace_detect/build --no-deps symlink_data
[1.696s] running develop
[1.902s] running egg_info
[1.902s] creating turtlebot3_autorace_detect.egg-info
[1.902s] writing turtlebot3_autorace_detect.egg-info/PKG-INFO
[1.902s] writing dependency_links to turtlebot3_autorace_detect.egg-info/dependency_links.txt
[1.902s] writing entry points to turtlebot3_autorace_detect.egg-info/entry_points.txt
[1.902s] writing requirements to turtlebot3_autorace_detect.egg-info/requires.txt
[1.903s] writing top-level names to turtlebot3_autorace_detect.egg-info/top_level.txt
[1.903s] writing manifest file 'turtlebot3_autorace_detect.egg-info/SOURCES.txt'
[1.905s] reading manifest file 'turtlebot3_autorace_detect.egg-info/SOURCES.txt'
[1.905s] writing manifest file 'turtlebot3_autorace_detect.egg-info/SOURCES.txt'
[1.908s] running build_ext
[1.908s] Creating /home/rokey/turtlebot3_ws/install/turtlebot3_autorace_detect/lib/python3.10/site-packages/turtlebot3-autorace-detect.egg-link (link to .)
[1.909s] Installing detect_construction_sign script to /home/rokey/turtlebot3_ws/install/turtlebot3_autorace_detect/lib/turtlebot3_autorace_detect
[1.909s] Installing detect_intersection_sign script to /home/rokey/turtlebot3_ws/install/turtlebot3_autorace_detect/lib/turtlebot3_autorace_detect
[1.910s] Installing detect_lane script to /home/rokey/turtlebot3_ws/install/turtlebot3_autorace_detect/lib/turtlebot3_autorace_detect
[1.910s] Installing detect_level_crossing script to /home/rokey/turtlebot3_ws/install/turtlebot3_autorace_detect/lib/turtlebot3_autorace_detect
[1.910s] Installing detect_level_crossing_sign script to /home/rokey/turtlebot3_ws/install/turtlebot3_autorace_detect/lib/turtlebot3_autorace_detect
[1.910s] Installing detect_parking_sign script to /home/rokey/turtlebot3_ws/install/turtlebot3_autorace_detect/lib/turtlebot3_autorace_detect
[1.910s] Installing detect_traffic_light script to /home/rokey/turtlebot3_ws/install/turtlebot3_autorace_detect/lib/turtlebot3_autorace_detect
[1.910s] Installing detect_tunnel_sign script to /home/rokey/turtlebot3_ws/install/turtlebot3_autorace_detect/lib/turtlebot3_autorace_detect
[1.910s] 
[1.911s] Installed /home/rokey/turtlebot3_ws/build/turtlebot3_autorace_detect
[1.911s] running symlink_data
[1.911s] creating /home/rokey/turtlebot3_ws/install/turtlebot3_autorace_detect/share/ament_index
[1.911s] creating /home/rokey/turtlebot3_ws/install/turtlebot3_autorace_detect/share/ament_index/resource_index
[1.911s] creating /home/rokey/turtlebot3_ws/install/turtlebot3_autorace_detect/share/ament_index/resource_index/packages
[1.911s] symbolically linking /home/rokey/turtlebot3_ws/build/turtlebot3_autorace_detect/resource/turtlebot3_autorace_detect -> /home/rokey/turtlebot3_ws/install/turtlebot3_autorace_detect/share/ament_index/resource_index/packages
[1.912s] symbolically linking /home/rokey/turtlebot3_ws/build/turtlebot3_autorace_detect/package.xml -> /home/rokey/turtlebot3_ws/install/turtlebot3_autorace_detect/share/turtlebot3_autorace_detect
[1.912s] creating /home/rokey/turtlebot3_ws/install/turtlebot3_autorace_detect/share/turtlebot3_autorace_detect/launch
[1.912s] symbolically linking /home/rokey/turtlebot3_ws/build/turtlebot3_autorace_detect/launch/detect_level_crossing.launch.py -> /home/rokey/turtlebot3_ws/install/turtlebot3_autorace_detect/share/turtlebot3_autorace_detect/launch
[1.913s] symbolically linking /home/rokey/turtlebot3_ws/build/turtlebot3_autorace_detect/launch/detect_sign.launch.py -> /home/rokey/turtlebot3_ws/install/turtlebot3_autorace_detect/share/turtlebot3_autorace_detect/launch
[1.913s] symbolically linking /home/rokey/turtlebot3_ws/build/turtlebot3_autorace_detect/launch/detect_traffic_light.launch.py -> /home/rokey/turtlebot3_ws/install/turtlebot3_autorace_detect/share/turtlebot3_autorace_detect/launch
[1.913s] symbolically linking /home/rokey/turtlebot3_ws/build/turtlebot3_autorace_detect/launch/detect_lane.launch.py -> /home/rokey/turtlebot3_ws/install/turtlebot3_autorace_detect/share/turtlebot3_autorace_detect/launch
[1.913s] creating /home/rokey/turtlebot3_ws/install/turtlebot3_autorace_detect/share/turtlebot3_autorace_detect/param
[1.913s] creating /home/rokey/turtlebot3_ws/install/turtlebot3_autorace_detect/share/turtlebot3_autorace_detect/param/lane
[1.913s] symbolically linking /home/rokey/turtlebot3_ws/build/turtlebot3_autorace_detect/param/lane/lane.yaml -> /home/rokey/turtlebot3_ws/install/turtlebot3_autorace_detect/share/turtlebot3_autorace_detect/param/lane
[1.913s] creating /home/rokey/turtlebot3_ws/install/turtlebot3_autorace_detect/share/turtlebot3_autorace_detect/param/level
[1.913s] symbolically linking /home/rokey/turtlebot3_ws/build/turtlebot3_autorace_detect/param/level/level.yaml -> /home/rokey/turtlebot3_ws/install/turtlebot3_autorace_detect/share/turtlebot3_autorace_detect/param/level
[1.913s] creating /home/rokey/turtlebot3_ws/install/turtlebot3_autorace_detect/share/turtlebot3_autorace_detect/param/traffic_light
[1.913s] symbolically linking /home/rokey/turtlebot3_ws/build/turtlebot3_autorace_detect/param/traffic_light/traffic_light.yaml -> /home/rokey/turtlebot3_ws/install/turtlebot3_autorace_detect/share/turtlebot3_autorace_detect/param/traffic_light
[1.914s] creating /home/rokey/turtlebot3_ws/install/turtlebot3_autorace_detect/share/turtlebot3_autorace_detect/image
[1.914s] symbolically linking /home/rokey/turtlebot3_ws/build/turtlebot3_autorace_detect/image/intersection.png -> /home/rokey/turtlebot3_ws/install/turtlebot3_autorace_detect/share/turtlebot3_autorace_detect/image
[1.914s] symbolically linking /home/rokey/turtlebot3_ws/build/turtlebot3_autorace_detect/image/tunnel.png -> /home/rokey/turtlebot3_ws/install/turtlebot3_autorace_detect/share/turtlebot3_autorace_detect/image
[1.914s] symbolically linking /home/rokey/turtlebot3_ws/build/turtlebot3_autorace_detect/image/right.png -> /home/rokey/turtlebot3_ws/install/turtlebot3_autorace_detect/share/turtlebot3_autorace_detect/image
[1.914s] symbolically linking /home/rokey/turtlebot3_ws/build/turtlebot3_autorace_detect/image/stop.png -> /home/rokey/turtlebot3_ws/install/turtlebot3_autorace_detect/share/turtlebot3_autorace_detect/image
[1.914s] symbolically linking /home/rokey/turtlebot3_ws/build/turtlebot3_autorace_detect/image/left.png -> /home/rokey/turtlebot3_ws/install/turtlebot3_autorace_detect/share/turtlebot3_autorace_detect/image
[1.914s] symbolically linking /home/rokey/turtlebot3_ws/build/turtlebot3_autorace_detect/image/construction.png -> /home/rokey/turtlebot3_ws/install/turtlebot3_autorace_detect/share/turtlebot3_autorace_detect/image
[1.914s] symbolically linking /home/rokey/turtlebot3_ws/build/turtlebot3_autorace_detect/image/parking.png -> /home/rokey/turtlebot3_ws/install/turtlebot3_autorace_detect/share/turtlebot3_autorace_detect/image
[1.996s] Invoked command in '/home/rokey/turtlebot3_ws/build/turtlebot3_autorace_detect' returned '0': PYTHONPATH=/home/rokey/turtlebot3_ws/build/turtlebot3_autorace_detect/prefix_override:/usr/lib/python3/dist-packages/colcon_core/task/python/colcon_distutils_commands:/home/rokey/turtlebot3_ws/install/turtlebot3_autorace_detect/lib/python3.10/site-packages:${PYTHONPATH} /usr/bin/python3 -W ignore:setup.py install is deprecated -W ignore:easy_install command is deprecated setup.py develop --editable --build-directory /home/rokey/turtlebot3_ws/build/turtlebot3_autorace_detect/build --no-deps symlink_data
