[0.026s] Invoking command in '/home/rokey-jw/rokeypj_ws/build/turtlebot3_manipulation_hardware': CMAKE_PREFIX_PATH=${CMAKE_PREFIX_PATH}:/home/rokey-jw/turtlebot3_ws/install/turtlebot3_teleop:/home/rokey-jw/turtlebot3_ws/install/turtlebot3_example:/opt/ros/humble /usr/bin/cmake /home/rokey-jw/rokeypj_ws/src/turtlebot3_manipulation/turtlebot3_manipulation_hardware -DAMENT_CMAKE_SYMLINK_INSTALL=1 -DCMAKE_INSTALL_PREFIX=/home/rokey-jw/rokeypj_ws/install/turtlebot3_manipulation_hardware
[0.050s] -- Found ament_cmake: 1.3.11 (/opt/ros/humble/share/ament_cmake/cmake)
[0.326s] -- Override CMake install command with custom implementation using symlinks instead of copying resources
[0.348s] -- Found dynamixel_sdk: 3.8.3 (/opt/ros/humble/share/dynamixel_sdk/cmake)
[0.359s] -- Found hardware_interface: 2.50.0 (/opt/ros/humble/share/hardware_interface/cmake)
[0.477s] -- Found rosidl_generator_c: 3.1.6 (/opt/ros/humble/share/rosidl_generator_c/cmake)
[0.488s] -- Found rosidl_adapter: 3.1.6 (/opt/ros/humble/share/rosidl_adapter/cmake)
[0.506s] -- Found rosidl_generator_cpp: 3.1.6 (/opt/ros/humble/share/rosidl_generator_cpp/cmake)
[0.532s] -- Using all available rosidl_typesupport_c: rosidl_typesupport_fastrtps_c;rosidl_typesupport_introspection_c
[0.566s] -- Using all available rosidl_typesupport_cpp: rosidl_typesupport_fastrtps_cpp;rosidl_typesupport_introspection_cpp
[0.999s] -- Found rmw_implementation_cmake: 6.1.2 (/opt/ros/humble/share/rmw_implementation_cmake/cmake)
[1.005s] -- Found rmw_fastrtps_cpp: 6.2.7 (/opt/ros/humble/share/rmw_fastrtps_cpp/cmake)
[1.058s] -- Found TinyXML2 via Config file: TinyXML2_DIR-NOTFOUND
[1.145s] -- Found OpenSSL: /usr/lib/aarch64-linux-gnu/libcrypto.so (found version "3.0.2")  
[1.152s] -- Found TinyXML2 via Config file: TinyXML2_DIR-NOTFOUND
[1.186s] -- Found FastRTPS: /opt/ros/humble/include  
[1.192s] -- Found TinyXML2 via Config file: TinyXML2_DIR-NOTFOUND
[1.209s] -- Found TinyXML2 via Config file: TinyXML2_DIR-NOTFOUND
[1.231s] -- Using RMW implementation 'rmw_fastrtps_cpp' as default
[1.254s] -- Looking for pthread.h
[1.399s] -- Looking for pthread.h - found
[1.399s] -- Performing Test CMAKE_HAVE_LIBC_PTHREAD
[1.560s] -- Performing Test CMAKE_HAVE_LIBC_PTHREAD - Success
[1.562s] -- Found Threads: TRUE  
[1.896s] -- Configuring done
[1.970s] -- Generating done
[1.983s] -- Build files have been written to: /home/rokey-jw/rokeypj_ws/build/turtlebot3_manipulation_hardware
[2.008s] Invoked command in '/home/rokey-jw/rokeypj_ws/build/turtlebot3_manipulation_hardware' returned '0': CMAKE_PREFIX_PATH=${CMAKE_PREFIX_PATH}:/home/rokey-jw/turtlebot3_ws/install/turtlebot3_teleop:/home/rokey-jw/turtlebot3_ws/install/turtlebot3_example:/opt/ros/humble /usr/bin/cmake /home/rokey-jw/rokeypj_ws/src/turtlebot3_manipulation/turtlebot3_manipulation_hardware -DAMENT_CMAKE_SYMLINK_INSTALL=1 -DCMAKE_INSTALL_PREFIX=/home/rokey-jw/rokeypj_ws/install/turtlebot3_manipulation_hardware
[2.013s] Invoking command in '/home/rokey-jw/rokeypj_ws/build/turtlebot3_manipulation_hardware': CMAKE_PREFIX_PATH=${CMAKE_PREFIX_PATH}:/home/rokey-jw/turtlebot3_ws/install/turtlebot3_teleop:/home/rokey-jw/turtlebot3_ws/install/turtlebot3_example:/opt/ros/humble /usr/bin/cmake --build /home/rokey-jw/rokeypj_ws/build/turtlebot3_manipulation_hardware -- -j6 -l6
[2.120s] [ 75%] [32mBuilding CXX object CMakeFiles/turtlebot3_manipulation_hardware.dir/src/dynamixel_sdk_wrapper.cpp.o[0m
[2.120s] [ 75%] [32mBuilding CXX object CMakeFiles/turtlebot3_manipulation_hardware.dir/src/opencr.cpp.o[0m
[2.121s] [ 75%] [32mBuilding CXX object CMakeFiles/turtlebot3_manipulation_hardware.dir/src/turtlebot3_manipulation_system.cpp.o[0m
[10.187s] [100%] [32m[1mLinking CXX shared library libturtlebot3_manipulation_hardware.so[0m
[10.577s] [100%] Built target turtlebot3_manipulation_hardware
[10.603s] Invoked command in '/home/rokey-jw/rokeypj_ws/build/turtlebot3_manipulation_hardware' returned '0': CMAKE_PREFIX_PATH=${CMAKE_PREFIX_PATH}:/home/rokey-jw/turtlebot3_ws/install/turtlebot3_teleop:/home/rokey-jw/turtlebot3_ws/install/turtlebot3_example:/opt/ros/humble /usr/bin/cmake --build /home/rokey-jw/rokeypj_ws/build/turtlebot3_manipulation_hardware -- -j6 -l6
[10.610s] Invoking command in '/home/rokey-jw/rokeypj_ws/build/turtlebot3_manipulation_hardware': CMAKE_PREFIX_PATH=${CMAKE_PREFIX_PATH}:/home/rokey-jw/turtlebot3_ws/install/turtlebot3_teleop:/home/rokey-jw/turtlebot3_ws/install/turtlebot3_example:/opt/ros/humble /usr/bin/cmake --install /home/rokey-jw/rokeypj_ws/build/turtlebot3_manipulation_hardware
[10.625s] -- Install configuration: ""
[10.626s] -- Execute custom install script
[10.626s] -- Symlinking: /home/rokey-jw/rokeypj_ws/install/turtlebot3_manipulation_hardware/share/turtlebot3_manipulation_hardware//turtlebot3_manipulation_hardware.xml
[10.646s] -- Symlinking: /home/rokey-jw/rokeypj_ws/install/turtlebot3_manipulation_hardware/include/turtlebot3_manipulation_hardware/dynamixel_sdk_wrapper.hpp
[10.665s] -- Symlinking: /home/rokey-jw/rokeypj_ws/install/turtlebot3_manipulation_hardware/include/turtlebot3_manipulation_hardware/opencr.hpp
[10.684s] -- Symlinking: /home/rokey-jw/rokeypj_ws/install/turtlebot3_manipulation_hardware/include/turtlebot3_manipulation_hardware/opencr_control_table.hpp
[10.704s] -- Symlinking: /home/rokey-jw/rokeypj_ws/install/turtlebot3_manipulation_hardware/include/turtlebot3_manipulation_hardware/opencr_definitions.hpp
[10.723s] -- Symlinking: /home/rokey-jw/rokeypj_ws/install/turtlebot3_manipulation_hardware/include/turtlebot3_manipulation_hardware/turtlebot3_manipulation_system.hpp
[10.742s] -- Symlinking: /home/rokey-jw/rokeypj_ws/install/turtlebot3_manipulation_hardware/include/turtlebot3_manipulation_hardware/visibility_control.h
[10.764s] -- Symlinking: /home/rokey-jw/rokeypj_ws/install/turtlebot3_manipulation_hardware/lib/libturtlebot3_manipulation_hardware.so
[10.784s] -- Symlinking: /home/rokey-jw/rokeypj_ws/install/turtlebot3_manipulation_hardware/share/turtlebot3_manipulation_hardware/environment/library_path.sh
[10.803s] -- Symlinking: /home/rokey-jw/rokeypj_ws/install/turtlebot3_manipulation_hardware/share/turtlebot3_manipulation_hardware/environment/library_path.dsv
[10.821s] -- Symlinking: /home/rokey-jw/rokeypj_ws/install/turtlebot3_manipulation_hardware/share/ament_index/resource_index/package_run_dependencies/turtlebot3_manipulation_hardware
[10.841s] -- Symlinking: /home/rokey-jw/rokeypj_ws/install/turtlebot3_manipulation_hardware/share/ament_index/resource_index/parent_prefix_path/turtlebot3_manipulation_hardware
[10.860s] -- Symlinking: /home/rokey-jw/rokeypj_ws/install/turtlebot3_manipulation_hardware/share/turtlebot3_manipulation_hardware/environment/ament_prefix_path.sh
[10.879s] -- Symlinking: /home/rokey-jw/rokeypj_ws/install/turtlebot3_manipulation_hardware/share/turtlebot3_manipulation_hardware/environment/ament_prefix_path.dsv
[10.899s] -- Symlinking: /home/rokey-jw/rokeypj_ws/install/turtlebot3_manipulation_hardware/share/turtlebot3_manipulation_hardware/environment/path.sh
[10.916s] -- Symlinking: /home/rokey-jw/rokeypj_ws/install/turtlebot3_manipulation_hardware/share/turtlebot3_manipulation_hardware/environment/path.dsv
[10.935s] -- Symlinking: /home/rokey-jw/rokeypj_ws/install/turtlebot3_manipulation_hardware/share/turtlebot3_manipulation_hardware/local_setup.bash
[10.954s] -- Symlinking: /home/rokey-jw/rokeypj_ws/install/turtlebot3_manipulation_hardware/share/turtlebot3_manipulation_hardware/local_setup.sh
[10.974s] -- Symlinking: /home/rokey-jw/rokeypj_ws/install/turtlebot3_manipulation_hardware/share/turtlebot3_manipulation_hardware/local_setup.zsh
[10.995s] -- Symlinking: /home/rokey-jw/rokeypj_ws/install/turtlebot3_manipulation_hardware/share/turtlebot3_manipulation_hardware/local_setup.dsv
[11.015s] -- Symlinking: /home/rokey-jw/rokeypj_ws/install/turtlebot3_manipulation_hardware/share/turtlebot3_manipulation_hardware/package.dsv
[11.033s] -- Symlinking: /home/rokey-jw/rokeypj_ws/install/turtlebot3_manipulation_hardware/share/ament_index/resource_index/packages/turtlebot3_manipulation_hardware
[11.053s] -- Symlinking: /home/rokey-jw/rokeypj_ws/install/turtlebot3_manipulation_hardware/share/ament_index/resource_index/hardware_interface__pluginlib__plugin/turtlebot3_manipulation_hardware
[11.072s] -- Symlinking: /home/rokey-jw/rokeypj_ws/install/turtlebot3_manipulation_hardware/share/turtlebot3_manipulation_hardware/cmake/ament_cmake_export_include_directories-extras.cmake
[11.092s] -- Symlinking: /home/rokey-jw/rokeypj_ws/install/turtlebot3_manipulation_hardware/share/turtlebot3_manipulation_hardware/cmake/ament_cmake_export_libraries-extras.cmake
[11.111s] -- Symlinking: /home/rokey-jw/rokeypj_ws/install/turtlebot3_manipulation_hardware/share/turtlebot3_manipulation_hardware/cmake/ament_cmake_export_dependencies-extras.cmake
[11.130s] -- Symlinking: /home/rokey-jw/rokeypj_ws/install/turtlebot3_manipulation_hardware/share/turtlebot3_manipulation_hardware/cmake/turtlebot3_manipulation_hardwareConfig.cmake
[11.149s] -- Symlinking: /home/rokey-jw/rokeypj_ws/install/turtlebot3_manipulation_hardware/share/turtlebot3_manipulation_hardware/cmake/turtlebot3_manipulation_hardwareConfig-version.cmake
[11.169s] -- Symlinking: /home/rokey-jw/rokeypj_ws/install/turtlebot3_manipulation_hardware/share/turtlebot3_manipulation_hardware/package.xml
[11.196s] Invoked command in '/home/rokey-jw/rokeypj_ws/build/turtlebot3_manipulation_hardware' returned '0': CMAKE_PREFIX_PATH=${CMAKE_PREFIX_PATH}:/home/rokey-jw/turtlebot3_ws/install/turtlebot3_teleop:/home/rokey-jw/turtlebot3_ws/install/turtlebot3_example:/opt/ros/humble /usr/bin/cmake --install /home/rokey-jw/rokeypj_ws/build/turtlebot3_manipulation_hardware
