[0.012s] Invoking command in '/home/rokey/turtlebot3_ws/build/turtlebot3_gazebo': CMAKE_PREFIX_PATH=${CMAKE_PREFIX_PATH}:/home/rokey/turtlebot3_ws/install/turtlebot3_teleop:/home/rokey/turtlebot3_ws/install/turtlebot3_example:/home/rokey/turtlebot3_ws/install/turtlebot3_autorace_mission:/home/rokey/turtlebot3_ws/install/turtlebot3_autorace_detect:/home/rokey/turtlebot3_ws/install/turtlebot3_autorace_camera:/opt/ros/humble /usr/bin/cmake --build /home/rokey/turtlebot3_ws/build/turtlebot3_gazebo -- -j8 -l8
[0.098s] [35m[1mConsolidate compiler generated dependencies of target traffic_signal_plugin[0m
[0.098s] [ 14%] Built target turtlebot3_drive
[0.114s] [ 28%] Built target traffic_bar_plugin
[0.114s] [ 42%] Built target obstacle1
[0.122s] [ 57%] Built target traffic_light_plugin
[0.122s] [ 71%] Built target obstacles
[0.127s] [ 85%] Built target obstacle2
[0.133s] [ 92%] [32mBuilding CXX object CMakeFiles/traffic_signal_plugin.dir/src/traffic_signal_plugin.cpp.o[0m
[12.165s] [100%] [32m[1mLinking CXX shared library libtraffic_signal_plugin.so[0m
[12.509s] [100%] Built target traffic_signal_plugin
[12.522s] Invoked command in '/home/rokey/turtlebot3_ws/build/turtlebot3_gazebo' returned '0': CMAKE_PREFIX_PATH=${CMAKE_PREFIX_PATH}:/home/rokey/turtlebot3_ws/install/turtlebot3_teleop:/home/rokey/turtlebot3_ws/install/turtlebot3_example:/home/rokey/turtlebot3_ws/install/turtlebot3_autorace_mission:/home/rokey/turtlebot3_ws/install/turtlebot3_autorace_detect:/home/rokey/turtlebot3_ws/install/turtlebot3_autorace_camera:/opt/ros/humble /usr/bin/cmake --build /home/rokey/turtlebot3_ws/build/turtlebot3_gazebo -- -j8 -l8
[12.533s] Invoking command in '/home/rokey/turtlebot3_ws/build/turtlebot3_gazebo': CMAKE_PREFIX_PATH=${CMAKE_PREFIX_PATH}:/home/rokey/turtlebot3_ws/install/turtlebot3_teleop:/home/rokey/turtlebot3_ws/install/turtlebot3_example:/home/rokey/turtlebot3_ws/install/turtlebot3_autorace_mission:/home/rokey/turtlebot3_ws/install/turtlebot3_autorace_detect:/home/rokey/turtlebot3_ws/install/turtlebot3_autorace_camera:/opt/ros/humble /usr/bin/cmake --install /home/rokey/turtlebot3_ws/build/turtlebot3_gazebo
[12.541s] -- Install configuration: ""
[12.541s] -- Execute custom install script
[12.541s] -- Up-to-date symlink: /home/rokey/turtlebot3_ws/install/turtlebot3_gazebo/lib/turtlebot3_gazebo/turtlebot3_drive
[12.542s] -- Up-to-date symlink: /home/rokey/turtlebot3_ws/install/turtlebot3_gazebo/share/turtlebot3_gazebo//launch/empty_world.launch.py
[12.542s] -- Up-to-date symlink: /home/rokey/turtlebot3_ws/install/turtlebot3_gazebo/share/turtlebot3_gazebo//launch/multi_robot.launch.py
[12.542s] -- Up-to-date symlink: /home/rokey/turtlebot3_ws/install/turtlebot3_gazebo/share/turtlebot3_gazebo//launch/multi_spawn_turtlebot3.launch.py
[12.542s] -- Up-to-date symlink: /home/rokey/turtlebot3_ws/install/turtlebot3_gazebo/share/turtlebot3_gazebo//launch/robot_state_publisher.launch.py
[12.542s] -- Up-to-date symlink: /home/rokey/turtlebot3_ws/install/turtlebot3_gazebo/share/turtlebot3_gazebo//launch/spawn_turtlebot3.launch.py
[12.542s] -- Up-to-date symlink: /home/rokey/turtlebot3_ws/install/turtlebot3_gazebo/share/turtlebot3_gazebo//launch/spawn_turtlebot3_org.launch.py
[12.542s] -- Up-to-date symlink: /home/rokey/turtlebot3_ws/install/turtlebot3_gazebo/share/turtlebot3_gazebo//launch/spawn_turtlebot3_urdf_topic.launch.py
[12.543s] -- Up-to-date symlink: /home/rokey/turtlebot3_ws/install/turtlebot3_gazebo/share/turtlebot3_gazebo//launch/turtlebot3_autorace_2020.launch.py
[12.543s] -- Up-to-date symlink: /home/rokey/turtlebot3_ws/install/turtlebot3_gazebo/share/turtlebot3_gazebo//launch/turtlebot3_autorace_2025.launch.py
[12.543s] -- Up-to-date symlink: /home/rokey/turtlebot3_ws/install/turtlebot3_gazebo/share/turtlebot3_gazebo//launch/turtlebot3_dqn_stage1.launch.py
[12.543s] -- Up-to-date symlink: /home/rokey/turtlebot3_ws/install/turtlebot3_gazebo/share/turtlebot3_gazebo//launch/turtlebot3_dqn_stage2.launch.py
[12.543s] -- Up-to-date symlink: /home/rokey/turtlebot3_ws/install/turtlebot3_gazebo/share/turtlebot3_gazebo//launch/turtlebot3_dqn_stage3.launch.py
[12.543s] -- Up-to-date symlink: /home/rokey/turtlebot3_ws/install/turtlebot3_gazebo/share/turtlebot3_gazebo//launch/turtlebot3_dqn_stage4.launch.py
[12.543s] -- Up-to-date symlink: /home/rokey/turtlebot3_ws/install/turtlebot3_gazebo/share/turtlebot3_gazebo//launch/turtlebot3_house.launch.py
[12.543s] -- Up-to-date symlink: /home/rokey/turtlebot3_ws/install/turtlebot3_gazebo/share/turtlebot3_gazebo//launch/turtlebot3_world.launch.py
[12.545s] -- Up-to-date symlink: /home/rokey/turtlebot3_ws/install/turtlebot3_gazebo/share/turtlebot3_gazebo//models/turtlebot3_autorace_2020/checker/materials/checker.png
[12.546s] -- Up-to-date symlink: /home/rokey/turtlebot3_ws/install/turtlebot3_gazebo/share/turtlebot3_gazebo//models/turtlebot3_autorace_2020/checker/materials/scripts/checker.material
[12.546s] -- Up-to-date symlink: /home/rokey/turtlebot3_ws/install/turtlebot3_gazebo/share/turtlebot3_gazebo//models/turtlebot3_autorace_2020/checker/materials/textures/checker.png
[12.546s] -- Up-to-date symlink: /home/rokey/turtlebot3_ws/install/turtlebot3_gazebo/share/turtlebot3_gazebo//models/turtlebot3_autorace_2020/checker/model.config
[12.546s] -- Up-to-date symlink: /home/rokey/turtlebot3_ws/install/turtlebot3_gazebo/share/turtlebot3_gazebo//models/turtlebot3_autorace_2020/checker/model.sdf
[12.546s] -- Up-to-date symlink: /home/rokey/turtlebot3_ws/install/turtlebot3_gazebo/share/turtlebot3_gazebo//models/turtlebot3_autorace_2020/course/materials/scripts/course.material
[12.546s] -- Up-to-date symlink: /home/rokey/turtlebot3_ws/install/turtlebot3_gazebo/share/turtlebot3_gazebo//models/turtlebot3_autorace_2020/course/materials/textures/course.png
[12.546s] -- Up-to-date symlink: /home/rokey/turtlebot3_ws/install/turtlebot3_gazebo/share/turtlebot3_gazebo//models/turtlebot3_autorace_2020/course/model.config
[12.546s] -- Up-to-date symlink: /home/rokey/turtlebot3_ws/install/turtlebot3_gazebo/share/turtlebot3_gazebo//models/turtlebot3_autorace_2020/course/model.sdf
[12.546s] -- Up-to-date symlink: /home/rokey/turtlebot3_ws/install/turtlebot3_gazebo/share/turtlebot3_gazebo//models/turtlebot3_autorace_2020/traffic_bar/materials/scripts/traffic_bar.material
[12.547s] -- Up-to-date symlink: /home/rokey/turtlebot3_ws/install/turtlebot3_gazebo/share/turtlebot3_gazebo//models/turtlebot3_autorace_2020/traffic_bar/materials/textures/traffic_bar.png
[12.547s] -- Up-to-date symlink: /home/rokey/turtlebot3_ws/install/turtlebot3_gazebo/share/turtlebot3_gazebo//models/turtlebot3_autorace_2020/traffic_bar/model.config
[12.547s] -- Up-to-date symlink: /home/rokey/turtlebot3_ws/install/turtlebot3_gazebo/share/turtlebot3_gazebo//models/turtlebot3_autorace_2020/traffic_bar/model.sdf
[12.547s] -- Up-to-date symlink: /home/rokey/turtlebot3_ws/install/turtlebot3_gazebo/share/turtlebot3_gazebo//models/turtlebot3_autorace_2020/traffic_construction/materials/scripts/traffic_construction.material
[12.547s] -- Up-to-date symlink: /home/rokey/turtlebot3_ws/install/turtlebot3_gazebo/share/turtlebot3_gazebo//models/turtlebot3_autorace_2020/traffic_construction/materials/textures/traffic_construction.png
[12.547s] -- Up-to-date symlink: /home/rokey/turtlebot3_ws/install/turtlebot3_gazebo/share/turtlebot3_gazebo//models/turtlebot3_autorace_2020/traffic_construction/model.config
[12.547s] -- Up-to-date symlink: /home/rokey/turtlebot3_ws/install/turtlebot3_gazebo/share/turtlebot3_gazebo//models/turtlebot3_autorace_2020/traffic_construction/model.sdf
[12.547s] -- Up-to-date symlink: /home/rokey/turtlebot3_ws/install/turtlebot3_gazebo/share/turtlebot3_gazebo//models/turtlebot3_autorace_2020/traffic_intersection/materials/scripts/traffic_intersection.material
[12.547s] -- Up-to-date symlink: /home/rokey/turtlebot3_ws/install/turtlebot3_gazebo/share/turtlebot3_gazebo//models/turtlebot3_autorace_2020/traffic_intersection/materials/textures/traffic_intersection.png
[12.547s] -- Up-to-date symlink: /home/rokey/turtlebot3_ws/install/turtlebot3_gazebo/share/turtlebot3_gazebo//models/turtlebot3_autorace_2020/traffic_intersection/model.config
[12.547s] -- Up-to-date symlink: /home/rokey/turtlebot3_ws/install/turtlebot3_gazebo/share/turtlebot3_gazebo//models/turtlebot3_autorace_2020/traffic_intersection/model.sdf
[12.548s] -- Up-to-date symlink: /home/rokey/turtlebot3_ws/install/turtlebot3_gazebo/share/turtlebot3_gazebo//models/turtlebot3_autorace_2020/traffic_left/materials/scripts/traffic_is_left.material
[12.548s] -- Up-to-date symlink: /home/rokey/turtlebot3_ws/install/turtlebot3_gazebo/share/turtlebot3_gazebo//models/turtlebot3_autorace_2020/traffic_left/materials/textures/traffic_left.png
[12.548s] -- Up-to-date symlink: /home/rokey/turtlebot3_ws/install/turtlebot3_gazebo/share/turtlebot3_gazebo//models/turtlebot3_autorace_2020/traffic_left/model.config
[12.548s] -- Up-to-date symlink: /home/rokey/turtlebot3_ws/install/turtlebot3_gazebo/share/turtlebot3_gazebo//models/turtlebot3_autorace_2020/traffic_left/model.sdf
[12.548s] -- Up-to-date symlink: /home/rokey/turtlebot3_ws/install/turtlebot3_gazebo/share/turtlebot3_gazebo//models/turtlebot3_autorace_2020/traffic_light/materials/scripts/traffic_light.material
[12.548s] -- Up-to-date symlink: /home/rokey/turtlebot3_ws/install/turtlebot3_gazebo/share/turtlebot3_gazebo//models/turtlebot3_autorace_2020/traffic_light/materials/textures/traffic_light.png
[12.548s] -- Up-to-date symlink: /home/rokey/turtlebot3_ws/install/turtlebot3_gazebo/share/turtlebot3_gazebo//models/turtlebot3_autorace_2020/traffic_light/materials/textures/traffic_light_green.png
[12.548s] -- Up-to-date symlink: /home/rokey/turtlebot3_ws/install/turtlebot3_gazebo/share/turtlebot3_gazebo//models/turtlebot3_autorace_2020/traffic_light/materials/textures/traffic_light_red.png
[12.548s] -- Up-to-date symlink: /home/rokey/turtlebot3_ws/install/turtlebot3_gazebo/share/turtlebot3_gazebo//models/turtlebot3_autorace_2020/traffic_light/materials/textures/traffic_light_yellow.png
[12.549s] -- Up-to-date symlink: /home/rokey/turtlebot3_ws/install/turtlebot3_gazebo/share/turtlebot3_gazebo//models/turtlebot3_autorace_2020/traffic_light/model.config
[12.549s] -- Up-to-date symlink: /home/rokey/turtlebot3_ws/install/turtlebot3_gazebo/share/turtlebot3_gazebo//models/turtlebot3_autorace_2020/traffic_light/model.sdf
[12.549s] -- Up-to-date symlink: /home/rokey/turtlebot3_ws/install/turtlebot3_gazebo/share/turtlebot3_gazebo//models/turtlebot3_autorace_2020/traffic_noentry/materials/scripts/traffic_noentry.material
[12.549s] -- Up-to-date symlink: /home/rokey/turtlebot3_ws/install/turtlebot3_gazebo/share/turtlebot3_gazebo//models/turtlebot3_autorace_2020/traffic_noentry/materials/textures/traffic_noentry.png
[12.549s] -- Up-to-date symlink: /home/rokey/turtlebot3_ws/install/turtlebot3_gazebo/share/turtlebot3_gazebo//models/turtlebot3_autorace_2020/traffic_noentry/model.config
[12.549s] -- Up-to-date symlink: /home/rokey/turtlebot3_ws/install/turtlebot3_gazebo/share/turtlebot3_gazebo//models/turtlebot3_autorace_2020/traffic_noentry/model.sdf
[12.549s] -- Up-to-date symlink: /home/rokey/turtlebot3_ws/install/turtlebot3_gazebo/share/turtlebot3_gazebo//models/turtlebot3_autorace_2020/traffic_parking/materials/scripts/traffic_parking.material
[12.549s] -- Up-to-date symlink: /home/rokey/turtlebot3_ws/install/turtlebot3_gazebo/share/turtlebot3_gazebo//models/turtlebot3_autorace_2020/traffic_parking/materials/textures/traffic_parking.png
[12.549s] -- Up-to-date symlink: /home/rokey/turtlebot3_ws/install/turtlebot3_gazebo/share/turtlebot3_gazebo//models/turtlebot3_autorace_2020/traffic_parking/model.config
[12.549s] -- Up-to-date symlink: /home/rokey/turtlebot3_ws/install/turtlebot3_gazebo/share/turtlebot3_gazebo//models/turtlebot3_autorace_2020/traffic_parking/model.sdf
[12.549s] -- Up-to-date symlink: /home/rokey/turtlebot3_ws/install/turtlebot3_gazebo/share/turtlebot3_gazebo//models/turtlebot3_autorace_2020/traffic_pl_left/materials/scripts/traffic_pl_left.material
[12.550s] -- Up-to-date symlink: /home/rokey/turtlebot3_ws/install/turtlebot3_gazebo/share/turtlebot3_gazebo//models/turtlebot3_autorace_2020/traffic_pl_left/materials/textures/traffic_pl_left.png
[12.550s] -- Up-to-date symlink: /home/rokey/turtlebot3_ws/install/turtlebot3_gazebo/share/turtlebot3_gazebo//models/turtlebot3_autorace_2020/traffic_pl_left/model.config
[12.550s] -- Up-to-date symlink: /home/rokey/turtlebot3_ws/install/turtlebot3_gazebo/share/turtlebot3_gazebo//models/turtlebot3_autorace_2020/traffic_pl_left/model.sdf
[12.550s] -- Up-to-date symlink: /home/rokey/turtlebot3_ws/install/turtlebot3_gazebo/share/turtlebot3_gazebo//models/turtlebot3_autorace_2020/traffic_right/materials/scripts/traffic_right.material
[12.550s] -- Up-to-date symlink: /home/rokey/turtlebot3_ws/install/turtlebot3_gazebo/share/turtlebot3_gazebo//models/turtlebot3_autorace_2020/traffic_right/materials/textures/traffic_right.png
[12.550s] -- Up-to-date symlink: /home/rokey/turtlebot3_ws/install/turtlebot3_gazebo/share/turtlebot3_gazebo//models/turtlebot3_autorace_2020/traffic_right/model.config
[12.550s] -- Up-to-date symlink: /home/rokey/turtlebot3_ws/install/turtlebot3_gazebo/share/turtlebot3_gazebo//models/turtlebot3_autorace_2020/traffic_right/model.sdf
[12.550s] -- Up-to-date symlink: /home/rokey/turtlebot3_ws/install/turtlebot3_gazebo/share/turtlebot3_gazebo//models/turtlebot3_autorace_2020/traffic_stop/materials/scripts/traffic_stop.material
[12.550s] -- Up-to-date symlink: /home/rokey/turtlebot3_ws/install/turtlebot3_gazebo/share/turtlebot3_gazebo//models/turtlebot3_autorace_2020/traffic_stop/materials/textures/traffic_stop.png
[12.550s] -- Up-to-date symlink: /home/rokey/turtlebot3_ws/install/turtlebot3_gazebo/share/turtlebot3_gazebo//models/turtlebot3_autorace_2020/traffic_stop/model.config
[12.550s] -- Up-to-date symlink: /home/rokey/turtlebot3_ws/install/turtlebot3_gazebo/share/turtlebot3_gazebo//models/turtlebot3_autorace_2020/traffic_stop/model.sdf
[12.551s] -- Up-to-date symlink: /home/rokey/turtlebot3_ws/install/turtlebot3_gazebo/share/turtlebot3_gazebo//models/turtlebot3_autorace_2020/traffic_tunnel/materials/scripts/tunnel.material
[12.551s] -- Up-to-date symlink: /home/rokey/turtlebot3_ws/install/turtlebot3_gazebo/share/turtlebot3_gazebo//models/turtlebot3_autorace_2020/traffic_tunnel/materials/textures/tunnel.png
[12.551s] -- Up-to-date symlink: /home/rokey/turtlebot3_ws/install/turtlebot3_gazebo/share/turtlebot3_gazebo//models/turtlebot3_autorace_2020/traffic_tunnel/model.config
[12.551s] -- Up-to-date symlink: /home/rokey/turtlebot3_ws/install/turtlebot3_gazebo/share/turtlebot3_gazebo//models/turtlebot3_autorace_2020/traffic_tunnel/model.sdf
[12.551s] -- Up-to-date symlink: /home/rokey/turtlebot3_ws/install/turtlebot3_gazebo/share/turtlebot3_gazebo//models/turtlebot3_autorace_2025.tar
[12.551s] -- Up-to-date symlink: /home/rokey/turtlebot3_ws/install/turtlebot3_gazebo/share/turtlebot3_gazebo//models/turtlebot3_autorace_2025/checker/materials/checker.png
[12.551s] -- Up-to-date symlink: /home/rokey/turtlebot3_ws/install/turtlebot3_gazebo/share/turtlebot3_gazebo//models/turtlebot3_autorace_2025/checker/materials/scripts/checker.material
[12.551s] -- Up-to-date symlink: /home/rokey/turtlebot3_ws/install/turtlebot3_gazebo/share/turtlebot3_gazebo//models/turtlebot3_autorace_2025/checker/materials/textures/checker.png
[12.551s] -- Up-to-date symlink: /home/rokey/turtlebot3_ws/install/turtlebot3_gazebo/share/turtlebot3_gazebo//models/turtlebot3_autorace_2025/checker/model.config
[12.551s] -- Up-to-date symlink: /home/rokey/turtlebot3_ws/install/turtlebot3_gazebo/share/turtlebot3_gazebo//models/turtlebot3_autorace_2025/checker/model.sdf
[12.551s] -- Up-to-date symlink: /home/rokey/turtlebot3_ws/install/turtlebot3_gazebo/share/turtlebot3_gazebo//models/turtlebot3_autorace_2025/course/materials/scripts/course.material
[12.552s] -- Up-to-date symlink: /home/rokey/turtlebot3_ws/install/turtlebot3_gazebo/share/turtlebot3_gazebo//models/turtlebot3_autorace_2025/course/materials/textures/course.png
[12.552s] -- Up-to-date symlink: /home/rokey/turtlebot3_ws/install/turtlebot3_gazebo/share/turtlebot3_gazebo//models/turtlebot3_autorace_2025/course/materials/textures/course_2020.png
[12.552s] -- Up-to-date symlink: /home/rokey/turtlebot3_ws/install/turtlebot3_gazebo/share/turtlebot3_gazebo//models/turtlebot3_autorace_2025/course/model.config
[12.552s] -- Up-to-date symlink: /home/rokey/turtlebot3_ws/install/turtlebot3_gazebo/share/turtlebot3_gazebo//models/turtlebot3_autorace_2025/course/model.sdf
[12.552s] -- Up-to-date symlink: /home/rokey/turtlebot3_ws/install/turtlebot3_gazebo/share/turtlebot3_gazebo//models/turtlebot3_autorace_2025/traffic_bar/materials/scripts/traffic_bar.material
[12.552s] -- Up-to-date symlink: /home/rokey/turtlebot3_ws/install/turtlebot3_gazebo/share/turtlebot3_gazebo//models/turtlebot3_autorace_2025/traffic_bar/materials/textures/traffic_bar.png
[12.552s] -- Up-to-date symlink: /home/rokey/turtlebot3_ws/install/turtlebot3_gazebo/share/turtlebot3_gazebo//models/turtlebot3_autorace_2025/traffic_bar/model.config
[12.552s] -- Up-to-date symlink: /home/rokey/turtlebot3_ws/install/turtlebot3_gazebo/share/turtlebot3_gazebo//models/turtlebot3_autorace_2025/traffic_bar/model.sdf
[12.552s] -- Up-to-date symlink: /home/rokey/turtlebot3_ws/install/turtlebot3_gazebo/share/turtlebot3_gazebo//models/turtlebot3_autorace_2025/traffic_construction/materials/scripts/traffic_construction.material
[12.552s] -- Up-to-date symlink: /home/rokey/turtlebot3_ws/install/turtlebot3_gazebo/share/turtlebot3_gazebo//models/turtlebot3_autorace_2025/traffic_construction/materials/textures/traffic_construction.png
[12.553s] -- Up-to-date symlink: /home/rokey/turtlebot3_ws/install/turtlebot3_gazebo/share/turtlebot3_gazebo//models/turtlebot3_autorace_2025/traffic_construction/model.config
[12.553s] -- Up-to-date symlink: /home/rokey/turtlebot3_ws/install/turtlebot3_gazebo/share/turtlebot3_gazebo//models/turtlebot3_autorace_2025/traffic_construction/model.sdf
[12.553s] -- Up-to-date symlink: /home/rokey/turtlebot3_ws/install/turtlebot3_gazebo/share/turtlebot3_gazebo//models/turtlebot3_autorace_2025/traffic_intersection/materials/scripts/traffic_intersection.material
[12.553s] -- Up-to-date symlink: /home/rokey/turtlebot3_ws/install/turtlebot3_gazebo/share/turtlebot3_gazebo//models/turtlebot3_autorace_2025/traffic_intersection/materials/textures/traffic_intersection.png
[12.553s] -- Up-to-date symlink: /home/rokey/turtlebot3_ws/install/turtlebot3_gazebo/share/turtlebot3_gazebo//models/turtlebot3_autorace_2025/traffic_intersection/model.config
[12.553s] -- Up-to-date symlink: /home/rokey/turtlebot3_ws/install/turtlebot3_gazebo/share/turtlebot3_gazebo//models/turtlebot3_autorace_2025/traffic_intersection/model.sdf
[12.553s] -- Up-to-date symlink: /home/rokey/turtlebot3_ws/install/turtlebot3_gazebo/share/turtlebot3_gazebo//models/turtlebot3_autorace_2025/traffic_left/materials/scripts/traffic_is_left.material
[12.553s] -- Up-to-date symlink: /home/rokey/turtlebot3_ws/install/turtlebot3_gazebo/share/turtlebot3_gazebo//models/turtlebot3_autorace_2025/traffic_left/materials/textures/traffic_left.png
[12.553s] -- Up-to-date symlink: /home/rokey/turtlebot3_ws/install/turtlebot3_gazebo/share/turtlebot3_gazebo//models/turtlebot3_autorace_2025/traffic_left/model.config
[12.553s] -- Up-to-date symlink: /home/rokey/turtlebot3_ws/install/turtlebot3_gazebo/share/turtlebot3_gazebo//models/turtlebot3_autorace_2025/traffic_left/model.sdf
[12.553s] -- Up-to-date symlink: /home/rokey/turtlebot3_ws/install/turtlebot3_gazebo/share/turtlebot3_gazebo//models/turtlebot3_autorace_2025/traffic_light.tar
[12.554s] -- Up-to-date symlink: /home/rokey/turtlebot3_ws/install/turtlebot3_gazebo/share/turtlebot3_gazebo//models/turtlebot3_autorace_2025/traffic_light/materials/scripts/traffic_light.material
[12.554s] -- Up-to-date symlink: /home/rokey/turtlebot3_ws/install/turtlebot3_gazebo/share/turtlebot3_gazebo//models/turtlebot3_autorace_2025/traffic_light/materials/textures/traffic_light.png
[12.554s] -- Up-to-date symlink: /home/rokey/turtlebot3_ws/install/turtlebot3_gazebo/share/turtlebot3_gazebo//models/turtlebot3_autorace_2025/traffic_light/materials/textures/traffic_light_green.png
[12.554s] -- Up-to-date symlink: /home/rokey/turtlebot3_ws/install/turtlebot3_gazebo/share/turtlebot3_gazebo//models/turtlebot3_autorace_2025/traffic_light/materials/textures/traffic_light_red.png
[12.554s] -- Up-to-date symlink: /home/rokey/turtlebot3_ws/install/turtlebot3_gazebo/share/turtlebot3_gazebo//models/turtlebot3_autorace_2025/traffic_light/materials/textures/traffic_light_yellow.png
[12.554s] -- Up-to-date symlink: /home/rokey/turtlebot3_ws/install/turtlebot3_gazebo/share/turtlebot3_gazebo//models/turtlebot3_autorace_2025/traffic_light/model.config
[12.554s] -- Up-to-date symlink: /home/rokey/turtlebot3_ws/install/turtlebot3_gazebo/share/turtlebot3_gazebo//models/turtlebot3_autorace_2025/traffic_light/model.sdf
[12.554s] -- Up-to-date symlink: /home/rokey/turtlebot3_ws/install/turtlebot3_gazebo/share/turtlebot3_gazebo//models/turtlebot3_autorace_2025/traffic_noentry/materials/scripts/traffic_noentry.material
[12.554s] -- Up-to-date symlink: /home/rokey/turtlebot3_ws/install/turtlebot3_gazebo/share/turtlebot3_gazebo//models/turtlebot3_autorace_2025/traffic_noentry/materials/textures/traffic_noentry.png
[12.554s] -- Up-to-date symlink: /home/rokey/turtlebot3_ws/install/turtlebot3_gazebo/share/turtlebot3_gazebo//models/turtlebot3_autorace_2025/traffic_noentry/model.config
[12.554s] -- Up-to-date symlink: /home/rokey/turtlebot3_ws/install/turtlebot3_gazebo/share/turtlebot3_gazebo//models/turtlebot3_autorace_2025/traffic_noentry/model.sdf
[12.555s] -- Up-to-date symlink: /home/rokey/turtlebot3_ws/install/turtlebot3_gazebo/share/turtlebot3_gazebo//models/turtlebot3_autorace_2025/traffic_parking/materials/scripts/traffic_parking.material
[12.555s] -- Up-to-date symlink: /home/rokey/turtlebot3_ws/install/turtlebot3_gazebo/share/turtlebot3_gazebo//models/turtlebot3_autorace_2025/traffic_parking/materials/textures/traffic_parking.png
[12.555s] -- Up-to-date symlink: /home/rokey/turtlebot3_ws/install/turtlebot3_gazebo/share/turtlebot3_gazebo//models/turtlebot3_autorace_2025/traffic_parking/model.config
[12.555s] -- Up-to-date symlink: /home/rokey/turtlebot3_ws/install/turtlebot3_gazebo/share/turtlebot3_gazebo//models/turtlebot3_autorace_2025/traffic_parking/model.sdf
[12.555s] -- Up-to-date symlink: /home/rokey/turtlebot3_ws/install/turtlebot3_gazebo/share/turtlebot3_gazebo//models/turtlebot3_autorace_2025/traffic_pl_left/materials/scripts/traffic_pl_left.material
[12.555s] -- Up-to-date symlink: /home/rokey/turtlebot3_ws/install/turtlebot3_gazebo/share/turtlebot3_gazebo//models/turtlebot3_autorace_2025/traffic_pl_left/materials/textures/traffic_pl_left.png
[12.555s] -- Up-to-date symlink: /home/rokey/turtlebot3_ws/install/turtlebot3_gazebo/share/turtlebot3_gazebo//models/turtlebot3_autorace_2025/traffic_pl_left/model.config
[12.555s] -- Up-to-date symlink: /home/rokey/turtlebot3_ws/install/turtlebot3_gazebo/share/turtlebot3_gazebo//models/turtlebot3_autorace_2025/traffic_pl_left/model.sdf
[12.555s] -- Up-to-date symlink: /home/rokey/turtlebot3_ws/install/turtlebot3_gazebo/share/turtlebot3_gazebo//models/turtlebot3_autorace_2025/traffic_right/materials/scripts/traffic_right.material
[12.555s] -- Up-to-date symlink: /home/rokey/turtlebot3_ws/install/turtlebot3_gazebo/share/turtlebot3_gazebo//models/turtlebot3_autorace_2025/traffic_right/materials/textures/traffic_right.png
[12.555s] -- Up-to-date symlink: /home/rokey/turtlebot3_ws/install/turtlebot3_gazebo/share/turtlebot3_gazebo//models/turtlebot3_autorace_2025/traffic_right/model.config
[12.556s] -- Up-to-date symlink: /home/rokey/turtlebot3_ws/install/turtlebot3_gazebo/share/turtlebot3_gazebo//models/turtlebot3_autorace_2025/traffic_right/model.sdf
[12.556s] -- Up-to-date symlink: /home/rokey/turtlebot3_ws/install/turtlebot3_gazebo/share/turtlebot3_gazebo//models/turtlebot3_autorace_2025/traffic_signal/materials/scripts/traffic_light.material
[12.556s] -- Up-to-date symlink: /home/rokey/turtlebot3_ws/install/turtlebot3_gazebo/share/turtlebot3_gazebo//models/turtlebot3_autorace_2025/traffic_signal/materials/textures/traffic_light.png
[12.556s] -- Up-to-date symlink: /home/rokey/turtlebot3_ws/install/turtlebot3_gazebo/share/turtlebot3_gazebo//models/turtlebot3_autorace_2025/traffic_signal/materials/textures/traffic_light_green.png
[12.556s] -- Up-to-date symlink: /home/rokey/turtlebot3_ws/install/turtlebot3_gazebo/share/turtlebot3_gazebo//models/turtlebot3_autorace_2025/traffic_signal/materials/textures/traffic_light_red.png
[12.556s] -- Up-to-date symlink: /home/rokey/turtlebot3_ws/install/turtlebot3_gazebo/share/turtlebot3_gazebo//models/turtlebot3_autorace_2025/traffic_signal/materials/textures/traffic_light_yellow.png
[12.556s] -- Up-to-date symlink: /home/rokey/turtlebot3_ws/install/turtlebot3_gazebo/share/turtlebot3_gazebo//models/turtlebot3_autorace_2025/traffic_signal/model.config
[12.556s] -- Up-to-date symlink: /home/rokey/turtlebot3_ws/install/turtlebot3_gazebo/share/turtlebot3_gazebo//models/turtlebot3_autorace_2025/traffic_signal/model.sdf
[12.556s] -- Up-to-date symlink: /home/rokey/turtlebot3_ws/install/turtlebot3_gazebo/share/turtlebot3_gazebo//models/turtlebot3_autorace_2025/traffic_stop/materials/scripts/traffic_stop.material
[12.556s] -- Up-to-date symlink: /home/rokey/turtlebot3_ws/install/turtlebot3_gazebo/share/turtlebot3_gazebo//models/turtlebot3_autorace_2025/traffic_stop/materials/textures/traffic_stop.png
[12.556s] -- Up-to-date symlink: /home/rokey/turtlebot3_ws/install/turtlebot3_gazebo/share/turtlebot3_gazebo//models/turtlebot3_autorace_2025/traffic_stop/model.config
[12.557s] -- Up-to-date symlink: /home/rokey/turtlebot3_ws/install/turtlebot3_gazebo/share/turtlebot3_gazebo//models/turtlebot3_autorace_2025/traffic_stop/model.sdf
[12.557s] -- Up-to-date symlink: /home/rokey/turtlebot3_ws/install/turtlebot3_gazebo/share/turtlebot3_gazebo//models/turtlebot3_autorace_2025/traffic_tunnel/materials/scripts/tunnel.material
[12.557s] -- Up-to-date symlink: /home/rokey/turtlebot3_ws/install/turtlebot3_gazebo/share/turtlebot3_gazebo//models/turtlebot3_autorace_2025/traffic_tunnel/materials/textures/tunnel.png
[12.557s] -- Up-to-date symlink: /home/rokey/turtlebot3_ws/install/turtlebot3_gazebo/share/turtlebot3_gazebo//models/turtlebot3_autorace_2025/traffic_tunnel/model.config
[12.557s] -- Up-to-date symlink: /home/rokey/turtlebot3_ws/install/turtlebot3_gazebo/share/turtlebot3_gazebo//models/turtlebot3_autorace_2025/traffic_tunnel/model.sdf
[12.557s] -- Up-to-date symlink: /home/rokey/turtlebot3_ws/install/turtlebot3_gazebo/share/turtlebot3_gazebo//models/turtlebot3_burger/model-1_4.sdf
[12.557s] -- Up-to-date symlink: /home/rokey/turtlebot3_ws/install/turtlebot3_gazebo/share/turtlebot3_gazebo//models/turtlebot3_burger/model.config
[12.557s] -- Up-to-date symlink: /home/rokey/turtlebot3_ws/install/turtlebot3_gazebo/share/turtlebot3_gazebo//models/turtlebot3_burger/model.sdf
[12.557s] -- Up-to-date symlink: /home/rokey/turtlebot3_ws/install/turtlebot3_gazebo/share/turtlebot3_gazebo//models/turtlebot3_burger_cam/model-1_4.sdf
[12.557s] -- Up-to-date symlink: /home/rokey/turtlebot3_ws/install/turtlebot3_gazebo/share/turtlebot3_gazebo//models/turtlebot3_burger_cam/model.config
[12.557s] -- Up-to-date symlink: /home/rokey/turtlebot3_ws/install/turtlebot3_gazebo/share/turtlebot3_gazebo//models/turtlebot3_burger_cam/model.sdf
[12.558s] -- Up-to-date symlink: /home/rokey/turtlebot3_ws/install/turtlebot3_gazebo/share/turtlebot3_gazebo//models/turtlebot3_common/meshes/bases/burger_base.stl
[12.558s] -- Up-to-date symlink: /home/rokey/turtlebot3_ws/install/turtlebot3_gazebo/share/turtlebot3_gazebo//models/turtlebot3_common/meshes/bases/waffle_base.stl
[12.558s] -- Up-to-date symlink: /home/rokey/turtlebot3_ws/install/turtlebot3_gazebo/share/turtlebot3_gazebo//models/turtlebot3_common/meshes/bases/waffle_pi_base.stl
[12.558s] -- Up-to-date symlink: /home/rokey/turtlebot3_ws/install/turtlebot3_gazebo/share/turtlebot3_gazebo//models/turtlebot3_common/meshes/burger_base.dae
[12.558s] -- Up-to-date symlink: /home/rokey/turtlebot3_ws/install/turtlebot3_gazebo/share/turtlebot3_gazebo//models/turtlebot3_common/meshes/lds.dae
[12.558s] -- Up-to-date symlink: /home/rokey/turtlebot3_ws/install/turtlebot3_gazebo/share/turtlebot3_gazebo//models/turtlebot3_common/meshes/r200.dae
[12.558s] -- Up-to-date symlink: /home/rokey/turtlebot3_ws/install/turtlebot3_gazebo/share/turtlebot3_gazebo//models/turtlebot3_common/meshes/sensors/astra.dae
[12.558s] -- Up-to-date symlink: /home/rokey/turtlebot3_ws/install/turtlebot3_gazebo/share/turtlebot3_gazebo//models/turtlebot3_common/meshes/sensors/astra.jpg
[12.558s] -- Up-to-date symlink: /home/rokey/turtlebot3_ws/install/turtlebot3_gazebo/share/turtlebot3_gazebo//models/turtlebot3_common/meshes/sensors/lds.stl
[12.558s] -- Up-to-date symlink: /home/rokey/turtlebot3_ws/install/turtlebot3_gazebo/share/turtlebot3_gazebo//models/turtlebot3_common/meshes/sensors/r200.dae
[12.558s] -- Up-to-date symlink: /home/rokey/turtlebot3_ws/install/turtlebot3_gazebo/share/turtlebot3_gazebo//models/turtlebot3_common/meshes/sensors/r200.jpg
[12.558s] -- Up-to-date symlink: /home/rokey/turtlebot3_ws/install/turtlebot3_gazebo/share/turtlebot3_gazebo//models/turtlebot3_common/meshes/tire.dae
[12.558s] -- Up-to-date symlink: /home/rokey/turtlebot3_ws/install/turtlebot3_gazebo/share/turtlebot3_gazebo//models/turtlebot3_common/meshes/waffle_base.dae
[12.559s] -- Up-to-date symlink: /home/rokey/turtlebot3_ws/install/turtlebot3_gazebo/share/turtlebot3_gazebo//models/turtlebot3_common/meshes/waffle_pi_base.dae
[12.559s] -- Up-to-date symlink: /home/rokey/turtlebot3_ws/install/turtlebot3_gazebo/share/turtlebot3_gazebo//models/turtlebot3_common/meshes/wheels/left_tire.stl
[12.559s] -- Up-to-date symlink: /home/rokey/turtlebot3_ws/install/turtlebot3_gazebo/share/turtlebot3_gazebo//models/turtlebot3_common/meshes/wheels/right_tire.stl
[12.559s] -- Up-to-date symlink: /home/rokey/turtlebot3_ws/install/turtlebot3_gazebo/share/turtlebot3_gazebo//models/turtlebot3_common/model.config
[12.559s] -- Up-to-date symlink: /home/rokey/turtlebot3_ws/install/turtlebot3_gazebo/share/turtlebot3_gazebo//models/turtlebot3_dqn_world/goal_box/model.config
[12.559s] -- Up-to-date symlink: /home/rokey/turtlebot3_ws/install/turtlebot3_gazebo/share/turtlebot3_gazebo//models/turtlebot3_dqn_world/goal_box/model.sdf
[12.559s] -- Up-to-date symlink: /home/rokey/turtlebot3_ws/install/turtlebot3_gazebo/share/turtlebot3_gazebo//models/turtlebot3_dqn_world/inner_walls/model.config
[12.559s] -- Up-to-date symlink: /home/rokey/turtlebot3_ws/install/turtlebot3_gazebo/share/turtlebot3_gazebo//models/turtlebot3_dqn_world/inner_walls/model.sdf
[12.559s] -- Up-to-date symlink: /home/rokey/turtlebot3_ws/install/turtlebot3_gazebo/share/turtlebot3_gazebo//models/turtlebot3_dqn_world/model.config
[12.559s] -- Up-to-date symlink: /home/rokey/turtlebot3_ws/install/turtlebot3_gazebo/share/turtlebot3_gazebo//models/turtlebot3_dqn_world/model.sdf
[12.559s] -- Up-to-date symlink: /home/rokey/turtlebot3_ws/install/turtlebot3_gazebo/share/turtlebot3_gazebo//models/turtlebot3_dqn_world/obstacle1/model.config
[12.559s] -- Up-to-date symlink: /home/rokey/turtlebot3_ws/install/turtlebot3_gazebo/share/turtlebot3_gazebo//models/turtlebot3_dqn_world/obstacle1/model.sdf
[12.560s] -- Up-to-date symlink: /home/rokey/turtlebot3_ws/install/turtlebot3_gazebo/share/turtlebot3_gazebo//models/turtlebot3_dqn_world/obstacle2/model.config
[12.560s] -- Up-to-date symlink: /home/rokey/turtlebot3_ws/install/turtlebot3_gazebo/share/turtlebot3_gazebo//models/turtlebot3_dqn_world/obstacle2/model.sdf
[12.560s] -- Up-to-date symlink: /home/rokey/turtlebot3_ws/install/turtlebot3_gazebo/share/turtlebot3_gazebo//models/turtlebot3_dqn_world/obstacles/model.config
[12.560s] -- Up-to-date symlink: /home/rokey/turtlebot3_ws/install/turtlebot3_gazebo/share/turtlebot3_gazebo//models/turtlebot3_dqn_world/obstacles/model.sdf
[12.560s] -- Up-to-date symlink: /home/rokey/turtlebot3_ws/install/turtlebot3_gazebo/share/turtlebot3_gazebo//models/turtlebot3_house/model.config
[12.560s] -- Up-to-date symlink: /home/rokey/turtlebot3_ws/install/turtlebot3_gazebo/share/turtlebot3_gazebo//models/turtlebot3_house/model.sdf
[12.560s] -- Up-to-date symlink: /home/rokey/turtlebot3_ws/install/turtlebot3_gazebo/share/turtlebot3_gazebo//models/turtlebot3_waffle/model-1_4.sdf
[12.560s] -- Up-to-date symlink: /home/rokey/turtlebot3_ws/install/turtlebot3_gazebo/share/turtlebot3_gazebo//models/turtlebot3_waffle/model.config
[12.560s] -- Up-to-date symlink: /home/rokey/turtlebot3_ws/install/turtlebot3_gazebo/share/turtlebot3_gazebo//models/turtlebot3_waffle/model.sdf
[12.560s] -- Up-to-date symlink: /home/rokey/turtlebot3_ws/install/turtlebot3_gazebo/share/turtlebot3_gazebo//models/turtlebot3_waffle_pi/model-1_4_.sdf
[12.560s] -- Up-to-date symlink: /home/rokey/turtlebot3_ws/install/turtlebot3_gazebo/share/turtlebot3_gazebo//models/turtlebot3_waffle_pi/model.config
[12.560s] -- Up-to-date symlink: /home/rokey/turtlebot3_ws/install/turtlebot3_gazebo/share/turtlebot3_gazebo//models/turtlebot3_waffle_pi/model.sdf
[12.561s] -- Up-to-date symlink: /home/rokey/turtlebot3_ws/install/turtlebot3_gazebo/share/turtlebot3_gazebo//models/turtlebot3_world/meshes/hexagon.dae
[12.561s] -- Up-to-date symlink: /home/rokey/turtlebot3_ws/install/turtlebot3_gazebo/share/turtlebot3_gazebo//models/turtlebot3_world/meshes/wall.dae
[12.561s] -- Up-to-date symlink: /home/rokey/turtlebot3_ws/install/turtlebot3_gazebo/share/turtlebot3_gazebo//models/turtlebot3_world/model-1_4.sdf
[12.561s] -- Up-to-date symlink: /home/rokey/turtlebot3_ws/install/turtlebot3_gazebo/share/turtlebot3_gazebo//models/turtlebot3_world/model.config
[12.561s] -- Up-to-date symlink: /home/rokey/turtlebot3_ws/install/turtlebot3_gazebo/share/turtlebot3_gazebo//models/turtlebot3_world/model.sdf
[12.561s] -- Up-to-date symlink: /home/rokey/turtlebot3_ws/install/turtlebot3_gazebo/share/turtlebot3_gazebo//rviz/tb3_gazebo.rviz
[12.561s] -- Up-to-date symlink: /home/rokey/turtlebot3_ws/install/turtlebot3_gazebo/share/turtlebot3_gazebo//urdf/common_properties.urdf
[12.561s] -- Up-to-date symlink: /home/rokey/turtlebot3_ws/install/turtlebot3_gazebo/share/turtlebot3_gazebo//urdf/turtlebot3_burger.urdf
[12.561s] -- Up-to-date symlink: /home/rokey/turtlebot3_ws/install/turtlebot3_gazebo/share/turtlebot3_gazebo//urdf/turtlebot3_burger_cam.urdf
[12.562s] -- Up-to-date symlink: /home/rokey/turtlebot3_ws/install/turtlebot3_gazebo/share/turtlebot3_gazebo//urdf/turtlebot3_waffle.urdf
[12.562s] -- Up-to-date symlink: /home/rokey/turtlebot3_ws/install/turtlebot3_gazebo/share/turtlebot3_gazebo//urdf/turtlebot3_waffle_pi.urdf
[12.562s] -- Up-to-date symlink: /home/rokey/turtlebot3_ws/install/turtlebot3_gazebo/share/turtlebot3_gazebo//worlds/empty_world.world
[12.562s] -- Up-to-date symlink: /home/rokey/turtlebot3_ws/install/turtlebot3_gazebo/share/turtlebot3_gazebo//worlds/turtlebot3_autorace_2020.world
[12.562s] -- Up-to-date symlink: /home/rokey/turtlebot3_ws/install/turtlebot3_gazebo/share/turtlebot3_gazebo//worlds/turtlebot3_autorace_2025.world
[12.562s] -- Up-to-date symlink: /home/rokey/turtlebot3_ws/install/turtlebot3_gazebo/share/turtlebot3_gazebo//worlds/turtlebot3_dqn_stage1.world
[12.562s] -- Up-to-date symlink: /home/rokey/turtlebot3_ws/install/turtlebot3_gazebo/share/turtlebot3_gazebo//worlds/turtlebot3_dqn_stage2.world
[12.562s] -- Up-to-date symlink: /home/rokey/turtlebot3_ws/install/turtlebot3_gazebo/share/turtlebot3_gazebo//worlds/turtlebot3_dqn_stage3.world
[12.562s] -- Up-to-date symlink: /home/rokey/turtlebot3_ws/install/turtlebot3_gazebo/share/turtlebot3_gazebo//worlds/turtlebot3_dqn_stage4.world
[12.562s] -- Up-to-date symlink: /home/rokey/turtlebot3_ws/install/turtlebot3_gazebo/share/turtlebot3_gazebo//worlds/turtlebot3_house.world
[12.562s] -- Up-to-date symlink: /home/rokey/turtlebot3_ws/install/turtlebot3_gazebo/share/turtlebot3_gazebo//worlds/turtlebot3_world.world
[12.563s] -- Up-to-date symlink: /home/rokey/turtlebot3_ws/install/turtlebot3_gazebo/include//turtlebot3_gazebo/obstacle1.hpp
[12.563s] -- Up-to-date symlink: /home/rokey/turtlebot3_ws/install/turtlebot3_gazebo/include//turtlebot3_gazebo/obstacle2.hpp
[12.563s] -- Up-to-date symlink: /home/rokey/turtlebot3_ws/install/turtlebot3_gazebo/include//turtlebot3_gazebo/obstacles.hpp
[12.563s] -- Up-to-date symlink: /home/rokey/turtlebot3_ws/install/turtlebot3_gazebo/include//turtlebot3_gazebo/traffic_bar_plugin.hpp
[12.563s] -- Up-to-date symlink: /home/rokey/turtlebot3_ws/install/turtlebot3_gazebo/include//turtlebot3_gazebo/traffic_light_plugin.hpp
[12.563s] -- Up-to-date symlink: /home/rokey/turtlebot3_ws/install/turtlebot3_gazebo/include//turtlebot3_gazebo/traffic_signal_plugin.hpp
[12.563s] -- Up-to-date symlink: /home/rokey/turtlebot3_ws/install/turtlebot3_gazebo/include//turtlebot3_gazebo/turtlebot3_drive.hpp
[12.563s] -- Up-to-date symlink: /home/rokey/turtlebot3_ws/install/turtlebot3_gazebo/share/ament_index/resource_index/package_run_dependencies/turtlebot3_gazebo
[12.563s] -- Up-to-date symlink: /home/rokey/turtlebot3_ws/install/turtlebot3_gazebo/share/ament_index/resource_index/parent_prefix_path/turtlebot3_gazebo
[12.563s] -- Up-to-date symlink: /home/rokey/turtlebot3_ws/install/turtlebot3_gazebo/share/turtlebot3_gazebo/environment/ament_prefix_path.sh
[12.564s] -- Up-to-date symlink: /home/rokey/turtlebot3_ws/install/turtlebot3_gazebo/share/turtlebot3_gazebo/environment/ament_prefix_path.dsv
[12.564s] -- Up-to-date symlink: /home/rokey/turtlebot3_ws/install/turtlebot3_gazebo/share/turtlebot3_gazebo/environment/path.sh
[12.564s] -- Up-to-date symlink: /home/rokey/turtlebot3_ws/install/turtlebot3_gazebo/share/turtlebot3_gazebo/environment/path.dsv
[12.564s] -- Up-to-date symlink: /home/rokey/turtlebot3_ws/install/turtlebot3_gazebo/share/turtlebot3_gazebo/local_setup.bash
[12.564s] -- Up-to-date symlink: /home/rokey/turtlebot3_ws/install/turtlebot3_gazebo/share/turtlebot3_gazebo/local_setup.sh
[12.564s] -- Up-to-date symlink: /home/rokey/turtlebot3_ws/install/turtlebot3_gazebo/share/turtlebot3_gazebo/local_setup.zsh
[12.564s] -- Up-to-date symlink: /home/rokey/turtlebot3_ws/install/turtlebot3_gazebo/share/turtlebot3_gazebo/local_setup.dsv
[12.565s] -- Symlinking: /home/rokey/turtlebot3_ws/install/turtlebot3_gazebo/share/turtlebot3_gazebo/package.dsv
[12.573s] -- Up-to-date symlink: /home/rokey/turtlebot3_ws/install/turtlebot3_gazebo/share/ament_index/resource_index/packages/turtlebot3_gazebo
[12.574s] -- Up-to-date symlink: /home/rokey/turtlebot3_ws/install/turtlebot3_gazebo/share/turtlebot3_gazebo/cmake/ament_cmake_export_include_directories-extras.cmake
[12.574s] -- Up-to-date symlink: /home/rokey/turtlebot3_ws/install/turtlebot3_gazebo/share/turtlebot3_gazebo/cmake/ament_cmake_export_dependencies-extras.cmake
[12.574s] -- Up-to-date symlink: /home/rokey/turtlebot3_ws/install/turtlebot3_gazebo/share/turtlebot3_gazebo/cmake/turtlebot3_gazeboConfig.cmake
[12.574s] -- Up-to-date symlink: /home/rokey/turtlebot3_ws/install/turtlebot3_gazebo/share/turtlebot3_gazebo/cmake/turtlebot3_gazeboConfig-version.cmake
[12.574s] -- Up-to-date symlink: /home/rokey/turtlebot3_ws/install/turtlebot3_gazebo/share/turtlebot3_gazebo/package.xml
[12.576s] Invoked command in '/home/rokey/turtlebot3_ws/build/turtlebot3_gazebo' returned '0': CMAKE_PREFIX_PATH=${CMAKE_PREFIX_PATH}:/home/rokey/turtlebot3_ws/install/turtlebot3_teleop:/home/rokey/turtlebot3_ws/install/turtlebot3_example:/home/rokey/turtlebot3_ws/install/turtlebot3_autorace_mission:/home/rokey/turtlebot3_ws/install/turtlebot3_autorace_detect:/home/rokey/turtlebot3_ws/install/turtlebot3_autorace_camera:/opt/ros/humble /usr/bin/cmake --install /home/rokey/turtlebot3_ws/build/turtlebot3_gazebo
