[0.024s] Invoking command in '/home/rokey-jw/rokeypj_ws/build/turtlebot_moveit': CMAKE_PREFIX_PATH=${CMAKE_PREFIX_PATH}:/home/rokey-jw/turtlebot3_ws/install/turtlebot3_teleop:/home/rokey-jw/turtlebot3_ws/install/turtlebot3_example:/opt/ros/humble /usr/bin/cmake /home/rokey-jw/rokeypj_ws/src/turtlebot_moveit/turtlebot_moveit -DAMENT_CMAKE_SYMLINK_INSTALL=1 -DCMAKE_INSTALL_PREFIX=/home/rokey-jw/rokeypj_ws/install/turtlebot_moveit
[0.132s] -- The C compiler identification is GNU 11.4.0
[0.249s] -- The CXX compiler identification is GNU 11.4.0
[0.271s] -- Detecting C compiler ABI info
[0.415s] -- Detecting C compiler ABI info - done
[0.436s] -- Check for working C compiler: /usr/bin/cc - skipped
[0.437s] -- Detecting C compile features
[0.438s] -- Detecting C compile features - done
[0.445s] -- Detecting CXX compiler ABI info
[0.608s] -- Detecting CXX compiler ABI info - done
[0.632s] -- Check for working CXX compiler: /usr/bin/c++ - skipped
[0.633s] -- Detecting CXX compile features
[0.635s] -- Detecting CXX compile features - done
[0.642s] -- Found ament_cmake: 1.3.11 (/opt/ros/humble/share/ament_cmake/cmake)
[1.020s] -- Found Python3: /usr/bin/python3 (found version "3.10.12") found components: Interpreter 
[1.176s] -- Override CMake install command with custom implementation using symlinks instead of copying resources
[1.296s] [31mCMake Error at CMakeLists.txt:11 (find_package):
[1.297s]   By not providing "Findmoveit_ros_planning_interface.cmake" in
[1.297s]   CMAKE_MODULE_PATH this project has asked CMake to find a package
[1.297s]   configuration file provided by "moveit_ros_planning_interface", but CMake
[1.297s]   did not find one.
[1.297s] 
[1.298s]   Could not find a package configuration file provided by
[1.298s]   "moveit_ros_planning_interface" with any of the following names:
[1.298s] 
[1.298s]     moveit_ros_planning_interfaceConfig.cmake
[1.298s]     moveit_ros_planning_interface-config.cmake
[1.298s] 
[1.298s]   Add the installation prefix of "moveit_ros_planning_interface" to
[1.299s]   CMAKE_PREFIX_PATH or set "moveit_ros_planning_interface_DIR" to a directory
[1.299s]   containing one of the above files.  If "moveit_ros_planning_interface"
[1.299s]   provides a separate development package or SDK, be sure it has been
[1.299s]   installed.
[1.299s] 
[1.299s] [0m
[1.299s] -- Configuring incomplete, errors occurred!
[1.300s] See also "/home/rokey-jw/rokeypj_ws/build/turtlebot_moveit/CMakeFiles/CMakeOutput.log".
[1.307s] Invoked command in '/home/rokey-jw/rokeypj_ws/build/turtlebot_moveit' returned '1': CMAKE_PREFIX_PATH=${CMAKE_PREFIX_PATH}:/home/rokey-jw/turtlebot3_ws/install/turtlebot3_teleop:/home/rokey-jw/turtlebot3_ws/install/turtlebot3_example:/opt/ros/humble /usr/bin/cmake /home/rokey-jw/rokeypj_ws/src/turtlebot_moveit/turtlebot_moveit -DAMENT_CMAKE_SYMLINK_INSTALL=1 -DCMAKE_INSTALL_PREFIX=/home/rokey-jw/rokeypj_ws/install/turtlebot_moveit
