[0.252s] [34mcolcon[0m [1;30mDEBUG[0m [32mCommand line arguments: ['/usr/bin/colcon', 'build', '--symlink-install', '--parallel-workers', '1'][0m
[0.252s] [34mcolcon[0m [1;30mDEBUG[0m [32mParsed command line arguments: Namespace(log_base=None, log_level=None, verb_name='build', build_base='build', install_base='install', merge_install=False, symlink_install=True, test_result_base=None, continue_on_error=False, executor='parallel', parallel_workers=1, event_handlers=None, ignore_user_meta=False, metas=['./colcon.meta'], base_paths=['.'], packages_ignore=None, packages_ignore_regex=None, paths=None, packages_up_to=None, packages_up_to_regex=None, packages_above=None, packages_above_and_dependencies=None, packages_above_depth=None, packages_select_by_dep=None, packages_skip_by_dep=None, packages_skip_up_to=None, packages_select_build_failed=False, packages_skip_build_finished=False, packages_select_test_failures=False, packages_skip_test_passed=False, packages_select=None, packages_skip=None, packages_select_regex=None, packages_skip_regex=None, packages_start=None, packages_end=None, allow_overriding=[], cmake_args=None, cmake_target=None, cmake_target_skip_unavailable=False, cmake_clean_cache=False, cmake_clean_first=False, cmake_force_configure=False, ament_cmake_args=None, catkin_cmake_args=None, catkin_skip_building_tests=False, mixin_files=None, mixin=None, verb_parser=<colcon_mixin.mixin.mixin_argument.MixinArgumentDecorator object at 0xffffb741d660>, verb_extension=<colcon_core.verb.build.BuildVerb object at 0xffffb741cd00>, main=<bound method BuildVerb.main of <colcon_core.verb.build.BuildVerb object at 0xffffb741cd00>>, mixin_verb=('build',))[0m
[0.635s] [34mcolcon.colcon_core.package_discovery[0m [1;30mLevel 1[0m discover_packages(colcon_meta) check parameters
[0.635s] [34mcolcon.colcon_core.package_discovery[0m [1;30mLevel 1[0m discover_packages(recursive) check parameters
[0.635s] [34mcolcon.colcon_core.package_discovery[0m [1;30mLevel 1[0m discover_packages(ignore) check parameters
[0.635s] [34mcolcon.colcon_core.package_discovery[0m [1;30mLevel 1[0m discover_packages(path) check parameters
[0.635s] [34mcolcon.colcon_core.package_discovery[0m [1;30mLevel 1[0m discover_packages(colcon_meta) discover
[0.636s] [34mcolcon.colcon_core.package_discovery[0m [1;30mLevel 1[0m discover_packages(recursive) discover
[0.636s] [34mcolcon.colcon_core.package_discovery[0m [1;30mINFO[0m Crawling recursively for packages in '/home/rokey-jw/rokeypj_ws'
[0.636s] [34mcolcon.colcon_core.package_identification[0m [1;30mLevel 1[0m _identify(.) by extensions ['ignore', 'ignore_ament_install']
[0.636s] [34mcolcon.colcon_core.package_identification[0m [1;30mLevel 1[0m _identify(.) by extension 'ignore'
[0.636s] [34mcolcon.colcon_core.package_identification[0m [1;30mLevel 1[0m _identify(.) by extension 'ignore_ament_install'
[0.636s] [34mcolcon.colcon_core.package_identification[0m [1;30mLevel 1[0m _identify(.) by extensions ['colcon_pkg']
[0.636s] [34mcolcon.colcon_core.package_identification[0m [1;30mLevel 1[0m _identify(.) by extension 'colcon_pkg'
[0.637s] [34mcolcon.colcon_core.package_identification[0m [1;30mLevel 1[0m _identify(.) by extensions ['colcon_meta']
[0.637s] [34mcolcon.colcon_core.package_identification[0m [1;30mLevel 1[0m _identify(.) by extension 'colcon_meta'
[0.637s] [34mcolcon.colcon_core.package_identification[0m [1;30mLevel 1[0m _identify(.) by extensions ['ros']
[0.637s] [34mcolcon.colcon_core.package_identification[0m [1;30mLevel 1[0m _identify(.) by extension 'ros'
[0.686s] [34mcolcon.colcon_core.package_identification[0m [1;30mLevel 1[0m _identify(.) by extensions ['cmake', 'python']
[0.686s] [34mcolcon.colcon_core.package_identification[0m [1;30mLevel 1[0m _identify(.) by extension 'cmake'
[0.686s] [34mcolcon.colcon_core.package_identification[0m [1;30mLevel 1[0m _identify(.) by extension 'python'
[0.686s] [34mcolcon.colcon_core.package_identification[0m [1;30mLevel 1[0m _identify(.) by extensions ['python_setup_py']
[0.686s] [34mcolcon.colcon_core.package_identification[0m [1;30mLevel 1[0m _identify(.) by extension 'python_setup_py'
[0.687s] [34mcolcon.colcon_core.package_identification[0m [1;30mLevel 1[0m _identify(build) by extensions ['ignore', 'ignore_ament_install']
[0.687s] [34mcolcon.colcon_core.package_identification[0m [1;30mLevel 1[0m _identify(build) by extension 'ignore'
[0.687s] [34mcolcon.colcon_core.package_identification[0m [1;30mLevel 1[0m _identify(build) ignored
[0.687s] [34mcolcon.colcon_core.package_identification[0m [1;30mLevel 1[0m _identify(install) by extensions ['ignore', 'ignore_ament_install']
[0.687s] [34mcolcon.colcon_core.package_identification[0m [1;30mLevel 1[0m _identify(install) by extension 'ignore'
[0.687s] [34mcolcon.colcon_core.package_identification[0m [1;30mLevel 1[0m _identify(install) ignored
[0.688s] [34mcolcon.colcon_core.package_identification[0m [1;30mLevel 1[0m _identify(log) by extensions ['ignore', 'ignore_ament_install']
[0.688s] [34mcolcon.colcon_core.package_identification[0m [1;30mLevel 1[0m _identify(log) by extension 'ignore'
[0.688s] [34mcolcon.colcon_core.package_identification[0m [1;30mLevel 1[0m _identify(log) ignored
[0.688s] [34mcolcon.colcon_core.package_identification[0m [1;30mLevel 1[0m _identify(src) by extensions ['ignore', 'ignore_ament_install']
[0.688s] [34mcolcon.colcon_core.package_identification[0m [1;30mLevel 1[0m _identify(src) by extension 'ignore'
[0.688s] [34mcolcon.colcon_core.package_identification[0m [1;30mLevel 1[0m _identify(src) by extension 'ignore_ament_install'
[0.689s] [34mcolcon.colcon_core.package_identification[0m [1;30mLevel 1[0m _identify(src) by extensions ['colcon_pkg']
[0.689s] [34mcolcon.colcon_core.package_identification[0m [1;30mLevel 1[0m _identify(src) by extension 'colcon_pkg'
[0.689s] [34mcolcon.colcon_core.package_identification[0m [1;30mLevel 1[0m _identify(src) by extensions ['colcon_meta']
[0.689s] [34mcolcon.colcon_core.package_identification[0m [1;30mLevel 1[0m _identify(src) by extension 'colcon_meta'
[0.689s] [34mcolcon.colcon_core.package_identification[0m [1;30mLevel 1[0m _identify(src) by extensions ['ros']
[0.689s] [34mcolcon.colcon_core.package_identification[0m [1;30mLevel 1[0m _identify(src) by extension 'ros'
[0.689s] [34mcolcon.colcon_core.package_identification[0m [1;30mLevel 1[0m _identify(src) by extensions ['cmake', 'python']
[0.689s] [34mcolcon.colcon_core.package_identification[0m [1;30mLevel 1[0m _identify(src) by extension 'cmake'
[0.689s] [34mcolcon.colcon_core.package_identification[0m [1;30mLevel 1[0m _identify(src) by extension 'python'
[0.689s] [34mcolcon.colcon_core.package_identification[0m [1;30mLevel 1[0m _identify(src) by extensions ['python_setup_py']
[0.690s] [34mcolcon.colcon_core.package_identification[0m [1;30mLevel 1[0m _identify(src) by extension 'python_setup_py'
[0.690s] [34mcolcon.colcon_core.package_identification[0m [1;30mLevel 1[0m _identify(src/aruco_yolo) by extensions ['ignore', 'ignore_ament_install']
[0.690s] [34mcolcon.colcon_core.package_identification[0m [1;30mLevel 1[0m _identify(src/aruco_yolo) by extension 'ignore'
[0.690s] [34mcolcon.colcon_core.package_identification[0m [1;30mLevel 1[0m _identify(src/aruco_yolo) by extension 'ignore_ament_install'
[0.690s] [34mcolcon.colcon_core.package_identification[0m [1;30mLevel 1[0m _identify(src/aruco_yolo) by extensions ['colcon_pkg']
[0.690s] [34mcolcon.colcon_core.package_identification[0m [1;30mLevel 1[0m _identify(src/aruco_yolo) by extension 'colcon_pkg'
[0.690s] [34mcolcon.colcon_core.package_identification[0m [1;30mLevel 1[0m _identify(src/aruco_yolo) by extensions ['colcon_meta']
[0.690s] [34mcolcon.colcon_core.package_identification[0m [1;30mLevel 1[0m _identify(src/aruco_yolo) by extension 'colcon_meta'
[0.690s] [34mcolcon.colcon_core.package_identification[0m [1;30mLevel 1[0m _identify(src/aruco_yolo) by extensions ['ros']
[0.691s] [34mcolcon.colcon_core.package_identification[0m [1;30mLevel 1[0m _identify(src/aruco_yolo) by extension 'ros'
[0.696s] [34mcolcon.colcon_core.package_identification[0m [1;30mDEBUG[0m [32mPackage 'src/aruco_yolo' with type 'ros.ament_python' and name 'aruco_yolo'[0m
[0.696s] [34mcolcon.colcon_core.package_identification[0m [1;30mLevel 1[0m _identify(src/ld08_driver) by extensions ['ignore', 'ignore_ament_install']
[0.697s] [34mcolcon.colcon_core.package_identification[0m [1;30mLevel 1[0m _identify(src/ld08_driver) by extension 'ignore'
[0.697s] [34mcolcon.colcon_core.package_identification[0m [1;30mLevel 1[0m _identify(src/ld08_driver) by extension 'ignore_ament_install'
[0.697s] [34mcolcon.colcon_core.package_identification[0m [1;30mLevel 1[0m _identify(src/ld08_driver) by extensions ['colcon_pkg']
[0.697s] [34mcolcon.colcon_core.package_identification[0m [1;30mLevel 1[0m _identify(src/ld08_driver) by extension 'colcon_pkg'
[0.697s] [34mcolcon.colcon_core.package_identification[0m [1;30mLevel 1[0m _identify(src/ld08_driver) by extensions ['colcon_meta']
[0.697s] [34mcolcon.colcon_core.package_identification[0m [1;30mLevel 1[0m _identify(src/ld08_driver) by extension 'colcon_meta'
[0.697s] [34mcolcon.colcon_core.package_identification[0m [1;30mLevel 1[0m _identify(src/ld08_driver) by extensions ['ros']
[0.697s] [34mcolcon.colcon_core.package_identification[0m [1;30mLevel 1[0m _identify(src/ld08_driver) by extension 'ros'
[0.699s] [34mcolcon.colcon_core.package_identification[0m [1;30mDEBUG[0m [32mPackage 'src/ld08_driver' with type 'ros.ament_cmake' and name 'ld08_driver'[0m
[0.699s] [34mcolcon.colcon_core.package_identification[0m [1;30mLevel 1[0m _identify(src/sample_pkg) by extensions ['ignore', 'ignore_ament_install']
[0.700s] [34mcolcon.colcon_core.package_identification[0m [1;30mLevel 1[0m _identify(src/sample_pkg) by extension 'ignore'
[0.700s] [34mcolcon.colcon_core.package_identification[0m [1;30mLevel 1[0m _identify(src/sample_pkg) by extension 'ignore_ament_install'
[0.700s] [34mcolcon.colcon_core.package_identification[0m [1;30mLevel 1[0m _identify(src/sample_pkg) by extensions ['colcon_pkg']
[0.700s] [34mcolcon.colcon_core.package_identification[0m [1;30mLevel 1[0m _identify(src/sample_pkg) by extension 'colcon_pkg'
[0.700s] [34mcolcon.colcon_core.package_identification[0m [1;30mLevel 1[0m _identify(src/sample_pkg) by extensions ['colcon_meta']
[0.700s] [34mcolcon.colcon_core.package_identification[0m [1;30mLevel 1[0m _identify(src/sample_pkg) by extension 'colcon_meta'
[0.700s] [34mcolcon.colcon_core.package_identification[0m [1;30mLevel 1[0m _identify(src/sample_pkg) by extensions ['ros']
[0.700s] [34mcolcon.colcon_core.package_identification[0m [1;30mLevel 1[0m _identify(src/sample_pkg) by extension 'ros'
[0.701s] [34mcolcon.colcon_core.package_identification[0m [1;30mDEBUG[0m [32mPackage 'src/sample_pkg' with type 'ros.ament_python' and name 'sample_pkg'[0m
[0.702s] [34mcolcon.colcon_core.package_identification[0m [1;30mLevel 1[0m _identify(src/turtlebot3_manipulation) by extensions ['ignore', 'ignore_ament_install']
[0.702s] [34mcolcon.colcon_core.package_identification[0m [1;30mLevel 1[0m _identify(src/turtlebot3_manipulation) by extension 'ignore'
[0.702s] [34mcolcon.colcon_core.package_identification[0m [1;30mLevel 1[0m _identify(src/turtlebot3_manipulation) by extension 'ignore_ament_install'
[0.702s] [34mcolcon.colcon_core.package_identification[0m [1;30mLevel 1[0m _identify(src/turtlebot3_manipulation) by extensions ['colcon_pkg']
[0.702s] [34mcolcon.colcon_core.package_identification[0m [1;30mLevel 1[0m _identify(src/turtlebot3_manipulation) by extension 'colcon_pkg'
[0.702s] [34mcolcon.colcon_core.package_identification[0m [1;30mLevel 1[0m _identify(src/turtlebot3_manipulation) by extensions ['colcon_meta']
[0.702s] [34mcolcon.colcon_core.package_identification[0m [1;30mLevel 1[0m _identify(src/turtlebot3_manipulation) by extension 'colcon_meta'
[0.702s] [34mcolcon.colcon_core.package_identification[0m [1;30mLevel 1[0m _identify(src/turtlebot3_manipulation) by extensions ['ros']
[0.702s] [34mcolcon.colcon_core.package_identification[0m [1;30mLevel 1[0m _identify(src/turtlebot3_manipulation) by extension 'ros'
[0.703s] [34mcolcon.colcon_core.package_identification[0m [1;30mLevel 1[0m _identify(src/turtlebot3_manipulation) by extensions ['cmake', 'python']
[0.703s] [34mcolcon.colcon_core.package_identification[0m [1;30mLevel 1[0m _identify(src/turtlebot3_manipulation) by extension 'cmake'
[0.703s] [34mcolcon.colcon_core.package_identification[0m [1;30mLevel 1[0m _identify(src/turtlebot3_manipulation) by extension 'python'
[0.703s] [34mcolcon.colcon_core.package_identification[0m [1;30mLevel 1[0m _identify(src/turtlebot3_manipulation) by extensions ['python_setup_py']
[0.703s] [34mcolcon.colcon_core.package_identification[0m [1;30mLevel 1[0m _identify(src/turtlebot3_manipulation) by extension 'python_setup_py'
[0.703s] [34mcolcon.colcon_core.package_identification[0m [1;30mLevel 1[0m _identify(src/turtlebot3_manipulation/turtlebot3_manipulation) by extensions ['ignore', 'ignore_ament_install']
[0.703s] [34mcolcon.colcon_core.package_identification[0m [1;30mLevel 1[0m _identify(src/turtlebot3_manipulation/turtlebot3_manipulation) by extension 'ignore'
[0.703s] [34mcolcon.colcon_core.package_identification[0m [1;30mLevel 1[0m _identify(src/turtlebot3_manipulation/turtlebot3_manipulation) by extension 'ignore_ament_install'
[0.704s] [34mcolcon.colcon_core.package_identification[0m [1;30mLevel 1[0m _identify(src/turtlebot3_manipulation/turtlebot3_manipulation) by extensions ['colcon_pkg']
[0.704s] [34mcolcon.colcon_core.package_identification[0m [1;30mLevel 1[0m _identify(src/turtlebot3_manipulation/turtlebot3_manipulation) by extension 'colcon_pkg'
[0.704s] [34mcolcon.colcon_core.package_identification[0m [1;30mLevel 1[0m _identify(src/turtlebot3_manipulation/turtlebot3_manipulation) by extensions ['colcon_meta']
[0.704s] [34mcolcon.colcon_core.package_identification[0m [1;30mLevel 1[0m _identify(src/turtlebot3_manipulation/turtlebot3_manipulation) by extension 'colcon_meta'
[0.704s] [34mcolcon.colcon_core.package_identification[0m [1;30mLevel 1[0m _identify(src/turtlebot3_manipulation/turtlebot3_manipulation) by extensions ['ros']
[0.704s] [34mcolcon.colcon_core.package_identification[0m [1;30mLevel 1[0m _identify(src/turtlebot3_manipulation/turtlebot3_manipulation) by extension 'ros'
[0.705s] [34mcolcon.colcon_core.package_identification[0m [1;30mDEBUG[0m [32mPackage 'src/turtlebot3_manipulation/turtlebot3_manipulation' with type 'ros.ament_cmake' and name 'turtlebot3_manipulation'[0m
[0.705s] [34mcolcon.colcon_core.package_identification[0m [1;30mLevel 1[0m _identify(src/turtlebot3_manipulation/turtlebot3_manipulation_bringup) by extensions ['ignore', 'ignore_ament_install']
[0.706s] [34mcolcon.colcon_core.package_identification[0m [1;30mLevel 1[0m _identify(src/turtlebot3_manipulation/turtlebot3_manipulation_bringup) by extension 'ignore'
[0.706s] [34mcolcon.colcon_core.package_identification[0m [1;30mLevel 1[0m _identify(src/turtlebot3_manipulation/turtlebot3_manipulation_bringup) by extension 'ignore_ament_install'
[0.706s] [34mcolcon.colcon_core.package_identification[0m [1;30mLevel 1[0m _identify(src/turtlebot3_manipulation/turtlebot3_manipulation_bringup) by extensions ['colcon_pkg']
[0.706s] [34mcolcon.colcon_core.package_identification[0m [1;30mLevel 1[0m _identify(src/turtlebot3_manipulation/turtlebot3_manipulation_bringup) by extension 'colcon_pkg'
[0.706s] [34mcolcon.colcon_core.package_identification[0m [1;30mLevel 1[0m _identify(src/turtlebot3_manipulation/turtlebot3_manipulation_bringup) by extensions ['colcon_meta']
[0.706s] [34mcolcon.colcon_core.package_identification[0m [1;30mLevel 1[0m _identify(src/turtlebot3_manipulation/turtlebot3_manipulation_bringup) by extension 'colcon_meta'
[0.706s] [34mcolcon.colcon_core.package_identification[0m [1;30mLevel 1[0m _identify(src/turtlebot3_manipulation/turtlebot3_manipulation_bringup) by extensions ['ros']
[0.706s] [34mcolcon.colcon_core.package_identification[0m [1;30mLevel 1[0m _identify(src/turtlebot3_manipulation/turtlebot3_manipulation_bringup) by extension 'ros'
[0.708s] [34mcolcon.colcon_core.package_identification[0m [1;30mDEBUG[0m [32mPackage 'src/turtlebot3_manipulation/turtlebot3_manipulation_bringup' with type 'ros.ament_cmake' and name 'turtlebot3_manipulation_bringup'[0m
[0.708s] [34mcolcon.colcon_core.package_identification[0m [1;30mLevel 1[0m _identify(src/turtlebot3_manipulation/turtlebot3_manipulation_description) by extensions ['ignore', 'ignore_ament_install']
[0.708s] [34mcolcon.colcon_core.package_identification[0m [1;30mLevel 1[0m _identify(src/turtlebot3_manipulation/turtlebot3_manipulation_description) by extension 'ignore'
[0.708s] [34mcolcon.colcon_core.package_identification[0m [1;30mLevel 1[0m _identify(src/turtlebot3_manipulation/turtlebot3_manipulation_description) by extension 'ignore_ament_install'
[0.708s] [34mcolcon.colcon_core.package_identification[0m [1;30mLevel 1[0m _identify(src/turtlebot3_manipulation/turtlebot3_manipulation_description) by extensions ['colcon_pkg']
[0.708s] [34mcolcon.colcon_core.package_identification[0m [1;30mLevel 1[0m _identify(src/turtlebot3_manipulation/turtlebot3_manipulation_description) by extension 'colcon_pkg'
[0.709s] [34mcolcon.colcon_core.package_identification[0m [1;30mLevel 1[0m _identify(src/turtlebot3_manipulation/turtlebot3_manipulation_description) by extensions ['colcon_meta']
[0.709s] [34mcolcon.colcon_core.package_identification[0m [1;30mLevel 1[0m _identify(src/turtlebot3_manipulation/turtlebot3_manipulation_description) by extension 'colcon_meta'
[0.709s] [34mcolcon.colcon_core.package_identification[0m [1;30mLevel 1[0m _identify(src/turtlebot3_manipulation/turtlebot3_manipulation_description) by extensions ['ros']
[0.709s] [34mcolcon.colcon_core.package_identification[0m [1;30mLevel 1[0m _identify(src/turtlebot3_manipulation/turtlebot3_manipulation_description) by extension 'ros'
[0.710s] [34mcolcon.colcon_core.package_identification[0m [1;30mDEBUG[0m [32mPackage 'src/turtlebot3_manipulation/turtlebot3_manipulation_description' with type 'ros.ament_cmake' and name 'turtlebot3_manipulation_description'[0m
[0.710s] [34mcolcon.colcon_core.package_identification[0m [1;30mLevel 1[0m _identify(src/turtlebot3_manipulation/turtlebot3_manipulation_hardware) by extensions ['ignore', 'ignore_ament_install']
[0.710s] [34mcolcon.colcon_core.package_identification[0m [1;30mLevel 1[0m _identify(src/turtlebot3_manipulation/turtlebot3_manipulation_hardware) by extension 'ignore'
[0.710s] [34mcolcon.colcon_core.package_identification[0m [1;30mLevel 1[0m _identify(src/turtlebot3_manipulation/turtlebot3_manipulation_hardware) by extension 'ignore_ament_install'
[0.711s] [34mcolcon.colcon_core.package_identification[0m [1;30mLevel 1[0m _identify(src/turtlebot3_manipulation/turtlebot3_manipulation_hardware) by extensions ['colcon_pkg']
[0.711s] [34mcolcon.colcon_core.package_identification[0m [1;30mLevel 1[0m _identify(src/turtlebot3_manipulation/turtlebot3_manipulation_hardware) by extension 'colcon_pkg'
[0.711s] [34mcolcon.colcon_core.package_identification[0m [1;30mLevel 1[0m _identify(src/turtlebot3_manipulation/turtlebot3_manipulation_hardware) by extensions ['colcon_meta']
[0.711s] [34mcolcon.colcon_core.package_identification[0m [1;30mLevel 1[0m _identify(src/turtlebot3_manipulation/turtlebot3_manipulation_hardware) by extension 'colcon_meta'
[0.711s] [34mcolcon.colcon_core.package_identification[0m [1;30mLevel 1[0m _identify(src/turtlebot3_manipulation/turtlebot3_manipulation_hardware) by extensions ['ros']
[0.711s] [34mcolcon.colcon_core.package_identification[0m [1;30mLevel 1[0m _identify(src/turtlebot3_manipulation/turtlebot3_manipulation_hardware) by extension 'ros'
[0.713s] [34mcolcon.colcon_core.package_identification[0m [1;30mDEBUG[0m [32mPackage 'src/turtlebot3_manipulation/turtlebot3_manipulation_hardware' with type 'ros.ament_cmake' and name 'turtlebot3_manipulation_hardware'[0m
[0.713s] [34mcolcon.colcon_core.package_identification[0m [1;30mLevel 1[0m _identify(src/turtlebot3_manipulation/turtlebot3_manipulation_moveit_config) by extensions ['ignore', 'ignore_ament_install']
[0.713s] [34mcolcon.colcon_core.package_identification[0m [1;30mLevel 1[0m _identify(src/turtlebot3_manipulation/turtlebot3_manipulation_moveit_config) by extension 'ignore'
[0.713s] [34mcolcon.colcon_core.package_identification[0m [1;30mLevel 1[0m _identify(src/turtlebot3_manipulation/turtlebot3_manipulation_moveit_config) by extension 'ignore_ament_install'
[0.714s] [34mcolcon.colcon_core.package_identification[0m [1;30mLevel 1[0m _identify(src/turtlebot3_manipulation/turtlebot3_manipulation_moveit_config) by extensions ['colcon_pkg']
[0.714s] [34mcolcon.colcon_core.package_identification[0m [1;30mLevel 1[0m _identify(src/turtlebot3_manipulation/turtlebot3_manipulation_moveit_config) by extension 'colcon_pkg'
[0.714s] [34mcolcon.colcon_core.package_identification[0m [1;30mLevel 1[0m _identify(src/turtlebot3_manipulation/turtlebot3_manipulation_moveit_config) by extensions ['colcon_meta']
[0.714s] [34mcolcon.colcon_core.package_identification[0m [1;30mLevel 1[0m _identify(src/turtlebot3_manipulation/turtlebot3_manipulation_moveit_config) by extension 'colcon_meta'
[0.714s] [34mcolcon.colcon_core.package_identification[0m [1;30mLevel 1[0m _identify(src/turtlebot3_manipulation/turtlebot3_manipulation_moveit_config) by extensions ['ros']
[0.714s] [34mcolcon.colcon_core.package_identification[0m [1;30mLevel 1[0m _identify(src/turtlebot3_manipulation/turtlebot3_manipulation_moveit_config) by extension 'ros'
[0.716s] [34mcolcon.colcon_core.package_identification[0m [1;30mDEBUG[0m [32mPackage 'src/turtlebot3_manipulation/turtlebot3_manipulation_moveit_config' with type 'ros.ament_cmake' and name 'turtlebot3_manipulation_moveit_config'[0m
[0.716s] [34mcolcon.colcon_core.package_identification[0m [1;30mLevel 1[0m _identify(src/turtlebot3_manipulation/turtlebot3_manipulation_teleop) by extensions ['ignore', 'ignore_ament_install']
[0.716s] [34mcolcon.colcon_core.package_identification[0m [1;30mLevel 1[0m _identify(src/turtlebot3_manipulation/turtlebot3_manipulation_teleop) by extension 'ignore'
[0.716s] [34mcolcon.colcon_core.package_identification[0m [1;30mLevel 1[0m _identify(src/turtlebot3_manipulation/turtlebot3_manipulation_teleop) by extension 'ignore_ament_install'
[0.716s] [34mcolcon.colcon_core.package_identification[0m [1;30mLevel 1[0m _identify(src/turtlebot3_manipulation/turtlebot3_manipulation_teleop) by extensions ['colcon_pkg']
[0.716s] [34mcolcon.colcon_core.package_identification[0m [1;30mLevel 1[0m _identify(src/turtlebot3_manipulation/turtlebot3_manipulation_teleop) by extension 'colcon_pkg'
[0.716s] [34mcolcon.colcon_core.package_identification[0m [1;30mLevel 1[0m _identify(src/turtlebot3_manipulation/turtlebot3_manipulation_teleop) by extensions ['colcon_meta']
[0.716s] [34mcolcon.colcon_core.package_identification[0m [1;30mLevel 1[0m _identify(src/turtlebot3_manipulation/turtlebot3_manipulation_teleop) by extension 'colcon_meta'
[0.717s] [34mcolcon.colcon_core.package_identification[0m [1;30mLevel 1[0m _identify(src/turtlebot3_manipulation/turtlebot3_manipulation_teleop) by extensions ['ros']
[0.717s] [34mcolcon.colcon_core.package_identification[0m [1;30mLevel 1[0m _identify(src/turtlebot3_manipulation/turtlebot3_manipulation_teleop) by extension 'ros'
[0.719s] [34mcolcon.colcon_core.package_identification[0m [1;30mDEBUG[0m [32mPackage 'src/turtlebot3_manipulation/turtlebot3_manipulation_teleop' with type 'ros.ament_cmake' and name 'turtlebot3_manipulation_teleop'[0m
[0.719s] [34mcolcon.colcon_core.package_identification[0m [1;30mLevel 1[0m _identify(src/turtlebot_cosmo_interface) by extensions ['ignore', 'ignore_ament_install']
[0.719s] [34mcolcon.colcon_core.package_identification[0m [1;30mLevel 1[0m _identify(src/turtlebot_cosmo_interface) by extension 'ignore'
[0.719s] [34mcolcon.colcon_core.package_identification[0m [1;30mLevel 1[0m _identify(src/turtlebot_cosmo_interface) by extension 'ignore_ament_install'
[0.719s] [34mcolcon.colcon_core.package_identification[0m [1;30mLevel 1[0m _identify(src/turtlebot_cosmo_interface) by extensions ['colcon_pkg']
[0.720s] [34mcolcon.colcon_core.package_identification[0m [1;30mLevel 1[0m _identify(src/turtlebot_cosmo_interface) by extension 'colcon_pkg'
[0.720s] [34mcolcon.colcon_core.package_identification[0m [1;30mLevel 1[0m _identify(src/turtlebot_cosmo_interface) by extensions ['colcon_meta']
[0.720s] [34mcolcon.colcon_core.package_identification[0m [1;30mLevel 1[0m _identify(src/turtlebot_cosmo_interface) by extension 'colcon_meta'
[0.720s] [34mcolcon.colcon_core.package_identification[0m [1;30mLevel 1[0m _identify(src/turtlebot_cosmo_interface) by extensions ['ros']
[0.720s] [34mcolcon.colcon_core.package_identification[0m [1;30mLevel 1[0m _identify(src/turtlebot_cosmo_interface) by extension 'ros'
[0.720s] [34mcolcon.colcon_core.package_identification[0m [1;30mLevel 1[0m _identify(src/turtlebot_cosmo_interface) by extensions ['cmake', 'python']
[0.720s] [34mcolcon.colcon_core.package_identification[0m [1;30mLevel 1[0m _identify(src/turtlebot_cosmo_interface) by extension 'cmake'
[0.720s] [34mcolcon.colcon_core.package_identification[0m [1;30mLevel 1[0m _identify(src/turtlebot_cosmo_interface) by extension 'python'
[0.720s] [34mcolcon.colcon_core.package_identification[0m [1;30mLevel 1[0m _identify(src/turtlebot_cosmo_interface) by extensions ['python_setup_py']
[0.720s] [34mcolcon.colcon_core.package_identification[0m [1;30mLevel 1[0m _identify(src/turtlebot_cosmo_interface) by extension 'python_setup_py'
[0.721s] [34mcolcon.colcon_core.package_identification[0m [1;30mLevel 1[0m _identify(src/turtlebot_cosmo_interface/turtlebot_cosmo_interface) by extensions ['ignore', 'ignore_ament_install']
[0.721s] [34mcolcon.colcon_core.package_identification[0m [1;30mLevel 1[0m _identify(src/turtlebot_cosmo_interface/turtlebot_cosmo_interface) by extension 'ignore'
[0.721s] [34mcolcon.colcon_core.package_identification[0m [1;30mLevel 1[0m _identify(src/turtlebot_cosmo_interface/turtlebot_cosmo_interface) by extension 'ignore_ament_install'
[0.721s] [34mcolcon.colcon_core.package_identification[0m [1;30mLevel 1[0m _identify(src/turtlebot_cosmo_interface/turtlebot_cosmo_interface) by extensions ['colcon_pkg']
[0.721s] [34mcolcon.colcon_core.package_identification[0m [1;30mLevel 1[0m _identify(src/turtlebot_cosmo_interface/turtlebot_cosmo_interface) by extension 'colcon_pkg'
[0.721s] [34mcolcon.colcon_core.package_identification[0m [1;30mLevel 1[0m _identify(src/turtlebot_cosmo_interface/turtlebot_cosmo_interface) by extensions ['colcon_meta']
[0.721s] [34mcolcon.colcon_core.package_identification[0m [1;30mLevel 1[0m _identify(src/turtlebot_cosmo_interface/turtlebot_cosmo_interface) by extension 'colcon_meta'
[0.721s] [34mcolcon.colcon_core.package_identification[0m [1;30mLevel 1[0m _identify(src/turtlebot_cosmo_interface/turtlebot_cosmo_interface) by extensions ['ros']
[0.721s] [34mcolcon.colcon_core.package_identification[0m [1;30mLevel 1[0m _identify(src/turtlebot_cosmo_interface/turtlebot_cosmo_interface) by extension 'ros'
[0.723s] [34mcolcon.colcon_core.package_identification[0m [1;30mDEBUG[0m [32mPackage 'src/turtlebot_cosmo_interface/turtlebot_cosmo_interface' with type 'ros.ament_cmake' and name 'turtlebot_cosmo_interface'[0m
[0.723s] [34mcolcon.colcon_core.package_identification[0m [1;30mLevel 1[0m _identify(src/turtlebot_moveit) by extensions ['ignore', 'ignore_ament_install']
[0.723s] [34mcolcon.colcon_core.package_identification[0m [1;30mLevel 1[0m _identify(src/turtlebot_moveit) by extension 'ignore'
[0.723s] [34mcolcon.colcon_core.package_identification[0m [1;30mLevel 1[0m _identify(src/turtlebot_moveit) by extension 'ignore_ament_install'
[0.723s] [34mcolcon.colcon_core.package_identification[0m [1;30mLevel 1[0m _identify(src/turtlebot_moveit) by extensions ['colcon_pkg']
[0.723s] [34mcolcon.colcon_core.package_identification[0m [1;30mLevel 1[0m _identify(src/turtlebot_moveit) by extension 'colcon_pkg'
[0.723s] [34mcolcon.colcon_core.package_identification[0m [1;30mLevel 1[0m _identify(src/turtlebot_moveit) by extensions ['colcon_meta']
[0.723s] [34mcolcon.colcon_core.package_identification[0m [1;30mLevel 1[0m _identify(src/turtlebot_moveit) by extension 'colcon_meta'
[0.724s] [34mcolcon.colcon_core.package_identification[0m [1;30mLevel 1[0m _identify(src/turtlebot_moveit) by extensions ['ros']
[0.724s] [34mcolcon.colcon_core.package_identification[0m [1;30mLevel 1[0m _identify(src/turtlebot_moveit) by extension 'ros'
[0.724s] [34mcolcon.colcon_core.package_identification[0m [1;30mLevel 1[0m _identify(src/turtlebot_moveit) by extensions ['cmake', 'python']
[0.724s] [34mcolcon.colcon_core.package_identification[0m [1;30mLevel 1[0m _identify(src/turtlebot_moveit) by extension 'cmake'
[0.724s] [34mcolcon.colcon_core.package_identification[0m [1;30mLevel 1[0m _identify(src/turtlebot_moveit) by extension 'python'
[0.724s] [34mcolcon.colcon_core.package_identification[0m [1;30mLevel 1[0m _identify(src/turtlebot_moveit) by extensions ['python_setup_py']
[0.724s] [34mcolcon.colcon_core.package_identification[0m [1;30mLevel 1[0m _identify(src/turtlebot_moveit) by extension 'python_setup_py'
[0.724s] [34mcolcon.colcon_core.package_identification[0m [1;30mLevel 1[0m _identify(src/turtlebot_moveit/turtlebot_moveit) by extensions ['ignore', 'ignore_ament_install']
[0.725s] [34mcolcon.colcon_core.package_identification[0m [1;30mLevel 1[0m _identify(src/turtlebot_moveit/turtlebot_moveit) by extension 'ignore'
[0.725s] [34mcolcon.colcon_core.package_identification[0m [1;30mLevel 1[0m _identify(src/turtlebot_moveit/turtlebot_moveit) by extension 'ignore_ament_install'
[0.725s] [34mcolcon.colcon_core.package_identification[0m [1;30mLevel 1[0m _identify(src/turtlebot_moveit/turtlebot_moveit) by extensions ['colcon_pkg']
[0.725s] [34mcolcon.colcon_core.package_identification[0m [1;30mLevel 1[0m _identify(src/turtlebot_moveit/turtlebot_moveit) by extension 'colcon_pkg'
[0.725s] [34mcolcon.colcon_core.package_identification[0m [1;30mLevel 1[0m _identify(src/turtlebot_moveit/turtlebot_moveit) by extensions ['colcon_meta']
[0.725s] [34mcolcon.colcon_core.package_identification[0m [1;30mLevel 1[0m _identify(src/turtlebot_moveit/turtlebot_moveit) by extension 'colcon_meta'
[0.725s] [34mcolcon.colcon_core.package_identification[0m [1;30mLevel 1[0m _identify(src/turtlebot_moveit/turtlebot_moveit) by extensions ['ros']
[0.725s] [34mcolcon.colcon_core.package_identification[0m [1;30mLevel 1[0m _identify(src/turtlebot_moveit/turtlebot_moveit) by extension 'ros'
[0.727s] [34mcolcon.colcon_core.package_identification[0m [1;30mDEBUG[0m [32mPackage 'src/turtlebot_moveit/turtlebot_moveit' with type 'ros.ament_cmake' and name 'turtlebot_moveit'[0m
[0.727s] [34mcolcon.colcon_core.package_discovery[0m [1;30mLevel 1[0m discover_packages(recursive) using defaults
[0.727s] [34mcolcon.colcon_core.package_discovery[0m [1;30mLevel 1[0m discover_packages(ignore) discover
[0.727s] [34mcolcon.colcon_core.package_discovery[0m [1;30mLevel 1[0m discover_packages(ignore) using defaults
[0.727s] [34mcolcon.colcon_core.package_discovery[0m [1;30mLevel 1[0m discover_packages(path) discover
[0.727s] [34mcolcon.colcon_core.package_discovery[0m [1;30mLevel 1[0m discover_packages(path) using defaults
[0.765s] [34mcolcon.colcon_core.package_discovery[0m [1;30mLevel 1[0m discover_packages(prefix_path) check parameters
[0.765s] [34mcolcon.colcon_core.package_discovery[0m [1;30mLevel 1[0m discover_packages(prefix_path) discover
[0.769s] [34mcolcon.colcon_installed_package_information.package_discovery[0m [1;30mDEBUG[0m [32mFound 7 installed packages in /home/rokey-jw/turtlebot3_ws/install[0m
[0.771s] [34mcolcon.colcon_installed_package_information.package_discovery[0m [1;30mDEBUG[0m [32mFound 276 installed packages in /opt/ros/humble[0m
[0.774s] [34mcolcon.colcon_core.package_discovery[0m [1;30mLevel 1[0m discover_packages(prefix_path) using defaults
[0.848s] [34mcolcon.colcon_core.verb[0m [1;30mLevel 5[0m set package 'aruco_yolo' build argument 'cmake_args' from command line to 'None'
[0.848s] [34mcolcon.colcon_core.verb[0m [1;30mLevel 5[0m set package 'aruco_yolo' build argument 'cmake_target' from command line to 'None'
[0.848s] [34mcolcon.colcon_core.verb[0m [1;30mLevel 5[0m set package 'aruco_yolo' build argument 'cmake_target_skip_unavailable' from command line to 'False'
[0.848s] [34mcolcon.colcon_core.verb[0m [1;30mLevel 5[0m set package 'aruco_yolo' build argument 'cmake_clean_cache' from command line to 'False'
[0.848s] [34mcolcon.colcon_core.verb[0m [1;30mLevel 5[0m set package 'aruco_yolo' build argument 'cmake_clean_first' from command line to 'False'
[0.848s] [34mcolcon.colcon_core.verb[0m [1;30mLevel 5[0m set package 'aruco_yolo' build argument 'cmake_force_configure' from command line to 'False'
[0.848s] [34mcolcon.colcon_core.verb[0m [1;30mLevel 5[0m set package 'aruco_yolo' build argument 'ament_cmake_args' from command line to 'None'
[0.848s] [34mcolcon.colcon_core.verb[0m [1;30mLevel 5[0m set package 'aruco_yolo' build argument 'catkin_cmake_args' from command line to 'None'
[0.848s] [34mcolcon.colcon_core.verb[0m [1;30mLevel 5[0m set package 'aruco_yolo' build argument 'catkin_skip_building_tests' from command line to 'False'
[0.849s] [34mcolcon.colcon_core.verb[0m [1;30mDEBUG[0m [32mBuilding package 'aruco_yolo' with the following arguments: {'ament_cmake_args': None, 'build_base': '/home/rokey-jw/rokeypj_ws/build/aruco_yolo', 'catkin_cmake_args': None, 'catkin_skip_building_tests': False, 'cmake_args': None, 'cmake_clean_cache': False, 'cmake_clean_first': False, 'cmake_force_configure': False, 'cmake_target': None, 'cmake_target_skip_unavailable': False, 'install_base': '/home/rokey-jw/rokeypj_ws/install/aruco_yolo', 'merge_install': False, 'path': '/home/rokey-jw/rokeypj_ws/src/aruco_yolo', 'symlink_install': True, 'test_result_base': None}[0m
[0.849s] [34mcolcon.colcon_core.verb[0m [1;30mLevel 5[0m set package 'ld08_driver' build argument 'cmake_args' from command line to 'None'
[0.849s] [34mcolcon.colcon_core.verb[0m [1;30mLevel 5[0m set package 'ld08_driver' build argument 'cmake_target' from command line to 'None'
[0.849s] [34mcolcon.colcon_core.verb[0m [1;30mLevel 5[0m set package 'ld08_driver' build argument 'cmake_target_skip_unavailable' from command line to 'False'
[0.849s] [34mcolcon.colcon_core.verb[0m [1;30mLevel 5[0m set package 'ld08_driver' build argument 'cmake_clean_cache' from command line to 'False'
[0.849s] [34mcolcon.colcon_core.verb[0m [1;30mLevel 5[0m set package 'ld08_driver' build argument 'cmake_clean_first' from command line to 'False'
[0.850s] [34mcolcon.colcon_core.verb[0m [1;30mLevel 5[0m set package 'ld08_driver' build argument 'cmake_force_configure' from command line to 'False'
[0.850s] [34mcolcon.colcon_core.verb[0m [1;30mLevel 5[0m set package 'ld08_driver' build argument 'ament_cmake_args' from command line to 'None'
[0.850s] [34mcolcon.colcon_core.verb[0m [1;30mLevel 5[0m set package 'ld08_driver' build argument 'catkin_cmake_args' from command line to 'None'
[0.850s] [34mcolcon.colcon_core.verb[0m [1;30mLevel 5[0m set package 'ld08_driver' build argument 'catkin_skip_building_tests' from command line to 'False'
[0.850s] [34mcolcon.colcon_core.verb[0m [1;30mDEBUG[0m [32mBuilding package 'ld08_driver' with the following arguments: {'ament_cmake_args': None, 'build_base': '/home/rokey-jw/rokeypj_ws/build/ld08_driver', 'catkin_cmake_args': None, 'catkin_skip_building_tests': False, 'cmake_args': None, 'cmake_clean_cache': False, 'cmake_clean_first': False, 'cmake_force_configure': False, 'cmake_target': None, 'cmake_target_skip_unavailable': False, 'install_base': '/home/rokey-jw/rokeypj_ws/install/ld08_driver', 'merge_install': False, 'path': '/home/rokey-jw/rokeypj_ws/src/ld08_driver', 'symlink_install': True, 'test_result_base': None}[0m
[0.850s] [34mcolcon.colcon_core.verb[0m [1;30mLevel 5[0m set package 'sample_pkg' build argument 'cmake_args' from command line to 'None'
[0.850s] [34mcolcon.colcon_core.verb[0m [1;30mLevel 5[0m set package 'sample_pkg' build argument 'cmake_target' from command line to 'None'
[0.851s] [34mcolcon.colcon_core.verb[0m [1;30mLevel 5[0m set package 'sample_pkg' build argument 'cmake_target_skip_unavailable' from command line to 'False'
[0.851s] [34mcolcon.colcon_core.verb[0m [1;30mLevel 5[0m set package 'sample_pkg' build argument 'cmake_clean_cache' from command line to 'False'
[0.851s] [34mcolcon.colcon_core.verb[0m [1;30mLevel 5[0m set package 'sample_pkg' build argument 'cmake_clean_first' from command line to 'False'
[0.851s] [34mcolcon.colcon_core.verb[0m [1;30mLevel 5[0m set package 'sample_pkg' build argument 'cmake_force_configure' from command line to 'False'
[0.851s] [34mcolcon.colcon_core.verb[0m [1;30mLevel 5[0m set package 'sample_pkg' build argument 'ament_cmake_args' from command line to 'None'
[0.851s] [34mcolcon.colcon_core.verb[0m [1;30mLevel 5[0m set package 'sample_pkg' build argument 'catkin_cmake_args' from command line to 'None'
[0.851s] [34mcolcon.colcon_core.verb[0m [1;30mLevel 5[0m set package 'sample_pkg' build argument 'catkin_skip_building_tests' from command line to 'False'
[0.851s] [34mcolcon.colcon_core.verb[0m [1;30mDEBUG[0m [32mBuilding package 'sample_pkg' with the following arguments: {'ament_cmake_args': None, 'build_base': '/home/rokey-jw/rokeypj_ws/build/sample_pkg', 'catkin_cmake_args': None, 'catkin_skip_building_tests': False, 'cmake_args': None, 'cmake_clean_cache': False, 'cmake_clean_first': False, 'cmake_force_configure': False, 'cmake_target': None, 'cmake_target_skip_unavailable': False, 'install_base': '/home/rokey-jw/rokeypj_ws/install/sample_pkg', 'merge_install': False, 'path': '/home/rokey-jw/rokeypj_ws/src/sample_pkg', 'symlink_install': True, 'test_result_base': None}[0m
[0.852s] [34mcolcon.colcon_core.verb[0m [1;30mLevel 5[0m set package 'turtlebot3_manipulation_description' build argument 'cmake_args' from command line to 'None'
[0.852s] [34mcolcon.colcon_core.verb[0m [1;30mLevel 5[0m set package 'turtlebot3_manipulation_description' build argument 'cmake_target' from command line to 'None'
[0.852s] [34mcolcon.colcon_core.verb[0m [1;30mLevel 5[0m set package 'turtlebot3_manipulation_description' build argument 'cmake_target_skip_unavailable' from command line to 'False'
[0.852s] [34mcolcon.colcon_core.verb[0m [1;30mLevel 5[0m set package 'turtlebot3_manipulation_description' build argument 'cmake_clean_cache' from command line to 'False'
[0.852s] [34mcolcon.colcon_core.verb[0m [1;30mLevel 5[0m set package 'turtlebot3_manipulation_description' build argument 'cmake_clean_first' from command line to 'False'
[0.852s] [34mcolcon.colcon_core.verb[0m [1;30mLevel 5[0m set package 'turtlebot3_manipulation_description' build argument 'cmake_force_configure' from command line to 'False'
[0.852s] [34mcolcon.colcon_core.verb[0m [1;30mLevel 5[0m set package 'turtlebot3_manipulation_description' build argument 'ament_cmake_args' from command line to 'None'
[0.852s] [34mcolcon.colcon_core.verb[0m [1;30mLevel 5[0m set package 'turtlebot3_manipulation_description' build argument 'catkin_cmake_args' from command line to 'None'
[0.852s] [34mcolcon.colcon_core.verb[0m [1;30mLevel 5[0m set package 'turtlebot3_manipulation_description' build argument 'catkin_skip_building_tests' from command line to 'False'
[0.852s] [34mcolcon.colcon_core.verb[0m [1;30mDEBUG[0m [32mBuilding package 'turtlebot3_manipulation_description' with the following arguments: {'ament_cmake_args': None, 'build_base': '/home/rokey-jw/rokeypj_ws/build/turtlebot3_manipulation_description', 'catkin_cmake_args': None, 'catkin_skip_building_tests': False, 'cmake_args': None, 'cmake_clean_cache': False, 'cmake_clean_first': False, 'cmake_force_configure': False, 'cmake_target': None, 'cmake_target_skip_unavailable': False, 'install_base': '/home/rokey-jw/rokeypj_ws/install/turtlebot3_manipulation_description', 'merge_install': False, 'path': '/home/rokey-jw/rokeypj_ws/src/turtlebot3_manipulation/turtlebot3_manipulation_description', 'symlink_install': True, 'test_result_base': None}[0m
[0.853s] [34mcolcon.colcon_core.verb[0m [1;30mLevel 5[0m set package 'turtlebot3_manipulation_hardware' build argument 'cmake_args' from command line to 'None'
[0.853s] [34mcolcon.colcon_core.verb[0m [1;30mLevel 5[0m set package 'turtlebot3_manipulation_hardware' build argument 'cmake_target' from command line to 'None'
[0.853s] [34mcolcon.colcon_core.verb[0m [1;30mLevel 5[0m set package 'turtlebot3_manipulation_hardware' build argument 'cmake_target_skip_unavailable' from command line to 'False'
[0.853s] [34mcolcon.colcon_core.verb[0m [1;30mLevel 5[0m set package 'turtlebot3_manipulation_hardware' build argument 'cmake_clean_cache' from command line to 'False'
[0.853s] [34mcolcon.colcon_core.verb[0m [1;30mLevel 5[0m set package 'turtlebot3_manipulation_hardware' build argument 'cmake_clean_first' from command line to 'False'
[0.853s] [34mcolcon.colcon_core.verb[0m [1;30mLevel 5[0m set package 'turtlebot3_manipulation_hardware' build argument 'cmake_force_configure' from command line to 'False'
[0.853s] [34mcolcon.colcon_core.verb[0m [1;30mLevel 5[0m set package 'turtlebot3_manipulation_hardware' build argument 'ament_cmake_args' from command line to 'None'
[0.853s] [34mcolcon.colcon_core.verb[0m [1;30mLevel 5[0m set package 'turtlebot3_manipulation_hardware' build argument 'catkin_cmake_args' from command line to 'None'
[0.853s] [34mcolcon.colcon_core.verb[0m [1;30mLevel 5[0m set package 'turtlebot3_manipulation_hardware' build argument 'catkin_skip_building_tests' from command line to 'False'
[0.853s] [34mcolcon.colcon_core.verb[0m [1;30mDEBUG[0m [32mBuilding package 'turtlebot3_manipulation_hardware' with the following arguments: {'ament_cmake_args': None, 'build_base': '/home/rokey-jw/rokeypj_ws/build/turtlebot3_manipulation_hardware', 'catkin_cmake_args': None, 'catkin_skip_building_tests': False, 'cmake_args': None, 'cmake_clean_cache': False, 'cmake_clean_first': False, 'cmake_force_configure': False, 'cmake_target': None, 'cmake_target_skip_unavailable': False, 'install_base': '/home/rokey-jw/rokeypj_ws/install/turtlebot3_manipulation_hardware', 'merge_install': False, 'path': '/home/rokey-jw/rokeypj_ws/src/turtlebot3_manipulation/turtlebot3_manipulation_hardware', 'symlink_install': True, 'test_result_base': None}[0m
[0.854s] [34mcolcon.colcon_core.verb[0m [1;30mLevel 5[0m set package 'turtlebot_cosmo_interface' build argument 'cmake_args' from command line to 'None'
[0.854s] [34mcolcon.colcon_core.verb[0m [1;30mLevel 5[0m set package 'turtlebot_cosmo_interface' build argument 'cmake_target' from command line to 'None'
[0.854s] [34mcolcon.colcon_core.verb[0m [1;30mLevel 5[0m set package 'turtlebot_cosmo_interface' build argument 'cmake_target_skip_unavailable' from command line to 'False'
[0.854s] [34mcolcon.colcon_core.verb[0m [1;30mLevel 5[0m set package 'turtlebot_cosmo_interface' build argument 'cmake_clean_cache' from command line to 'False'
[0.854s] [34mcolcon.colcon_core.verb[0m [1;30mLevel 5[0m set package 'turtlebot_cosmo_interface' build argument 'cmake_clean_first' from command line to 'False'
[0.854s] [34mcolcon.colcon_core.verb[0m [1;30mLevel 5[0m set package 'turtlebot_cosmo_interface' build argument 'cmake_force_configure' from command line to 'False'
[0.854s] [34mcolcon.colcon_core.verb[0m [1;30mLevel 5[0m set package 'turtlebot_cosmo_interface' build argument 'ament_cmake_args' from command line to 'None'
[0.854s] [34mcolcon.colcon_core.verb[0m [1;30mLevel 5[0m set package 'turtlebot_cosmo_interface' build argument 'catkin_cmake_args' from command line to 'None'
[0.854s] [34mcolcon.colcon_core.verb[0m [1;30mLevel 5[0m set package 'turtlebot_cosmo_interface' build argument 'catkin_skip_building_tests' from command line to 'False'
[0.854s] [34mcolcon.colcon_core.verb[0m [1;30mDEBUG[0m [32mBuilding package 'turtlebot_cosmo_interface' with the following arguments: {'ament_cmake_args': None, 'build_base': '/home/rokey-jw/rokeypj_ws/build/turtlebot_cosmo_interface', 'catkin_cmake_args': None, 'catkin_skip_building_tests': False, 'cmake_args': None, 'cmake_clean_cache': False, 'cmake_clean_first': False, 'cmake_force_configure': False, 'cmake_target': None, 'cmake_target_skip_unavailable': False, 'install_base': '/home/rokey-jw/rokeypj_ws/install/turtlebot_cosmo_interface', 'merge_install': False, 'path': '/home/rokey-jw/rokeypj_ws/src/turtlebot_cosmo_interface/turtlebot_cosmo_interface', 'symlink_install': True, 'test_result_base': None}[0m
[0.855s] [34mcolcon.colcon_core.verb[0m [1;30mLevel 5[0m set package 'turtlebot3_manipulation_bringup' build argument 'cmake_args' from command line to 'None'
[0.855s] [34mcolcon.colcon_core.verb[0m [1;30mLevel 5[0m set package 'turtlebot3_manipulation_bringup' build argument 'cmake_target' from command line to 'None'
[0.855s] [34mcolcon.colcon_core.verb[0m [1;30mLevel 5[0m set package 'turtlebot3_manipulation_bringup' build argument 'cmake_target_skip_unavailable' from command line to 'False'
[0.855s] [34mcolcon.colcon_core.verb[0m [1;30mLevel 5[0m set package 'turtlebot3_manipulation_bringup' build argument 'cmake_clean_cache' from command line to 'False'
[0.855s] [34mcolcon.colcon_core.verb[0m [1;30mLevel 5[0m set package 'turtlebot3_manipulation_bringup' build argument 'cmake_clean_first' from command line to 'False'
[0.855s] [34mcolcon.colcon_core.verb[0m [1;30mLevel 5[0m set package 'turtlebot3_manipulation_bringup' build argument 'cmake_force_configure' from command line to 'False'
[0.855s] [34mcolcon.colcon_core.verb[0m [1;30mLevel 5[0m set package 'turtlebot3_manipulation_bringup' build argument 'ament_cmake_args' from command line to 'None'
[0.855s] [34mcolcon.colcon_core.verb[0m [1;30mLevel 5[0m set package 'turtlebot3_manipulation_bringup' build argument 'catkin_cmake_args' from command line to 'None'
[0.855s] [34mcolcon.colcon_core.verb[0m [1;30mLevel 5[0m set package 'turtlebot3_manipulation_bringup' build argument 'catkin_skip_building_tests' from command line to 'False'
[0.855s] [34mcolcon.colcon_core.verb[0m [1;30mDEBUG[0m [32mBuilding package 'turtlebot3_manipulation_bringup' with the following arguments: {'ament_cmake_args': None, 'build_base': '/home/rokey-jw/rokeypj_ws/build/turtlebot3_manipulation_bringup', 'catkin_cmake_args': None, 'catkin_skip_building_tests': False, 'cmake_args': None, 'cmake_clean_cache': False, 'cmake_clean_first': False, 'cmake_force_configure': False, 'cmake_target': None, 'cmake_target_skip_unavailable': False, 'install_base': '/home/rokey-jw/rokeypj_ws/install/turtlebot3_manipulation_bringup', 'merge_install': False, 'path': '/home/rokey-jw/rokeypj_ws/src/turtlebot3_manipulation/turtlebot3_manipulation_bringup', 'symlink_install': True, 'test_result_base': None}[0m
[0.856s] [34mcolcon.colcon_core.verb[0m [1;30mLevel 5[0m set package 'turtlebot3_manipulation_moveit_config' build argument 'cmake_args' from command line to 'None'
[0.856s] [34mcolcon.colcon_core.verb[0m [1;30mLevel 5[0m set package 'turtlebot3_manipulation_moveit_config' build argument 'cmake_target' from command line to 'None'
[0.856s] [34mcolcon.colcon_core.verb[0m [1;30mLevel 5[0m set package 'turtlebot3_manipulation_moveit_config' build argument 'cmake_target_skip_unavailable' from command line to 'False'
[0.856s] [34mcolcon.colcon_core.verb[0m [1;30mLevel 5[0m set package 'turtlebot3_manipulation_moveit_config' build argument 'cmake_clean_cache' from command line to 'False'
[0.856s] [34mcolcon.colcon_core.verb[0m [1;30mLevel 5[0m set package 'turtlebot3_manipulation_moveit_config' build argument 'cmake_clean_first' from command line to 'False'
[0.856s] [34mcolcon.colcon_core.verb[0m [1;30mLevel 5[0m set package 'turtlebot3_manipulation_moveit_config' build argument 'cmake_force_configure' from command line to 'False'
[0.856s] [34mcolcon.colcon_core.verb[0m [1;30mLevel 5[0m set package 'turtlebot3_manipulation_moveit_config' build argument 'ament_cmake_args' from command line to 'None'
[0.856s] [34mcolcon.colcon_core.verb[0m [1;30mLevel 5[0m set package 'turtlebot3_manipulation_moveit_config' build argument 'catkin_cmake_args' from command line to 'None'
[0.856s] [34mcolcon.colcon_core.verb[0m [1;30mLevel 5[0m set package 'turtlebot3_manipulation_moveit_config' build argument 'catkin_skip_building_tests' from command line to 'False'
[0.857s] [34mcolcon.colcon_core.verb[0m [1;30mDEBUG[0m [32mBuilding package 'turtlebot3_manipulation_moveit_config' with the following arguments: {'ament_cmake_args': None, 'build_base': '/home/rokey-jw/rokeypj_ws/build/turtlebot3_manipulation_moveit_config', 'catkin_cmake_args': None, 'catkin_skip_building_tests': False, 'cmake_args': None, 'cmake_clean_cache': False, 'cmake_clean_first': False, 'cmake_force_configure': False, 'cmake_target': None, 'cmake_target_skip_unavailable': False, 'install_base': '/home/rokey-jw/rokeypj_ws/install/turtlebot3_manipulation_moveit_config', 'merge_install': False, 'path': '/home/rokey-jw/rokeypj_ws/src/turtlebot3_manipulation/turtlebot3_manipulation_moveit_config', 'symlink_install': True, 'test_result_base': None}[0m
[0.857s] [34mcolcon.colcon_core.verb[0m [1;30mLevel 5[0m set package 'turtlebot_moveit' build argument 'cmake_args' from command line to 'None'
[0.857s] [34mcolcon.colcon_core.verb[0m [1;30mLevel 5[0m set package 'turtlebot_moveit' build argument 'cmake_target' from command line to 'None'
[0.857s] [34mcolcon.colcon_core.verb[0m [1;30mLevel 5[0m set package 'turtlebot_moveit' build argument 'cmake_target_skip_unavailable' from command line to 'False'
[0.857s] [34mcolcon.colcon_core.verb[0m [1;30mLevel 5[0m set package 'turtlebot_moveit' build argument 'cmake_clean_cache' from command line to 'False'
[0.857s] [34mcolcon.colcon_core.verb[0m [1;30mLevel 5[0m set package 'turtlebot_moveit' build argument 'cmake_clean_first' from command line to 'False'
[0.857s] [34mcolcon.colcon_core.verb[0m [1;30mLevel 5[0m set package 'turtlebot_moveit' build argument 'cmake_force_configure' from command line to 'False'
[0.857s] [34mcolcon.colcon_core.verb[0m [1;30mLevel 5[0m set package 'turtlebot_moveit' build argument 'ament_cmake_args' from command line to 'None'
[0.857s] [34mcolcon.colcon_core.verb[0m [1;30mLevel 5[0m set package 'turtlebot_moveit' build argument 'catkin_cmake_args' from command line to 'None'
[0.858s] [34mcolcon.colcon_core.verb[0m [1;30mLevel 5[0m set package 'turtlebot_moveit' build argument 'catkin_skip_building_tests' from command line to 'False'
[0.858s] [34mcolcon.colcon_core.verb[0m [1;30mDEBUG[0m [32mBuilding package 'turtlebot_moveit' with the following arguments: {'ament_cmake_args': None, 'build_base': '/home/rokey-jw/rokeypj_ws/build/turtlebot_moveit', 'catkin_cmake_args': None, 'catkin_skip_building_tests': False, 'cmake_args': None, 'cmake_clean_cache': False, 'cmake_clean_first': False, 'cmake_force_configure': False, 'cmake_target': None, 'cmake_target_skip_unavailable': False, 'install_base': '/home/rokey-jw/rokeypj_ws/install/turtlebot_moveit', 'merge_install': False, 'path': '/home/rokey-jw/rokeypj_ws/src/turtlebot_moveit/turtlebot_moveit', 'symlink_install': True, 'test_result_base': None}[0m
[0.858s] [34mcolcon.colcon_core.verb[0m [1;30mLevel 5[0m set package 'turtlebot3_manipulation_teleop' build argument 'cmake_args' from command line to 'None'
[0.858s] [34mcolcon.colcon_core.verb[0m [1;30mLevel 5[0m set package 'turtlebot3_manipulation_teleop' build argument 'cmake_target' from command line to 'None'
[0.858s] [34mcolcon.colcon_core.verb[0m [1;30mLevel 5[0m set package 'turtlebot3_manipulation_teleop' build argument 'cmake_target_skip_unavailable' from command line to 'False'
[0.858s] [34mcolcon.colcon_core.verb[0m [1;30mLevel 5[0m set package 'turtlebot3_manipulation_teleop' build argument 'cmake_clean_cache' from command line to 'False'
[0.858s] [34mcolcon.colcon_core.verb[0m [1;30mLevel 5[0m set package 'turtlebot3_manipulation_teleop' build argument 'cmake_clean_first' from command line to 'False'
[0.859s] [34mcolcon.colcon_core.verb[0m [1;30mLevel 5[0m set package 'turtlebot3_manipulation_teleop' build argument 'cmake_force_configure' from command line to 'False'
[0.859s] [34mcolcon.colcon_core.verb[0m [1;30mLevel 5[0m set package 'turtlebot3_manipulation_teleop' build argument 'ament_cmake_args' from command line to 'None'
[0.859s] [34mcolcon.colcon_core.verb[0m [1;30mLevel 5[0m set package 'turtlebot3_manipulation_teleop' build argument 'catkin_cmake_args' from command line to 'None'
[0.859s] [34mcolcon.colcon_core.verb[0m [1;30mLevel 5[0m set package 'turtlebot3_manipulation_teleop' build argument 'catkin_skip_building_tests' from command line to 'False'
[0.859s] [34mcolcon.colcon_core.verb[0m [1;30mDEBUG[0m [32mBuilding package 'turtlebot3_manipulation_teleop' with the following arguments: {'ament_cmake_args': None, 'build_base': '/home/rokey-jw/rokeypj_ws/build/turtlebot3_manipulation_teleop', 'catkin_cmake_args': None, 'catkin_skip_building_tests': False, 'cmake_args': None, 'cmake_clean_cache': False, 'cmake_clean_first': False, 'cmake_force_configure': False, 'cmake_target': None, 'cmake_target_skip_unavailable': False, 'install_base': '/home/rokey-jw/rokeypj_ws/install/turtlebot3_manipulation_teleop', 'merge_install': False, 'path': '/home/rokey-jw/rokeypj_ws/src/turtlebot3_manipulation/turtlebot3_manipulation_teleop', 'symlink_install': True, 'test_result_base': None}[0m
[0.859s] [34mcolcon.colcon_core.verb[0m [1;30mLevel 5[0m set package 'turtlebot3_manipulation' build argument 'cmake_args' from command line to 'None'
[0.859s] [34mcolcon.colcon_core.verb[0m [1;30mLevel 5[0m set package 'turtlebot3_manipulation' build argument 'cmake_target' from command line to 'None'
[0.860s] [34mcolcon.colcon_core.verb[0m [1;30mLevel 5[0m set package 'turtlebot3_manipulation' build argument 'cmake_target_skip_unavailable' from command line to 'False'
[0.860s] [34mcolcon.colcon_core.verb[0m [1;30mLevel 5[0m set package 'turtlebot3_manipulation' build argument 'cmake_clean_cache' from command line to 'False'
[0.860s] [34mcolcon.colcon_core.verb[0m [1;30mLevel 5[0m set package 'turtlebot3_manipulation' build argument 'cmake_clean_first' from command line to 'False'
[0.860s] [34mcolcon.colcon_core.verb[0m [1;30mLevel 5[0m set package 'turtlebot3_manipulation' build argument 'cmake_force_configure' from command line to 'False'
[0.860s] [34mcolcon.colcon_core.verb[0m [1;30mLevel 5[0m set package 'turtlebot3_manipulation' build argument 'ament_cmake_args' from command line to 'None'
[0.860s] [34mcolcon.colcon_core.verb[0m [1;30mLevel 5[0m set package 'turtlebot3_manipulation' build argument 'catkin_cmake_args' from command line to 'None'
[0.860s] [34mcolcon.colcon_core.verb[0m [1;30mLevel 5[0m set package 'turtlebot3_manipulation' build argument 'catkin_skip_building_tests' from command line to 'False'
[0.860s] [34mcolcon.colcon_core.verb[0m [1;30mDEBUG[0m [32mBuilding package 'turtlebot3_manipulation' with the following arguments: {'ament_cmake_args': None, 'build_base': '/home/rokey-jw/rokeypj_ws/build/turtlebot3_manipulation', 'catkin_cmake_args': None, 'catkin_skip_building_tests': False, 'cmake_args': None, 'cmake_clean_cache': False, 'cmake_clean_first': False, 'cmake_force_configure': False, 'cmake_target': None, 'cmake_target_skip_unavailable': False, 'install_base': '/home/rokey-jw/rokeypj_ws/install/turtlebot3_manipulation', 'merge_install': False, 'path': '/home/rokey-jw/rokeypj_ws/src/turtlebot3_manipulation/turtlebot3_manipulation', 'symlink_install': True, 'test_result_base': None}[0m
[0.860s] [34mcolcon.colcon_core.executor[0m [1;30mINFO[0m Executing jobs using 'parallel' executor
[0.863s] [34mcolcon.colcon_parallel_executor.executor.parallel[0m [1;30mDEBUG[0m [32mrun_until_complete[0m
[0.863s] [34mcolcon.colcon_ros.task.ament_cmake.build[0m [1;30mINFO[0m Building ROS package in '/home/rokey-jw/rokeypj_ws/src/turtlebot3_manipulation/turtlebot3_manipulation_description' with build type 'ament_cmake'
[0.863s] [34mcolcon.colcon_cmake.task.cmake.build[0m [1;30mINFO[0m Building CMake package in '/home/rokey-jw/rokeypj_ws/src/turtlebot3_manipulation/turtlebot3_manipulation_description'
[0.868s] [34mcolcon.colcon_core.plugin_system[0m [1;30mINFO[0m Skipping extension 'colcon_core.shell.bat': Not used on non-Windows systems
[0.869s] [34mcolcon.colcon_core.shell[0m [1;30mINFO[0m Skip shell extension 'powershell' for command environment: Not usable outside of PowerShell
[0.869s] [34mcolcon.colcon_core.shell[0m [1;30mDEBUG[0m [32mSkip shell extension 'dsv' for command environment[0m
[0.885s] [34mcolcon.colcon_core.event_handler.log_command[0m [1;30mDEBUG[0m [32mInvoking command in '/home/rokey-jw/rokeypj_ws/build/turtlebot3_manipulation_description': CMAKE_PREFIX_PATH=${CMAKE_PREFIX_PATH}:/home/rokey-jw/turtlebot3_ws/install/turtlebot3_teleop:/home/rokey-jw/turtlebot3_ws/install/turtlebot3_example:/opt/ros/humble /usr/bin/cmake --build /home/rokey-jw/rokeypj_ws/build/turtlebot3_manipulation_description -- -j6 -l6[0m
[0.957s] [34mcolcon.colcon_core.event_handler.log_command[0m [1;30mDEBUG[0m [32mInvoked command in '/home/rokey-jw/rokeypj_ws/build/turtlebot3_manipulation_description' returned '0': CMAKE_PREFIX_PATH=${CMAKE_PREFIX_PATH}:/home/rokey-jw/turtlebot3_ws/install/turtlebot3_teleop:/home/rokey-jw/turtlebot3_ws/install/turtlebot3_example:/opt/ros/humble /usr/bin/cmake --build /home/rokey-jw/rokeypj_ws/build/turtlebot3_manipulation_description -- -j6 -l6[0m
[0.982s] [34mcolcon.colcon_core.event_handler.log_command[0m [1;30mDEBUG[0m [32mInvoking command in '/home/rokey-jw/rokeypj_ws/build/turtlebot3_manipulation_description': CMAKE_PREFIX_PATH=${CMAKE_PREFIX_PATH}:/home/rokey-jw/turtlebot3_ws/install/turtlebot3_teleop:/home/rokey-jw/turtlebot3_ws/install/turtlebot3_example:/opt/ros/humble /usr/bin/cmake --install /home/rokey-jw/rokeypj_ws/build/turtlebot3_manipulation_description[0m
[1.680s] [34mcolcon.colcon_core.environment[0m [1;30mLevel 1[0m create_environment_scripts_only(turtlebot3_manipulation_description)
[1.682s] [34mcolcon.colcon_core.event_handler.log_command[0m [1;30mDEBUG[0m [32mInvoked command in '/home/rokey-jw/rokeypj_ws/build/turtlebot3_manipulation_description' returned '0': CMAKE_PREFIX_PATH=${CMAKE_PREFIX_PATH}:/home/rokey-jw/turtlebot3_ws/install/turtlebot3_teleop:/home/rokey-jw/turtlebot3_ws/install/turtlebot3_example:/opt/ros/humble /usr/bin/cmake --install /home/rokey-jw/rokeypj_ws/build/turtlebot3_manipulation_description[0m
[1.690s] [34mcolcon.colcon_core.environment[0m [1;30mLevel 1[0m checking '/home/rokey-jw/rokeypj_ws/install/turtlebot3_manipulation_description' for CMake module files
[1.692s] [34mcolcon.colcon_core.environment[0m [1;30mLevel 1[0m checking '/home/rokey-jw/rokeypj_ws/install/turtlebot3_manipulation_description' for CMake config files
[1.694s] [34mcolcon.colcon_core.shell[0m [1;30mLevel 1[0m create_environment_hook('turtlebot3_manipulation_description', 'cmake_prefix_path')
[1.694s] [34mcolcon.colcon_core.shell[0m [1;30mINFO[0m Creating environment hook '/home/rokey-jw/rokeypj_ws/install/turtlebot3_manipulation_description/share/turtlebot3_manipulation_description/hook/cmake_prefix_path.ps1'
[1.697s] [34mcolcon.colcon_core.shell[0m [1;30mINFO[0m Creating environment descriptor '/home/rokey-jw/rokeypj_ws/install/turtlebot3_manipulation_description/share/turtlebot3_manipulation_description/hook/cmake_prefix_path.dsv'
[1.698s] [34mcolcon.colcon_core.shell[0m [1;30mINFO[0m Creating environment hook '/home/rokey-jw/rokeypj_ws/install/turtlebot3_manipulation_description/share/turtlebot3_manipulation_description/hook/cmake_prefix_path.sh'
[1.701s] [34mcolcon.colcon_core.environment[0m [1;30mLevel 1[0m checking '/home/rokey-jw/rokeypj_ws/install/turtlebot3_manipulation_description/bin'
[1.702s] [34mcolcon.colcon_core.environment[0m [1;30mLevel 1[0m checking '/home/rokey-jw/rokeypj_ws/install/turtlebot3_manipulation_description/lib/pkgconfig/turtlebot3_manipulation_description.pc'
[1.703s] [34mcolcon.colcon_core.environment[0m [1;30mLevel 1[0m checking '/home/rokey-jw/rokeypj_ws/install/turtlebot3_manipulation_description/lib/python3.10/site-packages'
[1.703s] [34mcolcon.colcon_core.environment[0m [1;30mLevel 1[0m checking '/home/rokey-jw/rokeypj_ws/install/turtlebot3_manipulation_description/bin'
[1.705s] [34mcolcon.colcon_core.shell[0m [1;30mINFO[0m Creating package script '/home/rokey-jw/rokeypj_ws/install/turtlebot3_manipulation_description/share/turtlebot3_manipulation_description/package.ps1'
[1.707s] [34mcolcon.colcon_core.shell[0m [1;30mINFO[0m Creating package descriptor '/home/rokey-jw/rokeypj_ws/install/turtlebot3_manipulation_description/share/turtlebot3_manipulation_description/package.dsv'
[1.709s] [34mcolcon.colcon_core.shell[0m [1;30mINFO[0m Creating package script '/home/rokey-jw/rokeypj_ws/install/turtlebot3_manipulation_description/share/turtlebot3_manipulation_description/package.sh'
[1.712s] [34mcolcon.colcon_core.shell[0m [1;30mINFO[0m Creating package script '/home/rokey-jw/rokeypj_ws/install/turtlebot3_manipulation_description/share/turtlebot3_manipulation_description/package.bash'
[1.714s] [34mcolcon.colcon_core.shell[0m [1;30mINFO[0m Creating package script '/home/rokey-jw/rokeypj_ws/install/turtlebot3_manipulation_description/share/turtlebot3_manipulation_description/package.zsh'
[1.717s] [34mcolcon.colcon_core.environment[0m [1;30mLevel 1[0m create_file_with_runtime_dependencies(/home/rokey-jw/rokeypj_ws/install/turtlebot3_manipulation_description/share/colcon-core/packages/turtlebot3_manipulation_description)
[1.719s] [34mcolcon.colcon_core.environment[0m [1;30mLevel 1[0m create_environment_scripts_only(turtlebot3_manipulation_description)
[1.720s] [34mcolcon.colcon_core.environment[0m [1;30mLevel 1[0m checking '/home/rokey-jw/rokeypj_ws/install/turtlebot3_manipulation_description' for CMake module files
[1.722s] [34mcolcon.colcon_core.environment[0m [1;30mLevel 1[0m checking '/home/rokey-jw/rokeypj_ws/install/turtlebot3_manipulation_description' for CMake config files
[1.723s] [34mcolcon.colcon_core.shell[0m [1;30mLevel 1[0m create_environment_hook('turtlebot3_manipulation_description', 'cmake_prefix_path')
[1.724s] [34mcolcon.colcon_core.shell[0m [1;30mINFO[0m Creating environment hook '/home/rokey-jw/rokeypj_ws/install/turtlebot3_manipulation_description/share/turtlebot3_manipulation_description/hook/cmake_prefix_path.ps1'
[1.726s] [34mcolcon.colcon_core.shell[0m [1;30mINFO[0m Creating environment descriptor '/home/rokey-jw/rokeypj_ws/install/turtlebot3_manipulation_description/share/turtlebot3_manipulation_description/hook/cmake_prefix_path.dsv'
[1.727s] [34mcolcon.colcon_core.shell[0m [1;30mINFO[0m Creating environment hook '/home/rokey-jw/rokeypj_ws/install/turtlebot3_manipulation_description/share/turtlebot3_manipulation_description/hook/cmake_prefix_path.sh'
[1.729s] [34mcolcon.colcon_core.environment[0m [1;30mLevel 1[0m checking '/home/rokey-jw/rokeypj_ws/install/turtlebot3_manipulation_description/bin'
[1.729s] [34mcolcon.colcon_core.environment[0m [1;30mLevel 1[0m checking '/home/rokey-jw/rokeypj_ws/install/turtlebot3_manipulation_description/lib/pkgconfig/turtlebot3_manipulation_description.pc'
[1.730s] [34mcolcon.colcon_core.environment[0m [1;30mLevel 1[0m checking '/home/rokey-jw/rokeypj_ws/install/turtlebot3_manipulation_description/lib/python3.10/site-packages'
[1.731s] [34mcolcon.colcon_core.environment[0m [1;30mLevel 1[0m checking '/home/rokey-jw/rokeypj_ws/install/turtlebot3_manipulation_description/bin'
[1.732s] [34mcolcon.colcon_core.shell[0m [1;30mINFO[0m Creating package script '/home/rokey-jw/rokeypj_ws/install/turtlebot3_manipulation_description/share/turtlebot3_manipulation_description/package.ps1'
[1.734s] [34mcolcon.colcon_core.shell[0m [1;30mINFO[0m Creating package descriptor '/home/rokey-jw/rokeypj_ws/install/turtlebot3_manipulation_description/share/turtlebot3_manipulation_description/package.dsv'
[1.736s] [34mcolcon.colcon_core.shell[0m [1;30mINFO[0m Creating package script '/home/rokey-jw/rokeypj_ws/install/turtlebot3_manipulation_description/share/turtlebot3_manipulation_description/package.sh'
[1.737s] [34mcolcon.colcon_core.shell[0m [1;30mINFO[0m Creating package script '/home/rokey-jw/rokeypj_ws/install/turtlebot3_manipulation_description/share/turtlebot3_manipulation_description/package.bash'
[1.738s] [34mcolcon.colcon_core.shell[0m [1;30mINFO[0m Creating package script '/home/rokey-jw/rokeypj_ws/install/turtlebot3_manipulation_description/share/turtlebot3_manipulation_description/package.zsh'
[1.740s] [34mcolcon.colcon_core.environment[0m [1;30mLevel 1[0m create_file_with_runtime_dependencies(/home/rokey-jw/rokeypj_ws/install/turtlebot3_manipulation_description/share/colcon-core/packages/turtlebot3_manipulation_description)
[1.741s] [34mcolcon.colcon_ros.task.ament_cmake.build[0m [1;30mINFO[0m Building ROS package in '/home/rokey-jw/rokeypj_ws/src/turtlebot3_manipulation/turtlebot3_manipulation_bringup' with build type 'ament_cmake'
[1.742s] [34mcolcon.colcon_cmake.task.cmake.build[0m [1;30mINFO[0m Building CMake package in '/home/rokey-jw/rokeypj_ws/src/turtlebot3_manipulation/turtlebot3_manipulation_bringup'
[1.742s] [34mcolcon.colcon_core.shell[0m [1;30mINFO[0m Skip shell extension 'powershell' for command environment: Not usable outside of PowerShell
[1.743s] [34mcolcon.colcon_core.shell[0m [1;30mDEBUG[0m [32mSkip shell extension 'dsv' for command environment[0m
[1.771s] [34mcolcon.colcon_core.event_handler.log_command[0m [1;30mDEBUG[0m [32mInvoking command in '/home/rokey-jw/rokeypj_ws/build/turtlebot3_manipulation_bringup': AMENT_PREFIX_PATH=/home/rokey-jw/rokeypj_ws/install/turtlebot3_manipulation_description:${AMENT_PREFIX_PATH} CMAKE_PREFIX_PATH=/home/rokey-jw/rokeypj_ws/install/turtlebot3_manipulation_description:/home/rokey-jw/turtlebot3_ws/install/turtlebot3:/home/rokey-jw/turtlebot3_ws/install/turtlebot3_bringup:/home/rokey-jw/turtlebot3_ws/install/turtlebot3_node:/home/rokey-jw/turtlebot3_ws/install/turtlebot3_description:/home/rokey-jw/turtlebot3_ws/install/ld08_driver:/home/rokey-jw/turtlebot3_ws/install/turtlebot3_teleop:/home/rokey-jw/turtlebot3_ws/install/turtlebot3_example:/opt/ros/humble /usr/bin/cmake /home/rokey-jw/rokeypj_ws/src/turtlebot3_manipulation/turtlebot3_manipulation_bringup -DAMENT_CMAKE_SYMLINK_INSTALL=1 -DCMAKE_INSTALL_PREFIX=/home/rokey-jw/rokeypj_ws/install/turtlebot3_manipulation_bringup[0m
[3.140s] [34mcolcon.colcon_core.event_handler.log_command[0m [1;30mDEBUG[0m [32mInvoked command in '/home/rokey-jw/rokeypj_ws/build/turtlebot3_manipulation_bringup' returned '0': AMENT_PREFIX_PATH=/home/rokey-jw/rokeypj_ws/install/turtlebot3_manipulation_description:${AMENT_PREFIX_PATH} CMAKE_PREFIX_PATH=/home/rokey-jw/rokeypj_ws/install/turtlebot3_manipulation_description:/home/rokey-jw/turtlebot3_ws/install/turtlebot3:/home/rokey-jw/turtlebot3_ws/install/turtlebot3_bringup:/home/rokey-jw/turtlebot3_ws/install/turtlebot3_node:/home/rokey-jw/turtlebot3_ws/install/turtlebot3_description:/home/rokey-jw/turtlebot3_ws/install/ld08_driver:/home/rokey-jw/turtlebot3_ws/install/turtlebot3_teleop:/home/rokey-jw/turtlebot3_ws/install/turtlebot3_example:/opt/ros/humble /usr/bin/cmake /home/rokey-jw/rokeypj_ws/src/turtlebot3_manipulation/turtlebot3_manipulation_bringup -DAMENT_CMAKE_SYMLINK_INSTALL=1 -DCMAKE_INSTALL_PREFIX=/home/rokey-jw/rokeypj_ws/install/turtlebot3_manipulation_bringup[0m
[3.145s] [34mcolcon.colcon_core.event_handler.log_command[0m [1;30mDEBUG[0m [32mInvoking command in '/home/rokey-jw/rokeypj_ws/build/turtlebot3_manipulation_bringup': AMENT_PREFIX_PATH=/home/rokey-jw/rokeypj_ws/install/turtlebot3_manipulation_description:${AMENT_PREFIX_PATH} CMAKE_PREFIX_PATH=/home/rokey-jw/rokeypj_ws/install/turtlebot3_manipulation_description:/home/rokey-jw/turtlebot3_ws/install/turtlebot3:/home/rokey-jw/turtlebot3_ws/install/turtlebot3_bringup:/home/rokey-jw/turtlebot3_ws/install/turtlebot3_node:/home/rokey-jw/turtlebot3_ws/install/turtlebot3_description:/home/rokey-jw/turtlebot3_ws/install/ld08_driver:/home/rokey-jw/turtlebot3_ws/install/turtlebot3_teleop:/home/rokey-jw/turtlebot3_ws/install/turtlebot3_example:/opt/ros/humble /usr/bin/cmake --build /home/rokey-jw/rokeypj_ws/build/turtlebot3_manipulation_bringup -- -j6 -l6[0m
[3.222s] [34mcolcon.colcon_core.event_handler.log_command[0m [1;30mDEBUG[0m [32mInvoked command in '/home/rokey-jw/rokeypj_ws/build/turtlebot3_manipulation_bringup' returned '0': AMENT_PREFIX_PATH=/home/rokey-jw/rokeypj_ws/install/turtlebot3_manipulation_description:${AMENT_PREFIX_PATH} CMAKE_PREFIX_PATH=/home/rokey-jw/rokeypj_ws/install/turtlebot3_manipulation_description:/home/rokey-jw/turtlebot3_ws/install/turtlebot3:/home/rokey-jw/turtlebot3_ws/install/turtlebot3_bringup:/home/rokey-jw/turtlebot3_ws/install/turtlebot3_node:/home/rokey-jw/turtlebot3_ws/install/turtlebot3_description:/home/rokey-jw/turtlebot3_ws/install/ld08_driver:/home/rokey-jw/turtlebot3_ws/install/turtlebot3_teleop:/home/rokey-jw/turtlebot3_ws/install/turtlebot3_example:/opt/ros/humble /usr/bin/cmake --build /home/rokey-jw/rokeypj_ws/build/turtlebot3_manipulation_bringup -- -j6 -l6[0m
[3.227s] [34mcolcon.colcon_core.event_handler.log_command[0m [1;30mDEBUG[0m [32mInvoking command in '/home/rokey-jw/rokeypj_ws/build/turtlebot3_manipulation_bringup': AMENT_PREFIX_PATH=/home/rokey-jw/rokeypj_ws/install/turtlebot3_manipulation_description:${AMENT_PREFIX_PATH} CMAKE_PREFIX_PATH=/home/rokey-jw/rokeypj_ws/install/turtlebot3_manipulation_description:/home/rokey-jw/turtlebot3_ws/install/turtlebot3:/home/rokey-jw/turtlebot3_ws/install/turtlebot3_bringup:/home/rokey-jw/turtlebot3_ws/install/turtlebot3_node:/home/rokey-jw/turtlebot3_ws/install/turtlebot3_description:/home/rokey-jw/turtlebot3_ws/install/ld08_driver:/home/rokey-jw/turtlebot3_ws/install/turtlebot3_teleop:/home/rokey-jw/turtlebot3_ws/install/turtlebot3_example:/opt/ros/humble /usr/bin/cmake --install /home/rokey-jw/rokeypj_ws/build/turtlebot3_manipulation_bringup[0m
[3.800s] [34mcolcon.colcon_core.environment[0m [1;30mLevel 1[0m create_environment_scripts_only(turtlebot3_manipulation_bringup)
[3.802s] [34mcolcon.colcon_core.environment[0m [1;30mLevel 1[0m checking '/home/rokey-jw/rokeypj_ws/install/turtlebot3_manipulation_bringup' for CMake module files
[3.803s] [34mcolcon.colcon_core.event_handler.log_command[0m [1;30mDEBUG[0m [32mInvoked command in '/home/rokey-jw/rokeypj_ws/build/turtlebot3_manipulation_bringup' returned '0': AMENT_PREFIX_PATH=/home/rokey-jw/rokeypj_ws/install/turtlebot3_manipulation_description:${AMENT_PREFIX_PATH} CMAKE_PREFIX_PATH=/home/rokey-jw/rokeypj_ws/install/turtlebot3_manipulation_description:/home/rokey-jw/turtlebot3_ws/install/turtlebot3:/home/rokey-jw/turtlebot3_ws/install/turtlebot3_bringup:/home/rokey-jw/turtlebot3_ws/install/turtlebot3_node:/home/rokey-jw/turtlebot3_ws/install/turtlebot3_description:/home/rokey-jw/turtlebot3_ws/install/ld08_driver:/home/rokey-jw/turtlebot3_ws/install/turtlebot3_teleop:/home/rokey-jw/turtlebot3_ws/install/turtlebot3_example:/opt/ros/humble /usr/bin/cmake --install /home/rokey-jw/rokeypj_ws/build/turtlebot3_manipulation_bringup[0m
[3.805s] [34mcolcon.colcon_core.environment[0m [1;30mLevel 1[0m checking '/home/rokey-jw/rokeypj_ws/install/turtlebot3_manipulation_bringup' for CMake config files
[3.806s] [34mcolcon.colcon_core.shell[0m [1;30mLevel 1[0m create_environment_hook('turtlebot3_manipulation_bringup', 'cmake_prefix_path')
[3.807s] [34mcolcon.colcon_core.shell[0m [1;30mINFO[0m Creating environment hook '/home/rokey-jw/rokeypj_ws/install/turtlebot3_manipulation_bringup/share/turtlebot3_manipulation_bringup/hook/cmake_prefix_path.ps1'
[3.809s] [34mcolcon.colcon_core.shell[0m [1;30mINFO[0m Creating environment descriptor '/home/rokey-jw/rokeypj_ws/install/turtlebot3_manipulation_bringup/share/turtlebot3_manipulation_bringup/hook/cmake_prefix_path.dsv'
[3.810s] [34mcolcon.colcon_core.shell[0m [1;30mINFO[0m Creating environment hook '/home/rokey-jw/rokeypj_ws/install/turtlebot3_manipulation_bringup/share/turtlebot3_manipulation_bringup/hook/cmake_prefix_path.sh'
[3.812s] [34mcolcon.colcon_core.environment[0m [1;30mLevel 1[0m checking '/home/rokey-jw/rokeypj_ws/install/turtlebot3_manipulation_bringup/bin'
[3.812s] [34mcolcon.colcon_core.environment[0m [1;30mLevel 1[0m checking '/home/rokey-jw/rokeypj_ws/install/turtlebot3_manipulation_bringup/lib/pkgconfig/turtlebot3_manipulation_bringup.pc'
[3.813s] [34mcolcon.colcon_core.environment[0m [1;30mLevel 1[0m checking '/home/rokey-jw/rokeypj_ws/install/turtlebot3_manipulation_bringup/lib/python3.10/site-packages'
[3.814s] [34mcolcon.colcon_core.environment[0m [1;30mLevel 1[0m checking '/home/rokey-jw/rokeypj_ws/install/turtlebot3_manipulation_bringup/bin'
[3.815s] [34mcolcon.colcon_core.shell[0m [1;30mINFO[0m Creating package script '/home/rokey-jw/rokeypj_ws/install/turtlebot3_manipulation_bringup/share/turtlebot3_manipulation_bringup/package.ps1'
[3.817s] [34mcolcon.colcon_core.shell[0m [1;30mINFO[0m Creating package descriptor '/home/rokey-jw/rokeypj_ws/install/turtlebot3_manipulation_bringup/share/turtlebot3_manipulation_bringup/package.dsv'
[3.818s] [34mcolcon.colcon_core.shell[0m [1;30mINFO[0m Creating package script '/home/rokey-jw/rokeypj_ws/install/turtlebot3_manipulation_bringup/share/turtlebot3_manipulation_bringup/package.sh'
[3.820s] [34mcolcon.colcon_core.shell[0m [1;30mINFO[0m Creating package script '/home/rokey-jw/rokeypj_ws/install/turtlebot3_manipulation_bringup/share/turtlebot3_manipulation_bringup/package.bash'
[3.821s] [34mcolcon.colcon_core.shell[0m [1;30mINFO[0m Creating package script '/home/rokey-jw/rokeypj_ws/install/turtlebot3_manipulation_bringup/share/turtlebot3_manipulation_bringup/package.zsh'
[3.822s] [34mcolcon.colcon_core.environment[0m [1;30mLevel 1[0m create_file_with_runtime_dependencies(/home/rokey-jw/rokeypj_ws/install/turtlebot3_manipulation_bringup/share/colcon-core/packages/turtlebot3_manipulation_bringup)
[3.824s] [34mcolcon.colcon_core.environment[0m [1;30mLevel 1[0m create_environment_scripts_only(turtlebot3_manipulation_bringup)
[3.825s] [34mcolcon.colcon_core.environment[0m [1;30mLevel 1[0m checking '/home/rokey-jw/rokeypj_ws/install/turtlebot3_manipulation_bringup' for CMake module files
[3.827s] [34mcolcon.colcon_core.environment[0m [1;30mLevel 1[0m checking '/home/rokey-jw/rokeypj_ws/install/turtlebot3_manipulation_bringup' for CMake config files
[3.828s] [34mcolcon.colcon_core.shell[0m [1;30mLevel 1[0m create_environment_hook('turtlebot3_manipulation_bringup', 'cmake_prefix_path')
[3.829s] [34mcolcon.colcon_core.shell[0m [1;30mINFO[0m Creating environment hook '/home/rokey-jw/rokeypj_ws/install/turtlebot3_manipulation_bringup/share/turtlebot3_manipulation_bringup/hook/cmake_prefix_path.ps1'
[3.831s] [34mcolcon.colcon_core.shell[0m [1;30mINFO[0m Creating environment descriptor '/home/rokey-jw/rokeypj_ws/install/turtlebot3_manipulation_bringup/share/turtlebot3_manipulation_bringup/hook/cmake_prefix_path.dsv'
[3.832s] [34mcolcon.colcon_core.shell[0m [1;30mINFO[0m Creating environment hook '/home/rokey-jw/rokeypj_ws/install/turtlebot3_manipulation_bringup/share/turtlebot3_manipulation_bringup/hook/cmake_prefix_path.sh'
[3.834s] [34mcolcon.colcon_core.environment[0m [1;30mLevel 1[0m checking '/home/rokey-jw/rokeypj_ws/install/turtlebot3_manipulation_bringup/bin'
[3.834s] [34mcolcon.colcon_core.environment[0m [1;30mLevel 1[0m checking '/home/rokey-jw/rokeypj_ws/install/turtlebot3_manipulation_bringup/lib/pkgconfig/turtlebot3_manipulation_bringup.pc'
[3.835s] [34mcolcon.colcon_core.environment[0m [1;30mLevel 1[0m checking '/home/rokey-jw/rokeypj_ws/install/turtlebot3_manipulation_bringup/lib/python3.10/site-packages'
[3.836s] [34mcolcon.colcon_core.environment[0m [1;30mLevel 1[0m checking '/home/rokey-jw/rokeypj_ws/install/turtlebot3_manipulation_bringup/bin'
[3.837s] [34mcolcon.colcon_core.shell[0m [1;30mINFO[0m Creating package script '/home/rokey-jw/rokeypj_ws/install/turtlebot3_manipulation_bringup/share/turtlebot3_manipulation_bringup/package.ps1'
[3.839s] [34mcolcon.colcon_core.shell[0m [1;30mINFO[0m Creating package descriptor '/home/rokey-jw/rokeypj_ws/install/turtlebot3_manipulation_bringup/share/turtlebot3_manipulation_bringup/package.dsv'
[3.840s] [34mcolcon.colcon_core.shell[0m [1;30mINFO[0m Creating package script '/home/rokey-jw/rokeypj_ws/install/turtlebot3_manipulation_bringup/share/turtlebot3_manipulation_bringup/package.sh'
[3.842s] [34mcolcon.colcon_core.shell[0m [1;30mINFO[0m Creating package script '/home/rokey-jw/rokeypj_ws/install/turtlebot3_manipulation_bringup/share/turtlebot3_manipulation_bringup/package.bash'
[3.844s] [34mcolcon.colcon_core.shell[0m [1;30mINFO[0m Creating package script '/home/rokey-jw/rokeypj_ws/install/turtlebot3_manipulation_bringup/share/turtlebot3_manipulation_bringup/package.zsh'
[3.845s] [34mcolcon.colcon_core.environment[0m [1;30mLevel 1[0m create_file_with_runtime_dependencies(/home/rokey-jw/rokeypj_ws/install/turtlebot3_manipulation_bringup/share/colcon-core/packages/turtlebot3_manipulation_bringup)
[3.846s] [34mcolcon.colcon_ros.task.ament_cmake.build[0m [1;30mINFO[0m Building ROS package in '/home/rokey-jw/rokeypj_ws/src/turtlebot3_manipulation/turtlebot3_manipulation_moveit_config' with build type 'ament_cmake'
[3.847s] [34mcolcon.colcon_cmake.task.cmake.build[0m [1;30mINFO[0m Building CMake package in '/home/rokey-jw/rokeypj_ws/src/turtlebot3_manipulation/turtlebot3_manipulation_moveit_config'
[3.848s] [34mcolcon.colcon_core.shell[0m [1;30mINFO[0m Skip shell extension 'powershell' for command environment: Not usable outside of PowerShell
[3.848s] [34mcolcon.colcon_core.shell[0m [1;30mDEBUG[0m [32mSkip shell extension 'dsv' for command environment[0m
[3.875s] [34mcolcon.colcon_core.event_handler.log_command[0m [1;30mDEBUG[0m [32mInvoking command in '/home/rokey-jw/rokeypj_ws/build/turtlebot3_manipulation_moveit_config': AMENT_PREFIX_PATH=/home/rokey-jw/rokeypj_ws/install/turtlebot3_manipulation_description:${AMENT_PREFIX_PATH} CMAKE_PREFIX_PATH=/home/rokey-jw/rokeypj_ws/install/turtlebot3_manipulation_description:/home/rokey-jw/turtlebot3_ws/install/turtlebot3:/home/rokey-jw/turtlebot3_ws/install/turtlebot3_bringup:/home/rokey-jw/turtlebot3_ws/install/turtlebot3_node:/home/rokey-jw/turtlebot3_ws/install/turtlebot3_description:/home/rokey-jw/turtlebot3_ws/install/ld08_driver:/home/rokey-jw/turtlebot3_ws/install/turtlebot3_teleop:/home/rokey-jw/turtlebot3_ws/install/turtlebot3_example:/opt/ros/humble /usr/bin/cmake /home/rokey-jw/rokeypj_ws/src/turtlebot3_manipulation/turtlebot3_manipulation_moveit_config -DAMENT_CMAKE_SYMLINK_INSTALL=1 -DCMAKE_INSTALL_PREFIX=/home/rokey-jw/rokeypj_ws/install/turtlebot3_manipulation_moveit_config[0m
[5.264s] [34mcolcon.colcon_core.event_handler.log_command[0m [1;30mDEBUG[0m [32mInvoked command in '/home/rokey-jw/rokeypj_ws/build/turtlebot3_manipulation_moveit_config' returned '0': AMENT_PREFIX_PATH=/home/rokey-jw/rokeypj_ws/install/turtlebot3_manipulation_description:${AMENT_PREFIX_PATH} CMAKE_PREFIX_PATH=/home/rokey-jw/rokeypj_ws/install/turtlebot3_manipulation_description:/home/rokey-jw/turtlebot3_ws/install/turtlebot3:/home/rokey-jw/turtlebot3_ws/install/turtlebot3_bringup:/home/rokey-jw/turtlebot3_ws/install/turtlebot3_node:/home/rokey-jw/turtlebot3_ws/install/turtlebot3_description:/home/rokey-jw/turtlebot3_ws/install/ld08_driver:/home/rokey-jw/turtlebot3_ws/install/turtlebot3_teleop:/home/rokey-jw/turtlebot3_ws/install/turtlebot3_example:/opt/ros/humble /usr/bin/cmake /home/rokey-jw/rokeypj_ws/src/turtlebot3_manipulation/turtlebot3_manipulation_moveit_config -DAMENT_CMAKE_SYMLINK_INSTALL=1 -DCMAKE_INSTALL_PREFIX=/home/rokey-jw/rokeypj_ws/install/turtlebot3_manipulation_moveit_config[0m
[5.269s] [34mcolcon.colcon_core.event_handler.log_command[0m [1;30mDEBUG[0m [32mInvoking command in '/home/rokey-jw/rokeypj_ws/build/turtlebot3_manipulation_moveit_config': AMENT_PREFIX_PATH=/home/rokey-jw/rokeypj_ws/install/turtlebot3_manipulation_description:${AMENT_PREFIX_PATH} CMAKE_PREFIX_PATH=/home/rokey-jw/rokeypj_ws/install/turtlebot3_manipulation_description:/home/rokey-jw/turtlebot3_ws/install/turtlebot3:/home/rokey-jw/turtlebot3_ws/install/turtlebot3_bringup:/home/rokey-jw/turtlebot3_ws/install/turtlebot3_node:/home/rokey-jw/turtlebot3_ws/install/turtlebot3_description:/home/rokey-jw/turtlebot3_ws/install/ld08_driver:/home/rokey-jw/turtlebot3_ws/install/turtlebot3_teleop:/home/rokey-jw/turtlebot3_ws/install/turtlebot3_example:/opt/ros/humble /usr/bin/cmake --build /home/rokey-jw/rokeypj_ws/build/turtlebot3_manipulation_moveit_config -- -j6 -l6[0m
[5.347s] [34mcolcon.colcon_core.event_handler.log_command[0m [1;30mDEBUG[0m [32mInvoked command in '/home/rokey-jw/rokeypj_ws/build/turtlebot3_manipulation_moveit_config' returned '0': AMENT_PREFIX_PATH=/home/rokey-jw/rokeypj_ws/install/turtlebot3_manipulation_description:${AMENT_PREFIX_PATH} CMAKE_PREFIX_PATH=/home/rokey-jw/rokeypj_ws/install/turtlebot3_manipulation_description:/home/rokey-jw/turtlebot3_ws/install/turtlebot3:/home/rokey-jw/turtlebot3_ws/install/turtlebot3_bringup:/home/rokey-jw/turtlebot3_ws/install/turtlebot3_node:/home/rokey-jw/turtlebot3_ws/install/turtlebot3_description:/home/rokey-jw/turtlebot3_ws/install/ld08_driver:/home/rokey-jw/turtlebot3_ws/install/turtlebot3_teleop:/home/rokey-jw/turtlebot3_ws/install/turtlebot3_example:/opt/ros/humble /usr/bin/cmake --build /home/rokey-jw/rokeypj_ws/build/turtlebot3_manipulation_moveit_config -- -j6 -l6[0m
[5.352s] [34mcolcon.colcon_core.event_handler.log_command[0m [1;30mDEBUG[0m [32mInvoking command in '/home/rokey-jw/rokeypj_ws/build/turtlebot3_manipulation_moveit_config': AMENT_PREFIX_PATH=/home/rokey-jw/rokeypj_ws/install/turtlebot3_manipulation_description:${AMENT_PREFIX_PATH} CMAKE_PREFIX_PATH=/home/rokey-jw/rokeypj_ws/install/turtlebot3_manipulation_description:/home/rokey-jw/turtlebot3_ws/install/turtlebot3:/home/rokey-jw/turtlebot3_ws/install/turtlebot3_bringup:/home/rokey-jw/turtlebot3_ws/install/turtlebot3_node:/home/rokey-jw/turtlebot3_ws/install/turtlebot3_description:/home/rokey-jw/turtlebot3_ws/install/ld08_driver:/home/rokey-jw/turtlebot3_ws/install/turtlebot3_teleop:/home/rokey-jw/turtlebot3_ws/install/turtlebot3_example:/opt/ros/humble /usr/bin/cmake --install /home/rokey-jw/rokeypj_ws/build/turtlebot3_manipulation_moveit_config[0m
[6.053s] [34mcolcon.colcon_core.environment[0m [1;30mLevel 1[0m create_environment_scripts_only(turtlebot3_manipulation_moveit_config)
[6.054s] [34mcolcon.colcon_core.environment[0m [1;30mLevel 1[0m checking '/home/rokey-jw/rokeypj_ws/install/turtlebot3_manipulation_moveit_config' for CMake module files
[6.056s] [34mcolcon.colcon_core.event_handler.log_command[0m [1;30mDEBUG[0m [32mInvoked command in '/home/rokey-jw/rokeypj_ws/build/turtlebot3_manipulation_moveit_config' returned '0': AMENT_PREFIX_PATH=/home/rokey-jw/rokeypj_ws/install/turtlebot3_manipulation_description:${AMENT_PREFIX_PATH} CMAKE_PREFIX_PATH=/home/rokey-jw/rokeypj_ws/install/turtlebot3_manipulation_description:/home/rokey-jw/turtlebot3_ws/install/turtlebot3:/home/rokey-jw/turtlebot3_ws/install/turtlebot3_bringup:/home/rokey-jw/turtlebot3_ws/install/turtlebot3_node:/home/rokey-jw/turtlebot3_ws/install/turtlebot3_description:/home/rokey-jw/turtlebot3_ws/install/ld08_driver:/home/rokey-jw/turtlebot3_ws/install/turtlebot3_teleop:/home/rokey-jw/turtlebot3_ws/install/turtlebot3_example:/opt/ros/humble /usr/bin/cmake --install /home/rokey-jw/rokeypj_ws/build/turtlebot3_manipulation_moveit_config[0m
[6.057s] [34mcolcon.colcon_core.environment[0m [1;30mLevel 1[0m checking '/home/rokey-jw/rokeypj_ws/install/turtlebot3_manipulation_moveit_config' for CMake config files
[6.059s] [34mcolcon.colcon_core.shell[0m [1;30mLevel 1[0m create_environment_hook('turtlebot3_manipulation_moveit_config', 'cmake_prefix_path')
[6.060s] [34mcolcon.colcon_core.shell[0m [1;30mINFO[0m Creating environment hook '/home/rokey-jw/rokeypj_ws/install/turtlebot3_manipulation_moveit_config/share/turtlebot3_manipulation_moveit_config/hook/cmake_prefix_path.ps1'
[6.061s] [34mcolcon.colcon_core.shell[0m [1;30mINFO[0m Creating environment descriptor '/home/rokey-jw/rokeypj_ws/install/turtlebot3_manipulation_moveit_config/share/turtlebot3_manipulation_moveit_config/hook/cmake_prefix_path.dsv'
[6.063s] [34mcolcon.colcon_core.shell[0m [1;30mINFO[0m Creating environment hook '/home/rokey-jw/rokeypj_ws/install/turtlebot3_manipulation_moveit_config/share/turtlebot3_manipulation_moveit_config/hook/cmake_prefix_path.sh'
[6.065s] [34mcolcon.colcon_core.environment[0m [1;30mLevel 1[0m checking '/home/rokey-jw/rokeypj_ws/install/turtlebot3_manipulation_moveit_config/bin'
[6.065s] [34mcolcon.colcon_core.environment[0m [1;30mLevel 1[0m checking '/home/rokey-jw/rokeypj_ws/install/turtlebot3_manipulation_moveit_config/lib/pkgconfig/turtlebot3_manipulation_moveit_config.pc'
[6.066s] [34mcolcon.colcon_core.environment[0m [1;30mLevel 1[0m checking '/home/rokey-jw/rokeypj_ws/install/turtlebot3_manipulation_moveit_config/lib/python3.10/site-packages'
[6.067s] [34mcolcon.colcon_core.environment[0m [1;30mLevel 1[0m checking '/home/rokey-jw/rokeypj_ws/install/turtlebot3_manipulation_moveit_config/bin'
[6.068s] [34mcolcon.colcon_core.shell[0m [1;30mINFO[0m Creating package script '/home/rokey-jw/rokeypj_ws/install/turtlebot3_manipulation_moveit_config/share/turtlebot3_manipulation_moveit_config/package.ps1'
[6.069s] [34mcolcon.colcon_core.shell[0m [1;30mINFO[0m Creating package descriptor '/home/rokey-jw/rokeypj_ws/install/turtlebot3_manipulation_moveit_config/share/turtlebot3_manipulation_moveit_config/package.dsv'
[6.071s] [34mcolcon.colcon_core.shell[0m [1;30mINFO[0m Creating package script '/home/rokey-jw/rokeypj_ws/install/turtlebot3_manipulation_moveit_config/share/turtlebot3_manipulation_moveit_config/package.sh'
[6.073s] [34mcolcon.colcon_core.shell[0m [1;30mINFO[0m Creating package script '/home/rokey-jw/rokeypj_ws/install/turtlebot3_manipulation_moveit_config/share/turtlebot3_manipulation_moveit_config/package.bash'
[6.074s] [34mcolcon.colcon_core.shell[0m [1;30mINFO[0m Creating package script '/home/rokey-jw/rokeypj_ws/install/turtlebot3_manipulation_moveit_config/share/turtlebot3_manipulation_moveit_config/package.zsh'
[6.075s] [34mcolcon.colcon_core.environment[0m [1;30mLevel 1[0m create_file_with_runtime_dependencies(/home/rokey-jw/rokeypj_ws/install/turtlebot3_manipulation_moveit_config/share/colcon-core/packages/turtlebot3_manipulation_moveit_config)
[6.077s] [34mcolcon.colcon_core.environment[0m [1;30mLevel 1[0m create_environment_scripts_only(turtlebot3_manipulation_moveit_config)
[6.078s] [34mcolcon.colcon_core.environment[0m [1;30mLevel 1[0m checking '/home/rokey-jw/rokeypj_ws/install/turtlebot3_manipulation_moveit_config' for CMake module files
[6.080s] [34mcolcon.colcon_core.environment[0m [1;30mLevel 1[0m checking '/home/rokey-jw/rokeypj_ws/install/turtlebot3_manipulation_moveit_config' for CMake config files
[6.081s] [34mcolcon.colcon_core.shell[0m [1;30mLevel 1[0m create_environment_hook('turtlebot3_manipulation_moveit_config', 'cmake_prefix_path')
[6.082s] [34mcolcon.colcon_core.shell[0m [1;30mINFO[0m Creating environment hook '/home/rokey-jw/rokeypj_ws/install/turtlebot3_manipulation_moveit_config/share/turtlebot3_manipulation_moveit_config/hook/cmake_prefix_path.ps1'
[6.083s] [34mcolcon.colcon_core.shell[0m [1;30mINFO[0m Creating environment descriptor '/home/rokey-jw/rokeypj_ws/install/turtlebot3_manipulation_moveit_config/share/turtlebot3_manipulation_moveit_config/hook/cmake_prefix_path.dsv'
[6.085s] [34mcolcon.colcon_core.shell[0m [1;30mINFO[0m Creating environment hook '/home/rokey-jw/rokeypj_ws/install/turtlebot3_manipulation_moveit_config/share/turtlebot3_manipulation_moveit_config/hook/cmake_prefix_path.sh'
[6.087s] [34mcolcon.colcon_core.environment[0m [1;30mLevel 1[0m checking '/home/rokey-jw/rokeypj_ws/install/turtlebot3_manipulation_moveit_config/bin'
[6.087s] [34mcolcon.colcon_core.environment[0m [1;30mLevel 1[0m checking '/home/rokey-jw/rokeypj_ws/install/turtlebot3_manipulation_moveit_config/lib/pkgconfig/turtlebot3_manipulation_moveit_config.pc'
[6.088s] [34mcolcon.colcon_core.environment[0m [1;30mLevel 1[0m checking '/home/rokey-jw/rokeypj_ws/install/turtlebot3_manipulation_moveit_config/lib/python3.10/site-packages'
[6.089s] [34mcolcon.colcon_core.environment[0m [1;30mLevel 1[0m checking '/home/rokey-jw/rokeypj_ws/install/turtlebot3_manipulation_moveit_config/bin'
[6.090s] [34mcolcon.colcon_core.shell[0m [1;30mINFO[0m Creating package script '/home/rokey-jw/rokeypj_ws/install/turtlebot3_manipulation_moveit_config/share/turtlebot3_manipulation_moveit_config/package.ps1'
[6.092s] [34mcolcon.colcon_core.shell[0m [1;30mINFO[0m Creating package descriptor '/home/rokey-jw/rokeypj_ws/install/turtlebot3_manipulation_moveit_config/share/turtlebot3_manipulation_moveit_config/package.dsv'
[6.093s] [34mcolcon.colcon_core.shell[0m [1;30mINFO[0m Creating package script '/home/rokey-jw/rokeypj_ws/install/turtlebot3_manipulation_moveit_config/share/turtlebot3_manipulation_moveit_config/package.sh'
[6.095s] [34mcolcon.colcon_core.shell[0m [1;30mINFO[0m Creating package script '/home/rokey-jw/rokeypj_ws/install/turtlebot3_manipulation_moveit_config/share/turtlebot3_manipulation_moveit_config/package.bash'
[6.096s] [34mcolcon.colcon_core.shell[0m [1;30mINFO[0m Creating package script '/home/rokey-jw/rokeypj_ws/install/turtlebot3_manipulation_moveit_config/share/turtlebot3_manipulation_moveit_config/package.zsh'
[6.098s] [34mcolcon.colcon_core.environment[0m [1;30mLevel 1[0m create_file_with_runtime_dependencies(/home/rokey-jw/rokeypj_ws/install/turtlebot3_manipulation_moveit_config/share/colcon-core/packages/turtlebot3_manipulation_moveit_config)
[6.099s] [34mcolcon.colcon_ros.task.ament_cmake.build[0m [1;30mINFO[0m Building ROS package in '/home/rokey-jw/rokeypj_ws/src/turtlebot3_manipulation/turtlebot3_manipulation_hardware' with build type 'ament_cmake'
[6.100s] [34mcolcon.colcon_cmake.task.cmake.build[0m [1;30mINFO[0m Building CMake package in '/home/rokey-jw/rokeypj_ws/src/turtlebot3_manipulation/turtlebot3_manipulation_hardware'
[6.101s] [34mcolcon.colcon_core.shell[0m [1;30mINFO[0m Skip shell extension 'powershell' for command environment: Not usable outside of PowerShell
[6.101s] [34mcolcon.colcon_core.shell[0m [1;30mDEBUG[0m [32mSkip shell extension 'dsv' for command environment[0m
[6.125s] [34mcolcon.colcon_core.event_handler.log_command[0m [1;30mDEBUG[0m [32mInvoking command in '/home/rokey-jw/rokeypj_ws/build/turtlebot3_manipulation_hardware': CMAKE_PREFIX_PATH=${CMAKE_PREFIX_PATH}:/home/rokey-jw/turtlebot3_ws/install/turtlebot3_teleop:/home/rokey-jw/turtlebot3_ws/install/turtlebot3_example:/opt/ros/humble /usr/bin/cmake /home/rokey-jw/rokeypj_ws/src/turtlebot3_manipulation/turtlebot3_manipulation_hardware -DAMENT_CMAKE_SYMLINK_INSTALL=1 -DCMAKE_INSTALL_PREFIX=/home/rokey-jw/rokeypj_ws/install/turtlebot3_manipulation_hardware[0m
[6.485s] [34mcolcon.colcon_core.event_handler.log_command[0m [1;30mDEBUG[0m [32mInvoked command in '/home/rokey-jw/rokeypj_ws/build/turtlebot3_manipulation_hardware' returned '1': CMAKE_PREFIX_PATH=${CMAKE_PREFIX_PATH}:/home/rokey-jw/turtlebot3_ws/install/turtlebot3_teleop:/home/rokey-jw/turtlebot3_ws/install/turtlebot3_example:/opt/ros/humble /usr/bin/cmake /home/rokey-jw/rokeypj_ws/src/turtlebot3_manipulation/turtlebot3_manipulation_hardware -DAMENT_CMAKE_SYMLINK_INSTALL=1 -DCMAKE_INSTALL_PREFIX=/home/rokey-jw/rokeypj_ws/install/turtlebot3_manipulation_hardware[0m
[6.513s] [34mcolcon.colcon_core.environment[0m [1;30mLevel 1[0m create_environment_scripts_only(turtlebot3_manipulation_hardware)
[6.514s] [34mcolcon.colcon_core.environment[0m [1;30mLevel 1[0m checking '/home/rokey-jw/rokeypj_ws/install/turtlebot3_manipulation_hardware' for CMake module files
[6.516s] [34mcolcon.colcon_core.environment[0m [1;30mLevel 1[0m checking '/home/rokey-jw/rokeypj_ws/install/turtlebot3_manipulation_hardware' for CMake config files
[6.517s] [34mcolcon.colcon_core.environment[0m [1;30mLevel 1[0m checking '/home/rokey-jw/rokeypj_ws/install/turtlebot3_manipulation_hardware/bin'
[6.517s] [34mcolcon.colcon_core.environment[0m [1;30mLevel 1[0m checking '/home/rokey-jw/rokeypj_ws/install/turtlebot3_manipulation_hardware/lib/pkgconfig/turtlebot3_manipulation_hardware.pc'
[6.518s] [34mcolcon.colcon_core.environment[0m [1;30mLevel 1[0m checking '/home/rokey-jw/rokeypj_ws/install/turtlebot3_manipulation_hardware/lib/python3.10/site-packages'
[6.519s] [34mcolcon.colcon_core.environment[0m [1;30mLevel 1[0m checking '/home/rokey-jw/rokeypj_ws/install/turtlebot3_manipulation_hardware/bin'
[6.520s] [34mcolcon.colcon_core.shell[0m [1;30mINFO[0m Creating package script '/home/rokey-jw/rokeypj_ws/install/turtlebot3_manipulation_hardware/share/turtlebot3_manipulation_hardware/package.ps1'
[6.522s] [34mcolcon.colcon_core.shell[0m [1;30mINFO[0m Creating package descriptor '/home/rokey-jw/rokeypj_ws/install/turtlebot3_manipulation_hardware/share/turtlebot3_manipulation_hardware/package.dsv'
[6.523s] [34mcolcon.colcon_core.shell[0m [1;30mINFO[0m Creating package script '/home/rokey-jw/rokeypj_ws/install/turtlebot3_manipulation_hardware/share/turtlebot3_manipulation_hardware/package.sh'
[6.524s] [34mcolcon.colcon_core.shell[0m [1;30mINFO[0m Creating package script '/home/rokey-jw/rokeypj_ws/install/turtlebot3_manipulation_hardware/share/turtlebot3_manipulation_hardware/package.bash'
[6.525s] [34mcolcon.colcon_core.shell[0m [1;30mINFO[0m Creating package script '/home/rokey-jw/rokeypj_ws/install/turtlebot3_manipulation_hardware/share/turtlebot3_manipulation_hardware/package.zsh'
[6.527s] [34mcolcon.colcon_core.environment[0m [1;30mLevel 1[0m create_file_with_runtime_dependencies(/home/rokey-jw/rokeypj_ws/install/turtlebot3_manipulation_hardware/share/colcon-core/packages/turtlebot3_manipulation_hardware)
[6.538s] [34mcolcon.colcon_parallel_executor.executor.parallel[0m [1;30mDEBUG[0m [32mclosing loop[0m
[6.539s] [34mcolcon.colcon_parallel_executor.executor.parallel[0m [1;30mDEBUG[0m [32mloop closed[0m
[6.539s] [34mcolcon.colcon_parallel_executor.executor.parallel[0m [1;30mDEBUG[0m [32mrun_until_complete finished with '1'[0m
[6.539s] [34mcolcon.colcon_core.event_reactor[0m [1;30mDEBUG[0m [32mjoining thread[0m
[6.558s] [34mcolcon.colcon_core.plugin_system[0m [1;30mINFO[0m Skipping extension 'colcon_notification.desktop_notification.terminal_notifier': Not used on non-Darwin systems
[6.558s] [34mcolcon.colcon_core.plugin_system[0m [1;30mINFO[0m Skipping extension 'colcon_notification.desktop_notification.win32': Not used on non-Windows systems
[6.558s] [34mcolcon.colcon_notification.desktop_notification[0m [1;30mINFO[0m Sending desktop notification using 'notify2'
[6.606s] [34mcolcon.colcon_core.event_reactor[0m [1;30mDEBUG[0m [32mjoined thread[0m
[6.607s] [34mcolcon.colcon_core.shell[0m [1;30mINFO[0m Creating prefix script '/home/rokey-jw/rokeypj_ws/install/local_setup.ps1'
[6.611s] [34mcolcon.colcon_core.shell[0m [1;30mINFO[0m Creating prefix util module '/home/rokey-jw/rokeypj_ws/install/_local_setup_util_ps1.py'
[6.617s] [34mcolcon.colcon_core.shell[0m [1;30mINFO[0m Creating prefix chain script '/home/rokey-jw/rokeypj_ws/install/setup.ps1'
[6.622s] [34mcolcon.colcon_core.shell[0m [1;30mINFO[0m Creating prefix script '/home/rokey-jw/rokeypj_ws/install/local_setup.sh'
[6.624s] [34mcolcon.colcon_core.shell[0m [1;30mINFO[0m Creating prefix util module '/home/rokey-jw/rokeypj_ws/install/_local_setup_util_sh.py'
[6.626s] [34mcolcon.colcon_core.shell[0m [1;30mINFO[0m Creating prefix chain script '/home/rokey-jw/rokeypj_ws/install/setup.sh'
[6.631s] [34mcolcon.colcon_core.shell[0m [1;30mINFO[0m Creating prefix script '/home/rokey-jw/rokeypj_ws/install/local_setup.bash'
[6.632s] [34mcolcon.colcon_core.shell[0m [1;30mINFO[0m Creating prefix chain script '/home/rokey-jw/rokeypj_ws/install/setup.bash'
[6.637s] [34mcolcon.colcon_core.shell[0m [1;30mINFO[0m Creating prefix script '/home/rokey-jw/rokeypj_ws/install/local_setup.zsh'
[6.638s] [34mcolcon.colcon_core.shell[0m [1;30mINFO[0m Creating prefix chain script '/home/rokey-jw/rokeypj_ws/install/setup.zsh'
