[0.131s] DEBUG:colcon:Command line arguments: ['/usr/bin/colcon', 'list', '-p', '--base-paths', '/home/parkjinseo/turtlebot_workspace/team_e2']
[0.131s] DEBUG:colcon:Parsed command line arguments: Namespace(log_base=None, log_level=None, verb_name='list', build_base='build', ignore_user_meta=False, metas=['./colcon.meta'], base_paths=['/home/parkjinseo/turtlebot_workspace/team_e2'], packages_ignore=None, packages_ignore_regex=None, paths=None, packages_up_to=None, packages_up_to_regex=None, packages_above=None, packages_above_and_dependencies=None, packages_above_depth=None, packages_select_by_dep=None, packages_skip_by_dep=None, packages_skip_up_to=None, packages_select_build_failed=False, packages_skip_build_finished=False, packages_select_test_failures=False, packages_skip_test_passed=False, packages_select=None, packages_skip=None, packages_select_regex=None, packages_skip_regex=None, packages_start=None, packages_end=None, allow_overriding=[], topological_order=False, names_only=False, paths_only=True, topological_graph=False, topological_graph_dot=False, topological_graph_density=False, topological_graph_legend=False, topological_graph_dot_cluster=False, topological_graph_dot_include_skipped=False, verb_parser=<colcon_defaults.argument_parser.defaults.DefaultArgumentsDecorator object at 0x786d520c2b60>, verb_extension=<colcon_package_information.verb.list.ListVerb object at 0x786d520c1b40>, main=<bound method ListVerb.main of <colcon_package_information.verb.list.ListVerb object at 0x786d520c1b40>>)
[0.309s] Level 1:colcon.colcon_core.package_discovery:discover_packages(colcon_meta) check parameters
[0.309s] Level 1:colcon.colcon_core.package_discovery:discover_packages(recursive) check parameters
[0.309s] Level 1:colcon.colcon_core.package_discovery:discover_packages(ignore) check parameters
[0.309s] Level 1:colcon.colcon_core.package_discovery:discover_packages(path) check parameters
[0.310s] Level 1:colcon.colcon_core.package_discovery:discover_packages(recursive) discover
[0.310s] INFO:colcon.colcon_core.package_discovery:Crawling recursively for packages in '/home/parkjinseo/turtlebot_workspace/team_e2'
[0.310s] Level 1:colcon.colcon_core.package_identification:_identify(/home/parkjinseo/turtlebot_workspace/team_e2) by extensions ['ignore', 'ignore_ament_install']
[0.310s] Level 1:colcon.colcon_core.package_identification:_identify(/home/parkjinseo/turtlebot_workspace/team_e2) by extension 'ignore'
[0.310s] Level 1:colcon.colcon_core.package_identification:_identify(/home/parkjinseo/turtlebot_workspace/team_e2) by extension 'ignore_ament_install'
[0.310s] Level 1:colcon.colcon_core.package_identification:_identify(/home/parkjinseo/turtlebot_workspace/team_e2) by extensions ['colcon_pkg']
[0.310s] Level 1:colcon.colcon_core.package_identification:_identify(/home/parkjinseo/turtlebot_workspace/team_e2) by extension 'colcon_pkg'
[0.310s] Level 1:colcon.colcon_core.package_identification:_identify(/home/parkjinseo/turtlebot_workspace/team_e2) by extensions ['colcon_meta']
[0.310s] Level 1:colcon.colcon_core.package_identification:_identify(/home/parkjinseo/turtlebot_workspace/team_e2) by extension 'colcon_meta'
[0.310s] Level 1:colcon.colcon_core.package_identification:_identify(/home/parkjinseo/turtlebot_workspace/team_e2) by extensions ['ros']
[0.310s] Level 1:colcon.colcon_core.package_identification:_identify(/home/parkjinseo/turtlebot_workspace/team_e2) by extension 'ros'
[0.330s] Level 1:colcon.colcon_core.package_identification:_identify(/home/parkjinseo/turtlebot_workspace/team_e2) by extensions ['cmake', 'python']
[0.330s] Level 1:colcon.colcon_core.package_identification:_identify(/home/parkjinseo/turtlebot_workspace/team_e2) by extension 'cmake'
[0.330s] Level 1:colcon.colcon_core.package_identification:_identify(/home/parkjinseo/turtlebot_workspace/team_e2) by extension 'python'
[0.330s] Level 1:colcon.colcon_core.package_identification:_identify(/home/parkjinseo/turtlebot_workspace/team_e2) by extensions ['python_setup_py']
[0.330s] Level 1:colcon.colcon_core.package_identification:_identify(/home/parkjinseo/turtlebot_workspace/team_e2) by extension 'python_setup_py'
[0.330s] Level 1:colcon.colcon_core.package_identification:_identify(/home/parkjinseo/turtlebot_workspace/team_e2/log) by extensions ['ignore', 'ignore_ament_install']
[0.331s] Level 1:colcon.colcon_core.package_identification:_identify(/home/parkjinseo/turtlebot_workspace/team_e2/log) by extension 'ignore'
[0.331s] Level 1:colcon.colcon_core.package_identification:_identify(/home/parkjinseo/turtlebot_workspace/team_e2/log) ignored
[0.331s] Level 1:colcon.colcon_core.package_identification:_identify(/home/parkjinseo/turtlebot_workspace/team_e2/src) by extensions ['ignore', 'ignore_ament_install']
[0.331s] Level 1:colcon.colcon_core.package_identification:_identify(/home/parkjinseo/turtlebot_workspace/team_e2/src) by extension 'ignore'
[0.331s] Level 1:colcon.colcon_core.package_identification:_identify(/home/parkjinseo/turtlebot_workspace/team_e2/src) by extension 'ignore_ament_install'
[0.331s] Level 1:colcon.colcon_core.package_identification:_identify(/home/parkjinseo/turtlebot_workspace/team_e2/src) by extensions ['colcon_pkg']
[0.331s] Level 1:colcon.colcon_core.package_identification:_identify(/home/parkjinseo/turtlebot_workspace/team_e2/src) by extension 'colcon_pkg'
[0.331s] Level 1:colcon.colcon_core.package_identification:_identify(/home/parkjinseo/turtlebot_workspace/team_e2/src) by extensions ['colcon_meta']
[0.331s] Level 1:colcon.colcon_core.package_identification:_identify(/home/parkjinseo/turtlebot_workspace/team_e2/src) by extension 'colcon_meta'
[0.331s] Level 1:colcon.colcon_core.package_identification:_identify(/home/parkjinseo/turtlebot_workspace/team_e2/src) by extensions ['ros']
[0.331s] Level 1:colcon.colcon_core.package_identification:_identify(/home/parkjinseo/turtlebot_workspace/team_e2/src) by extension 'ros'
[0.331s] Level 1:colcon.colcon_core.package_identification:_identify(/home/parkjinseo/turtlebot_workspace/team_e2/src) by extensions ['cmake', 'python']
[0.331s] Level 1:colcon.colcon_core.package_identification:_identify(/home/parkjinseo/turtlebot_workspace/team_e2/src) by extension 'cmake'
[0.331s] Level 1:colcon.colcon_core.package_identification:_identify(/home/parkjinseo/turtlebot_workspace/team_e2/src) by extension 'python'
[0.331s] Level 1:colcon.colcon_core.package_identification:_identify(/home/parkjinseo/turtlebot_workspace/team_e2/src) by extensions ['python_setup_py']
[0.332s] Level 1:colcon.colcon_core.package_identification:_identify(/home/parkjinseo/turtlebot_workspace/team_e2/src) by extension 'python_setup_py'
[0.332s] Level 1:colcon.colcon_core.package_identification:_identify(/home/parkjinseo/turtlebot_workspace/team_e2/src/perception) by extensions ['ignore', 'ignore_ament_install']
[0.332s] Level 1:colcon.colcon_core.package_identification:_identify(/home/parkjinseo/turtlebot_workspace/team_e2/src/perception) by extension 'ignore'
[0.332s] Level 1:colcon.colcon_core.package_identification:_identify(/home/parkjinseo/turtlebot_workspace/team_e2/src/perception) by extension 'ignore_ament_install'
[0.332s] Level 1:colcon.colcon_core.package_identification:_identify(/home/parkjinseo/turtlebot_workspace/team_e2/src/perception) by extensions ['colcon_pkg']
[0.332s] Level 1:colcon.colcon_core.package_identification:_identify(/home/parkjinseo/turtlebot_workspace/team_e2/src/perception) by extension 'colcon_pkg'
[0.332s] Level 1:colcon.colcon_core.package_identification:_identify(/home/parkjinseo/turtlebot_workspace/team_e2/src/perception) by extensions ['colcon_meta']
[0.332s] Level 1:colcon.colcon_core.package_identification:_identify(/home/parkjinseo/turtlebot_workspace/team_e2/src/perception) by extension 'colcon_meta'
[0.332s] Level 1:colcon.colcon_core.package_identification:_identify(/home/parkjinseo/turtlebot_workspace/team_e2/src/perception) by extensions ['ros']
[0.332s] Level 1:colcon.colcon_core.package_identification:_identify(/home/parkjinseo/turtlebot_workspace/team_e2/src/perception) by extension 'ros'
[0.332s] Level 1:colcon.colcon_core.package_identification:_identify(/home/parkjinseo/turtlebot_workspace/team_e2/src/perception) by extensions ['cmake', 'python']
[0.332s] Level 1:colcon.colcon_core.package_identification:_identify(/home/parkjinseo/turtlebot_workspace/team_e2/src/perception) by extension 'cmake'
[0.332s] Level 1:colcon.colcon_core.package_identification:_identify(/home/parkjinseo/turtlebot_workspace/team_e2/src/perception) by extension 'python'
[0.332s] Level 1:colcon.colcon_core.package_identification:_identify(/home/parkjinseo/turtlebot_workspace/team_e2/src/perception) by extensions ['python_setup_py']
[0.332s] Level 1:colcon.colcon_core.package_identification:_identify(/home/parkjinseo/turtlebot_workspace/team_e2/src/perception) by extension 'python_setup_py'
[0.332s] Level 1:colcon.colcon_core.package_identification:_identify(/home/parkjinseo/turtlebot_workspace/team_e2/src/perception/barrier_detector) by extensions ['ignore', 'ignore_ament_install']
[0.333s] Level 1:colcon.colcon_core.package_identification:_identify(/home/parkjinseo/turtlebot_workspace/team_e2/src/perception/barrier_detector) by extension 'ignore'
[0.333s] Level 1:colcon.colcon_core.package_identification:_identify(/home/parkjinseo/turtlebot_workspace/team_e2/src/perception/barrier_detector) by extension 'ignore_ament_install'
[0.333s] Level 1:colcon.colcon_core.package_identification:_identify(/home/parkjinseo/turtlebot_workspace/team_e2/src/perception/barrier_detector) by extensions ['colcon_pkg']
[0.333s] Level 1:colcon.colcon_core.package_identification:_identify(/home/parkjinseo/turtlebot_workspace/team_e2/src/perception/barrier_detector) by extension 'colcon_pkg'
[0.333s] Level 1:colcon.colcon_core.package_identification:_identify(/home/parkjinseo/turtlebot_workspace/team_e2/src/perception/barrier_detector) by extensions ['colcon_meta']
[0.333s] Level 1:colcon.colcon_core.package_identification:_identify(/home/parkjinseo/turtlebot_workspace/team_e2/src/perception/barrier_detector) by extension 'colcon_meta'
[0.333s] Level 1:colcon.colcon_core.package_identification:_identify(/home/parkjinseo/turtlebot_workspace/team_e2/src/perception/barrier_detector) by extensions ['ros']
[0.333s] Level 1:colcon.colcon_core.package_identification:_identify(/home/parkjinseo/turtlebot_workspace/team_e2/src/perception/barrier_detector) by extension 'ros'
[0.335s] DEBUG:colcon.colcon_core.package_identification:Package '/home/parkjinseo/turtlebot_workspace/team_e2/src/perception/barrier_detector' with type 'ros.ament_python' and name 'barrier_detector'
[0.335s] Level 1:colcon.colcon_core.package_identification:_identify(/home/parkjinseo/turtlebot_workspace/team_e2/src/perception/lane_detector) by extensions ['ignore', 'ignore_ament_install']
[0.336s] Level 1:colcon.colcon_core.package_identification:_identify(/home/parkjinseo/turtlebot_workspace/team_e2/src/perception/lane_detector) by extension 'ignore'
[0.336s] Level 1:colcon.colcon_core.package_identification:_identify(/home/parkjinseo/turtlebot_workspace/team_e2/src/perception/lane_detector) by extension 'ignore_ament_install'
[0.336s] Level 1:colcon.colcon_core.package_identification:_identify(/home/parkjinseo/turtlebot_workspace/team_e2/src/perception/lane_detector) by extensions ['colcon_pkg']
[0.336s] Level 1:colcon.colcon_core.package_identification:_identify(/home/parkjinseo/turtlebot_workspace/team_e2/src/perception/lane_detector) by extension 'colcon_pkg'
[0.336s] Level 1:colcon.colcon_core.package_identification:_identify(/home/parkjinseo/turtlebot_workspace/team_e2/src/perception/lane_detector) by extensions ['colcon_meta']
[0.336s] Level 1:colcon.colcon_core.package_identification:_identify(/home/parkjinseo/turtlebot_workspace/team_e2/src/perception/lane_detector) by extension 'colcon_meta'
[0.336s] Level 1:colcon.colcon_core.package_identification:_identify(/home/parkjinseo/turtlebot_workspace/team_e2/src/perception/lane_detector) by extensions ['ros']
[0.336s] Level 1:colcon.colcon_core.package_identification:_identify(/home/parkjinseo/turtlebot_workspace/team_e2/src/perception/lane_detector) by extension 'ros'
[0.336s] DEBUG:colcon.colcon_core.package_identification:Package '/home/parkjinseo/turtlebot_workspace/team_e2/src/perception/lane_detector' with type 'ros.ament_python' and name 'lane_detector'
[0.336s] Level 1:colcon.colcon_core.package_identification:_identify(/home/parkjinseo/turtlebot_workspace/team_e2/src/perception/traffic_light_detector) by extensions ['ignore', 'ignore_ament_install']
[0.337s] Level 1:colcon.colcon_core.package_identification:_identify(/home/parkjinseo/turtlebot_workspace/team_e2/src/perception/traffic_light_detector) by extension 'ignore'
[0.337s] Level 1:colcon.colcon_core.package_identification:_identify(/home/parkjinseo/turtlebot_workspace/team_e2/src/perception/traffic_light_detector) by extension 'ignore_ament_install'
[0.337s] Level 1:colcon.colcon_core.package_identification:_identify(/home/parkjinseo/turtlebot_workspace/team_e2/src/perception/traffic_light_detector) by extensions ['colcon_pkg']
[0.337s] Level 1:colcon.colcon_core.package_identification:_identify(/home/parkjinseo/turtlebot_workspace/team_e2/src/perception/traffic_light_detector) by extension 'colcon_pkg'
[0.337s] Level 1:colcon.colcon_core.package_identification:_identify(/home/parkjinseo/turtlebot_workspace/team_e2/src/perception/traffic_light_detector) by extensions ['colcon_meta']
[0.337s] Level 1:colcon.colcon_core.package_identification:_identify(/home/parkjinseo/turtlebot_workspace/team_e2/src/perception/traffic_light_detector) by extension 'colcon_meta'
[0.337s] Level 1:colcon.colcon_core.package_identification:_identify(/home/parkjinseo/turtlebot_workspace/team_e2/src/perception/traffic_light_detector) by extensions ['ros']
[0.337s] Level 1:colcon.colcon_core.package_identification:_identify(/home/parkjinseo/turtlebot_workspace/team_e2/src/perception/traffic_light_detector) by extension 'ros'
[0.337s] DEBUG:colcon.colcon_core.package_identification:Package '/home/parkjinseo/turtlebot_workspace/team_e2/src/perception/traffic_light_detector' with type 'ros.ament_python' and name 'traffic_light_detector'
[0.337s] Level 1:colcon.colcon_core.package_identification:_identify(/home/parkjinseo/turtlebot_workspace/team_e2/src/simulation) by extensions ['ignore', 'ignore_ament_install']
[0.337s] Level 1:colcon.colcon_core.package_identification:_identify(/home/parkjinseo/turtlebot_workspace/team_e2/src/simulation) by extension 'ignore'
[0.338s] Level 1:colcon.colcon_core.package_identification:_identify(/home/parkjinseo/turtlebot_workspace/team_e2/src/simulation) by extension 'ignore_ament_install'
[0.338s] Level 1:colcon.colcon_core.package_identification:_identify(/home/parkjinseo/turtlebot_workspace/team_e2/src/simulation) by extensions ['colcon_pkg']
[0.338s] Level 1:colcon.colcon_core.package_identification:_identify(/home/parkjinseo/turtlebot_workspace/team_e2/src/simulation) by extension 'colcon_pkg'
[0.338s] Level 1:colcon.colcon_core.package_identification:_identify(/home/parkjinseo/turtlebot_workspace/team_e2/src/simulation) by extensions ['colcon_meta']
[0.338s] Level 1:colcon.colcon_core.package_identification:_identify(/home/parkjinseo/turtlebot_workspace/team_e2/src/simulation) by extension 'colcon_meta'
[0.338s] Level 1:colcon.colcon_core.package_identification:_identify(/home/parkjinseo/turtlebot_workspace/team_e2/src/simulation) by extensions ['ros']
[0.338s] Level 1:colcon.colcon_core.package_identification:_identify(/home/parkjinseo/turtlebot_workspace/team_e2/src/simulation) by extension 'ros'
[0.338s] DEBUG:colcon.colcon_core.package_identification:Package '/home/parkjinseo/turtlebot_workspace/team_e2/src/simulation' with type 'ros.ament_python' and name 'simulation'
[0.338s] Level 1:colcon.colcon_core.package_discovery:discover_packages(recursive) using defaults
