[0.298s] [34mcolcon[0m [1;30mDEBUG[0m [32mCommand line arguments: ['/usr/bin/colcon', 'build'][0m
[0.298s] [34mcolcon[0m [1;30mDEBUG[0m [32mParsed command line arguments: Namespace(log_base=None, log_level=None, verb_name='build', build_base='build', install_base='install', merge_install=False, symlink_install=False, test_result_base=None, continue_on_error=False, executor='parallel', parallel_workers=6, event_handlers=None, ignore_user_meta=False, metas=['./colcon.meta'], base_paths=['.'], packages_ignore=None, packages_ignore_regex=None, paths=None, packages_up_to=None, packages_up_to_regex=None, packages_above=None, packages_above_and_dependencies=None, packages_above_depth=None, packages_select_by_dep=None, packages_skip_by_dep=None, packages_skip_up_to=None, packages_select_build_failed=False, packages_skip_build_finished=False, packages_select_test_failures=False, packages_skip_test_passed=False, packages_select=None, packages_skip=None, packages_select_regex=None, packages_skip_regex=None, packages_start=None, packages_end=None, allow_overriding=[], cmake_args=None, cmake_target=None, cmake_target_skip_unavailable=False, cmake_clean_cache=False, cmake_clean_first=False, cmake_force_configure=False, ament_cmake_args=None, catkin_cmake_args=None, catkin_skip_building_tests=False, mixin_files=None, mixin=None, verb_parser=<colcon_mixin.mixin.mixin_argument.MixinArgumentDecorator object at 0xffff908722f0>, verb_extension=<colcon_core.verb.build.BuildVerb object at 0xffff9098f1f0>, main=<bound method BuildVerb.main of <colcon_core.verb.build.BuildVerb object at 0xffff9098f1f0>>, mixin_verb=('build',))[0m
[0.795s] [34mcolcon.colcon_core.package_discovery[0m [1;30mLevel 1[0m discover_packages(colcon_meta) check parameters
[0.795s] [34mcolcon.colcon_core.package_discovery[0m [1;30mLevel 1[0m discover_packages(recursive) check parameters
[0.795s] [34mcolcon.colcon_core.package_discovery[0m [1;30mLevel 1[0m discover_packages(ignore) check parameters
[0.795s] [34mcolcon.colcon_core.package_discovery[0m [1;30mLevel 1[0m discover_packages(path) check parameters
[0.795s] [34mcolcon.colcon_core.package_discovery[0m [1;30mLevel 1[0m discover_packages(colcon_meta) discover
[0.795s] [34mcolcon.colcon_core.package_discovery[0m [1;30mLevel 1[0m discover_packages(recursive) discover
[0.796s] [34mcolcon.colcon_core.package_discovery[0m [1;30mINFO[0m Crawling recursively for packages in '/home/rokey-jw/rokeyracing_ws'
[0.796s] [34mcolcon.colcon_core.package_identification[0m [1;30mLevel 1[0m _identify(.) by extensions ['ignore', 'ignore_ament_install']
[0.796s] [34mcolcon.colcon_core.package_identification[0m [1;30mLevel 1[0m _identify(.) by extension 'ignore'
[0.796s] [34mcolcon.colcon_core.package_identification[0m [1;30mLevel 1[0m _identify(.) by extension 'ignore_ament_install'
[0.796s] [34mcolcon.colcon_core.package_identification[0m [1;30mLevel 1[0m _identify(.) by extensions ['colcon_pkg']
[0.796s] [34mcolcon.colcon_core.package_identification[0m [1;30mLevel 1[0m _identify(.) by extension 'colcon_pkg'
[0.797s] [34mcolcon.colcon_core.package_identification[0m [1;30mLevel 1[0m _identify(.) by extensions ['colcon_meta']
[0.797s] [34mcolcon.colcon_core.package_identification[0m [1;30mLevel 1[0m _identify(.) by extension 'colcon_meta'
[0.797s] [34mcolcon.colcon_core.package_identification[0m [1;30mLevel 1[0m _identify(.) by extensions ['ros']
[0.797s] [34mcolcon.colcon_core.package_identification[0m [1;30mLevel 1[0m _identify(.) by extension 'ros'
[0.845s] [34mcolcon.colcon_core.package_identification[0m [1;30mLevel 1[0m _identify(.) by extensions ['cmake', 'python']
[0.846s] [34mcolcon.colcon_core.package_identification[0m [1;30mLevel 1[0m _identify(.) by extension 'cmake'
[0.846s] [34mcolcon.colcon_core.package_identification[0m [1;30mLevel 1[0m _identify(.) by extension 'python'
[0.846s] [34mcolcon.colcon_core.package_identification[0m [1;30mLevel 1[0m _identify(.) by extensions ['python_setup_py']
[0.846s] [34mcolcon.colcon_core.package_identification[0m [1;30mLevel 1[0m _identify(.) by extension 'python_setup_py'
[0.846s] [34mcolcon.colcon_core.package_identification[0m [1;30mLevel 1[0m _identify(build) by extensions ['ignore', 'ignore_ament_install']
[0.846s] [34mcolcon.colcon_core.package_identification[0m [1;30mLevel 1[0m _identify(build) by extension 'ignore'
[0.847s] [34mcolcon.colcon_core.package_identification[0m [1;30mLevel 1[0m _identify(build) ignored
[0.847s] [34mcolcon.colcon_core.package_identification[0m [1;30mLevel 1[0m _identify(install) by extensions ['ignore', 'ignore_ament_install']
[0.847s] [34mcolcon.colcon_core.package_identification[0m [1;30mLevel 1[0m _identify(install) by extension 'ignore'
[0.847s] [34mcolcon.colcon_core.package_identification[0m [1;30mLevel 1[0m _identify(install) ignored
[0.847s] [34mcolcon.colcon_core.package_identification[0m [1;30mLevel 1[0m _identify(log) by extensions ['ignore', 'ignore_ament_install']
[0.848s] [34mcolcon.colcon_core.package_identification[0m [1;30mLevel 1[0m _identify(log) by extension 'ignore'
[0.848s] [34mcolcon.colcon_core.package_identification[0m [1;30mLevel 1[0m _identify(log) ignored
[0.848s] [34mcolcon.colcon_core.package_identification[0m [1;30mLevel 1[0m _identify(src) by extensions ['ignore', 'ignore_ament_install']
[0.848s] [34mcolcon.colcon_core.package_identification[0m [1;30mLevel 1[0m _identify(src) by extension 'ignore'
[0.848s] [34mcolcon.colcon_core.package_identification[0m [1;30mLevel 1[0m _identify(src) by extension 'ignore_ament_install'
[0.848s] [34mcolcon.colcon_core.package_identification[0m [1;30mLevel 1[0m _identify(src) by extensions ['colcon_pkg']
[0.848s] [34mcolcon.colcon_core.package_identification[0m [1;30mLevel 1[0m _identify(src) by extension 'colcon_pkg'
[0.848s] [34mcolcon.colcon_core.package_identification[0m [1;30mLevel 1[0m _identify(src) by extensions ['colcon_meta']
[0.849s] [34mcolcon.colcon_core.package_identification[0m [1;30mLevel 1[0m _identify(src) by extension 'colcon_meta'
[0.849s] [34mcolcon.colcon_core.package_identification[0m [1;30mLevel 1[0m _identify(src) by extensions ['ros']
[0.849s] [34mcolcon.colcon_core.package_identification[0m [1;30mLevel 1[0m _identify(src) by extension 'ros'
[0.849s] [34mcolcon.colcon_core.package_identification[0m [1;30mLevel 1[0m _identify(src) by extensions ['cmake', 'python']
[0.849s] [34mcolcon.colcon_core.package_identification[0m [1;30mLevel 1[0m _identify(src) by extension 'cmake'
[0.849s] [34mcolcon.colcon_core.package_identification[0m [1;30mLevel 1[0m _identify(src) by extension 'python'
[0.849s] [34mcolcon.colcon_core.package_identification[0m [1;30mLevel 1[0m _identify(src) by extensions ['python_setup_py']
[0.849s] [34mcolcon.colcon_core.package_identification[0m [1;30mLevel 1[0m _identify(src) by extension 'python_setup_py'
[0.849s] [34mcolcon.colcon_core.package_identification[0m [1;30mLevel 1[0m _identify(src/backup) by extensions ['ignore', 'ignore_ament_install']
[0.850s] [34mcolcon.colcon_core.package_identification[0m [1;30mLevel 1[0m _identify(src/backup) by extension 'ignore'
[0.850s] [34mcolcon.colcon_core.package_identification[0m [1;30mLevel 1[0m _identify(src/backup) by extension 'ignore_ament_install'
[0.850s] [34mcolcon.colcon_core.package_identification[0m [1;30mLevel 1[0m _identify(src/backup) by extensions ['colcon_pkg']
[0.850s] [34mcolcon.colcon_core.package_identification[0m [1;30mLevel 1[0m _identify(src/backup) by extension 'colcon_pkg'
[0.850s] [34mcolcon.colcon_core.package_identification[0m [1;30mLevel 1[0m _identify(src/backup) by extensions ['colcon_meta']
[0.850s] [34mcolcon.colcon_core.package_identification[0m [1;30mLevel 1[0m _identify(src/backup) by extension 'colcon_meta'
[0.850s] [34mcolcon.colcon_core.package_identification[0m [1;30mLevel 1[0m _identify(src/backup) by extensions ['ros']
[0.850s] [34mcolcon.colcon_core.package_identification[0m [1;30mLevel 1[0m _identify(src/backup) by extension 'ros'
[0.850s] [34mcolcon.colcon_core.package_identification[0m [1;30mLevel 1[0m _identify(src/backup) by extensions ['cmake', 'python']
[0.851s] [34mcolcon.colcon_core.package_identification[0m [1;30mLevel 1[0m _identify(src/backup) by extension 'cmake'
[0.851s] [34mcolcon.colcon_core.package_identification[0m [1;30mLevel 1[0m _identify(src/backup) by extension 'python'
[0.851s] [34mcolcon.colcon_core.package_identification[0m [1;30mLevel 1[0m _identify(src/backup) by extensions ['python_setup_py']
[0.851s] [34mcolcon.colcon_core.package_identification[0m [1;30mLevel 1[0m _identify(src/backup) by extension 'python_setup_py'
[0.851s] [34mcolcon.colcon_core.package_identification[0m [1;30mLevel 1[0m _identify(src/turtlebot3_autorace_camera) by extensions ['ignore', 'ignore_ament_install']
[0.851s] [34mcolcon.colcon_core.package_identification[0m [1;30mLevel 1[0m _identify(src/turtlebot3_autorace_camera) by extension 'ignore'
[0.851s] [34mcolcon.colcon_core.package_identification[0m [1;30mLevel 1[0m _identify(src/turtlebot3_autorace_camera) by extension 'ignore_ament_install'
[0.851s] [34mcolcon.colcon_core.package_identification[0m [1;30mLevel 1[0m _identify(src/turtlebot3_autorace_camera) by extensions ['colcon_pkg']
[0.851s] [34mcolcon.colcon_core.package_identification[0m [1;30mLevel 1[0m _identify(src/turtlebot3_autorace_camera) by extension 'colcon_pkg'
[0.852s] [34mcolcon.colcon_core.package_identification[0m [1;30mLevel 1[0m _identify(src/turtlebot3_autorace_camera) by extensions ['colcon_meta']
[0.852s] [34mcolcon.colcon_core.package_identification[0m [1;30mLevel 1[0m _identify(src/turtlebot3_autorace_camera) by extension 'colcon_meta'
[0.852s] [34mcolcon.colcon_core.package_identification[0m [1;30mLevel 1[0m _identify(src/turtlebot3_autorace_camera) by extensions ['ros']
[0.852s] [34mcolcon.colcon_core.package_identification[0m [1;30mLevel 1[0m _identify(src/turtlebot3_autorace_camera) by extension 'ros'
[0.858s] [34mcolcon.colcon_core.package_identification[0m [1;30mDEBUG[0m [32mPackage 'src/turtlebot3_autorace_camera' with type 'ros.ament_python' and name 'turtlebot3_autorace_camera'[0m
[0.858s] [34mcolcon.colcon_core.package_identification[0m [1;30mLevel 1[0m _identify(src/turtlebot3_autorace_detect) by extensions ['ignore', 'ignore_ament_install']
[0.859s] [34mcolcon.colcon_core.package_identification[0m [1;30mLevel 1[0m _identify(src/turtlebot3_autorace_detect) by extension 'ignore'
[0.859s] [34mcolcon.colcon_core.package_identification[0m [1;30mLevel 1[0m _identify(src/turtlebot3_autorace_detect) by extension 'ignore_ament_install'
[0.859s] [34mcolcon.colcon_core.package_identification[0m [1;30mLevel 1[0m _identify(src/turtlebot3_autorace_detect) by extensions ['colcon_pkg']
[0.859s] [34mcolcon.colcon_core.package_identification[0m [1;30mLevel 1[0m _identify(src/turtlebot3_autorace_detect) by extension 'colcon_pkg'
[0.859s] [34mcolcon.colcon_core.package_identification[0m [1;30mLevel 1[0m _identify(src/turtlebot3_autorace_detect) by extensions ['colcon_meta']
[0.859s] [34mcolcon.colcon_core.package_identification[0m [1;30mLevel 1[0m _identify(src/turtlebot3_autorace_detect) by extension 'colcon_meta'
[0.859s] [34mcolcon.colcon_core.package_identification[0m [1;30mLevel 1[0m _identify(src/turtlebot3_autorace_detect) by extensions ['ros']
[0.859s] [34mcolcon.colcon_core.package_identification[0m [1;30mLevel 1[0m _identify(src/turtlebot3_autorace_detect) by extension 'ros'
[0.861s] [34mcolcon.colcon_core.package_identification[0m [1;30mDEBUG[0m [32mPackage 'src/turtlebot3_autorace_detect' with type 'ros.ament_python' and name 'turtlebot3_autorace_detect'[0m
[0.861s] [34mcolcon.colcon_core.package_identification[0m [1;30mLevel 1[0m _identify(src/turtlebot3_autorace_driving) by extensions ['ignore', 'ignore_ament_install']
[0.862s] [34mcolcon.colcon_core.package_identification[0m [1;30mLevel 1[0m _identify(src/turtlebot3_autorace_driving) by extension 'ignore'
[0.862s] [34mcolcon.colcon_core.package_identification[0m [1;30mLevel 1[0m _identify(src/turtlebot3_autorace_driving) by extension 'ignore_ament_install'
[0.862s] [34mcolcon.colcon_core.package_identification[0m [1;30mLevel 1[0m _identify(src/turtlebot3_autorace_driving) by extensions ['colcon_pkg']
[0.862s] [34mcolcon.colcon_core.package_identification[0m [1;30mLevel 1[0m _identify(src/turtlebot3_autorace_driving) by extension 'colcon_pkg'
[0.862s] [34mcolcon.colcon_core.package_identification[0m [1;30mLevel 1[0m _identify(src/turtlebot3_autorace_driving) by extensions ['colcon_meta']
[0.862s] [34mcolcon.colcon_core.package_identification[0m [1;30mLevel 1[0m _identify(src/turtlebot3_autorace_driving) by extension 'colcon_meta'
[0.862s] [34mcolcon.colcon_core.package_identification[0m [1;30mLevel 1[0m _identify(src/turtlebot3_autorace_driving) by extensions ['ros']
[0.862s] [34mcolcon.colcon_core.package_identification[0m [1;30mLevel 1[0m _identify(src/turtlebot3_autorace_driving) by extension 'ros'
[0.864s] [34mcolcon.colcon_core.package_identification[0m [1;30mDEBUG[0m [32mPackage 'src/turtlebot3_autorace_driving' with type 'ros.ament_python' and name 'turtlebot3_autorace_driving'[0m
[0.864s] [34mcolcon.colcon_core.package_identification[0m [1;30mLevel 1[0m _identify(src/turtlebot3_autorace_mission) by extensions ['ignore', 'ignore_ament_install']
[0.865s] [34mcolcon.colcon_core.package_identification[0m [1;30mLevel 1[0m _identify(src/turtlebot3_autorace_mission) by extension 'ignore'
[0.865s] [34mcolcon.colcon_core.package_identification[0m [1;30mLevel 1[0m _identify(src/turtlebot3_autorace_mission) by extension 'ignore_ament_install'
[0.865s] [34mcolcon.colcon_core.package_identification[0m [1;30mLevel 1[0m _identify(src/turtlebot3_autorace_mission) by extensions ['colcon_pkg']
[0.865s] [34mcolcon.colcon_core.package_identification[0m [1;30mLevel 1[0m _identify(src/turtlebot3_autorace_mission) by extension 'colcon_pkg'
[0.865s] [34mcolcon.colcon_core.package_identification[0m [1;30mLevel 1[0m _identify(src/turtlebot3_autorace_mission) by extensions ['colcon_meta']
[0.865s] [34mcolcon.colcon_core.package_identification[0m [1;30mLevel 1[0m _identify(src/turtlebot3_autorace_mission) by extension 'colcon_meta'
[0.865s] [34mcolcon.colcon_core.package_identification[0m [1;30mLevel 1[0m _identify(src/turtlebot3_autorace_mission) by extensions ['ros']
[0.865s] [34mcolcon.colcon_core.package_identification[0m [1;30mLevel 1[0m _identify(src/turtlebot3_autorace_mission) by extension 'ros'
[0.867s] [34mcolcon.colcon_core.package_identification[0m [1;30mDEBUG[0m [32mPackage 'src/turtlebot3_autorace_mission' with type 'ros.ament_python' and name 'turtlebot3_autorace_mission'[0m
[0.867s] [34mcolcon.colcon_core.package_identification[0m [1;30mLevel 1[0m _identify(src/turtlebot3_autorace_tracking) by extensions ['ignore', 'ignore_ament_install']
[0.868s] [34mcolcon.colcon_core.package_identification[0m [1;30mLevel 1[0m _identify(src/turtlebot3_autorace_tracking) by extension 'ignore'
[0.868s] [34mcolcon.colcon_core.package_identification[0m [1;30mLevel 1[0m _identify(src/turtlebot3_autorace_tracking) by extension 'ignore_ament_install'
[0.868s] [34mcolcon.colcon_core.package_identification[0m [1;30mLevel 1[0m _identify(src/turtlebot3_autorace_tracking) by extensions ['colcon_pkg']
[0.868s] [34mcolcon.colcon_core.package_identification[0m [1;30mLevel 1[0m _identify(src/turtlebot3_autorace_tracking) by extension 'colcon_pkg'
[0.868s] [34mcolcon.colcon_core.package_identification[0m [1;30mLevel 1[0m _identify(src/turtlebot3_autorace_tracking) by extensions ['colcon_meta']
[0.868s] [34mcolcon.colcon_core.package_identification[0m [1;30mLevel 1[0m _identify(src/turtlebot3_autorace_tracking) by extension 'colcon_meta'
[0.868s] [34mcolcon.colcon_core.package_identification[0m [1;30mLevel 1[0m _identify(src/turtlebot3_autorace_tracking) by extensions ['ros']
[0.868s] [34mcolcon.colcon_core.package_identification[0m [1;30mLevel 1[0m _identify(src/turtlebot3_autorace_tracking) by extension 'ros'
[0.870s] [34mcolcon.colcon_core.package_identification[0m [1;30mDEBUG[0m [32mPackage 'src/turtlebot3_autorace_tracking' with type 'ros.ament_python' and name 'turtlebot3_autorace_tracking'[0m
[0.870s] [34mcolcon.colcon_core.package_identification[0m [1;30mLevel 1[0m _identify(src/turtlebot3_teleop) by extensions ['ignore', 'ignore_ament_install']
[0.871s] [34mcolcon.colcon_core.package_identification[0m [1;30mLevel 1[0m _identify(src/turtlebot3_teleop) by extension 'ignore'
[0.871s] [34mcolcon.colcon_core.package_identification[0m [1;30mLevel 1[0m _identify(src/turtlebot3_teleop) by extension 'ignore_ament_install'
[0.871s] [34mcolcon.colcon_core.package_identification[0m [1;30mLevel 1[0m _identify(src/turtlebot3_teleop) by extensions ['colcon_pkg']
[0.871s] [34mcolcon.colcon_core.package_identification[0m [1;30mLevel 1[0m _identify(src/turtlebot3_teleop) by extension 'colcon_pkg'
[0.871s] [34mcolcon.colcon_core.package_identification[0m [1;30mLevel 1[0m _identify(src/turtlebot3_teleop) by extensions ['colcon_meta']
[0.871s] [34mcolcon.colcon_core.package_identification[0m [1;30mLevel 1[0m _identify(src/turtlebot3_teleop) by extension 'colcon_meta'
[0.871s] [34mcolcon.colcon_core.package_identification[0m [1;30mLevel 1[0m _identify(src/turtlebot3_teleop) by extensions ['ros']
[0.871s] [34mcolcon.colcon_core.package_identification[0m [1;30mLevel 1[0m _identify(src/turtlebot3_teleop) by extension 'ros'
[0.873s] [34mcolcon.colcon_core.package_identification[0m [1;30mDEBUG[0m [32mPackage 'src/turtlebot3_teleop' with type 'ros.ament_python' and name 'turtlebot3_teleop'[0m
[0.873s] [34mcolcon.colcon_core.package_discovery[0m [1;30mLevel 1[0m discover_packages(recursive) using defaults
[0.873s] [34mcolcon.colcon_core.package_discovery[0m [1;30mLevel 1[0m discover_packages(ignore) discover
[0.873s] [34mcolcon.colcon_core.package_discovery[0m [1;30mLevel 1[0m discover_packages(ignore) using defaults
[0.873s] [34mcolcon.colcon_core.package_discovery[0m [1;30mLevel 1[0m discover_packages(path) discover
[0.873s] [34mcolcon.colcon_core.package_discovery[0m [1;30mLevel 1[0m discover_packages(path) using defaults
[0.914s] [34mcolcon.colcon_core.package_discovery[0m [1;30mLevel 1[0m discover_packages(prefix_path) check parameters
[0.914s] [34mcolcon.colcon_core.package_discovery[0m [1;30mLevel 1[0m discover_packages(prefix_path) discover
[0.917s] [34mcolcon.colcon_ros.prefix_path.ament[0m [1;30mWARNING[0m [33mThe path '/home/rokey-jw/rokeyracing_ws/install/turtlebot3_teleop' in the environment variable AMENT_PREFIX_PATH doesn't exist[0m
[0.917s] [34mcolcon.colcon_ros.prefix_path.ament[0m [1;30mWARNING[0m [33mThe path '/home/rokey-jw/rokeyracing_ws/install/turtlebot3_autorace_tracking' in the environment variable AMENT_PREFIX_PATH doesn't exist[0m
[0.917s] [34mcolcon.colcon_ros.prefix_path.ament[0m [1;30mWARNING[0m [33mThe path '/home/rokey-jw/rokeyracing_ws/install/turtlebot3_autorace_mission' in the environment variable AMENT_PREFIX_PATH doesn't exist[0m
[0.918s] [34mcolcon.colcon_ros.prefix_path.ament[0m [1;30mWARNING[0m [33mThe path '/home/rokey-jw/rokeyracing_ws/install/turtlebot3_autorace_driving' in the environment variable AMENT_PREFIX_PATH doesn't exist[0m
[0.918s] [34mcolcon.colcon_ros.prefix_path.ament[0m [1;30mWARNING[0m [33mThe path '/home/rokey-jw/rokeyracing_ws/install/turtlebot3_autorace_detect' in the environment variable AMENT_PREFIX_PATH doesn't exist[0m
[0.918s] [34mcolcon.colcon_ros.prefix_path.ament[0m [1;30mWARNING[0m [33mThe path '/home/rokey-jw/rokeyracing_ws/install/turtlebot3_autorace_camera' in the environment variable AMENT_PREFIX_PATH doesn't exist[0m
[0.922s] [34mcolcon.colcon_installed_package_information.package_discovery[0m [1;30mDEBUG[0m [32mFound 0 installed packages in /home/rokey-jw/rokeyracing_ws/install[0m
[0.923s] [34mcolcon.colcon_installed_package_information.package_discovery[0m [1;30mDEBUG[0m [32mFound 12 installed packages in /home/rokey-jw/rokeypj_ws/install[0m
[0.925s] [34mcolcon.colcon_installed_package_information.package_discovery[0m [1;30mDEBUG[0m [32mFound 7 installed packages in /home/rokey-jw/turtlebot3_ws/install[0m
[0.928s] [34mcolcon.colcon_installed_package_information.package_discovery[0m [1;30mDEBUG[0m [32mFound 384 installed packages in /opt/ros/humble[0m
[0.931s] [34mcolcon.colcon_core.package_discovery[0m [1;30mLevel 1[0m discover_packages(prefix_path) using defaults
[1.031s] [34mcolcon.colcon_core.package_selection[0m [1;30mWARNING[0m [33mSome selected packages are already built in one or more underlay workspaces:
	'turtlebot3_teleop' is in: /home/rokey-jw/turtlebot3_ws/install/turtlebot3_teleop
If a package in a merged underlay workspace is overridden and it installs headers, then all packages in the overlay must sort their include directories by workspace order. Failure to do so may result in build failures or undefined behavior at run time.
If the overridden package is used by another package in any underlay, then the overriding package in the overlay must be API and ABI compatible or undefined behavior at run time may occur.

If you understand the risks and want to override a package anyways, add the following to the command line:
	--allow-overriding turtlebot3_teleop

This may be promoted to an error in a future release of colcon-override-check.[0m
[1.033s] [34mcolcon.colcon_core.verb[0m [1;30mLevel 5[0m set package 'turtlebot3_autorace_camera' build argument 'cmake_args' from command line to 'None'
[1.033s] [34mcolcon.colcon_core.verb[0m [1;30mLevel 5[0m set package 'turtlebot3_autorace_camera' build argument 'cmake_target' from command line to 'None'
[1.033s] [34mcolcon.colcon_core.verb[0m [1;30mLevel 5[0m set package 'turtlebot3_autorace_camera' build argument 'cmake_target_skip_unavailable' from command line to 'False'
[1.033s] [34mcolcon.colcon_core.verb[0m [1;30mLevel 5[0m set package 'turtlebot3_autorace_camera' build argument 'cmake_clean_cache' from command line to 'False'
[1.034s] [34mcolcon.colcon_core.verb[0m [1;30mLevel 5[0m set package 'turtlebot3_autorace_camera' build argument 'cmake_clean_first' from command line to 'False'
[1.034s] [34mcolcon.colcon_core.verb[0m [1;30mLevel 5[0m set package 'turtlebot3_autorace_camera' build argument 'cmake_force_configure' from command line to 'False'
[1.034s] [34mcolcon.colcon_core.verb[0m [1;30mLevel 5[0m set package 'turtlebot3_autorace_camera' build argument 'ament_cmake_args' from command line to 'None'
[1.034s] [34mcolcon.colcon_core.verb[0m [1;30mLevel 5[0m set package 'turtlebot3_autorace_camera' build argument 'catkin_cmake_args' from command line to 'None'
[1.034s] [34mcolcon.colcon_core.verb[0m [1;30mLevel 5[0m set package 'turtlebot3_autorace_camera' build argument 'catkin_skip_building_tests' from command line to 'False'
[1.034s] [34mcolcon.colcon_core.verb[0m [1;30mDEBUG[0m [32mBuilding package 'turtlebot3_autorace_camera' with the following arguments: {'ament_cmake_args': None, 'build_base': '/home/rokey-jw/rokeyracing_ws/build/turtlebot3_autorace_camera', 'catkin_cmake_args': None, 'catkin_skip_building_tests': False, 'cmake_args': None, 'cmake_clean_cache': False, 'cmake_clean_first': False, 'cmake_force_configure': False, 'cmake_target': None, 'cmake_target_skip_unavailable': False, 'install_base': '/home/rokey-jw/rokeyracing_ws/install/turtlebot3_autorace_camera', 'merge_install': False, 'path': '/home/rokey-jw/rokeyracing_ws/src/turtlebot3_autorace_camera', 'symlink_install': False, 'test_result_base': None}[0m
[1.035s] [34mcolcon.colcon_core.verb[0m [1;30mLevel 5[0m set package 'turtlebot3_autorace_detect' build argument 'cmake_args' from command line to 'None'
[1.035s] [34mcolcon.colcon_core.verb[0m [1;30mLevel 5[0m set package 'turtlebot3_autorace_detect' build argument 'cmake_target' from command line to 'None'
[1.035s] [34mcolcon.colcon_core.verb[0m [1;30mLevel 5[0m set package 'turtlebot3_autorace_detect' build argument 'cmake_target_skip_unavailable' from command line to 'False'
[1.035s] [34mcolcon.colcon_core.verb[0m [1;30mLevel 5[0m set package 'turtlebot3_autorace_detect' build argument 'cmake_clean_cache' from command line to 'False'
[1.035s] [34mcolcon.colcon_core.verb[0m [1;30mLevel 5[0m set package 'turtlebot3_autorace_detect' build argument 'cmake_clean_first' from command line to 'False'
[1.035s] [34mcolcon.colcon_core.verb[0m [1;30mLevel 5[0m set package 'turtlebot3_autorace_detect' build argument 'cmake_force_configure' from command line to 'False'
[1.035s] [34mcolcon.colcon_core.verb[0m [1;30mLevel 5[0m set package 'turtlebot3_autorace_detect' build argument 'ament_cmake_args' from command line to 'None'
[1.035s] [34mcolcon.colcon_core.verb[0m [1;30mLevel 5[0m set package 'turtlebot3_autorace_detect' build argument 'catkin_cmake_args' from command line to 'None'
[1.035s] [34mcolcon.colcon_core.verb[0m [1;30mLevel 5[0m set package 'turtlebot3_autorace_detect' build argument 'catkin_skip_building_tests' from command line to 'False'
[1.035s] [34mcolcon.colcon_core.verb[0m [1;30mDEBUG[0m [32mBuilding package 'turtlebot3_autorace_detect' with the following arguments: {'ament_cmake_args': None, 'build_base': '/home/rokey-jw/rokeyracing_ws/build/turtlebot3_autorace_detect', 'catkin_cmake_args': None, 'catkin_skip_building_tests': False, 'cmake_args': None, 'cmake_clean_cache': False, 'cmake_clean_first': False, 'cmake_force_configure': False, 'cmake_target': None, 'cmake_target_skip_unavailable': False, 'install_base': '/home/rokey-jw/rokeyracing_ws/install/turtlebot3_autorace_detect', 'merge_install': False, 'path': '/home/rokey-jw/rokeyracing_ws/src/turtlebot3_autorace_detect', 'symlink_install': False, 'test_result_base': None}[0m
[1.036s] [34mcolcon.colcon_core.verb[0m [1;30mLevel 5[0m set package 'turtlebot3_autorace_driving' build argument 'cmake_args' from command line to 'None'
[1.036s] [34mcolcon.colcon_core.verb[0m [1;30mLevel 5[0m set package 'turtlebot3_autorace_driving' build argument 'cmake_target' from command line to 'None'
[1.036s] [34mcolcon.colcon_core.verb[0m [1;30mLevel 5[0m set package 'turtlebot3_autorace_driving' build argument 'cmake_target_skip_unavailable' from command line to 'False'
[1.036s] [34mcolcon.colcon_core.verb[0m [1;30mLevel 5[0m set package 'turtlebot3_autorace_driving' build argument 'cmake_clean_cache' from command line to 'False'
[1.036s] [34mcolcon.colcon_core.verb[0m [1;30mLevel 5[0m set package 'turtlebot3_autorace_driving' build argument 'cmake_clean_first' from command line to 'False'
[1.036s] [34mcolcon.colcon_core.verb[0m [1;30mLevel 5[0m set package 'turtlebot3_autorace_driving' build argument 'cmake_force_configure' from command line to 'False'
[1.036s] [34mcolcon.colcon_core.verb[0m [1;30mLevel 5[0m set package 'turtlebot3_autorace_driving' build argument 'ament_cmake_args' from command line to 'None'
[1.036s] [34mcolcon.colcon_core.verb[0m [1;30mLevel 5[0m set package 'turtlebot3_autorace_driving' build argument 'catkin_cmake_args' from command line to 'None'
[1.036s] [34mcolcon.colcon_core.verb[0m [1;30mLevel 5[0m set package 'turtlebot3_autorace_driving' build argument 'catkin_skip_building_tests' from command line to 'False'
[1.036s] [34mcolcon.colcon_core.verb[0m [1;30mDEBUG[0m [32mBuilding package 'turtlebot3_autorace_driving' with the following arguments: {'ament_cmake_args': None, 'build_base': '/home/rokey-jw/rokeyracing_ws/build/turtlebot3_autorace_driving', 'catkin_cmake_args': None, 'catkin_skip_building_tests': False, 'cmake_args': None, 'cmake_clean_cache': False, 'cmake_clean_first': False, 'cmake_force_configure': False, 'cmake_target': None, 'cmake_target_skip_unavailable': False, 'install_base': '/home/rokey-jw/rokeyracing_ws/install/turtlebot3_autorace_driving', 'merge_install': False, 'path': '/home/rokey-jw/rokeyracing_ws/src/turtlebot3_autorace_driving', 'symlink_install': False, 'test_result_base': None}[0m
[1.037s] [34mcolcon.colcon_core.verb[0m [1;30mLevel 5[0m set package 'turtlebot3_autorace_mission' build argument 'cmake_args' from command line to 'None'
[1.037s] [34mcolcon.colcon_core.verb[0m [1;30mLevel 5[0m set package 'turtlebot3_autorace_mission' build argument 'cmake_target' from command line to 'None'
[1.037s] [34mcolcon.colcon_core.verb[0m [1;30mLevel 5[0m set package 'turtlebot3_autorace_mission' build argument 'cmake_target_skip_unavailable' from command line to 'False'
[1.037s] [34mcolcon.colcon_core.verb[0m [1;30mLevel 5[0m set package 'turtlebot3_autorace_mission' build argument 'cmake_clean_cache' from command line to 'False'
[1.037s] [34mcolcon.colcon_core.verb[0m [1;30mLevel 5[0m set package 'turtlebot3_autorace_mission' build argument 'cmake_clean_first' from command line to 'False'
[1.037s] [34mcolcon.colcon_core.verb[0m [1;30mLevel 5[0m set package 'turtlebot3_autorace_mission' build argument 'cmake_force_configure' from command line to 'False'
[1.037s] [34mcolcon.colcon_core.verb[0m [1;30mLevel 5[0m set package 'turtlebot3_autorace_mission' build argument 'ament_cmake_args' from command line to 'None'
[1.037s] [34mcolcon.colcon_core.verb[0m [1;30mLevel 5[0m set package 'turtlebot3_autorace_mission' build argument 'catkin_cmake_args' from command line to 'None'
[1.037s] [34mcolcon.colcon_core.verb[0m [1;30mLevel 5[0m set package 'turtlebot3_autorace_mission' build argument 'catkin_skip_building_tests' from command line to 'False'
[1.037s] [34mcolcon.colcon_core.verb[0m [1;30mDEBUG[0m [32mBuilding package 'turtlebot3_autorace_mission' with the following arguments: {'ament_cmake_args': None, 'build_base': '/home/rokey-jw/rokeyracing_ws/build/turtlebot3_autorace_mission', 'catkin_cmake_args': None, 'catkin_skip_building_tests': False, 'cmake_args': None, 'cmake_clean_cache': False, 'cmake_clean_first': False, 'cmake_force_configure': False, 'cmake_target': None, 'cmake_target_skip_unavailable': False, 'install_base': '/home/rokey-jw/rokeyracing_ws/install/turtlebot3_autorace_mission', 'merge_install': False, 'path': '/home/rokey-jw/rokeyracing_ws/src/turtlebot3_autorace_mission', 'symlink_install': False, 'test_result_base': None}[0m
[1.038s] [34mcolcon.colcon_core.verb[0m [1;30mLevel 5[0m set package 'turtlebot3_autorace_tracking' build argument 'cmake_args' from command line to 'None'
[1.038s] [34mcolcon.colcon_core.verb[0m [1;30mLevel 5[0m set package 'turtlebot3_autorace_tracking' build argument 'cmake_target' from command line to 'None'
[1.038s] [34mcolcon.colcon_core.verb[0m [1;30mLevel 5[0m set package 'turtlebot3_autorace_tracking' build argument 'cmake_target_skip_unavailable' from command line to 'False'
[1.038s] [34mcolcon.colcon_core.verb[0m [1;30mLevel 5[0m set package 'turtlebot3_autorace_tracking' build argument 'cmake_clean_cache' from command line to 'False'
[1.038s] [34mcolcon.colcon_core.verb[0m [1;30mLevel 5[0m set package 'turtlebot3_autorace_tracking' build argument 'cmake_clean_first' from command line to 'False'
[1.038s] [34mcolcon.colcon_core.verb[0m [1;30mLevel 5[0m set package 'turtlebot3_autorace_tracking' build argument 'cmake_force_configure' from command line to 'False'
[1.038s] [34mcolcon.colcon_core.verb[0m [1;30mLevel 5[0m set package 'turtlebot3_autorace_tracking' build argument 'ament_cmake_args' from command line to 'None'
[1.038s] [34mcolcon.colcon_core.verb[0m [1;30mLevel 5[0m set package 'turtlebot3_autorace_tracking' build argument 'catkin_cmake_args' from command line to 'None'
[1.038s] [34mcolcon.colcon_core.verb[0m [1;30mLevel 5[0m set package 'turtlebot3_autorace_tracking' build argument 'catkin_skip_building_tests' from command line to 'False'
[1.039s] [34mcolcon.colcon_core.verb[0m [1;30mDEBUG[0m [32mBuilding package 'turtlebot3_autorace_tracking' with the following arguments: {'ament_cmake_args': None, 'build_base': '/home/rokey-jw/rokeyracing_ws/build/turtlebot3_autorace_tracking', 'catkin_cmake_args': None, 'catkin_skip_building_tests': False, 'cmake_args': None, 'cmake_clean_cache': False, 'cmake_clean_first': False, 'cmake_force_configure': False, 'cmake_target': None, 'cmake_target_skip_unavailable': False, 'install_base': '/home/rokey-jw/rokeyracing_ws/install/turtlebot3_autorace_tracking', 'merge_install': False, 'path': '/home/rokey-jw/rokeyracing_ws/src/turtlebot3_autorace_tracking', 'symlink_install': False, 'test_result_base': None}[0m
[1.039s] [34mcolcon.colcon_core.verb[0m [1;30mLevel 5[0m set package 'turtlebot3_teleop' build argument 'cmake_args' from command line to 'None'
[1.039s] [34mcolcon.colcon_core.verb[0m [1;30mLevel 5[0m set package 'turtlebot3_teleop' build argument 'cmake_target' from command line to 'None'
[1.039s] [34mcolcon.colcon_core.verb[0m [1;30mLevel 5[0m set package 'turtlebot3_teleop' build argument 'cmake_target_skip_unavailable' from command line to 'False'
[1.039s] [34mcolcon.colcon_core.verb[0m [1;30mLevel 5[0m set package 'turtlebot3_teleop' build argument 'cmake_clean_cache' from command line to 'False'
[1.039s] [34mcolcon.colcon_core.verb[0m [1;30mLevel 5[0m set package 'turtlebot3_teleop' build argument 'cmake_clean_first' from command line to 'False'
[1.039s] [34mcolcon.colcon_core.verb[0m [1;30mLevel 5[0m set package 'turtlebot3_teleop' build argument 'cmake_force_configure' from command line to 'False'
[1.040s] [34mcolcon.colcon_core.verb[0m [1;30mLevel 5[0m set package 'turtlebot3_teleop' build argument 'ament_cmake_args' from command line to 'None'
[1.040s] [34mcolcon.colcon_core.verb[0m [1;30mLevel 5[0m set package 'turtlebot3_teleop' build argument 'catkin_cmake_args' from command line to 'None'
[1.040s] [34mcolcon.colcon_core.verb[0m [1;30mLevel 5[0m set package 'turtlebot3_teleop' build argument 'catkin_skip_building_tests' from command line to 'False'
[1.040s] [34mcolcon.colcon_core.verb[0m [1;30mDEBUG[0m [32mBuilding package 'turtlebot3_teleop' with the following arguments: {'ament_cmake_args': None, 'build_base': '/home/rokey-jw/rokeyracing_ws/build/turtlebot3_teleop', 'catkin_cmake_args': None, 'catkin_skip_building_tests': False, 'cmake_args': None, 'cmake_clean_cache': False, 'cmake_clean_first': False, 'cmake_force_configure': False, 'cmake_target': None, 'cmake_target_skip_unavailable': False, 'install_base': '/home/rokey-jw/rokeyracing_ws/install/turtlebot3_teleop', 'merge_install': False, 'path': '/home/rokey-jw/rokeyracing_ws/src/turtlebot3_teleop', 'symlink_install': False, 'test_result_base': None}[0m
[1.040s] [34mcolcon.colcon_core.executor[0m [1;30mINFO[0m Executing jobs using 'parallel' executor
[1.042s] [34mcolcon.colcon_parallel_executor.executor.parallel[0m [1;30mDEBUG[0m [32mrun_until_complete[0m
[1.043s] [34mcolcon.colcon_ros.task.ament_python.build[0m [1;30mINFO[0m Building ROS package in '/home/rokey-jw/rokeyracing_ws/src/turtlebot3_autorace_camera' with build type 'ament_python'
[1.043s] [34mcolcon.colcon_core.shell[0m [1;30mLevel 1[0m create_environment_hook('turtlebot3_autorace_camera', 'ament_prefix_path')
[1.050s] [34mcolcon.colcon_core.plugin_system[0m [1;30mINFO[0m Skipping extension 'colcon_core.shell.bat': Not used on non-Windows systems
[1.050s] [34mcolcon.colcon_core.shell[0m [1;30mINFO[0m Creating environment hook '/home/rokey-jw/rokeyracing_ws/install/turtlebot3_autorace_camera/share/turtlebot3_autorace_camera/hook/ament_prefix_path.ps1'
[1.052s] [34mcolcon.colcon_core.shell[0m [1;30mINFO[0m Creating environment descriptor '/home/rokey-jw/rokeyracing_ws/install/turtlebot3_autorace_camera/share/turtlebot3_autorace_camera/hook/ament_prefix_path.dsv'
[1.053s] [34mcolcon.colcon_core.shell[0m [1;30mINFO[0m Creating environment hook '/home/rokey-jw/rokeyracing_ws/install/turtlebot3_autorace_camera/share/turtlebot3_autorace_camera/hook/ament_prefix_path.sh'
[1.055s] [34mcolcon.colcon_core.shell[0m [1;30mINFO[0m Skip shell extension 'powershell' for command environment: Not usable outside of PowerShell
[1.055s] [34mcolcon.colcon_core.shell[0m [1;30mDEBUG[0m [32mSkip shell extension 'dsv' for command environment[0m
[1.066s] [34mcolcon.colcon_ros.task.ament_python.build[0m [1;30mINFO[0m Building ROS package in '/home/rokey-jw/rokeyracing_ws/src/turtlebot3_autorace_detect' with build type 'ament_python'
[1.066s] [34mcolcon.colcon_core.shell[0m [1;30mLevel 1[0m create_environment_hook('turtlebot3_autorace_detect', 'ament_prefix_path')
[1.067s] [34mcolcon.colcon_core.shell[0m [1;30mINFO[0m Creating environment hook '/home/rokey-jw/rokeyracing_ws/install/turtlebot3_autorace_detect/share/turtlebot3_autorace_detect/hook/ament_prefix_path.ps1'
[1.068s] [34mcolcon.colcon_core.shell[0m [1;30mINFO[0m Creating environment descriptor '/home/rokey-jw/rokeyracing_ws/install/turtlebot3_autorace_detect/share/turtlebot3_autorace_detect/hook/ament_prefix_path.dsv'
[1.069s] [34mcolcon.colcon_core.shell[0m [1;30mINFO[0m Creating environment hook '/home/rokey-jw/rokeyracing_ws/install/turtlebot3_autorace_detect/share/turtlebot3_autorace_detect/hook/ament_prefix_path.sh'
[1.070s] [34mcolcon.colcon_core.shell[0m [1;30mINFO[0m Skip shell extension 'powershell' for command environment: Not usable outside of PowerShell
[1.070s] [34mcolcon.colcon_core.shell[0m [1;30mDEBUG[0m [32mSkip shell extension 'dsv' for command environment[0m
[1.080s] [34mcolcon.colcon_ros.task.ament_python.build[0m [1;30mINFO[0m Building ROS package in '/home/rokey-jw/rokeyracing_ws/src/turtlebot3_autorace_driving' with build type 'ament_python'
[1.080s] [34mcolcon.colcon_core.shell[0m [1;30mLevel 1[0m create_environment_hook('turtlebot3_autorace_driving', 'ament_prefix_path')
[1.081s] [34mcolcon.colcon_core.shell[0m [1;30mINFO[0m Creating environment hook '/home/rokey-jw/rokeyracing_ws/install/turtlebot3_autorace_driving/share/turtlebot3_autorace_driving/hook/ament_prefix_path.ps1'
[1.082s] [34mcolcon.colcon_core.shell[0m [1;30mINFO[0m Creating environment descriptor '/home/rokey-jw/rokeyracing_ws/install/turtlebot3_autorace_driving/share/turtlebot3_autorace_driving/hook/ament_prefix_path.dsv'
[1.082s] [34mcolcon.colcon_core.shell[0m [1;30mINFO[0m Creating environment hook '/home/rokey-jw/rokeyracing_ws/install/turtlebot3_autorace_driving/share/turtlebot3_autorace_driving/hook/ament_prefix_path.sh'
[1.083s] [34mcolcon.colcon_core.shell[0m [1;30mINFO[0m Skip shell extension 'powershell' for command environment: Not usable outside of PowerShell
[1.084s] [34mcolcon.colcon_core.shell[0m [1;30mDEBUG[0m [32mSkip shell extension 'dsv' for command environment[0m
[1.093s] [34mcolcon.colcon_ros.task.ament_python.build[0m [1;30mINFO[0m Building ROS package in '/home/rokey-jw/rokeyracing_ws/src/turtlebot3_autorace_mission' with build type 'ament_python'
[1.094s] [34mcolcon.colcon_core.shell[0m [1;30mLevel 1[0m create_environment_hook('turtlebot3_autorace_mission', 'ament_prefix_path')
[1.094s] [34mcolcon.colcon_core.shell[0m [1;30mINFO[0m Creating environment hook '/home/rokey-jw/rokeyracing_ws/install/turtlebot3_autorace_mission/share/turtlebot3_autorace_mission/hook/ament_prefix_path.ps1'
[1.096s] [34mcolcon.colcon_core.shell[0m [1;30mINFO[0m Creating environment descriptor '/home/rokey-jw/rokeyracing_ws/install/turtlebot3_autorace_mission/share/turtlebot3_autorace_mission/hook/ament_prefix_path.dsv'
[1.096s] [34mcolcon.colcon_core.shell[0m [1;30mINFO[0m Creating environment hook '/home/rokey-jw/rokeyracing_ws/install/turtlebot3_autorace_mission/share/turtlebot3_autorace_mission/hook/ament_prefix_path.sh'
[1.097s] [34mcolcon.colcon_core.shell[0m [1;30mINFO[0m Skip shell extension 'powershell' for command environment: Not usable outside of PowerShell
[1.097s] [34mcolcon.colcon_core.shell[0m [1;30mDEBUG[0m [32mSkip shell extension 'dsv' for command environment[0m
[1.107s] [34mcolcon.colcon_ros.task.ament_python.build[0m [1;30mINFO[0m Building ROS package in '/home/rokey-jw/rokeyracing_ws/src/turtlebot3_autorace_tracking' with build type 'ament_python'
[1.108s] [34mcolcon.colcon_core.shell[0m [1;30mLevel 1[0m create_environment_hook('turtlebot3_autorace_tracking', 'ament_prefix_path')
[1.108s] [34mcolcon.colcon_core.shell[0m [1;30mINFO[0m Creating environment hook '/home/rokey-jw/rokeyracing_ws/install/turtlebot3_autorace_tracking/share/turtlebot3_autorace_tracking/hook/ament_prefix_path.ps1'
[1.110s] [34mcolcon.colcon_core.shell[0m [1;30mINFO[0m Creating environment descriptor '/home/rokey-jw/rokeyracing_ws/install/turtlebot3_autorace_tracking/share/turtlebot3_autorace_tracking/hook/ament_prefix_path.dsv'
[1.110s] [34mcolcon.colcon_core.shell[0m [1;30mINFO[0m Creating environment hook '/home/rokey-jw/rokeyracing_ws/install/turtlebot3_autorace_tracking/share/turtlebot3_autorace_tracking/hook/ament_prefix_path.sh'
[1.112s] [34mcolcon.colcon_core.shell[0m [1;30mINFO[0m Skip shell extension 'powershell' for command environment: Not usable outside of PowerShell
[1.112s] [34mcolcon.colcon_core.shell[0m [1;30mDEBUG[0m [32mSkip shell extension 'dsv' for command environment[0m
[1.122s] [34mcolcon.colcon_ros.task.ament_python.build[0m [1;30mINFO[0m Building ROS package in '/home/rokey-jw/rokeyracing_ws/src/turtlebot3_teleop' with build type 'ament_python'
[1.122s] [34mcolcon.colcon_core.shell[0m [1;30mLevel 1[0m create_environment_hook('turtlebot3_teleop', 'ament_prefix_path')
[1.123s] [34mcolcon.colcon_core.shell[0m [1;30mINFO[0m Creating environment hook '/home/rokey-jw/rokeyracing_ws/install/turtlebot3_teleop/share/turtlebot3_teleop/hook/ament_prefix_path.ps1'
[1.124s] [34mcolcon.colcon_core.shell[0m [1;30mINFO[0m Creating environment descriptor '/home/rokey-jw/rokeyracing_ws/install/turtlebot3_teleop/share/turtlebot3_teleop/hook/ament_prefix_path.dsv'
[1.125s] [34mcolcon.colcon_core.shell[0m [1;30mINFO[0m Creating environment hook '/home/rokey-jw/rokeyracing_ws/install/turtlebot3_teleop/share/turtlebot3_teleop/hook/ament_prefix_path.sh'
[1.126s] [34mcolcon.colcon_core.shell[0m [1;30mINFO[0m Skip shell extension 'powershell' for command environment: Not usable outside of PowerShell
[1.126s] [34mcolcon.colcon_core.shell[0m [1;30mDEBUG[0m [32mSkip shell extension 'dsv' for command environment[0m
[1.787s] [34mcolcon.colcon_core.task.python.build[0m [1;30mINFO[0m Building Python package in '/home/rokey-jw/rokeyracing_ws/src/turtlebot3_autorace_camera'
[1.788s] [34mcolcon.colcon_core.shell[0m [1;30mINFO[0m Skip shell extension 'powershell' for command environment: Not usable outside of PowerShell
[1.788s] [34mcolcon.colcon_core.shell[0m [1;30mDEBUG[0m [32mSkip shell extension 'dsv' for command environment[0m
[2.480s] [34mcolcon.colcon_core.task.python.build[0m [1;30mINFO[0m Building Python package in '/home/rokey-jw/rokeyracing_ws/src/turtlebot3_autorace_detect'
[2.482s] [34mcolcon.colcon_core.shell[0m [1;30mINFO[0m Skip shell extension 'powershell' for command environment: Not usable outside of PowerShell
[2.482s] [34mcolcon.colcon_core.shell[0m [1;30mDEBUG[0m [32mSkip shell extension 'dsv' for command environment[0m
[3.166s] [34mcolcon.colcon_core.task.python.build[0m [1;30mINFO[0m Building Python package in '/home/rokey-jw/rokeyracing_ws/src/turtlebot3_autorace_driving'
[3.168s] [34mcolcon.colcon_core.shell[0m [1;30mINFO[0m Skip shell extension 'powershell' for command environment: Not usable outside of PowerShell
[3.168s] [34mcolcon.colcon_core.shell[0m [1;30mDEBUG[0m [32mSkip shell extension 'dsv' for command environment[0m
[3.848s] [34mcolcon.colcon_core.task.python.build[0m [1;30mINFO[0m Building Python package in '/home/rokey-jw/rokeyracing_ws/src/turtlebot3_autorace_mission'
[3.849s] [34mcolcon.colcon_core.shell[0m [1;30mINFO[0m Skip shell extension 'powershell' for command environment: Not usable outside of PowerShell
[3.849s] [34mcolcon.colcon_core.shell[0m [1;30mDEBUG[0m [32mSkip shell extension 'dsv' for command environment[0m
[4.531s] [34mcolcon.colcon_core.task.python.build[0m [1;30mINFO[0m Building Python package in '/home/rokey-jw/rokeyracing_ws/src/turtlebot3_autorace_tracking'
[4.532s] [34mcolcon.colcon_core.shell[0m [1;30mINFO[0m Skip shell extension 'powershell' for command environment: Not usable outside of PowerShell
[4.532s] [34mcolcon.colcon_core.shell[0m [1;30mDEBUG[0m [32mSkip shell extension 'dsv' for command environment[0m
[5.223s] [34mcolcon.colcon_core.task.python.build[0m [1;30mINFO[0m Building Python package in '/home/rokey-jw/rokeyracing_ws/src/turtlebot3_teleop'
[5.224s] [34mcolcon.colcon_core.shell[0m [1;30mINFO[0m Skip shell extension 'powershell' for command environment: Not usable outside of PowerShell
[5.224s] [34mcolcon.colcon_core.shell[0m [1;30mDEBUG[0m [32mSkip shell extension 'dsv' for command environment[0m
[6.336s] [34mcolcon.colcon_core.event_handler.log_command[0m [1;30mDEBUG[0m [32mInvoking command in '/home/rokey-jw/rokeyracing_ws/src/turtlebot3_autorace_detect': PYTHONPATH=/home/rokey-jw/rokeyracing_ws/build/turtlebot3_autorace_detect/prefix_override:/usr/lib/python3/dist-packages/colcon_core/task/python/colcon_distutils_commands:/home/rokey-jw/rokeyracing_ws/install/turtlebot3_autorace_detect/lib/python3.10/site-packages:${PYTHONPATH} /usr/bin/python3 -W ignore:setup.py install is deprecated -W ignore:easy_install command is deprecated setup.py egg_info --egg-base ../../build/turtlebot3_autorace_detect build --build-base /home/rokey-jw/rokeyracing_ws/build/turtlebot3_autorace_detect/build install --record /home/rokey-jw/rokeyracing_ws/build/turtlebot3_autorace_detect/install.log --single-version-externally-managed install_data[0m
[6.361s] [34mcolcon.colcon_core.event_handler.log_command[0m [1;30mDEBUG[0m [32mInvoking command in '/home/rokey-jw/rokeyracing_ws/src/turtlebot3_autorace_driving': PYTHONPATH=/home/rokey-jw/rokeyracing_ws/build/turtlebot3_autorace_driving/prefix_override:/usr/lib/python3/dist-packages/colcon_core/task/python/colcon_distutils_commands:/home/rokey-jw/rokeyracing_ws/install/turtlebot3_autorace_driving/lib/python3.10/site-packages:${PYTHONPATH} /usr/bin/python3 -W ignore:setup.py install is deprecated -W ignore:easy_install command is deprecated setup.py egg_info --egg-base ../../build/turtlebot3_autorace_driving build --build-base /home/rokey-jw/rokeyracing_ws/build/turtlebot3_autorace_driving/build install --record /home/rokey-jw/rokeyracing_ws/build/turtlebot3_autorace_driving/install.log --single-version-externally-managed install_data[0m
[6.369s] [34mcolcon.colcon_core.event_handler.log_command[0m [1;30mDEBUG[0m [32mInvoking command in '/home/rokey-jw/rokeyracing_ws/src/turtlebot3_autorace_camera': PYTHONPATH=/home/rokey-jw/rokeyracing_ws/build/turtlebot3_autorace_camera/prefix_override:/usr/lib/python3/dist-packages/colcon_core/task/python/colcon_distutils_commands:/home/rokey-jw/rokeyracing_ws/install/turtlebot3_autorace_camera/lib/python3.10/site-packages:${PYTHONPATH} /usr/bin/python3 -W ignore:setup.py install is deprecated -W ignore:easy_install command is deprecated setup.py egg_info --egg-base ../../build/turtlebot3_autorace_camera build --build-base /home/rokey-jw/rokeyracing_ws/build/turtlebot3_autorace_camera/build install --record /home/rokey-jw/rokeyracing_ws/build/turtlebot3_autorace_camera/install.log --single-version-externally-managed install_data[0m
[6.389s] [34mcolcon.colcon_core.event_handler.log_command[0m [1;30mDEBUG[0m [32mInvoking command in '/home/rokey-jw/rokeyracing_ws/src/turtlebot3_autorace_mission': PYTHONPATH=/home/rokey-jw/rokeyracing_ws/build/turtlebot3_autorace_mission/prefix_override:/usr/lib/python3/dist-packages/colcon_core/task/python/colcon_distutils_commands:/home/rokey-jw/rokeyracing_ws/install/turtlebot3_autorace_mission/lib/python3.10/site-packages:${PYTHONPATH} /usr/bin/python3 -W ignore:setup.py install is deprecated -W ignore:easy_install command is deprecated setup.py egg_info --egg-base ../../build/turtlebot3_autorace_mission build --build-base /home/rokey-jw/rokeyracing_ws/build/turtlebot3_autorace_mission/build install --record /home/rokey-jw/rokeyracing_ws/build/turtlebot3_autorace_mission/install.log --single-version-externally-managed install_data[0m
[6.402s] [34mcolcon.colcon_core.event_handler.log_command[0m [1;30mDEBUG[0m [32mInvoking command in '/home/rokey-jw/rokeyracing_ws/src/turtlebot3_autorace_tracking': PYTHONPATH=/home/rokey-jw/rokeyracing_ws/build/turtlebot3_autorace_tracking/prefix_override:/usr/lib/python3/dist-packages/colcon_core/task/python/colcon_distutils_commands:/home/rokey-jw/rokeyracing_ws/install/turtlebot3_autorace_tracking/lib/python3.10/site-packages:${PYTHONPATH} /usr/bin/python3 -W ignore:setup.py install is deprecated -W ignore:easy_install command is deprecated setup.py egg_info --egg-base ../../build/turtlebot3_autorace_tracking build --build-base /home/rokey-jw/rokeyracing_ws/build/turtlebot3_autorace_tracking/build install --record /home/rokey-jw/rokeyracing_ws/build/turtlebot3_autorace_tracking/install.log --single-version-externally-managed install_data[0m
[6.446s] [34mcolcon.colcon_core.event_handler.log_command[0m [1;30mDEBUG[0m [32mInvoking command in '/home/rokey-jw/rokeyracing_ws/src/turtlebot3_teleop': PYTHONPATH=/home/rokey-jw/rokeyracing_ws/build/turtlebot3_teleop/prefix_override:/usr/lib/python3/dist-packages/colcon_core/task/python/colcon_distutils_commands:/home/rokey-jw/rokeyracing_ws/install/turtlebot3_teleop/lib/python3.10/site-packages:${PYTHONPATH} /usr/bin/python3 -W ignore:setup.py install is deprecated -W ignore:easy_install command is deprecated setup.py egg_info --egg-base ../../build/turtlebot3_teleop build --build-base /home/rokey-jw/rokeyracing_ws/build/turtlebot3_teleop/build install --record /home/rokey-jw/rokeyracing_ws/build/turtlebot3_teleop/install.log --single-version-externally-managed install_data[0m
[7.184s] [34mcolcon.colcon_core.event_handler.log_command[0m [1;30mDEBUG[0m [32mInvoked command in '/home/rokey-jw/rokeyracing_ws/src/turtlebot3_autorace_camera' returned '0': PYTHONPATH=/home/rokey-jw/rokeyracing_ws/build/turtlebot3_autorace_camera/prefix_override:/usr/lib/python3/dist-packages/colcon_core/task/python/colcon_distutils_commands:/home/rokey-jw/rokeyracing_ws/install/turtlebot3_autorace_camera/lib/python3.10/site-packages:${PYTHONPATH} /usr/bin/python3 -W ignore:setup.py install is deprecated -W ignore:easy_install command is deprecated setup.py egg_info --egg-base ../../build/turtlebot3_autorace_camera build --build-base /home/rokey-jw/rokeyracing_ws/build/turtlebot3_autorace_camera/build install --record /home/rokey-jw/rokeyracing_ws/build/turtlebot3_autorace_camera/install.log --single-version-externally-managed install_data[0m
[7.202s] [34mcolcon.colcon_core.environment[0m [1;30mLevel 1[0m checking '/home/rokey-jw/rokeyracing_ws/install/turtlebot3_autorace_camera' for CMake module files
[7.204s] [34mcolcon.colcon_core.environment[0m [1;30mLevel 1[0m checking '/home/rokey-jw/rokeyracing_ws/install/turtlebot3_autorace_camera' for CMake config files
[7.211s] [34mcolcon.colcon_core.environment[0m [1;30mLevel 1[0m checking '/home/rokey-jw/rokeyracing_ws/install/turtlebot3_autorace_camera/lib'
[7.212s] [34mcolcon.colcon_core.environment[0m [1;30mLevel 1[0m checking '/home/rokey-jw/rokeyracing_ws/install/turtlebot3_autorace_camera/bin'
[7.212s] [34mcolcon.colcon_core.environment[0m [1;30mLevel 1[0m checking '/home/rokey-jw/rokeyracing_ws/install/turtlebot3_autorace_camera/lib/pkgconfig/turtlebot3_autorace_camera.pc'
[7.214s] [34mcolcon.colcon_core.environment[0m [1;30mLevel 1[0m checking '/home/rokey-jw/rokeyracing_ws/install/turtlebot3_autorace_camera/lib/python3.10/site-packages'
[7.214s] [34mcolcon.colcon_core.shell[0m [1;30mLevel 1[0m create_environment_hook('turtlebot3_autorace_camera', 'pythonpath')
[7.215s] [34mcolcon.colcon_core.shell[0m [1;30mINFO[0m Creating environment hook '/home/rokey-jw/rokeyracing_ws/install/turtlebot3_autorace_camera/share/turtlebot3_autorace_camera/hook/pythonpath.ps1'
[7.218s] [34mcolcon.colcon_core.shell[0m [1;30mINFO[0m Creating environment descriptor '/home/rokey-jw/rokeyracing_ws/install/turtlebot3_autorace_camera/share/turtlebot3_autorace_camera/hook/pythonpath.dsv'
[7.220s] [34mcolcon.colcon_core.shell[0m [1;30mINFO[0m Creating environment hook '/home/rokey-jw/rokeyracing_ws/install/turtlebot3_autorace_camera/share/turtlebot3_autorace_camera/hook/pythonpath.sh'
[7.222s] [34mcolcon.colcon_core.environment[0m [1;30mLevel 1[0m checking '/home/rokey-jw/rokeyracing_ws/install/turtlebot3_autorace_camera/bin'
[7.222s] [34mcolcon.colcon_core.environment[0m [1;30mLevel 1[0m create_environment_scripts_only(turtlebot3_autorace_camera)
[7.224s] [34mcolcon.colcon_core.shell[0m [1;30mINFO[0m Creating package script '/home/rokey-jw/rokeyracing_ws/install/turtlebot3_autorace_camera/share/turtlebot3_autorace_camera/package.ps1'
[7.228s] [34mcolcon.colcon_core.shell[0m [1;30mINFO[0m Creating package descriptor '/home/rokey-jw/rokeyracing_ws/install/turtlebot3_autorace_camera/share/turtlebot3_autorace_camera/package.dsv'
[7.230s] [34mcolcon.colcon_core.shell[0m [1;30mINFO[0m Creating package script '/home/rokey-jw/rokeyracing_ws/install/turtlebot3_autorace_camera/share/turtlebot3_autorace_camera/package.sh'
[7.232s] [34mcolcon.colcon_core.shell[0m [1;30mINFO[0m Creating package script '/home/rokey-jw/rokeyracing_ws/install/turtlebot3_autorace_camera/share/turtlebot3_autorace_camera/package.bash'
[7.234s] [34mcolcon.colcon_core.shell[0m [1;30mINFO[0m Creating package script '/home/rokey-jw/rokeyracing_ws/install/turtlebot3_autorace_camera/share/turtlebot3_autorace_camera/package.zsh'
[7.236s] [34mcolcon.colcon_core.environment[0m [1;30mLevel 1[0m create_file_with_runtime_dependencies(/home/rokey-jw/rokeyracing_ws/install/turtlebot3_autorace_camera/share/colcon-core/packages/turtlebot3_autorace_camera)
[7.241s] [34mcolcon.colcon_core.environment[0m [1;30mLevel 1[0m checking '/home/rokey-jw/rokeyracing_ws/install/turtlebot3_autorace_detect' for CMake module files
[7.242s] [34mcolcon.colcon_core.event_handler.log_command[0m [1;30mDEBUG[0m [32mInvoked command in '/home/rokey-jw/rokeyracing_ws/src/turtlebot3_autorace_detect' returned '0': PYTHONPATH=/home/rokey-jw/rokeyracing_ws/build/turtlebot3_autorace_detect/prefix_override:/usr/lib/python3/dist-packages/colcon_core/task/python/colcon_distutils_commands:/home/rokey-jw/rokeyracing_ws/install/turtlebot3_autorace_detect/lib/python3.10/site-packages:${PYTHONPATH} /usr/bin/python3 -W ignore:setup.py install is deprecated -W ignore:easy_install command is deprecated setup.py egg_info --egg-base ../../build/turtlebot3_autorace_detect build --build-base /home/rokey-jw/rokeyracing_ws/build/turtlebot3_autorace_detect/build install --record /home/rokey-jw/rokeyracing_ws/build/turtlebot3_autorace_detect/install.log --single-version-externally-managed install_data[0m
[7.243s] [34mcolcon.colcon_core.environment[0m [1;30mLevel 1[0m checking '/home/rokey-jw/rokeyracing_ws/install/turtlebot3_autorace_detect' for CMake config files
[7.246s] [34mcolcon.colcon_core.environment[0m [1;30mLevel 1[0m checking '/home/rokey-jw/rokeyracing_ws/install/turtlebot3_autorace_detect/lib'
[7.246s] [34mcolcon.colcon_core.environment[0m [1;30mLevel 1[0m checking '/home/rokey-jw/rokeyracing_ws/install/turtlebot3_autorace_detect/bin'
[7.246s] [34mcolcon.colcon_core.environment[0m [1;30mLevel 1[0m checking '/home/rokey-jw/rokeyracing_ws/install/turtlebot3_autorace_detect/lib/pkgconfig/turtlebot3_autorace_detect.pc'
[7.247s] [34mcolcon.colcon_core.environment[0m [1;30mLevel 1[0m checking '/home/rokey-jw/rokeyracing_ws/install/turtlebot3_autorace_detect/lib/python3.10/site-packages'
[7.247s] [34mcolcon.colcon_core.shell[0m [1;30mLevel 1[0m create_environment_hook('turtlebot3_autorace_detect', 'pythonpath')
[7.248s] [34mcolcon.colcon_core.shell[0m [1;30mINFO[0m Creating environment hook '/home/rokey-jw/rokeyracing_ws/install/turtlebot3_autorace_detect/share/turtlebot3_autorace_detect/hook/pythonpath.ps1'
[7.250s] [34mcolcon.colcon_core.shell[0m [1;30mINFO[0m Creating environment descriptor '/home/rokey-jw/rokeyracing_ws/install/turtlebot3_autorace_detect/share/turtlebot3_autorace_detect/hook/pythonpath.dsv'
[7.251s] [34mcolcon.colcon_core.shell[0m [1;30mINFO[0m Creating environment hook '/home/rokey-jw/rokeyracing_ws/install/turtlebot3_autorace_detect/share/turtlebot3_autorace_detect/hook/pythonpath.sh'
[7.253s] [34mcolcon.colcon_core.environment[0m [1;30mLevel 1[0m checking '/home/rokey-jw/rokeyracing_ws/install/turtlebot3_autorace_detect/bin'
[7.254s] [34mcolcon.colcon_core.environment[0m [1;30mLevel 1[0m create_environment_scripts_only(turtlebot3_autorace_detect)
[7.255s] [34mcolcon.colcon_core.shell[0m [1;30mINFO[0m Creating package script '/home/rokey-jw/rokeyracing_ws/install/turtlebot3_autorace_detect/share/turtlebot3_autorace_detect/package.ps1'
[7.257s] [34mcolcon.colcon_core.shell[0m [1;30mINFO[0m Creating package descriptor '/home/rokey-jw/rokeyracing_ws/install/turtlebot3_autorace_detect/share/turtlebot3_autorace_detect/package.dsv'
[7.259s] [34mcolcon.colcon_core.shell[0m [1;30mINFO[0m Creating package script '/home/rokey-jw/rokeyracing_ws/install/turtlebot3_autorace_detect/share/turtlebot3_autorace_detect/package.sh'
[7.260s] [34mcolcon.colcon_core.shell[0m [1;30mINFO[0m Creating package script '/home/rokey-jw/rokeyracing_ws/install/turtlebot3_autorace_detect/share/turtlebot3_autorace_detect/package.bash'
[7.261s] [34mcolcon.colcon_core.shell[0m [1;30mINFO[0m Creating package script '/home/rokey-jw/rokeyracing_ws/install/turtlebot3_autorace_detect/share/turtlebot3_autorace_detect/package.zsh'
[7.262s] [34mcolcon.colcon_core.environment[0m [1;30mLevel 1[0m create_file_with_runtime_dependencies(/home/rokey-jw/rokeyracing_ws/install/turtlebot3_autorace_detect/share/colcon-core/packages/turtlebot3_autorace_detect)
[7.289s] [34mcolcon.colcon_core.environment[0m [1;30mLevel 1[0m checking '/home/rokey-jw/rokeyracing_ws/install/turtlebot3_autorace_driving' for CMake module files
[7.290s] [34mcolcon.colcon_core.event_handler.log_command[0m [1;30mDEBUG[0m [32mInvoked command in '/home/rokey-jw/rokeyracing_ws/src/turtlebot3_autorace_driving' returned '0': PYTHONPATH=/home/rokey-jw/rokeyracing_ws/build/turtlebot3_autorace_driving/prefix_override:/usr/lib/python3/dist-packages/colcon_core/task/python/colcon_distutils_commands:/home/rokey-jw/rokeyracing_ws/install/turtlebot3_autorace_driving/lib/python3.10/site-packages:${PYTHONPATH} /usr/bin/python3 -W ignore:setup.py install is deprecated -W ignore:easy_install command is deprecated setup.py egg_info --egg-base ../../build/turtlebot3_autorace_driving build --build-base /home/rokey-jw/rokeyracing_ws/build/turtlebot3_autorace_driving/build install --record /home/rokey-jw/rokeyracing_ws/build/turtlebot3_autorace_driving/install.log --single-version-externally-managed install_data[0m
[7.291s] [34mcolcon.colcon_core.environment[0m [1;30mLevel 1[0m checking '/home/rokey-jw/rokeyracing_ws/install/turtlebot3_autorace_driving' for CMake config files
[7.293s] [34mcolcon.colcon_core.environment[0m [1;30mLevel 1[0m checking '/home/rokey-jw/rokeyracing_ws/install/turtlebot3_autorace_driving/lib'
[7.293s] [34mcolcon.colcon_core.environment[0m [1;30mLevel 1[0m checking '/home/rokey-jw/rokeyracing_ws/install/turtlebot3_autorace_driving/bin'
[7.293s] [34mcolcon.colcon_core.environment[0m [1;30mLevel 1[0m checking '/home/rokey-jw/rokeyracing_ws/install/turtlebot3_autorace_driving/lib/pkgconfig/turtlebot3_autorace_driving.pc'
[7.294s] [34mcolcon.colcon_core.environment[0m [1;30mLevel 1[0m checking '/home/rokey-jw/rokeyracing_ws/install/turtlebot3_autorace_driving/lib/python3.10/site-packages'
[7.294s] [34mcolcon.colcon_core.shell[0m [1;30mLevel 1[0m create_environment_hook('turtlebot3_autorace_driving', 'pythonpath')
[7.294s] [34mcolcon.colcon_core.shell[0m [1;30mINFO[0m Creating environment hook '/home/rokey-jw/rokeyracing_ws/install/turtlebot3_autorace_driving/share/turtlebot3_autorace_driving/hook/pythonpath.ps1'
[7.296s] [34mcolcon.colcon_core.shell[0m [1;30mINFO[0m Creating environment descriptor '/home/rokey-jw/rokeyracing_ws/install/turtlebot3_autorace_driving/share/turtlebot3_autorace_driving/hook/pythonpath.dsv'
[7.296s] [34mcolcon.colcon_core.shell[0m [1;30mINFO[0m Creating environment hook '/home/rokey-jw/rokeyracing_ws/install/turtlebot3_autorace_driving/share/turtlebot3_autorace_driving/hook/pythonpath.sh'
[7.305s] [34mcolcon.colcon_core.environment[0m [1;30mLevel 1[0m checking '/home/rokey-jw/rokeyracing_ws/install/turtlebot3_autorace_driving/bin'
[7.305s] [34mcolcon.colcon_core.environment[0m [1;30mLevel 1[0m create_environment_scripts_only(turtlebot3_autorace_driving)
[7.306s] [34mcolcon.colcon_core.shell[0m [1;30mINFO[0m Creating package script '/home/rokey-jw/rokeyracing_ws/install/turtlebot3_autorace_driving/share/turtlebot3_autorace_driving/package.ps1'
[7.309s] [34mcolcon.colcon_core.shell[0m [1;30mINFO[0m Creating package descriptor '/home/rokey-jw/rokeyracing_ws/install/turtlebot3_autorace_driving/share/turtlebot3_autorace_driving/package.dsv'
[7.310s] [34mcolcon.colcon_core.shell[0m [1;30mINFO[0m Creating package script '/home/rokey-jw/rokeyracing_ws/install/turtlebot3_autorace_driving/share/turtlebot3_autorace_driving/package.sh'
[7.311s] [34mcolcon.colcon_core.shell[0m [1;30mINFO[0m Creating package script '/home/rokey-jw/rokeyracing_ws/install/turtlebot3_autorace_driving/share/turtlebot3_autorace_driving/package.bash'
[7.312s] [34mcolcon.colcon_core.shell[0m [1;30mINFO[0m Creating package script '/home/rokey-jw/rokeyracing_ws/install/turtlebot3_autorace_driving/share/turtlebot3_autorace_driving/package.zsh'
[7.313s] [34mcolcon.colcon_core.environment[0m [1;30mLevel 1[0m create_file_with_runtime_dependencies(/home/rokey-jw/rokeyracing_ws/install/turtlebot3_autorace_driving/share/colcon-core/packages/turtlebot3_autorace_driving)
[7.317s] [34mcolcon.colcon_core.environment[0m [1;30mLevel 1[0m checking '/home/rokey-jw/rokeyracing_ws/install/turtlebot3_autorace_tracking' for CMake module files
[7.318s] [34mcolcon.colcon_core.event_handler.log_command[0m [1;30mDEBUG[0m [32mInvoked command in '/home/rokey-jw/rokeyracing_ws/src/turtlebot3_autorace_tracking' returned '0': PYTHONPATH=/home/rokey-jw/rokeyracing_ws/build/turtlebot3_autorace_tracking/prefix_override:/usr/lib/python3/dist-packages/colcon_core/task/python/colcon_distutils_commands:/home/rokey-jw/rokeyracing_ws/install/turtlebot3_autorace_tracking/lib/python3.10/site-packages:${PYTHONPATH} /usr/bin/python3 -W ignore:setup.py install is deprecated -W ignore:easy_install command is deprecated setup.py egg_info --egg-base ../../build/turtlebot3_autorace_tracking build --build-base /home/rokey-jw/rokeyracing_ws/build/turtlebot3_autorace_tracking/build install --record /home/rokey-jw/rokeyracing_ws/build/turtlebot3_autorace_tracking/install.log --single-version-externally-managed install_data[0m
[7.319s] [34mcolcon.colcon_core.environment[0m [1;30mLevel 1[0m checking '/home/rokey-jw/rokeyracing_ws/install/turtlebot3_autorace_tracking' for CMake config files
[7.321s] [34mcolcon.colcon_core.environment[0m [1;30mLevel 1[0m checking '/home/rokey-jw/rokeyracing_ws/install/turtlebot3_autorace_tracking/lib'
[7.322s] [34mcolcon.colcon_core.environment[0m [1;30mLevel 1[0m checking '/home/rokey-jw/rokeyracing_ws/install/turtlebot3_autorace_tracking/bin'
[7.322s] [34mcolcon.colcon_core.environment[0m [1;30mLevel 1[0m checking '/home/rokey-jw/rokeyracing_ws/install/turtlebot3_autorace_tracking/lib/pkgconfig/turtlebot3_autorace_tracking.pc'
[7.322s] [34mcolcon.colcon_core.environment[0m [1;30mLevel 1[0m checking '/home/rokey-jw/rokeyracing_ws/install/turtlebot3_autorace_tracking/lib/python3.10/site-packages'
[7.323s] [34mcolcon.colcon_core.shell[0m [1;30mLevel 1[0m create_environment_hook('turtlebot3_autorace_tracking', 'pythonpath')
[7.323s] [34mcolcon.colcon_core.shell[0m [1;30mINFO[0m Creating environment hook '/home/rokey-jw/rokeyracing_ws/install/turtlebot3_autorace_tracking/share/turtlebot3_autorace_tracking/hook/pythonpath.ps1'
[7.324s] [34mcolcon.colcon_core.shell[0m [1;30mINFO[0m Creating environment descriptor '/home/rokey-jw/rokeyracing_ws/install/turtlebot3_autorace_tracking/share/turtlebot3_autorace_tracking/hook/pythonpath.dsv'
[7.325s] [34mcolcon.colcon_core.shell[0m [1;30mINFO[0m Creating environment hook '/home/rokey-jw/rokeyracing_ws/install/turtlebot3_autorace_tracking/share/turtlebot3_autorace_tracking/hook/pythonpath.sh'
[7.326s] [34mcolcon.colcon_core.environment[0m [1;30mLevel 1[0m checking '/home/rokey-jw/rokeyracing_ws/install/turtlebot3_autorace_tracking/bin'
[7.326s] [34mcolcon.colcon_core.environment[0m [1;30mLevel 1[0m create_environment_scripts_only(turtlebot3_autorace_tracking)
[7.327s] [34mcolcon.colcon_core.shell[0m [1;30mINFO[0m Creating package script '/home/rokey-jw/rokeyracing_ws/install/turtlebot3_autorace_tracking/share/turtlebot3_autorace_tracking/package.ps1'
[7.328s] [34mcolcon.colcon_core.shell[0m [1;30mINFO[0m Creating package descriptor '/home/rokey-jw/rokeyracing_ws/install/turtlebot3_autorace_tracking/share/turtlebot3_autorace_tracking/package.dsv'
[7.329s] [34mcolcon.colcon_core.shell[0m [1;30mINFO[0m Creating package script '/home/rokey-jw/rokeyracing_ws/install/turtlebot3_autorace_tracking/share/turtlebot3_autorace_tracking/package.sh'
[7.330s] [34mcolcon.colcon_core.shell[0m [1;30mINFO[0m Creating package script '/home/rokey-jw/rokeyracing_ws/install/turtlebot3_autorace_tracking/share/turtlebot3_autorace_tracking/package.bash'
[7.331s] [34mcolcon.colcon_core.shell[0m [1;30mINFO[0m Creating package script '/home/rokey-jw/rokeyracing_ws/install/turtlebot3_autorace_tracking/share/turtlebot3_autorace_tracking/package.zsh'
[7.332s] [34mcolcon.colcon_core.environment[0m [1;30mLevel 1[0m create_file_with_runtime_dependencies(/home/rokey-jw/rokeyracing_ws/install/turtlebot3_autorace_tracking/share/colcon-core/packages/turtlebot3_autorace_tracking)
[7.335s] [34mcolcon.colcon_core.environment[0m [1;30mLevel 1[0m checking '/home/rokey-jw/rokeyracing_ws/install/turtlebot3_autorace_mission' for CMake module files
[7.337s] [34mcolcon.colcon_core.event_handler.log_command[0m [1;30mDEBUG[0m [32mInvoked command in '/home/rokey-jw/rokeyracing_ws/src/turtlebot3_autorace_mission' returned '0': PYTHONPATH=/home/rokey-jw/rokeyracing_ws/build/turtlebot3_autorace_mission/prefix_override:/usr/lib/python3/dist-packages/colcon_core/task/python/colcon_distutils_commands:/home/rokey-jw/rokeyracing_ws/install/turtlebot3_autorace_mission/lib/python3.10/site-packages:${PYTHONPATH} /usr/bin/python3 -W ignore:setup.py install is deprecated -W ignore:easy_install command is deprecated setup.py egg_info --egg-base ../../build/turtlebot3_autorace_mission build --build-base /home/rokey-jw/rokeyracing_ws/build/turtlebot3_autorace_mission/build install --record /home/rokey-jw/rokeyracing_ws/build/turtlebot3_autorace_mission/install.log --single-version-externally-managed install_data[0m
[7.338s] [34mcolcon.colcon_core.environment[0m [1;30mLevel 1[0m checking '/home/rokey-jw/rokeyracing_ws/install/turtlebot3_autorace_mission' for CMake config files
[7.340s] [34mcolcon.colcon_core.environment[0m [1;30mLevel 1[0m checking '/home/rokey-jw/rokeyracing_ws/install/turtlebot3_autorace_mission/lib'
[7.340s] [34mcolcon.colcon_core.environment[0m [1;30mLevel 1[0m checking '/home/rokey-jw/rokeyracing_ws/install/turtlebot3_autorace_mission/bin'
[7.340s] [34mcolcon.colcon_core.environment[0m [1;30mLevel 1[0m checking '/home/rokey-jw/rokeyracing_ws/install/turtlebot3_autorace_mission/lib/pkgconfig/turtlebot3_autorace_mission.pc'
[7.341s] [34mcolcon.colcon_core.environment[0m [1;30mLevel 1[0m checking '/home/rokey-jw/rokeyracing_ws/install/turtlebot3_autorace_mission/lib/python3.10/site-packages'
[7.341s] [34mcolcon.colcon_core.shell[0m [1;30mLevel 1[0m create_environment_hook('turtlebot3_autorace_mission', 'pythonpath')
[7.342s] [34mcolcon.colcon_core.shell[0m [1;30mINFO[0m Creating environment hook '/home/rokey-jw/rokeyracing_ws/install/turtlebot3_autorace_mission/share/turtlebot3_autorace_mission/hook/pythonpath.ps1'
[7.343s] [34mcolcon.colcon_core.shell[0m [1;30mINFO[0m Creating environment descriptor '/home/rokey-jw/rokeyracing_ws/install/turtlebot3_autorace_mission/share/turtlebot3_autorace_mission/hook/pythonpath.dsv'
[7.343s] [34mcolcon.colcon_core.shell[0m [1;30mINFO[0m Creating environment hook '/home/rokey-jw/rokeyracing_ws/install/turtlebot3_autorace_mission/share/turtlebot3_autorace_mission/hook/pythonpath.sh'
[7.345s] [34mcolcon.colcon_core.environment[0m [1;30mLevel 1[0m checking '/home/rokey-jw/rokeyracing_ws/install/turtlebot3_autorace_mission/bin'
[7.345s] [34mcolcon.colcon_core.environment[0m [1;30mLevel 1[0m create_environment_scripts_only(turtlebot3_autorace_mission)
[7.346s] [34mcolcon.colcon_core.shell[0m [1;30mINFO[0m Creating package script '/home/rokey-jw/rokeyracing_ws/install/turtlebot3_autorace_mission/share/turtlebot3_autorace_mission/package.ps1'
[7.347s] [34mcolcon.colcon_core.shell[0m [1;30mINFO[0m Creating package descriptor '/home/rokey-jw/rokeyracing_ws/install/turtlebot3_autorace_mission/share/turtlebot3_autorace_mission/package.dsv'
[7.347s] [34mcolcon.colcon_core.shell[0m [1;30mINFO[0m Creating package script '/home/rokey-jw/rokeyracing_ws/install/turtlebot3_autorace_mission/share/turtlebot3_autorace_mission/package.sh'
[7.348s] [34mcolcon.colcon_core.shell[0m [1;30mINFO[0m Creating package script '/home/rokey-jw/rokeyracing_ws/install/turtlebot3_autorace_mission/share/turtlebot3_autorace_mission/package.bash'
[7.349s] [34mcolcon.colcon_core.shell[0m [1;30mINFO[0m Creating package script '/home/rokey-jw/rokeyracing_ws/install/turtlebot3_autorace_mission/share/turtlebot3_autorace_mission/package.zsh'
[7.350s] [34mcolcon.colcon_core.environment[0m [1;30mLevel 1[0m create_file_with_runtime_dependencies(/home/rokey-jw/rokeyracing_ws/install/turtlebot3_autorace_mission/share/colcon-core/packages/turtlebot3_autorace_mission)
[7.366s] [34mcolcon.colcon_core.environment[0m [1;30mLevel 1[0m checking '/home/rokey-jw/rokeyracing_ws/install/turtlebot3_teleop' for CMake module files
[7.368s] [34mcolcon.colcon_core.event_handler.log_command[0m [1;30mDEBUG[0m [32mInvoked command in '/home/rokey-jw/rokeyracing_ws/src/turtlebot3_teleop' returned '0': PYTHONPATH=/home/rokey-jw/rokeyracing_ws/build/turtlebot3_teleop/prefix_override:/usr/lib/python3/dist-packages/colcon_core/task/python/colcon_distutils_commands:/home/rokey-jw/rokeyracing_ws/install/turtlebot3_teleop/lib/python3.10/site-packages:${PYTHONPATH} /usr/bin/python3 -W ignore:setup.py install is deprecated -W ignore:easy_install command is deprecated setup.py egg_info --egg-base ../../build/turtlebot3_teleop build --build-base /home/rokey-jw/rokeyracing_ws/build/turtlebot3_teleop/build install --record /home/rokey-jw/rokeyracing_ws/build/turtlebot3_teleop/install.log --single-version-externally-managed install_data[0m
[7.369s] [34mcolcon.colcon_core.environment[0m [1;30mLevel 1[0m checking '/home/rokey-jw/rokeyracing_ws/install/turtlebot3_teleop' for CMake config files
[7.371s] [34mcolcon.colcon_core.environment[0m [1;30mLevel 1[0m checking '/home/rokey-jw/rokeyracing_ws/install/turtlebot3_teleop/lib'
[7.371s] [34mcolcon.colcon_core.environment[0m [1;30mLevel 1[0m checking '/home/rokey-jw/rokeyracing_ws/install/turtlebot3_teleop/bin'
[7.371s] [34mcolcon.colcon_core.environment[0m [1;30mLevel 1[0m checking '/home/rokey-jw/rokeyracing_ws/install/turtlebot3_teleop/lib/pkgconfig/turtlebot3_teleop.pc'
[7.372s] [34mcolcon.colcon_core.environment[0m [1;30mLevel 1[0m checking '/home/rokey-jw/rokeyracing_ws/install/turtlebot3_teleop/lib/python3.10/site-packages'
[7.372s] [34mcolcon.colcon_core.shell[0m [1;30mLevel 1[0m create_environment_hook('turtlebot3_teleop', 'pythonpath')
[7.373s] [34mcolcon.colcon_core.shell[0m [1;30mINFO[0m Creating environment hook '/home/rokey-jw/rokeyracing_ws/install/turtlebot3_teleop/share/turtlebot3_teleop/hook/pythonpath.ps1'
[7.374s] [34mcolcon.colcon_core.shell[0m [1;30mINFO[0m Creating environment descriptor '/home/rokey-jw/rokeyracing_ws/install/turtlebot3_teleop/share/turtlebot3_teleop/hook/pythonpath.dsv'
[7.375s] [34mcolcon.colcon_core.shell[0m [1;30mINFO[0m Creating environment hook '/home/rokey-jw/rokeyracing_ws/install/turtlebot3_teleop/share/turtlebot3_teleop/hook/pythonpath.sh'
[7.377s] [34mcolcon.colcon_core.environment[0m [1;30mLevel 1[0m checking '/home/rokey-jw/rokeyracing_ws/install/turtlebot3_teleop/bin'
[7.377s] [34mcolcon.colcon_core.environment[0m [1;30mLevel 1[0m create_environment_scripts_only(turtlebot3_teleop)
[7.378s] [34mcolcon.colcon_core.shell[0m [1;30mINFO[0m Creating package script '/home/rokey-jw/rokeyracing_ws/install/turtlebot3_teleop/share/turtlebot3_teleop/package.ps1'
[7.379s] [34mcolcon.colcon_core.shell[0m [1;30mINFO[0m Creating package descriptor '/home/rokey-jw/rokeyracing_ws/install/turtlebot3_teleop/share/turtlebot3_teleop/package.dsv'
[7.381s] [34mcolcon.colcon_core.shell[0m [1;30mINFO[0m Creating package script '/home/rokey-jw/rokeyracing_ws/install/turtlebot3_teleop/share/turtlebot3_teleop/package.sh'
[7.382s] [34mcolcon.colcon_core.shell[0m [1;30mINFO[0m Creating package script '/home/rokey-jw/rokeyracing_ws/install/turtlebot3_teleop/share/turtlebot3_teleop/package.bash'
[7.383s] [34mcolcon.colcon_core.shell[0m [1;30mINFO[0m Creating package script '/home/rokey-jw/rokeyracing_ws/install/turtlebot3_teleop/share/turtlebot3_teleop/package.zsh'
[7.383s] [34mcolcon.colcon_core.environment[0m [1;30mLevel 1[0m create_file_with_runtime_dependencies(/home/rokey-jw/rokeyracing_ws/install/turtlebot3_teleop/share/colcon-core/packages/turtlebot3_teleop)
[7.384s] [34mcolcon.colcon_parallel_executor.executor.parallel[0m [1;30mDEBUG[0m [32mclosing loop[0m
[7.385s] [34mcolcon.colcon_parallel_executor.executor.parallel[0m [1;30mDEBUG[0m [32mloop closed[0m
[7.385s] [34mcolcon.colcon_parallel_executor.executor.parallel[0m [1;30mDEBUG[0m [32mrun_until_complete finished with '0'[0m
[7.386s] [34mcolcon.colcon_core.event_reactor[0m [1;30mDEBUG[0m [32mjoining thread[0m
[7.414s] [34mcolcon.colcon_core.plugin_system[0m [1;30mINFO[0m Skipping extension 'colcon_notification.desktop_notification.terminal_notifier': Not used on non-Darwin systems
[7.415s] [34mcolcon.colcon_core.plugin_system[0m [1;30mINFO[0m Skipping extension 'colcon_notification.desktop_notification.win32': Not used on non-Windows systems
[7.415s] [34mcolcon.colcon_notification.desktop_notification[0m [1;30mINFO[0m Sending desktop notification using 'notify2'
[7.471s] [34mcolcon.colcon_core.event_reactor[0m [1;30mDEBUG[0m [32mjoined thread[0m
[7.473s] [34mcolcon.colcon_core.shell[0m [1;30mINFO[0m Creating prefix script '/home/rokey-jw/rokeyracing_ws/install/local_setup.ps1'
[7.476s] [34mcolcon.colcon_core.shell[0m [1;30mINFO[0m Creating prefix util module '/home/rokey-jw/rokeyracing_ws/install/_local_setup_util_ps1.py'
[7.480s] [34mcolcon.colcon_core.shell[0m [1;30mINFO[0m Creating prefix chain script '/home/rokey-jw/rokeyracing_ws/install/setup.ps1'
[7.487s] [34mcolcon.colcon_core.shell[0m [1;30mINFO[0m Creating prefix script '/home/rokey-jw/rokeyracing_ws/install/local_setup.sh'
[7.489s] [34mcolcon.colcon_core.shell[0m [1;30mINFO[0m Creating prefix util module '/home/rokey-jw/rokeyracing_ws/install/_local_setup_util_sh.py'
[7.490s] [34mcolcon.colcon_core.shell[0m [1;30mINFO[0m Creating prefix chain script '/home/rokey-jw/rokeyracing_ws/install/setup.sh'
[7.496s] [34mcolcon.colcon_core.shell[0m [1;30mINFO[0m Creating prefix script '/home/rokey-jw/rokeyracing_ws/install/local_setup.bash'
[7.498s] [34mcolcon.colcon_core.shell[0m [1;30mINFO[0m Creating prefix chain script '/home/rokey-jw/rokeyracing_ws/install/setup.bash'
[7.503s] [34mcolcon.colcon_core.shell[0m [1;30mINFO[0m Creating prefix script '/home/rokey-jw/rokeyracing_ws/install/local_setup.zsh'
[7.505s] [34mcolcon.colcon_core.shell[0m [1;30mINFO[0m Creating prefix chain script '/home/rokey-jw/rokeyracing_ws/install/setup.zsh'
