[1.397s] Invoking command in '/home/rokey/turtlebot3_ws/build/turtlebot3_autorace_mission': PYTHONPATH=/home/rokey/turtlebot3_ws/build/turtlebot3_autorace_mission/prefix_override:/usr/lib/python3/dist-packages/colcon_core/task/python/colcon_distutils_commands:/home/rokey/turtlebot3_ws/install/turtlebot3_autorace_mission/lib/python3.10/site-packages:${PYTHONPATH} /usr/bin/python3 -W ignore:setup.py install is deprecated -W ignore:easy_install command is deprecated setup.py develop --editable --build-directory /home/rokey/turtlebot3_ws/build/turtlebot3_autorace_mission/build --no-deps symlink_data
[1.690s] running develop
[1.895s] running egg_info
[1.896s] creating turtlebot3_autorace_mission.egg-info
[1.896s] writing turtlebot3_autorace_mission.egg-info/PKG-INFO
[1.896s] writing dependency_links to turtlebot3_autorace_mission.egg-info/dependency_links.txt
[1.896s] writing entry points to turtlebot3_autorace_mission.egg-info/entry_points.txt
[1.896s] writing requirements to turtlebot3_autorace_mission.egg-info/requires.txt
[1.896s] writing top-level names to turtlebot3_autorace_mission.egg-info/top_level.txt
[1.896s] writing manifest file 'turtlebot3_autorace_mission.egg-info/SOURCES.txt'
[1.898s] reading manifest file 'turtlebot3_autorace_mission.egg-info/SOURCES.txt'
[1.899s] writing manifest file 'turtlebot3_autorace_mission.egg-info/SOURCES.txt'
[1.900s] running build_ext
[1.900s] Creating /home/rokey/turtlebot3_ws/install/turtlebot3_autorace_mission/lib/python3.10/site-packages/turtlebot3-autorace-mission.egg-link (link to .)
[1.901s] Installing avoid_construction script to /home/rokey/turtlebot3_ws/install/turtlebot3_autorace_mission/lib/turtlebot3_autorace_mission
[1.901s] Installing control_lane script to /home/rokey/turtlebot3_ws/install/turtlebot3_autorace_mission/lib/turtlebot3_autorace_mission
[1.901s] Installing mission_tunnel script to /home/rokey/turtlebot3_ws/install/turtlebot3_autorace_mission/lib/turtlebot3_autorace_mission
[1.902s] 
[1.902s] Installed /home/rokey/turtlebot3_ws/build/turtlebot3_autorace_mission
[1.902s] running symlink_data
[1.902s] creating /home/rokey/turtlebot3_ws/install/turtlebot3_autorace_mission/share/ament_index
[1.902s] creating /home/rokey/turtlebot3_ws/install/turtlebot3_autorace_mission/share/ament_index/resource_index
[1.902s] creating /home/rokey/turtlebot3_ws/install/turtlebot3_autorace_mission/share/ament_index/resource_index/packages
[1.902s] symbolically linking /home/rokey/turtlebot3_ws/build/turtlebot3_autorace_mission/resource/turtlebot3_autorace_mission -> /home/rokey/turtlebot3_ws/install/turtlebot3_autorace_mission/share/ament_index/resource_index/packages
[1.902s] symbolically linking /home/rokey/turtlebot3_ws/build/turtlebot3_autorace_mission/package.xml -> /home/rokey/turtlebot3_ws/install/turtlebot3_autorace_mission/share/turtlebot3_autorace_mission
[1.902s] creating /home/rokey/turtlebot3_ws/install/turtlebot3_autorace_mission/share/turtlebot3_autorace_mission/launch
[1.903s] symbolically linking /home/rokey/turtlebot3_ws/build/turtlebot3_autorace_mission/launch/mission_tunnel.launch.py -> /home/rokey/turtlebot3_ws/install/turtlebot3_autorace_mission/share/turtlebot3_autorace_mission/launch
[1.903s] symbolically linking /home/rokey/turtlebot3_ws/build/turtlebot3_autorace_mission/launch/control_lane.launch.py -> /home/rokey/turtlebot3_ws/install/turtlebot3_autorace_mission/share/turtlebot3_autorace_mission/launch
[1.903s] symbolically linking /home/rokey/turtlebot3_ws/build/turtlebot3_autorace_mission/launch/mission_construction.launch.py -> /home/rokey/turtlebot3_ws/install/turtlebot3_autorace_mission/share/turtlebot3_autorace_mission/launch
[1.903s] creating /home/rokey/turtlebot3_ws/install/turtlebot3_autorace_mission/share/turtlebot3_autorace_mission/param
[1.903s] symbolically linking /home/rokey/turtlebot3_ws/build/turtlebot3_autorace_mission/param/navigation.yaml -> /home/rokey/turtlebot3_ws/install/turtlebot3_autorace_mission/share/turtlebot3_autorace_mission/param
[1.903s] creating /home/rokey/turtlebot3_ws/install/turtlebot3_autorace_mission/share/turtlebot3_autorace_mission/map
[1.903s] symbolically linking /home/rokey/turtlebot3_ws/build/turtlebot3_autorace_mission/map/map.yaml -> /home/rokey/turtlebot3_ws/install/turtlebot3_autorace_mission/share/turtlebot3_autorace_mission/map
[1.903s] symbolically linking /home/rokey/turtlebot3_ws/build/turtlebot3_autorace_mission/map/map.pgm -> /home/rokey/turtlebot3_ws/install/turtlebot3_autorace_mission/share/turtlebot3_autorace_mission/map
[1.968s] Invoked command in '/home/rokey/turtlebot3_ws/build/turtlebot3_autorace_mission' returned '0': PYTHONPATH=/home/rokey/turtlebot3_ws/build/turtlebot3_autorace_mission/prefix_override:/usr/lib/python3/dist-packages/colcon_core/task/python/colcon_distutils_commands:/home/rokey/turtlebot3_ws/install/turtlebot3_autorace_mission/lib/python3.10/site-packages:${PYTHONPATH} /usr/bin/python3 -W ignore:setup.py install is deprecated -W ignore:easy_install command is deprecated setup.py develop --editable --build-directory /home/rokey/turtlebot3_ws/build/turtlebot3_autorace_mission/build --no-deps symlink_data
