[1.425s] Invoking command in '/home/rokey/turtlebot3_ws/build/turtlebot3_autorace_camera': PYTHONPATH=/home/rokey/turtlebot3_ws/build/turtlebot3_autorace_camera/prefix_override:/usr/lib/python3/dist-packages/colcon_core/task/python/colcon_distutils_commands:/home/rokey/turtlebot3_ws/install/turtlebot3_autorace_camera/lib/python3.10/site-packages:${PYTHONPATH} /usr/bin/python3 -W ignore:setup.py install is deprecated -W ignore:easy_install command is deprecated setup.py develop --editable --build-directory /home/rokey/turtlebot3_ws/build/turtlebot3_autorace_camera/build --no-deps symlink_data
[1.713s] running develop
[1.917s] running egg_info
[1.917s] creating turtlebot3_autorace_camera.egg-info
[1.917s] writing turtlebot3_autorace_camera.egg-info/PKG-INFO
[1.917s] writing dependency_links to turtlebot3_autorace_camera.egg-info/dependency_links.txt
[1.917s] writing entry points to turtlebot3_autorace_camera.egg-info/entry_points.txt
[1.917s] writing requirements to turtlebot3_autorace_camera.egg-info/requires.txt
[1.917s] writing top-level names to turtlebot3_autorace_camera.egg-info/top_level.txt
[1.918s] writing manifest file 'turtlebot3_autorace_camera.egg-info/SOURCES.txt'
[1.920s] reading manifest file 'turtlebot3_autorace_camera.egg-info/SOURCES.txt'
[1.920s] writing manifest file 'turtlebot3_autorace_camera.egg-info/SOURCES.txt'
[1.922s] running build_ext
[1.922s] Creating /home/rokey/turtlebot3_ws/install/turtlebot3_autorace_camera/lib/python3.10/site-packages/turtlebot3-autorace-camera.egg-link (link to .)
[1.924s] Installing image_compensation script to /home/rokey/turtlebot3_ws/install/turtlebot3_autorace_camera/lib/turtlebot3_autorace_camera
[1.924s] Installing image_projection script to /home/rokey/turtlebot3_ws/install/turtlebot3_autorace_camera/lib/turtlebot3_autorace_camera
[1.924s] 
[1.924s] Installed /home/rokey/turtlebot3_ws/build/turtlebot3_autorace_camera
[1.924s] running symlink_data
[1.924s] creating /home/rokey/turtlebot3_ws/install/turtlebot3_autorace_camera/share/ament_index
[1.924s] creating /home/rokey/turtlebot3_ws/install/turtlebot3_autorace_camera/share/ament_index/resource_index
[1.925s] creating /home/rokey/turtlebot3_ws/install/turtlebot3_autorace_camera/share/ament_index/resource_index/packages
[1.925s] symbolically linking /home/rokey/turtlebot3_ws/build/turtlebot3_autorace_camera/resource/turtlebot3_autorace_camera -> /home/rokey/turtlebot3_ws/install/turtlebot3_autorace_camera/share/ament_index/resource_index/packages
[1.925s] symbolically linking /home/rokey/turtlebot3_ws/build/turtlebot3_autorace_camera/package.xml -> /home/rokey/turtlebot3_ws/install/turtlebot3_autorace_camera/share/turtlebot3_autorace_camera
[1.925s] creating /home/rokey/turtlebot3_ws/install/turtlebot3_autorace_camera/share/turtlebot3_autorace_camera/launch
[1.925s] symbolically linking /home/rokey/turtlebot3_ws/build/turtlebot3_autorace_camera/launch/extrinsic_camera_calibration.launch.py -> /home/rokey/turtlebot3_ws/install/turtlebot3_autorace_camera/share/turtlebot3_autorace_camera/launch
[1.925s] symbolically linking /home/rokey/turtlebot3_ws/build/turtlebot3_autorace_camera/launch/intrinsic_camera_calibration.launch.py -> /home/rokey/turtlebot3_ws/install/turtlebot3_autorace_camera/share/turtlebot3_autorace_camera/launch
[1.925s] creating /home/rokey/turtlebot3_ws/install/turtlebot3_autorace_camera/share/turtlebot3_autorace_camera/calibration
[1.925s] creating /home/rokey/turtlebot3_ws/install/turtlebot3_autorace_camera/share/turtlebot3_autorace_camera/calibration/extrinsic_calibration
[1.925s] symbolically linking /home/rokey/turtlebot3_ws/build/turtlebot3_autorace_camera/calibration/extrinsic_calibration/compensation.yaml -> /home/rokey/turtlebot3_ws/install/turtlebot3_autorace_camera/share/turtlebot3_autorace_camera/calibration/extrinsic_calibration
[1.925s] symbolically linking /home/rokey/turtlebot3_ws/build/turtlebot3_autorace_camera/calibration/extrinsic_calibration/projection.yaml -> /home/rokey/turtlebot3_ws/install/turtlebot3_autorace_camera/share/turtlebot3_autorace_camera/calibration/extrinsic_calibration
[2.021s] Invoked command in '/home/rokey/turtlebot3_ws/build/turtlebot3_autorace_camera' returned '0': PYTHONPATH=/home/rokey/turtlebot3_ws/build/turtlebot3_autorace_camera/prefix_override:/usr/lib/python3/dist-packages/colcon_core/task/python/colcon_distutils_commands:/home/rokey/turtlebot3_ws/install/turtlebot3_autorace_camera/lib/python3.10/site-packages:${PYTHONPATH} /usr/bin/python3 -W ignore:setup.py install is deprecated -W ignore:easy_install command is deprecated setup.py develop --editable --build-directory /home/rokey/turtlebot3_ws/build/turtlebot3_autorace_camera/build --no-deps symlink_data
