[0.799s] Invoking command in '/home/rokey/turtlebot3_ws/build/turtlebot3_example': AMENT_PREFIX_PATH=/home/rokey/turtlebot3_ws/install/turtlebot3_msgs:${AMENT_PREFIX_PATH} CMAKE_PREFIX_PATH=/home/rokey/turtlebot3_ws/install/turtlebot3_msgs LD_LIBRARY_PATH=/home/rokey/turtlebot3_ws/install/turtlebot3_msgs/lib:${LD_LIBRARY_PATH} PYTHONPATH=/home/rokey/turtlebot3_ws/build/turtlebot3_example/prefix_override:/usr/lib/python3/dist-packages/colcon_core/task/python/colcon_distutils_commands:/home/rokey/turtlebot3_ws/install/turtlebot3_example/lib/python3.10/site-packages:/home/rokey/turtlebot3_ws/install/turtlebot3_msgs/local/lib/python3.10/dist-packages:${PYTHONPATH} /usr/bin/python3 -W ignore:setup.py install is deprecated -W ignore:easy_install command is deprecated setup.py develop --editable --build-directory /home/rokey/turtlebot3_ws/build/turtlebot3_example/build --no-deps symlink_data
[1.100s] running develop
[1.304s] running egg_info
[1.304s] creating turtlebot3_example.egg-info
[1.304s] writing turtlebot3_example.egg-info/PKG-INFO
[1.304s] writing dependency_links to turtlebot3_example.egg-info/dependency_links.txt
[1.304s] writing entry points to turtlebot3_example.egg-info/entry_points.txt
[1.304s] writing requirements to turtlebot3_example.egg-info/requires.txt
[1.304s] writing top-level names to turtlebot3_example.egg-info/top_level.txt
[1.305s] writing manifest file 'turtlebot3_example.egg-info/SOURCES.txt'
[1.307s] reading manifest file 'turtlebot3_example.egg-info/SOURCES.txt'
[1.307s] writing manifest file 'turtlebot3_example.egg-info/SOURCES.txt'
[1.309s] running build_ext
[1.309s] Creating /home/rokey/turtlebot3_ws/install/turtlebot3_example/lib/python3.10/site-packages/turtlebot3-example.egg-link (link to .)
[1.310s] Installing turtlebot3_absolute_move script to /home/rokey/turtlebot3_ws/install/turtlebot3_example/lib/turtlebot3_example
[1.310s] Installing turtlebot3_interactive_marker script to /home/rokey/turtlebot3_ws/install/turtlebot3_example/lib/turtlebot3_example
[1.310s] Installing turtlebot3_obstacle_detection script to /home/rokey/turtlebot3_ws/install/turtlebot3_example/lib/turtlebot3_example
[1.310s] Installing turtlebot3_patrol_client script to /home/rokey/turtlebot3_ws/install/turtlebot3_example/lib/turtlebot3_example
[1.310s] Installing turtlebot3_patrol_server script to /home/rokey/turtlebot3_ws/install/turtlebot3_example/lib/turtlebot3_example
[1.310s] Installing turtlebot3_relative_move script to /home/rokey/turtlebot3_ws/install/turtlebot3_example/lib/turtlebot3_example
[1.310s] 
[1.311s] Installed /home/rokey/turtlebot3_ws/build/turtlebot3_example
[1.311s] running symlink_data
[1.311s] creating /home/rokey/turtlebot3_ws/install/turtlebot3_example/share/ament_index
[1.311s] creating /home/rokey/turtlebot3_ws/install/turtlebot3_example/share/ament_index/resource_index
[1.311s] creating /home/rokey/turtlebot3_ws/install/turtlebot3_example/share/ament_index/resource_index/packages
[1.311s] symbolically linking /home/rokey/turtlebot3_ws/build/turtlebot3_example/resource/turtlebot3_example -> /home/rokey/turtlebot3_ws/install/turtlebot3_example/share/ament_index/resource_index/packages
[1.311s] symbolically linking /home/rokey/turtlebot3_ws/build/turtlebot3_example/package.xml -> /home/rokey/turtlebot3_ws/install/turtlebot3_example/share/turtlebot3_example
[1.347s] Invoked command in '/home/rokey/turtlebot3_ws/build/turtlebot3_example' returned '0': AMENT_PREFIX_PATH=/home/rokey/turtlebot3_ws/install/turtlebot3_msgs:${AMENT_PREFIX_PATH} CMAKE_PREFIX_PATH=/home/rokey/turtlebot3_ws/install/turtlebot3_msgs LD_LIBRARY_PATH=/home/rokey/turtlebot3_ws/install/turtlebot3_msgs/lib:${LD_LIBRARY_PATH} PYTHONPATH=/home/rokey/turtlebot3_ws/build/turtlebot3_example/prefix_override:/usr/lib/python3/dist-packages/colcon_core/task/python/colcon_distutils_commands:/home/rokey/turtlebot3_ws/install/turtlebot3_example/lib/python3.10/site-packages:/home/rokey/turtlebot3_ws/install/turtlebot3_msgs/local/lib/python3.10/dist-packages:${PYTHONPATH} /usr/bin/python3 -W ignore:setup.py install is deprecated -W ignore:easy_install command is deprecated setup.py develop --editable --build-directory /home/rokey/turtlebot3_ws/build/turtlebot3_example/build --no-deps symlink_data
