[0.057s] Invoking command in '/home/rokey/turtlebot3_ws/build/turtlebot3_autorace': AMENT_PREFIX_PATH=/home/rokey/turtlebot3_ws/install/turtlebot3_autorace_mission:/home/rokey/turtlebot3_ws/install/turtlebot3_autorace_detect:/home/rokey/turtlebot3_ws/install/turtlebot3_autorace_camera:${AMENT_PREFIX_PATH} CMAKE_PREFIX_PATH=/opt/ros/humble PYTHONPATH=/home/rokey/turtlebot3_ws/build/turtlebot3_autorace_mission:/home/rokey/turtlebot3_ws/install/turtlebot3_autorace_mission/lib/python3.10/site-packages:/home/rokey/turtlebot3_ws/build/turtlebot3_autorace_detect:/home/rokey/turtlebot3_ws/install/turtlebot3_autorace_detect/lib/python3.10/site-packages:/home/rokey/turtlebot3_ws/build/turtlebot3_autorace_camera:/home/rokey/turtlebot3_ws/install/turtlebot3_autorace_camera/lib/python3.10/site-packages:${PYTHONPATH} /usr/bin/cmake --build /home/rokey/turtlebot3_ws/build/turtlebot3_autorace -- -j8 -l8
[0.163s] Invoked command in '/home/rokey/turtlebot3_ws/build/turtlebot3_autorace' returned '0': AMENT_PREFIX_PATH=/home/rokey/turtlebot3_ws/install/turtlebot3_autorace_mission:/home/rokey/turtlebot3_ws/install/turtlebot3_autorace_detect:/home/rokey/turtlebot3_ws/install/turtlebot3_autorace_camera:${AMENT_PREFIX_PATH} CMAKE_PREFIX_PATH=/opt/ros/humble PYTHONPATH=/home/rokey/turtlebot3_ws/build/turtlebot3_autorace_mission:/home/rokey/turtlebot3_ws/install/turtlebot3_autorace_mission/lib/python3.10/site-packages:/home/rokey/turtlebot3_ws/build/turtlebot3_autorace_detect:/home/rokey/turtlebot3_ws/install/turtlebot3_autorace_detect/lib/python3.10/site-packages:/home/rokey/turtlebot3_ws/build/turtlebot3_autorace_camera:/home/rokey/turtlebot3_ws/install/turtlebot3_autorace_camera/lib/python3.10/site-packages:${PYTHONPATH} /usr/bin/cmake --build /home/rokey/turtlebot3_ws/build/turtlebot3_autorace -- -j8 -l8
[0.165s] Invoking command in '/home/rokey/turtlebot3_ws/build/turtlebot3_autorace': AMENT_PREFIX_PATH=/home/rokey/turtlebot3_ws/install/turtlebot3_autorace_mission:/home/rokey/turtlebot3_ws/install/turtlebot3_autorace_detect:/home/rokey/turtlebot3_ws/install/turtlebot3_autorace_camera:${AMENT_PREFIX_PATH} CMAKE_PREFIX_PATH=/opt/ros/humble PYTHONPATH=/home/rokey/turtlebot3_ws/build/turtlebot3_autorace_mission:/home/rokey/turtlebot3_ws/install/turtlebot3_autorace_mission/lib/python3.10/site-packages:/home/rokey/turtlebot3_ws/build/turtlebot3_autorace_detect:/home/rokey/turtlebot3_ws/install/turtlebot3_autorace_detect/lib/python3.10/site-packages:/home/rokey/turtlebot3_ws/build/turtlebot3_autorace_camera:/home/rokey/turtlebot3_ws/install/turtlebot3_autorace_camera/lib/python3.10/site-packages:${PYTHONPATH} /usr/bin/cmake --install /home/rokey/turtlebot3_ws/build/turtlebot3_autorace
[0.196s] -- Install configuration: ""
[0.200s] -- Execute custom install script
[0.200s] -- Up-to-date symlink: /home/rokey/turtlebot3_ws/install/turtlebot3_autorace/share/ament_index/resource_index/package_run_dependencies/turtlebot3_autorace
[0.201s] -- Up-to-date symlink: /home/rokey/turtlebot3_ws/install/turtlebot3_autorace/share/ament_index/resource_index/parent_prefix_path/turtlebot3_autorace
[0.201s] -- Up-to-date symlink: /home/rokey/turtlebot3_ws/install/turtlebot3_autorace/share/turtlebot3_autorace/environment/ament_prefix_path.sh
[0.202s] -- Up-to-date symlink: /home/rokey/turtlebot3_ws/install/turtlebot3_autorace/share/turtlebot3_autorace/environment/ament_prefix_path.dsv
[0.203s] -- Up-to-date symlink: /home/rokey/turtlebot3_ws/install/turtlebot3_autorace/share/turtlebot3_autorace/environment/path.sh
[0.203s] -- Up-to-date symlink: /home/rokey/turtlebot3_ws/install/turtlebot3_autorace/share/turtlebot3_autorace/environment/path.dsv
[0.205s] -- Up-to-date symlink: /home/rokey/turtlebot3_ws/install/turtlebot3_autorace/share/turtlebot3_autorace/local_setup.bash
[0.206s] -- Up-to-date symlink: /home/rokey/turtlebot3_ws/install/turtlebot3_autorace/share/turtlebot3_autorace/local_setup.sh
[0.210s] -- Up-to-date symlink: /home/rokey/turtlebot3_ws/install/turtlebot3_autorace/share/turtlebot3_autorace/local_setup.zsh
[0.210s] -- Up-to-date symlink: /home/rokey/turtlebot3_ws/install/turtlebot3_autorace/share/turtlebot3_autorace/local_setup.dsv
[0.210s] -- Symlinking: /home/rokey/turtlebot3_ws/install/turtlebot3_autorace/share/turtlebot3_autorace/package.dsv
[0.243s] -- Up-to-date symlink: /home/rokey/turtlebot3_ws/install/turtlebot3_autorace/share/ament_index/resource_index/packages/turtlebot3_autorace
[0.244s] -- Up-to-date symlink: /home/rokey/turtlebot3_ws/install/turtlebot3_autorace/share/turtlebot3_autorace/cmake/turtlebot3_autoraceConfig.cmake
[0.244s] -- Up-to-date symlink: /home/rokey/turtlebot3_ws/install/turtlebot3_autorace/share/turtlebot3_autorace/cmake/turtlebot3_autoraceConfig-version.cmake
[0.244s] -- Up-to-date symlink: /home/rokey/turtlebot3_ws/install/turtlebot3_autorace/share/turtlebot3_autorace/package.xml
[0.248s] Invoked command in '/home/rokey/turtlebot3_ws/build/turtlebot3_autorace' returned '0': AMENT_PREFIX_PATH=/home/rokey/turtlebot3_ws/install/turtlebot3_autorace_mission:/home/rokey/turtlebot3_ws/install/turtlebot3_autorace_detect:/home/rokey/turtlebot3_ws/install/turtlebot3_autorace_camera:${AMENT_PREFIX_PATH} CMAKE_PREFIX_PATH=/opt/ros/humble PYTHONPATH=/home/rokey/turtlebot3_ws/build/turtlebot3_autorace_mission:/home/rokey/turtlebot3_ws/install/turtlebot3_autorace_mission/lib/python3.10/site-packages:/home/rokey/turtlebot3_ws/build/turtlebot3_autorace_detect:/home/rokey/turtlebot3_ws/install/turtlebot3_autorace_detect/lib/python3.10/site-packages:/home/rokey/turtlebot3_ws/build/turtlebot3_autorace_camera:/home/rokey/turtlebot3_ws/install/turtlebot3_autorace_camera/lib/python3.10/site-packages:${PYTHONPATH} /usr/bin/cmake --install /home/rokey/turtlebot3_ws/build/turtlebot3_autorace
